[0.062s] Invoking command in '/root/ws_offboard_control/build/rb5_ros2_control': CMAKE_PREFIX_PATH=${CMAKE_PREFIX_PATH}:/opt/ros/foxy _=/usr/bin/env /usr/bin/cmake --build /root/ws_offboard_control/build/rb5_ros2_control -- -j8 -l8
[0.133s] -- Found ament_cmake: 0.9.12 (/opt/ros/foxy/share/ament_cmake/cmake)
[0.136s] [33mCMake Warning (dev) at /opt/ros/foxy/share/ament_cmake_core/cmake/core/python.cmake:22 (find_package):
[0.139s]   Policy CMP0148 is not set: The FindPythonInterp and FindPythonLibs modules
[0.141s]   are removed.  Run "cmake --help-policy CMP0148" for policy details.  Use
[0.141s]   the cmake_policy command to set the policy and suppress this warning.
[0.142s] 
[0.142s] Call Stack (most recent call first):
[0.143s]   /opt/ros/foxy/share/ament_cmake_core/cmake/core/all.cmake:53 (include)
[0.143s]   /opt/ros/foxy/share/ament_cmake_core/cmake/ament_cmake_core-extras.cmake:17 (include)
[0.144s]   /opt/ros/foxy/share/ament_cmake_core/cmake/ament_cmake_coreConfig.cmake:41 (include)
[0.145s]   /opt/ros/foxy/share/ament_cmake/cmake/ament_cmake_export_dependencies-extras.cmake:15 (find_package)
[0.145s]   /opt/ros/foxy/share/ament_cmake/cmake/ament_cmakeConfig.cmake:41 (include)
[0.145s]   CMakeLists.txt:19 (find_package)
[0.146s] This warning is for project developers.  Use -Wno-dev to suppress it.
[0.146s] [0m
[0.196s] -- Using PYTHON_EXECUTABLE: /usr/bin/python3
[0.563s] -- Found rclcpp: 2.4.3 (/opt/ros/foxy/share/rclcpp/cmake)
[0.599s] -- Using all available rosidl_typesupport_c: rosidl_typesupport_fastrtps_c;rosidl_typesupport_introspection_c
[0.603s] -- Found rosidl_adapter: 1.3.1 (/opt/ros/foxy/share/rosidl_adapter/cmake)
[0.786s] -- Using all available rosidl_typesupport_cpp: rosidl_typesupport_fastrtps_cpp;rosidl_typesupport_introspection_cpp
[0.890s] -- Found rmw_implementation_cmake: 1.0.4 (/opt/ros/foxy/share/rmw_implementation_cmake/cmake)
[0.897s] -- Using RMW implementation 'rmw_fastrtps_cpp' as default
[1.100s] -- Found rclpy: 1.0.13 (/opt/ros/foxy/share/rclpy/cmake)
[1.105s] -- Found ament_lint_auto: 0.9.8 (/opt/ros/foxy/share/ament_lint_auto/cmake)
[1.297s] -- Added test 'copyright' to check source files copyright and LICENSE
[1.298s] -- Added test 'cppcheck' to perform static code analysis on C / C++ code
[1.299s] -- Configured cppcheck include dirs: /root/ws_offboard_control/src/rb5_ros2/rb5_ros2_control/include
[1.300s] -- Configured cppcheck exclude dirs and/or files: 
[1.301s] -- Added test 'cpplint' to check C / C++ code against the Google style
[1.301s] -- Configured cpplint exclude dirs and/or files: 
[1.302s] -- Added test 'flake8' to check Python code syntax and style conventions
[1.309s] -- Added test 'lint_cmake' to check CMake code style
[1.310s] -- Added test 'pep257' to check Python code against some of the style conventions in PEP 257
[1.311s] -- Added test 'uncrustify' to check C / C++ code style
[1.311s] -- Configured uncrustify additional arguments: 
[1.313s] -- Added test 'xmllint' to check XML markup files
[1.314s] -- Configuring done (1.2s)
[1.344s] -- Generating done (0.0s)
[1.347s] -- Build files have been written to: /root/ws_offboard_control/build/rb5_ros2_control
[1.401s] [ 50%] [32mBuilding CXX object CMakeFiles/rb5_ros2_control_node.dir/src/rb5_control_node.cpp.o[0m
[1.614s] [100%] [32m[1mLinking CXX executable rb5_ros2_control_node[0m
[1.799s] [100%] Built target rb5_ros2_control_node
