[0.033s] Invoking command in '/root/ws_offboard_control/build/comp_routine': CMAKE_PREFIX_PATH=${CMAKE_PREFIX_PATH}:/opt/ros/foxy _=/usr/bin/env /usr/bin/cmake --build /root/ws_offboard_control/build/comp_routine -- -j8 -l8
[0.145s] [ 50%] [32mBuilding CXX object CMakeFiles/comp_routine.dir/src/comp_routine.cpp.o[0m
[1.579s] [01m[K/root/ws_offboard_control/src/comp_routine/src/comp_routine.cpp:[m[K In member function ‘[01m[Kvoid CompRoutine::loop()[m[K’:
[1.580s] [01m[K/root/ws_offboard_control/src/comp_routine/src/comp_routine.cpp:83:24:[m[K [01;31m[Kerror: [m[Kno matching function for call to ‘[01m[KCompRoutine::move(double, int, int, int)[m[K’
[1.580s]    83 |      move(0.1, 0, 0, 10[01;31m[K)[m[K;
[1.581s]       |                        [01;31m[K^[m[K
[1.581s] [01m[K/root/ws_offboard_control/src/comp_routine/src/comp_routine.cpp:31:8:[m[K [01;36m[Knote: [m[Kcandidate: ‘[01m[Kvoid CompRoutine::move()[m[K’
[1.582s]    31 |   void [01;36m[Kmove[m[K();
[1.582s]       |        [01;36m[K^~~~[m[K
[1.582s] [01m[K/root/ws_offboard_control/src/comp_routine/src/comp_routine.cpp:31:8:[m[K [01;36m[Knote: [m[K  candidate expects 0 arguments, 4 provided
[1.587s] [01m[K/root/ws_offboard_control/src/comp_routine/src/comp_routine.cpp:[m[K At global scope:
[1.588s] [01m[K/root/ws_offboard_control/src/comp_routine/src/comp_routine.cpp:115:6:[m[K [01;31m[Kerror: [m[Kno declaration matches ‘[01m[Kvoid CompRoutine::publish_attitude_setpoint(double)[m[K’
[1.588s]   115 | void [01;31m[KCompRoutine[m[K::publish_attitude_setpoint(double)
[1.589s]       |      [01;31m[K^~~~~~~~~~~[m[K
[1.589s] [01m[K/root/ws_offboard_control/src/comp_routine/src/comp_routine.cpp:28:8:[m[K [01;36m[Knote: [m[Kcandidate is: ‘[01m[Kvoid CompRoutine::publish_attitude_setpoint()[m[K’
[1.589s]    28 |   void [01;36m[Kpublish_attitude_setpoint[m[K();
[1.590s]       |        [01;36m[K^~~~~~~~~~~~~~~~~~~~~~~~~[m[K
[1.590s] [01m[K/root/ws_offboard_control/src/comp_routine/src/comp_routine.cpp:15:7:[m[K [01;36m[Knote: [m[K‘[01m[Kclass CompRoutine[m[K’ defined here
[1.590s]    15 | class [01;36m[KCompRoutine[m[K : public rclcpp::Node {
[1.591s]       |       [01;36m[K^~~~~~~~~~~[m[K
[1.591s] [01m[K/root/ws_offboard_control/src/comp_routine/src/comp_routine.cpp:127:6:[m[K [01;31m[Kerror: [m[Kno declaration matches ‘[01m[Kvoid CompRoutine::move(double, double, double, double, double)[m[K’
[1.591s]   127 | void [01;31m[KCompRoutine[m[K::move(double x, double y, double z, double time, double seconds) {
[1.592s]       |      [01;31m[K^~~~~~~~~~~[m[K
[1.592s] [01m[K/root/ws_offboard_control/src/comp_routine/src/comp_routine.cpp:31:8:[m[K [01;36m[Knote: [m[Kcandidate is: ‘[01m[Kvoid CompRoutine::move()[m[K’
[1.593s]    31 |   void [01;36m[Kmove[m[K();
[1.594s]       |        [01;36m[K^~~~[m[K
[1.594s] [01m[K/root/ws_offboard_control/src/comp_routine/src/comp_routine.cpp:15:7:[m[K [01;36m[Knote: [m[K‘[01m[Kclass CompRoutine[m[K’ defined here
[1.594s]    15 | class [01;36m[KCompRoutine[m[K : public rclcpp::Node {
[1.595s]       |       [01;36m[K^~~~~~~~~~~[m[K
[2.769s] make[2]: *** [CMakeFiles/comp_routine.dir/build.make:76: CMakeFiles/comp_routine.dir/src/comp_routine.cpp.o] Error 1
[2.770s] make[1]: *** [CMakeFiles/Makefile2:137: CMakeFiles/comp_routine.dir/all] Error 2
[2.770s] make: *** [Makefile:146: all] Error 2
[2.783s] Invoked command in '/root/ws_offboard_control/build/comp_routine' returned '2': CMAKE_PREFIX_PATH=${CMAKE_PREFIX_PATH}:/opt/ros/foxy _=/usr/bin/env /usr/bin/cmake --build /root/ws_offboard_control/build/comp_routine -- -j8 -l8
