[0.170s] DEBUG:colcon:Command line arguments: ['/usr/bin/colcon', 'build']
[0.171s] DEBUG:colcon:Parsed command line arguments: Namespace(allow_overriding=[], ament_cmake_args=None, base_paths=['.'], build_base='build', catkin_cmake_args=None, catkin_skip_building_tests=False, cmake_args=None, cmake_clean_cache=False, cmake_clean_first=False, cmake_force_configure=False, cmake_target=None, cmake_target_skip_unavailable=False, continue_on_error=False, event_handlers=None, executor='parallel', ignore_user_meta=False, install_base='install', log_base=None, log_level=None, main=<bound method BuildVerb.main of <colcon_core.verb.build.BuildVerb object at 0x7f87bba6a0>>, merge_install=False, metas=['./colcon.meta'], packages_above=None, packages_above_and_dependencies=None, packages_above_depth=None, packages_end=None, packages_ignore=None, packages_ignore_regex=None, packages_select=None, packages_select_build_failed=False, packages_select_by_dep=None, packages_select_regex=None, packages_select_test_failures=False, packages_skip=None, packages_skip_build_finished=False, packages_skip_by_dep=None, packages_skip_regex=None, packages_skip_test_passed=False, packages_skip_up_to=None, packages_start=None, packages_up_to=None, packages_up_to_regex=None, parallel_workers=8, paths=None, symlink_install=False, test_result_base=None, verb_extension=<colcon_core.verb.build.BuildVerb object at 0x7f87bba6a0>, verb_name='build', verb_parser=<colcon_defaults.argument_parser.defaults.DefaultArgumentsDecorator object at 0x7f87a71520>)
[0.280s] Level 1:colcon.colcon_core.package_discovery:discover_packages(colcon_meta) check parameters
[0.280s] Level 1:colcon.colcon_core.package_discovery:discover_packages(recursive) check parameters
[0.280s] Level 1:colcon.colcon_core.package_discovery:discover_packages(ignore) check parameters
[0.280s] Level 1:colcon.colcon_core.package_discovery:discover_packages(path) check parameters
[0.280s] Level 1:colcon.colcon_core.package_discovery:discover_packages(colcon_meta) discover
[0.280s] Level 1:colcon.colcon_core.package_discovery:discover_packages(recursive) discover
[0.280s] INFO:colcon.colcon_core.package_discovery:Crawling recursively for packages in '/root/ws_offboard_control'
[0.280s] Level 1:colcon.colcon_core.package_identification:_identify(.) by extensions ['ignore', 'ignore_ament_install']
[0.280s] Level 1:colcon.colcon_core.package_identification:_identify(.) by extension 'ignore'
[0.280s] Level 1:colcon.colcon_core.package_identification:_identify(.) by extension 'ignore_ament_install'
[0.281s] Level 1:colcon.colcon_core.package_identification:_identify(.) by extensions ['colcon_pkg']
[0.281s] Level 1:colcon.colcon_core.package_identification:_identify(.) by extension 'colcon_pkg'
[0.281s] Level 1:colcon.colcon_core.package_identification:_identify(.) by extensions ['colcon_meta']
[0.281s] Level 1:colcon.colcon_core.package_identification:_identify(.) by extension 'colcon_meta'
[0.281s] Level 1:colcon.colcon_core.package_identification:_identify(.) by extensions ['ros']
[0.281s] Level 1:colcon.colcon_core.package_identification:_identify(.) by extension 'ros'
[0.295s] Level 1:colcon.colcon_core.package_identification:_identify(.) by extensions ['cmake', 'python']
[0.295s] Level 1:colcon.colcon_core.package_identification:_identify(.) by extension 'cmake'
[0.295s] Level 1:colcon.colcon_core.package_identification:_identify(.) by extension 'python'
[0.295s] Level 1:colcon.colcon_core.package_identification:_identify(.) by extensions ['python_setup_py']
[0.295s] Level 1:colcon.colcon_core.package_identification:_identify(.) by extension 'python_setup_py'
[0.295s] Level 1:colcon.colcon_core.package_identification:_identify(build) by extensions ['ignore', 'ignore_ament_install']
[0.295s] Level 1:colcon.colcon_core.package_identification:_identify(build) by extension 'ignore'
[0.295s] Level 1:colcon.colcon_core.package_identification:_identify(build) ignored
[0.295s] Level 1:colcon.colcon_core.package_identification:_identify(install) by extensions ['ignore', 'ignore_ament_install']
[0.295s] Level 1:colcon.colcon_core.package_identification:_identify(install) by extension 'ignore'
[0.295s] Level 1:colcon.colcon_core.package_identification:_identify(install) ignored
[0.296s] Level 1:colcon.colcon_core.package_identification:_identify(log) by extensions ['ignore', 'ignore_ament_install']
[0.296s] Level 1:colcon.colcon_core.package_identification:_identify(log) by extension 'ignore'
[0.296s] Level 1:colcon.colcon_core.package_identification:_identify(log) ignored
[0.296s] Level 1:colcon.colcon_core.package_identification:_identify(src) by extensions ['ignore', 'ignore_ament_install']
[0.296s] Level 1:colcon.colcon_core.package_identification:_identify(src) by extension 'ignore'
[0.296s] Level 1:colcon.colcon_core.package_identification:_identify(src) by extension 'ignore_ament_install'
[0.296s] Level 1:colcon.colcon_core.package_identification:_identify(src) by extensions ['colcon_pkg']
[0.296s] Level 1:colcon.colcon_core.package_identification:_identify(src) by extension 'colcon_pkg'
[0.296s] Level 1:colcon.colcon_core.package_identification:_identify(src) by extensions ['colcon_meta']
[0.296s] Level 1:colcon.colcon_core.package_identification:_identify(src) by extension 'colcon_meta'
[0.296s] Level 1:colcon.colcon_core.package_identification:_identify(src) by extensions ['ros']
[0.296s] Level 1:colcon.colcon_core.package_identification:_identify(src) by extension 'ros'
[0.296s] Level 1:colcon.colcon_core.package_identification:_identify(src) by extensions ['cmake', 'python']
[0.296s] Level 1:colcon.colcon_core.package_identification:_identify(src) by extension 'cmake'
[0.296s] Level 1:colcon.colcon_core.package_identification:_identify(src) by extension 'python'
[0.296s] Level 1:colcon.colcon_core.package_identification:_identify(src) by extensions ['python_setup_py']
[0.296s] Level 1:colcon.colcon_core.package_identification:_identify(src) by extension 'python_setup_py'
[0.296s] Level 1:colcon.colcon_core.package_identification:_identify(src/comp_routine) by extensions ['ignore', 'ignore_ament_install']
[0.296s] Level 1:colcon.colcon_core.package_identification:_identify(src/comp_routine) by extension 'ignore'
[0.296s] Level 1:colcon.colcon_core.package_identification:_identify(src/comp_routine) by extension 'ignore_ament_install'
[0.296s] Level 1:colcon.colcon_core.package_identification:_identify(src/comp_routine) by extensions ['colcon_pkg']
[0.296s] Level 1:colcon.colcon_core.package_identification:_identify(src/comp_routine) by extension 'colcon_pkg'
[0.297s] Level 1:colcon.colcon_core.package_identification:_identify(src/comp_routine) by extensions ['colcon_meta']
[0.297s] Level 1:colcon.colcon_core.package_identification:_identify(src/comp_routine) by extension 'colcon_meta'
[0.297s] Level 1:colcon.colcon_core.package_identification:_identify(src/comp_routine) by extensions ['ros']
[0.297s] Level 1:colcon.colcon_core.package_identification:_identify(src/comp_routine) by extension 'ros'
[0.299s] DEBUG:colcon.colcon_core.package_identification:Package 'src/comp_routine' with type 'ros.ament_cmake' and name 'comp_routine'
[0.299s] Level 1:colcon.colcon_core.package_identification:_identify(src/px4_msgs) by extensions ['ignore', 'ignore_ament_install']
[0.299s] Level 1:colcon.colcon_core.package_identification:_identify(src/px4_msgs) by extension 'ignore'
[0.299s] Level 1:colcon.colcon_core.package_identification:_identify(src/px4_msgs) by extension 'ignore_ament_install'
[0.299s] Level 1:colcon.colcon_core.package_identification:_identify(src/px4_msgs) by extensions ['colcon_pkg']
[0.299s] Level 1:colcon.colcon_core.package_identification:_identify(src/px4_msgs) by extension 'colcon_pkg'
[0.299s] Level 1:colcon.colcon_core.package_identification:_identify(src/px4_msgs) by extensions ['colcon_meta']
[0.299s] Level 1:colcon.colcon_core.package_identification:_identify(src/px4_msgs) by extension 'colcon_meta'
[0.299s] Level 1:colcon.colcon_core.package_identification:_identify(src/px4_msgs) by extensions ['ros']
[0.299s] Level 1:colcon.colcon_core.package_identification:_identify(src/px4_msgs) by extension 'ros'
[0.300s] DEBUG:colcon.colcon_core.package_identification:Package 'src/px4_msgs' with type 'ros.ament_cmake' and name 'px4_msgs'
[0.300s] Level 1:colcon.colcon_core.package_identification:_identify(src/px4_ros_com) by extensions ['ignore', 'ignore_ament_install']
[0.300s] Level 1:colcon.colcon_core.package_identification:_identify(src/px4_ros_com) by extension 'ignore'
[0.300s] Level 1:colcon.colcon_core.package_identification:_identify(src/px4_ros_com) by extension 'ignore_ament_install'
[0.300s] Level 1:colcon.colcon_core.package_identification:_identify(src/px4_ros_com) by extensions ['colcon_pkg']
[0.300s] Level 1:colcon.colcon_core.package_identification:_identify(src/px4_ros_com) by extension 'colcon_pkg'
[0.300s] Level 1:colcon.colcon_core.package_identification:_identify(src/px4_ros_com) by extensions ['colcon_meta']
[0.300s] Level 1:colcon.colcon_core.package_identification:_identify(src/px4_ros_com) by extension 'colcon_meta'
[0.300s] Level 1:colcon.colcon_core.package_identification:_identify(src/px4_ros_com) by extensions ['ros']
[0.300s] Level 1:colcon.colcon_core.package_identification:_identify(src/px4_ros_com) by extension 'ros'
[0.301s] DEBUG:colcon.colcon_core.package_identification:Package 'src/px4_ros_com' with type 'ros.ament_cmake' and name 'px4_ros_com'
[0.301s] Level 1:colcon.colcon_core.package_discovery:discover_packages(recursive) using defaults
[0.301s] Level 1:colcon.colcon_core.package_discovery:discover_packages(ignore) discover
[0.301s] Level 1:colcon.colcon_core.package_discovery:discover_packages(ignore) using defaults
[0.301s] Level 1:colcon.colcon_core.package_discovery:discover_packages(path) discover
[0.302s] Level 1:colcon.colcon_core.package_discovery:discover_packages(path) using defaults
[0.320s] Level 1:colcon.colcon_core.package_discovery:discover_packages(prefix_path) check parameters
[0.321s] Level 1:colcon.colcon_core.package_discovery:discover_packages(prefix_path) discover
[0.322s] DEBUG:colcon.colcon_installed_package_information.package_discovery:Found 3 installed packages in /root/ws_offboard_control/install
[0.323s] DEBUG:colcon.colcon_installed_package_information.package_discovery:Found 4 installed packages in /opt/motovisio/ros_ws/install
[0.323s] DEBUG:colcon.colcon_installed_package_information.package_discovery:Found 189 installed packages in /opt/ros/foxy
[0.324s] Level 1:colcon.colcon_core.package_discovery:discover_packages(prefix_path) using defaults
[0.356s] Level 5:colcon.colcon_core.verb:set package 'comp_routine' build argument 'cmake_args' from command line to 'None'
[0.356s] Level 5:colcon.colcon_core.verb:set package 'comp_routine' build argument 'cmake_target' from command line to 'None'
[0.356s] Level 5:colcon.colcon_core.verb:set package 'comp_routine' build argument 'cmake_target_skip_unavailable' from command line to 'False'
[0.356s] Level 5:colcon.colcon_core.verb:set package 'comp_routine' build argument 'cmake_clean_cache' from command line to 'False'
[0.356s] Level 5:colcon.colcon_core.verb:set package 'comp_routine' build argument 'cmake_clean_first' from command line to 'False'
[0.356s] Level 5:colcon.colcon_core.verb:set package 'comp_routine' build argument 'cmake_force_configure' from command line to 'False'
[0.356s] Level 5:colcon.colcon_core.verb:set package 'comp_routine' build argument 'ament_cmake_args' from command line to 'None'
[0.356s] Level 5:colcon.colcon_core.verb:set package 'comp_routine' build argument 'catkin_cmake_args' from command line to 'None'
[0.357s] Level 5:colcon.colcon_core.verb:set package 'comp_routine' build argument 'catkin_skip_building_tests' from command line to 'False'
[0.357s] DEBUG:colcon.colcon_core.verb:Building package 'comp_routine' with the following arguments: {'ament_cmake_args': None, 'build_base': '/root/ws_offboard_control/build/comp_routine', 'catkin_cmake_args': None, 'catkin_skip_building_tests': False, 'cmake_args': None, 'cmake_clean_cache': False, 'cmake_clean_first': False, 'cmake_force_configure': False, 'cmake_target': None, 'cmake_target_skip_unavailable': False, 'install_base': '/root/ws_offboard_control/install/comp_routine', 'merge_install': False, 'path': '/root/ws_offboard_control/src/comp_routine', 'symlink_install': False, 'test_result_base': None}
[0.357s] Level 5:colcon.colcon_core.verb:set package 'px4_msgs' build argument 'cmake_args' from command line to 'None'
[0.357s] Level 5:colcon.colcon_core.verb:set package 'px4_msgs' build argument 'cmake_target' from command line to 'None'
[0.357s] Level 5:colcon.colcon_core.verb:set package 'px4_msgs' build argument 'cmake_target_skip_unavailable' from command line to 'False'
[0.357s] Level 5:colcon.colcon_core.verb:set package 'px4_msgs' build argument 'cmake_clean_cache' from command line to 'False'
[0.357s] Level 5:colcon.colcon_core.verb:set package 'px4_msgs' build argument 'cmake_clean_first' from command line to 'False'
[0.357s] Level 5:colcon.colcon_core.verb:set package 'px4_msgs' build argument 'cmake_force_configure' from command line to 'False'
[0.357s] Level 5:colcon.colcon_core.verb:set package 'px4_msgs' build argument 'ament_cmake_args' from command line to 'None'
[0.357s] Level 5:colcon.colcon_core.verb:set package 'px4_msgs' build argument 'catkin_cmake_args' from command line to 'None'
[0.357s] Level 5:colcon.colcon_core.verb:set package 'px4_msgs' build argument 'catkin_skip_building_tests' from command line to 'False'
[0.357s] DEBUG:colcon.colcon_core.verb:Building package 'px4_msgs' with the following arguments: {'ament_cmake_args': None, 'build_base': '/root/ws_offboard_control/build/px4_msgs', 'catkin_cmake_args': None, 'catkin_skip_building_tests': False, 'cmake_args': None, 'cmake_clean_cache': False, 'cmake_clean_first': False, 'cmake_force_configure': False, 'cmake_target': None, 'cmake_target_skip_unavailable': False, 'install_base': '/root/ws_offboard_control/install/px4_msgs', 'merge_install': False, 'path': '/root/ws_offboard_control/src/px4_msgs', 'symlink_install': False, 'test_result_base': None}
[0.357s] Level 5:colcon.colcon_core.verb:set package 'px4_ros_com' build argument 'cmake_args' from command line to 'None'
[0.357s] Level 5:colcon.colcon_core.verb:set package 'px4_ros_com' build argument 'cmake_target' from command line to 'None'
[0.357s] Level 5:colcon.colcon_core.verb:set package 'px4_ros_com' build argument 'cmake_target_skip_unavailable' from command line to 'False'
[0.357s] Level 5:colcon.colcon_core.verb:set package 'px4_ros_com' build argument 'cmake_clean_cache' from command line to 'False'
[0.357s] Level 5:colcon.colcon_core.verb:set package 'px4_ros_com' build argument 'cmake_clean_first' from command line to 'False'
[0.357s] Level 5:colcon.colcon_core.verb:set package 'px4_ros_com' build argument 'cmake_force_configure' from command line to 'False'
[0.357s] Level 5:colcon.colcon_core.verb:set package 'px4_ros_com' build argument 'ament_cmake_args' from command line to 'None'
[0.357s] Level 5:colcon.colcon_core.verb:set package 'px4_ros_com' build argument 'catkin_cmake_args' from command line to 'None'
[0.358s] Level 5:colcon.colcon_core.verb:set package 'px4_ros_com' build argument 'catkin_skip_building_tests' from command line to 'False'
[0.358s] DEBUG:colcon.colcon_core.verb:Building package 'px4_ros_com' with the following arguments: {'ament_cmake_args': None, 'build_base': '/root/ws_offboard_control/build/px4_ros_com', 'catkin_cmake_args': None, 'catkin_skip_building_tests': False, 'cmake_args': None, 'cmake_clean_cache': False, 'cmake_clean_first': False, 'cmake_force_configure': False, 'cmake_target': None, 'cmake_target_skip_unavailable': False, 'install_base': '/root/ws_offboard_control/install/px4_ros_com', 'merge_install': False, 'path': '/root/ws_offboard_control/src/px4_ros_com', 'symlink_install': False, 'test_result_base': None}
[0.358s] INFO:colcon.colcon_core.executor:Executing jobs using 'parallel' executor
[0.363s] DEBUG:colcon.colcon_parallel_executor.executor.parallel:run_until_complete
[0.363s] INFO:colcon.colcon_ros.task.ament_cmake.build:Building ROS package in '/root/ws_offboard_control/src/px4_msgs' with build type 'ament_cmake'
[0.363s] INFO:colcon.colcon_cmake.task.cmake.build:Building CMake package in '/root/ws_offboard_control/src/px4_msgs'
[0.365s] INFO:colcon.colcon_core.plugin_system:Skipping extension 'colcon_core.shell.bat': Not used on non-Windows systems
[0.366s] INFO:colcon.colcon_core.shell:Skip shell extension 'powershell' for command environment: Not usable outside of PowerShell
[0.366s] DEBUG:colcon.colcon_core.shell:Skip shell extension 'dsv' for command environment
[0.373s] INFO:colcon.colcon_ros.task.ament_cmake.build:Building ROS package in '/root/ws_offboard_control/src/comp_routine' with build type 'ament_cmake'
[0.374s] INFO:colcon.colcon_cmake.task.cmake.build:Building CMake package in '/root/ws_offboard_control/src/comp_routine'
[0.374s] INFO:colcon.colcon_core.shell:Skip shell extension 'powershell' for command environment: Not usable outside of PowerShell
[0.374s] DEBUG:colcon.colcon_core.shell:Skip shell extension 'dsv' for command environment
[0.392s] DEBUG:colcon.colcon_core.event_handler.log_command:Invoking command in '/root/ws_offboard_control/build/px4_msgs': CMAKE_PREFIX_PATH=${CMAKE_PREFIX_PATH}:/opt/ros/foxy _=/usr/bin/env /usr/bin/cmake --build /root/ws_offboard_control/build/px4_msgs -- -j8 -l8
[0.405s] DEBUG:colcon.colcon_core.event_handler.log_command:Invoking command in '/root/ws_offboard_control/build/comp_routine': CMAKE_PREFIX_PATH=${CMAKE_PREFIX_PATH}:/opt/ros/foxy _=/usr/bin/env /usr/bin/cmake --build /root/ws_offboard_control/build/comp_routine -- -j8 -l8
[1.842s] DEBUG:colcon.colcon_core.event_handler.log_command:Invoked command in '/root/ws_offboard_control/build/px4_msgs' returned '0': CMAKE_PREFIX_PATH=${CMAKE_PREFIX_PATH}:/opt/ros/foxy _=/usr/bin/env /usr/bin/cmake --build /root/ws_offboard_control/build/px4_msgs -- -j8 -l8
[7.111s] DEBUG:colcon.colcon_core.event_handler.log_command:Invoked command in '/root/ws_offboard_control/build/comp_routine' returned '0': CMAKE_PREFIX_PATH=${CMAKE_PREFIX_PATH}:/opt/ros/foxy _=/usr/bin/env /usr/bin/cmake --build /root/ws_offboard_control/build/comp_routine -- -j8 -l8
[7.216s] DEBUG:colcon.colcon_core.event_handler.log_command:Invoking command in '/root/ws_offboard_control/build/comp_routine': CMAKE_PREFIX_PATH=${CMAKE_PREFIX_PATH}:/opt/ros/foxy _=/usr/bin/env /usr/bin/cmake --install /root/ws_offboard_control/build/comp_routine
[7.249s] Level 1:colcon.colcon_core.environment:create_environment_scripts_only(comp_routine)
[7.266s] DEBUG:colcon.colcon_core.event_handler.log_command:Invoked command in '/root/ws_offboard_control/build/comp_routine' returned '0': CMAKE_PREFIX_PATH=${CMAKE_PREFIX_PATH}:/opt/ros/foxy _=/usr/bin/env /usr/bin/cmake --install /root/ws_offboard_control/build/comp_routine
[7.275s] Level 1:colcon.colcon_core.environment:checking '/root/ws_offboard_control/install/comp_routine' for CMake module files
[7.278s] Level 1:colcon.colcon_core.environment:checking '/root/ws_offboard_control/install/comp_routine' for CMake config files
[7.279s] Level 1:colcon.colcon_core.shell:create_environment_hook('comp_routine', 'cmake_prefix_path')
[7.281s] INFO:colcon.colcon_core.shell:Creating environment hook '/root/ws_offboard_control/install/comp_routine/share/comp_routine/hook/cmake_prefix_path.ps1'
[7.284s] INFO:colcon.colcon_core.shell:Creating environment descriptor '/root/ws_offboard_control/install/comp_routine/share/comp_routine/hook/cmake_prefix_path.dsv'
[7.285s] INFO:colcon.colcon_core.shell:Creating environment hook '/root/ws_offboard_control/install/comp_routine/share/comp_routine/hook/cmake_prefix_path.sh'
[7.288s] Level 1:colcon.colcon_core.environment:checking '/root/ws_offboard_control/install/comp_routine/lib'
[7.288s] Level 1:colcon.colcon_core.environment:checking '/root/ws_offboard_control/install/comp_routine/bin'
[7.288s] Level 1:colcon.colcon_core.environment:checking '/root/ws_offboard_control/install/comp_routine/lib/pkgconfig/comp_routine.pc'
[7.288s] Level 1:colcon.colcon_core.environment:checking '/root/ws_offboard_control/install/comp_routine/lib/python3.8/site-packages'
[7.288s] Level 1:colcon.colcon_core.environment:checking '/root/ws_offboard_control/install/comp_routine/bin'
[7.289s] INFO:colcon.colcon_core.shell:Creating package script '/root/ws_offboard_control/install/comp_routine/share/comp_routine/package.ps1'
[7.290s] INFO:colcon.colcon_core.shell:Creating package descriptor '/root/ws_offboard_control/install/comp_routine/share/comp_routine/package.dsv'
[7.290s] INFO:colcon.colcon_core.shell:Creating package script '/root/ws_offboard_control/install/comp_routine/share/comp_routine/package.sh'
[7.291s] INFO:colcon.colcon_core.shell:Creating package script '/root/ws_offboard_control/install/comp_routine/share/comp_routine/package.bash'
[7.292s] INFO:colcon.colcon_core.shell:Creating package script '/root/ws_offboard_control/install/comp_routine/share/comp_routine/package.zsh'
[7.294s] Level 1:colcon.colcon_core.environment:create_file_with_runtime_dependencies(/root/ws_offboard_control/install/comp_routine/share/colcon-core/packages/comp_routine)
[7.368s] Level 1:colcon.colcon_core.environment:create_environment_scripts_only(comp_routine)
[7.370s] Level 1:colcon.colcon_core.environment:checking '/root/ws_offboard_control/install/comp_routine' for CMake module files
[7.372s] Level 1:colcon.colcon_core.environment:checking '/root/ws_offboard_control/install/comp_routine' for CMake config files
[7.374s] Level 1:colcon.colcon_core.shell:create_environment_hook('comp_routine', 'cmake_prefix_path')
[7.375s] INFO:colcon.colcon_core.shell:Creating environment hook '/root/ws_offboard_control/install/comp_routine/share/comp_routine/hook/cmake_prefix_path.ps1'
[7.377s] INFO:colcon.colcon_core.shell:Creating environment descriptor '/root/ws_offboard_control/install/comp_routine/share/comp_routine/hook/cmake_prefix_path.dsv'
[7.378s] INFO:colcon.colcon_core.shell:Creating environment hook '/root/ws_offboard_control/install/comp_routine/share/comp_routine/hook/cmake_prefix_path.sh'
[7.380s] Level 1:colcon.colcon_core.environment:checking '/root/ws_offboard_control/install/comp_routine/lib'
[7.381s] Level 1:colcon.colcon_core.environment:checking '/root/ws_offboard_control/install/comp_routine/bin'
[7.381s] Level 1:colcon.colcon_core.environment:checking '/root/ws_offboard_control/install/comp_routine/lib/pkgconfig/comp_routine.pc'
[7.383s] Level 1:colcon.colcon_core.environment:checking '/root/ws_offboard_control/install/comp_routine/lib/python3.8/site-packages'
[7.383s] Level 1:colcon.colcon_core.environment:checking '/root/ws_offboard_control/install/comp_routine/bin'
[7.383s] INFO:colcon.colcon_core.shell:Creating package script '/root/ws_offboard_control/install/comp_routine/share/comp_routine/package.ps1'
[7.384s] INFO:colcon.colcon_core.shell:Creating package descriptor '/root/ws_offboard_control/install/comp_routine/share/comp_routine/package.dsv'
[7.384s] INFO:colcon.colcon_core.shell:Creating package script '/root/ws_offboard_control/install/comp_routine/share/comp_routine/package.sh'
[7.385s] INFO:colcon.colcon_core.shell:Creating package script '/root/ws_offboard_control/install/comp_routine/share/comp_routine/package.bash'
[7.385s] INFO:colcon.colcon_core.shell:Creating package script '/root/ws_offboard_control/install/comp_routine/share/comp_routine/package.zsh'
[7.386s] Level 1:colcon.colcon_core.environment:create_file_with_runtime_dependencies(/root/ws_offboard_control/install/comp_routine/share/colcon-core/packages/comp_routine)
[17.226s] DEBUG:colcon.colcon_core.event_handler.log_command:Invoking command in '/root/ws_offboard_control/build/px4_msgs': CMAKE_PREFIX_PATH=${CMAKE_PREFIX_PATH}:/opt/ros/foxy _=/usr/bin/env /usr/bin/cmake --install /root/ws_offboard_control/build/px4_msgs
[17.623s] Level 1:colcon.colcon_core.environment:create_environment_scripts_only(px4_msgs)
[17.625s] Level 1:colcon.colcon_core.environment:checking '/root/ws_offboard_control/install/px4_msgs' for CMake module files
[17.630s] Level 1:colcon.colcon_core.environment:checking '/root/ws_offboard_control/install/px4_msgs' for CMake config files
[17.639s] Level 1:colcon.colcon_core.shell:create_environment_hook('px4_msgs', 'cmake_prefix_path')
[17.640s] INFO:colcon.colcon_core.shell:Creating environment hook '/root/ws_offboard_control/install/px4_msgs/share/px4_msgs/hook/cmake_prefix_path.ps1'
[17.643s] INFO:colcon.colcon_core.shell:Creating environment descriptor '/root/ws_offboard_control/install/px4_msgs/share/px4_msgs/hook/cmake_prefix_path.dsv'
[17.645s] INFO:colcon.colcon_core.shell:Creating environment hook '/root/ws_offboard_control/install/px4_msgs/share/px4_msgs/hook/cmake_prefix_path.sh'
[17.648s] Level 1:colcon.colcon_core.environment:checking '/root/ws_offboard_control/install/px4_msgs/lib'
[17.649s] Level 1:colcon.colcon_core.shell:create_environment_hook('px4_msgs', 'ld_library_path_lib')
[17.650s] INFO:colcon.colcon_core.shell:Creating environment hook '/root/ws_offboard_control/install/px4_msgs/share/px4_msgs/hook/ld_library_path_lib.ps1'
[17.652s] INFO:colcon.colcon_core.shell:Creating environment descriptor '/root/ws_offboard_control/install/px4_msgs/share/px4_msgs/hook/ld_library_path_lib.dsv'
[17.655s] INFO:colcon.colcon_core.shell:Creating environment hook '/root/ws_offboard_control/install/px4_msgs/share/px4_msgs/hook/ld_library_path_lib.sh'
[17.657s] Level 1:colcon.colcon_core.environment:checking '/root/ws_offboard_control/install/px4_msgs/bin'
[17.657s] Level 1:colcon.colcon_core.environment:checking '/root/ws_offboard_control/install/px4_msgs/lib/pkgconfig/px4_msgs.pc'
[17.658s] Level 1:colcon.colcon_core.environment:checking '/root/ws_offboard_control/install/px4_msgs/lib/python3.8/site-packages'
[17.659s] Level 1:colcon.colcon_core.shell:create_environment_hook('px4_msgs', 'pythonpath')
[17.660s] INFO:colcon.colcon_core.shell:Creating environment hook '/root/ws_offboard_control/install/px4_msgs/share/px4_msgs/hook/pythonpath.ps1'
[17.661s] INFO:colcon.colcon_core.shell:Creating environment descriptor '/root/ws_offboard_control/install/px4_msgs/share/px4_msgs/hook/pythonpath.dsv'
[17.662s] INFO:colcon.colcon_core.shell:Creating environment hook '/root/ws_offboard_control/install/px4_msgs/share/px4_msgs/hook/pythonpath.sh'
[17.665s] Level 1:colcon.colcon_core.environment:checking '/root/ws_offboard_control/install/px4_msgs/bin'
[17.666s] INFO:colcon.colcon_core.shell:Creating package script '/root/ws_offboard_control/install/px4_msgs/share/px4_msgs/package.ps1'
[17.669s] INFO:colcon.colcon_core.shell:Creating package descriptor '/root/ws_offboard_control/install/px4_msgs/share/px4_msgs/package.dsv'
[17.672s] INFO:colcon.colcon_core.shell:Creating package script '/root/ws_offboard_control/install/px4_msgs/share/px4_msgs/package.sh'
[17.675s] INFO:colcon.colcon_core.shell:Creating package script '/root/ws_offboard_control/install/px4_msgs/share/px4_msgs/package.bash'
[17.677s] INFO:colcon.colcon_core.shell:Creating package script '/root/ws_offboard_control/install/px4_msgs/share/px4_msgs/package.zsh'
[17.678s] Level 1:colcon.colcon_core.environment:create_file_with_runtime_dependencies(/root/ws_offboard_control/install/px4_msgs/share/colcon-core/packages/px4_msgs)
[17.755s] DEBUG:colcon.colcon_core.event_handler.log_command:Invoked command in '/root/ws_offboard_control/build/px4_msgs' returned '0': CMAKE_PREFIX_PATH=${CMAKE_PREFIX_PATH}:/opt/ros/foxy _=/usr/bin/env /usr/bin/cmake --install /root/ws_offboard_control/build/px4_msgs
[32.497s] Level 1:colcon.colcon_core.environment:create_environment_scripts_only(px4_msgs)
[32.498s] Level 1:colcon.colcon_core.environment:checking '/root/ws_offboard_control/install/px4_msgs' for CMake module files
[32.501s] Level 1:colcon.colcon_core.environment:checking '/root/ws_offboard_control/install/px4_msgs' for CMake config files
[32.503s] Level 1:colcon.colcon_core.shell:create_environment_hook('px4_msgs', 'cmake_prefix_path')
[32.503s] INFO:colcon.colcon_core.shell:Creating environment hook '/root/ws_offboard_control/install/px4_msgs/share/px4_msgs/hook/cmake_prefix_path.ps1'
[32.504s] INFO:colcon.colcon_core.shell:Creating environment descriptor '/root/ws_offboard_control/install/px4_msgs/share/px4_msgs/hook/cmake_prefix_path.dsv'
[32.505s] INFO:colcon.colcon_core.shell:Creating environment hook '/root/ws_offboard_control/install/px4_msgs/share/px4_msgs/hook/cmake_prefix_path.sh'
[32.505s] Level 1:colcon.colcon_core.environment:checking '/root/ws_offboard_control/install/px4_msgs/lib'
[32.505s] Level 1:colcon.colcon_core.shell:create_environment_hook('px4_msgs', 'ld_library_path_lib')
[32.506s] INFO:colcon.colcon_core.shell:Creating environment hook '/root/ws_offboard_control/install/px4_msgs/share/px4_msgs/hook/ld_library_path_lib.ps1'
[32.506s] INFO:colcon.colcon_core.shell:Creating environment descriptor '/root/ws_offboard_control/install/px4_msgs/share/px4_msgs/hook/ld_library_path_lib.dsv'
[32.506s] INFO:colcon.colcon_core.shell:Creating environment hook '/root/ws_offboard_control/install/px4_msgs/share/px4_msgs/hook/ld_library_path_lib.sh'
[32.507s] Level 1:colcon.colcon_core.environment:checking '/root/ws_offboard_control/install/px4_msgs/bin'
[32.507s] Level 1:colcon.colcon_core.environment:checking '/root/ws_offboard_control/install/px4_msgs/lib/pkgconfig/px4_msgs.pc'
[32.507s] Level 1:colcon.colcon_core.environment:checking '/root/ws_offboard_control/install/px4_msgs/lib/python3.8/site-packages'
[32.507s] Level 1:colcon.colcon_core.shell:create_environment_hook('px4_msgs', 'pythonpath')
[32.507s] INFO:colcon.colcon_core.shell:Creating environment hook '/root/ws_offboard_control/install/px4_msgs/share/px4_msgs/hook/pythonpath.ps1'
[32.508s] INFO:colcon.colcon_core.shell:Creating environment descriptor '/root/ws_offboard_control/install/px4_msgs/share/px4_msgs/hook/pythonpath.dsv'
[32.508s] INFO:colcon.colcon_core.shell:Creating environment hook '/root/ws_offboard_control/install/px4_msgs/share/px4_msgs/hook/pythonpath.sh'
[32.508s] Level 1:colcon.colcon_core.environment:checking '/root/ws_offboard_control/install/px4_msgs/bin'
[32.509s] INFO:colcon.colcon_core.shell:Creating package script '/root/ws_offboard_control/install/px4_msgs/share/px4_msgs/package.ps1'
[32.509s] INFO:colcon.colcon_core.shell:Creating package descriptor '/root/ws_offboard_control/install/px4_msgs/share/px4_msgs/package.dsv'
[32.510s] INFO:colcon.colcon_core.shell:Creating package script '/root/ws_offboard_control/install/px4_msgs/share/px4_msgs/package.sh'
[32.510s] INFO:colcon.colcon_core.shell:Creating package script '/root/ws_offboard_control/install/px4_msgs/share/px4_msgs/package.bash'
[32.511s] INFO:colcon.colcon_core.shell:Creating package script '/root/ws_offboard_control/install/px4_msgs/share/px4_msgs/package.zsh'
[32.511s] Level 1:colcon.colcon_core.environment:create_file_with_runtime_dependencies(/root/ws_offboard_control/install/px4_msgs/share/colcon-core/packages/px4_msgs)
[32.512s] INFO:colcon.colcon_ros.task.ament_cmake.build:Building ROS package in '/root/ws_offboard_control/src/px4_ros_com' with build type 'ament_cmake'
[32.512s] INFO:colcon.colcon_cmake.task.cmake.build:Building CMake package in '/root/ws_offboard_control/src/px4_ros_com'
[32.512s] INFO:colcon.colcon_core.shell:Skip shell extension 'powershell' for command environment: Not usable outside of PowerShell
[32.512s] DEBUG:colcon.colcon_core.shell:Skip shell extension 'dsv' for command environment
[32.560s] DEBUG:colcon.colcon_core.event_handler.log_command:Invoking command in '/root/ws_offboard_control/build/px4_ros_com': CMAKE_PREFIX_PATH=/root/ws_offboard_control/install/px4_msgs:/root/ws_offboard_control/install/px4_ros_com:/root/ws_offboard_control/install/comp_routine:/opt/motovisio/ros_ws/install/px4_msgs:/opt/motovisio/ros_ws/install/micro_ros_setup:/opt/motovisio/ros_ws/install/micro_ros_agent:/opt/motovisio/ros_ws/install/micro_ros_msgs:/opt/ros/foxy LD_LIBRARY_PATH=/root/ws_offboard_control/install/px4_msgs/lib:/root/ws_offboard_control/install/px4_ros_com/lib:/opt/motovisio/ros_ws/install/px4_msgs/lib:/opt/motovisio/ros_ws/install/micro_ros_agent/lib:/opt/motovisio/ros_ws/install/micro_ros_msgs/lib:/opt/ros/foxy/opt/yaml_cpp_vendor/lib:/opt/ros/foxy/lib/aarch64-linux-gnu:/opt/ros/foxy/lib PYTHONPATH=/root/ws_offboard_control/install/px4_msgs/lib/python3.8/site-packages:/root/ws_offboard_control/install/px4_ros_com/lib/python3.8/site-packages:/opt/motovisio/ros_ws/install/px4_msgs/lib/python3.8/site-packages:/opt/motovisio/ros_ws/install/micro_ros_msgs/lib/python3.8/site-packages:/opt/ros/foxy/lib/python3.8/site-packages _=/usr/bin/env /usr/bin/cmake --build /root/ws_offboard_control/build/px4_ros_com -- -j8 -l8
[32.714s] DEBUG:colcon.colcon_core.event_handler.log_command:Invoked command in '/root/ws_offboard_control/build/px4_ros_com' returned '0': CMAKE_PREFIX_PATH=/root/ws_offboard_control/install/px4_msgs:/root/ws_offboard_control/install/px4_ros_com:/root/ws_offboard_control/install/comp_routine:/opt/motovisio/ros_ws/install/px4_msgs:/opt/motovisio/ros_ws/install/micro_ros_setup:/opt/motovisio/ros_ws/install/micro_ros_agent:/opt/motovisio/ros_ws/install/micro_ros_msgs:/opt/ros/foxy LD_LIBRARY_PATH=/root/ws_offboard_control/install/px4_msgs/lib:/root/ws_offboard_control/install/px4_ros_com/lib:/opt/motovisio/ros_ws/install/px4_msgs/lib:/opt/motovisio/ros_ws/install/micro_ros_agent/lib:/opt/motovisio/ros_ws/install/micro_ros_msgs/lib:/opt/ros/foxy/opt/yaml_cpp_vendor/lib:/opt/ros/foxy/lib/aarch64-linux-gnu:/opt/ros/foxy/lib PYTHONPATH=/root/ws_offboard_control/install/px4_msgs/lib/python3.8/site-packages:/root/ws_offboard_control/install/px4_ros_com/lib/python3.8/site-packages:/opt/motovisio/ros_ws/install/px4_msgs/lib/python3.8/site-packages:/opt/motovisio/ros_ws/install/micro_ros_msgs/lib/python3.8/site-packages:/opt/ros/foxy/lib/python3.8/site-packages _=/usr/bin/env /usr/bin/cmake --build /root/ws_offboard_control/build/px4_ros_com -- -j8 -l8
[32.854s] DEBUG:colcon.colcon_core.event_handler.log_command:Invoking command in '/root/ws_offboard_control/build/px4_ros_com': CMAKE_PREFIX_PATH=/root/ws_offboard_control/install/px4_msgs:/root/ws_offboard_control/install/px4_ros_com:/root/ws_offboard_control/install/comp_routine:/opt/motovisio/ros_ws/install/px4_msgs:/opt/motovisio/ros_ws/install/micro_ros_setup:/opt/motovisio/ros_ws/install/micro_ros_agent:/opt/motovisio/ros_ws/install/micro_ros_msgs:/opt/ros/foxy LD_LIBRARY_PATH=/root/ws_offboard_control/install/px4_msgs/lib:/root/ws_offboard_control/install/px4_ros_com/lib:/opt/motovisio/ros_ws/install/px4_msgs/lib:/opt/motovisio/ros_ws/install/micro_ros_agent/lib:/opt/motovisio/ros_ws/install/micro_ros_msgs/lib:/opt/ros/foxy/opt/yaml_cpp_vendor/lib:/opt/ros/foxy/lib/aarch64-linux-gnu:/opt/ros/foxy/lib PYTHONPATH=/root/ws_offboard_control/install/px4_msgs/lib/python3.8/site-packages:/root/ws_offboard_control/install/px4_ros_com/lib/python3.8/site-packages:/opt/motovisio/ros_ws/install/px4_msgs/lib/python3.8/site-packages:/opt/motovisio/ros_ws/install/micro_ros_msgs/lib/python3.8/site-packages:/opt/ros/foxy/lib/python3.8/site-packages _=/usr/bin/env /usr/bin/cmake --install /root/ws_offboard_control/build/px4_ros_com
[32.945s] Level 1:colcon.colcon_core.environment:create_environment_scripts_only(px4_ros_com)
[32.946s] Level 1:colcon.colcon_core.environment:checking '/root/ws_offboard_control/install/px4_ros_com' for CMake module files
[32.950s] DEBUG:colcon.colcon_core.event_handler.log_command:Invoked command in '/root/ws_offboard_control/build/px4_ros_com' returned '0': CMAKE_PREFIX_PATH=/root/ws_offboard_control/install/px4_msgs:/root/ws_offboard_control/install/px4_ros_com:/root/ws_offboard_control/install/comp_routine:/opt/motovisio/ros_ws/install/px4_msgs:/opt/motovisio/ros_ws/install/micro_ros_setup:/opt/motovisio/ros_ws/install/micro_ros_agent:/opt/motovisio/ros_ws/install/micro_ros_msgs:/opt/ros/foxy LD_LIBRARY_PATH=/root/ws_offboard_control/install/px4_msgs/lib:/root/ws_offboard_control/install/px4_ros_com/lib:/opt/motovisio/ros_ws/install/px4_msgs/lib:/opt/motovisio/ros_ws/install/micro_ros_agent/lib:/opt/motovisio/ros_ws/install/micro_ros_msgs/lib:/opt/ros/foxy/opt/yaml_cpp_vendor/lib:/opt/ros/foxy/lib/aarch64-linux-gnu:/opt/ros/foxy/lib PYTHONPATH=/root/ws_offboard_control/install/px4_msgs/lib/python3.8/site-packages:/root/ws_offboard_control/install/px4_ros_com/lib/python3.8/site-packages:/opt/motovisio/ros_ws/install/px4_msgs/lib/python3.8/site-packages:/opt/motovisio/ros_ws/install/micro_ros_msgs/lib/python3.8/site-packages:/opt/ros/foxy/lib/python3.8/site-packages _=/usr/bin/env /usr/bin/cmake --install /root/ws_offboard_control/build/px4_ros_com
[32.952s] Level 1:colcon.colcon_core.environment:checking '/root/ws_offboard_control/install/px4_ros_com' for CMake config files
[32.953s] Level 1:colcon.colcon_core.shell:create_environment_hook('px4_ros_com', 'cmake_prefix_path')
[32.954s] INFO:colcon.colcon_core.shell:Creating environment hook '/root/ws_offboard_control/install/px4_ros_com/share/px4_ros_com/hook/cmake_prefix_path.ps1'
[32.957s] INFO:colcon.colcon_core.shell:Creating environment descriptor '/root/ws_offboard_control/install/px4_ros_com/share/px4_ros_com/hook/cmake_prefix_path.dsv'
[32.958s] INFO:colcon.colcon_core.shell:Creating environment hook '/root/ws_offboard_control/install/px4_ros_com/share/px4_ros_com/hook/cmake_prefix_path.sh'
[32.960s] Level 1:colcon.colcon_core.environment:checking '/root/ws_offboard_control/install/px4_ros_com/lib'
[32.960s] Level 1:colcon.colcon_core.shell:create_environment_hook('px4_ros_com', 'ld_library_path_lib')
[32.961s] INFO:colcon.colcon_core.shell:Creating environment hook '/root/ws_offboard_control/install/px4_ros_com/share/px4_ros_com/hook/ld_library_path_lib.ps1'
[32.962s] INFO:colcon.colcon_core.shell:Creating environment descriptor '/root/ws_offboard_control/install/px4_ros_com/share/px4_ros_com/hook/ld_library_path_lib.dsv'
[32.964s] INFO:colcon.colcon_core.shell:Creating environment hook '/root/ws_offboard_control/install/px4_ros_com/share/px4_ros_com/hook/ld_library_path_lib.sh'
[32.965s] Level 1:colcon.colcon_core.environment:checking '/root/ws_offboard_control/install/px4_ros_com/bin'
[32.965s] Level 1:colcon.colcon_core.environment:checking '/root/ws_offboard_control/install/px4_ros_com/lib/pkgconfig/px4_ros_com.pc'
[32.967s] Level 1:colcon.colcon_core.environment:checking '/root/ws_offboard_control/install/px4_ros_com/lib/python3.8/site-packages'
[32.967s] Level 1:colcon.colcon_core.shell:create_environment_hook('px4_ros_com', 'pythonpath')
[32.968s] INFO:colcon.colcon_core.shell:Creating environment hook '/root/ws_offboard_control/install/px4_ros_com/share/px4_ros_com/hook/pythonpath.ps1'
[32.968s] INFO:colcon.colcon_core.shell:Creating environment descriptor '/root/ws_offboard_control/install/px4_ros_com/share/px4_ros_com/hook/pythonpath.dsv'
[32.968s] INFO:colcon.colcon_core.shell:Creating environment hook '/root/ws_offboard_control/install/px4_ros_com/share/px4_ros_com/hook/pythonpath.sh'
[32.969s] Level 1:colcon.colcon_core.environment:checking '/root/ws_offboard_control/install/px4_ros_com/bin'
[32.969s] INFO:colcon.colcon_core.shell:Creating package script '/root/ws_offboard_control/install/px4_ros_com/share/px4_ros_com/package.ps1'
[32.970s] INFO:colcon.colcon_core.shell:Creating package descriptor '/root/ws_offboard_control/install/px4_ros_com/share/px4_ros_com/package.dsv'
[32.970s] INFO:colcon.colcon_core.shell:Creating package script '/root/ws_offboard_control/install/px4_ros_com/share/px4_ros_com/package.sh'
[32.971s] INFO:colcon.colcon_core.shell:Creating package script '/root/ws_offboard_control/install/px4_ros_com/share/px4_ros_com/package.bash'
[32.971s] INFO:colcon.colcon_core.shell:Creating package script '/root/ws_offboard_control/install/px4_ros_com/share/px4_ros_com/package.zsh'
[32.972s] Level 1:colcon.colcon_core.environment:create_file_with_runtime_dependencies(/root/ws_offboard_control/install/px4_ros_com/share/colcon-core/packages/px4_ros_com)
[33.099s] Level 1:colcon.colcon_core.environment:create_environment_scripts_only(px4_ros_com)
[33.101s] Level 1:colcon.colcon_core.environment:checking '/root/ws_offboard_control/install/px4_ros_com' for CMake module files
[33.104s] Level 1:colcon.colcon_core.environment:checking '/root/ws_offboard_control/install/px4_ros_com' for CMake config files
[33.106s] Level 1:colcon.colcon_core.shell:create_environment_hook('px4_ros_com', 'cmake_prefix_path')
[33.107s] INFO:colcon.colcon_core.shell:Creating environment hook '/root/ws_offboard_control/install/px4_ros_com/share/px4_ros_com/hook/cmake_prefix_path.ps1'
[33.110s] INFO:colcon.colcon_core.shell:Creating environment descriptor '/root/ws_offboard_control/install/px4_ros_com/share/px4_ros_com/hook/cmake_prefix_path.dsv'
[33.111s] INFO:colcon.colcon_core.shell:Creating environment hook '/root/ws_offboard_control/install/px4_ros_com/share/px4_ros_com/hook/cmake_prefix_path.sh'
[33.112s] Level 1:colcon.colcon_core.environment:checking '/root/ws_offboard_control/install/px4_ros_com/lib'
[33.112s] Level 1:colcon.colcon_core.shell:create_environment_hook('px4_ros_com', 'ld_library_path_lib')
[33.112s] INFO:colcon.colcon_core.shell:Creating environment hook '/root/ws_offboard_control/install/px4_ros_com/share/px4_ros_com/hook/ld_library_path_lib.ps1'
[33.112s] INFO:colcon.colcon_core.shell:Creating environment descriptor '/root/ws_offboard_control/install/px4_ros_com/share/px4_ros_com/hook/ld_library_path_lib.dsv'
[33.113s] INFO:colcon.colcon_core.shell:Creating environment hook '/root/ws_offboard_control/install/px4_ros_com/share/px4_ros_com/hook/ld_library_path_lib.sh'
[33.113s] Level 1:colcon.colcon_core.environment:checking '/root/ws_offboard_control/install/px4_ros_com/bin'
[33.113s] Level 1:colcon.colcon_core.environment:checking '/root/ws_offboard_control/install/px4_ros_com/lib/pkgconfig/px4_ros_com.pc'
[33.113s] Level 1:colcon.colcon_core.environment:checking '/root/ws_offboard_control/install/px4_ros_com/lib/python3.8/site-packages'
[33.113s] Level 1:colcon.colcon_core.shell:create_environment_hook('px4_ros_com', 'pythonpath')
[33.114s] INFO:colcon.colcon_core.shell:Creating environment hook '/root/ws_offboard_control/install/px4_ros_com/share/px4_ros_com/hook/pythonpath.ps1'
[33.114s] INFO:colcon.colcon_core.shell:Creating environment descriptor '/root/ws_offboard_control/install/px4_ros_com/share/px4_ros_com/hook/pythonpath.dsv'
[33.115s] INFO:colcon.colcon_core.shell:Creating environment hook '/root/ws_offboard_control/install/px4_ros_com/share/px4_ros_com/hook/pythonpath.sh'
[33.115s] Level 1:colcon.colcon_core.environment:checking '/root/ws_offboard_control/install/px4_ros_com/bin'
[33.116s] INFO:colcon.colcon_core.shell:Creating package script '/root/ws_offboard_control/install/px4_ros_com/share/px4_ros_com/package.ps1'
[33.116s] INFO:colcon.colcon_core.shell:Creating package descriptor '/root/ws_offboard_control/install/px4_ros_com/share/px4_ros_com/package.dsv'
[33.117s] INFO:colcon.colcon_core.shell:Creating package script '/root/ws_offboard_control/install/px4_ros_com/share/px4_ros_com/package.sh'
[33.117s] INFO:colcon.colcon_core.shell:Creating package script '/root/ws_offboard_control/install/px4_ros_com/share/px4_ros_com/package.bash'
[33.118s] INFO:colcon.colcon_core.shell:Creating package script '/root/ws_offboard_control/install/px4_ros_com/share/px4_ros_com/package.zsh'
[33.118s] Level 1:colcon.colcon_core.environment:create_file_with_runtime_dependencies(/root/ws_offboard_control/install/px4_ros_com/share/colcon-core/packages/px4_ros_com)
[33.119s] DEBUG:colcon.colcon_parallel_executor.executor.parallel:closing loop
[33.119s] DEBUG:colcon.colcon_parallel_executor.executor.parallel:loop closed
[33.119s] DEBUG:colcon.colcon_parallel_executor.executor.parallel:run_until_complete finished with '0'
[33.119s] DEBUG:colcon.colcon_core.event_reactor:joining thread
[33.141s] INFO:colcon.colcon_core.plugin_system:Skipping extension 'colcon_notification.desktop_notification.notify_send': Could not find 'notify-send'
[33.142s] INFO:colcon.colcon_core.plugin_system:Skipping extension 'colcon_notification.desktop_notification.terminal_notifier': Not used on non-Darwin systems
[33.143s] INFO:colcon.colcon_core.plugin_system:Skipping extension 'colcon_notification.desktop_notification.win32': Not used on non-Windows systems
[33.143s] INFO:colcon.colcon_notification.desktop_notification:Sending desktop notification using 'notify2'
[33.150s] DEBUG:colcon.colcon_notification.desktop_notification.notify2:Failed to initialize notify2: org.freedesktop.DBus.Error.ServiceUnknown: The name org.freedesktop.Notifications was not provided by any .service files
[33.151s] DEBUG:colcon.colcon_core.event_reactor:joined thread
[33.151s] INFO:colcon.colcon_core.shell:Creating prefix script '/root/ws_offboard_control/install/local_setup.ps1'
[33.152s] INFO:colcon.colcon_core.shell:Creating prefix util module '/root/ws_offboard_control/install/_local_setup_util_ps1.py'
[33.154s] INFO:colcon.colcon_core.shell:Creating prefix chain script '/root/ws_offboard_control/install/setup.ps1'
[33.155s] INFO:colcon.colcon_core.shell:Creating prefix script '/root/ws_offboard_control/install/local_setup.sh'
[33.156s] INFO:colcon.colcon_core.shell:Creating prefix util module '/root/ws_offboard_control/install/_local_setup_util_sh.py'
[33.156s] INFO:colcon.colcon_core.shell:Creating prefix chain script '/root/ws_offboard_control/install/setup.sh'
[33.157s] INFO:colcon.colcon_core.shell:Creating prefix script '/root/ws_offboard_control/install/local_setup.bash'
[33.158s] INFO:colcon.colcon_core.shell:Creating prefix chain script '/root/ws_offboard_control/install/setup.bash'
[33.159s] INFO:colcon.colcon_core.shell:Creating prefix script '/root/ws_offboard_control/install/local_setup.zsh'
[33.160s] INFO:colcon.colcon_core.shell:Creating prefix chain script '/root/ws_offboard_control/install/setup.zsh'
