[0.091s] Invoking command in '/root/ws_offboard_control/build/rb5_ros2_vision': CMAKE_PREFIX_PATH=${CMAKE_PREFIX_PATH}:/opt/ros/foxy _=/usr/bin/env /usr/bin/cmake /root/ws_offboard_control/src/rb5_ros2/rb5_ros2_vision -DCMAKE_INSTALL_PREFIX=/root/ws_offboard_control/install/rb5_ros2_vision
[0.205s] -- The C compiler identification is GNU 9.4.0
[0.331s] -- The CXX compiler identification is GNU 9.4.0
[0.357s] -- Detecting C compiler ABI info
[0.550s] -- Detecting C compiler ABI info - done
[0.592s] -- Check for working C compiler: /usr/bin/cc - skipped
[0.593s] -- Detecting C compile features
[0.593s] -- Detecting C compile features - done
[0.595s] -- Detecting CXX compiler ABI info
[0.774s] -- Detecting CXX compiler ABI info - done
[0.809s] -- Check for working CXX compiler: /usr/bin/c++ - skipped
[0.812s] -- Detecting CXX compile features
[0.813s] -- Detecting CXX compile features - done
[0.819s] -- Found ament_cmake: 0.9.12 (/opt/ros/foxy/share/ament_cmake/cmake)
[0.819s] [33mCMake Warning (dev) at /opt/ros/foxy/share/ament_cmake_core/cmake/core/python.cmake:22 (find_package):
[0.819s]   Policy CMP0148 is not set: The FindPythonInterp and FindPythonLibs modules
[0.819s]   are removed.  Run "cmake --help-policy CMP0148" for policy details.  Use
[0.819s]   the cmake_policy command to set the policy and suppress this warning.
[0.820s] 
[0.820s] Call Stack (most recent call first):
[0.820s]   /opt/ros/foxy/share/ament_cmake_core/cmake/core/all.cmake:53 (include)
[0.820s]   /opt/ros/foxy/share/ament_cmake_core/cmake/ament_cmake_core-extras.cmake:17 (include)
[0.820s]   /opt/ros/foxy/share/ament_cmake_core/cmake/ament_cmake_coreConfig.cmake:41 (include)
[0.820s]   /opt/ros/foxy/share/ament_cmake/cmake/ament_cmake_export_dependencies-extras.cmake:15 (find_package)
[0.820s]   /opt/ros/foxy/share/ament_cmake/cmake/ament_cmakeConfig.cmake:41 (include)
[0.821s]   CMakeLists.txt:19 (find_package)
[0.822s] This warning is for project developers.  Use -Wno-dev to suppress it.
[0.823s] [0m
[0.862s] -- Found PythonInterp: /usr/bin/python3 (found suitable version "3.8.10", minimum required is "3")
[0.863s] -- Using PYTHON_EXECUTABLE: /usr/bin/python3
[1.298s] -- Found rclcpp: 2.4.3 (/opt/ros/foxy/share/rclcpp/cmake)
[1.338s] -- Using all available rosidl_typesupport_c: rosidl_typesupport_fastrtps_c;rosidl_typesupport_introspection_c
[1.345s] -- Found rosidl_adapter: 1.3.1 (/opt/ros/foxy/share/rosidl_adapter/cmake)
[1.553s] -- Found OpenSSL: /usr/lib/aarch64-linux-gnu/libcrypto.so (found version "1.1.1f")
[1.580s] -- Found FastRTPS: /opt/ros/foxy/include
[1.673s] -- Using all available rosidl_typesupport_cpp: rosidl_typesupport_fastrtps_cpp;rosidl_typesupport_introspection_cpp
[1.728s] -- Found rmw_implementation_cmake: 1.0.4 (/opt/ros/foxy/share/rmw_implementation_cmake/cmake)
[1.729s] -- Using RMW implementation 'rmw_fastrtps_cpp' as default
[1.730s] -- Performing Test CMAKE_HAVE_LIBC_PTHREAD
[1.868s] -- Performing Test CMAKE_HAVE_LIBC_PTHREAD - Failed
[1.871s] -- Looking for pthread_create in pthreads
[1.990s] -- Looking for pthread_create in pthreads - not found
[1.991s] -- Looking for pthread_create in pthread
[2.221s] -- Looking for pthread_create in pthread - found
[2.225s] -- Found Threads: TRUE
[2.435s] -- Found sensor_msgs: 2.0.5 (/opt/ros/foxy/share/sensor_msgs/cmake)
[2.569s] -- Found cv_bridge: 3.0.7 (/opt/ros/foxy/share/cv_bridge/cmake)
[2.603s] -- Found OpenCV: /usr (found version "4.2.0")
[2.613s] -- Found PkgConfig: /usr/bin/pkg-config (found version "0.29.1")
[2.618s] -- Checking for module 'gstreamer-1.0>=1.8'
[2.669s] --   Found gstreamer-1.0, version 1.16.3
[2.779s] -- Checking for one of the modules 'glib-2.0'
[2.944s] -- Checking for module 'gstreamer-1.0'
[2.993s] --   Found gstreamer-1.0, version 1.16.3
[3.119s] -- Checking for module 'gstreamer-app-1.0'
[3.172s] --   Found gstreamer-app-1.0, version 1.16.3
[3.282s] -- Checking for module 'gstreamer-video-1.0'
[3.315s] --   Found gstreamer-video-1.0, version 1.16.3
[3.437s] -- Check if compiler accepts -pthread
[3.650s] -- Check if compiler accepts -pthread - yes
[3.668s] -- Found ament_lint_auto: 0.9.8 (/opt/ros/foxy/share/ament_lint_auto/cmake)
[3.762s] -- Added test 'copyright' to check source files copyright and LICENSE
[3.764s] -- Added test 'cppcheck' to perform static code analysis on C / C++ code
[3.764s] -- Configured cppcheck include dirs: /root/ws_offboard_control/src/rb5_ros2/rb5_ros2_vision/include/rb5_ros2_vision
[3.765s] -- Configured cppcheck exclude dirs and/or files: 
[3.765s] -- Added test 'cpplint' to check C / C++ code against the Google style
[3.766s] -- Configured cpplint exclude dirs and/or files: 
[3.768s] -- Added test 'flake8' to check Python code syntax and style conventions
[3.768s] -- Added test 'lint_cmake' to check CMake code style
[3.769s] -- Added test 'pep257' to check Python code against some of the style conventions in PEP 257
[3.770s] -- Added test 'uncrustify' to check C / C++ code style
[3.770s] -- Configured uncrustify additional arguments: 
[3.771s] -- Added test 'xmllint' to check XML markup files
[3.773s] -- Configuring done (3.7s)
[3.786s] -- Generating done (0.0s)
[3.788s] -- Build files have been written to: /root/ws_offboard_control/build/rb5_ros2_vision
