[0.101s] Invoking command in '/root/ws_offboard_control/build/rb5_ros2_vision': CMAKE_PREFIX_PATH=${CMAKE_PREFIX_PATH}:/opt/ros/foxy _=/usr/bin/env /usr/bin/cmake --build /root/ws_offboard_control/build/rb5_ros2_vision -- -j8 -l8
[0.224s] [100%] Built target rb_camera_ocv_node
[0.312s] Invoked command in '/root/ws_offboard_control/build/rb5_ros2_vision' returned '0': CMAKE_PREFIX_PATH=${CMAKE_PREFIX_PATH}:/opt/ros/foxy _=/usr/bin/env /usr/bin/cmake --build /root/ws_offboard_control/build/rb5_ros2_vision -- -j8 -l8
[0.423s] Invoking command in '/root/ws_offboard_control/build/rb5_ros2_vision': CMAKE_PREFIX_PATH=${CMAKE_PREFIX_PATH}:/opt/ros/foxy _=/usr/bin/env /usr/bin/cmake --install /root/ws_offboard_control/build/rb5_ros2_vision
[0.433s] -- Install configuration: ""
[0.435s] -- Up-to-date: /root/ws_offboard_control/install/rb5_ros2_vision/share/rb5_ros2_vision/launch
[0.437s] -- Up-to-date: /root/ws_offboard_control/install/rb5_ros2_vision/share/rb5_ros2_vision/launch/rb_camera_both_ocv.launch
[0.438s] -- Up-to-date: /root/ws_offboard_control/install/rb5_ros2_vision/share/rb5_ros2_vision/launch/rb_camera_both_ocv_launch.py
[0.439s] -- Up-to-date: /root/ws_offboard_control/install/rb5_ros2_vision/share/rb5_ros2_vision/launch/rb_camera_main_ocv.launch.xml
[0.439s] -- Up-to-date: /root/ws_offboard_control/install/rb5_ros2_vision/share/rb5_ros2_vision/launch/rb_camera_main_ocv_launch.py
[0.440s] -- Up-to-date: /root/ws_offboard_control/install/rb5_ros2_vision/share/rb5_ros2_vision/launch/rb_camera_side_ocv.launch
[0.441s] -- Up-to-date: /root/ws_offboard_control/install/rb5_ros2_vision/share/rb5_ros2_vision/launch/rb_camera_side_ocv_launch.py
[0.442s] -- Up-to-date: /root/ws_offboard_control/install/rb5_ros2_vision/share/rb5_ros2_vision/launch/rb_camera_webcam_ocv.launch
[0.443s] -- Up-to-date: /root/ws_offboard_control/install/rb5_ros2_vision/share/rb5_ros2_vision/launch/rb_camera_webcam_ocv_launch.py
[0.443s] -- Up-to-date: /root/ws_offboard_control/install/rb5_ros2_vision/lib/rb5_ros2_vision/rb_camera_ocv_node
[0.444s] -- Up-to-date: /root/ws_offboard_control/install/rb5_ros2_vision/share/ament_index/resource_index/package_run_dependencies/rb5_ros2_vision
[0.445s] -- Up-to-date: /root/ws_offboard_control/install/rb5_ros2_vision/share/ament_index/resource_index/parent_prefix_path/rb5_ros2_vision
[0.447s] -- Up-to-date: /root/ws_offboard_control/install/rb5_ros2_vision/share/rb5_ros2_vision/environment/ament_prefix_path.sh
[0.448s] -- Up-to-date: /root/ws_offboard_control/install/rb5_ros2_vision/share/rb5_ros2_vision/environment/ament_prefix_path.dsv
[0.449s] -- Up-to-date: /root/ws_offboard_control/install/rb5_ros2_vision/share/rb5_ros2_vision/environment/path.sh
[0.450s] -- Up-to-date: /root/ws_offboard_control/install/rb5_ros2_vision/share/rb5_ros2_vision/environment/path.dsv
[0.450s] -- Up-to-date: /root/ws_offboard_control/install/rb5_ros2_vision/share/rb5_ros2_vision/local_setup.bash
[0.452s] -- Up-to-date: /root/ws_offboard_control/install/rb5_ros2_vision/share/rb5_ros2_vision/local_setup.sh
[0.453s] -- Up-to-date: /root/ws_offboard_control/install/rb5_ros2_vision/share/rb5_ros2_vision/local_setup.zsh
[0.453s] -- Up-to-date: /root/ws_offboard_control/install/rb5_ros2_vision/share/rb5_ros2_vision/local_setup.dsv
[0.454s] -- Installing: /root/ws_offboard_control/install/rb5_ros2_vision/share/rb5_ros2_vision/package.dsv
[0.454s] -- Up-to-date: /root/ws_offboard_control/install/rb5_ros2_vision/share/ament_index/resource_index/packages/rb5_ros2_vision
[0.455s] -- Up-to-date: /root/ws_offboard_control/install/rb5_ros2_vision/share/rb5_ros2_vision/cmake/rb5_ros2_visionConfig.cmake
[0.455s] -- Up-to-date: /root/ws_offboard_control/install/rb5_ros2_vision/share/rb5_ros2_vision/cmake/rb5_ros2_visionConfig-version.cmake
[0.458s] -- Up-to-date: /root/ws_offboard_control/install/rb5_ros2_vision/share/rb5_ros2_vision/package.xml
[0.465s] Invoked command in '/root/ws_offboard_control/build/rb5_ros2_vision' returned '0': CMAKE_PREFIX_PATH=${CMAKE_PREFIX_PATH}:/opt/ros/foxy _=/usr/bin/env /usr/bin/cmake --install /root/ws_offboard_control/build/rb5_ros2_vision
