[0.032s] Invoking command in '/root/ws_offboard_control/build/px4_ros_com': AMENT_PREFIX_PATH=/root/ws_offboard_control/install/px4_msgs:${AMENT_PREFIX_PATH} CMAKE_PREFIX_PATH=/root/ws_offboard_control/install/px4_msgs:/opt/motovisio/ros_ws/install/px4_msgs:/opt/motovisio/ros_ws/install/micro_ros_setup:/opt/motovisio/ros_ws/install/micro_ros_agent:/opt/motovisio/ros_ws/install/micro_ros_msgs:/opt/ros/foxy LD_LIBRARY_PATH=/root/ws_offboard_control/install/px4_msgs/lib:${LD_LIBRARY_PATH} PYTHONPATH=/root/ws_offboard_control/install/px4_msgs/lib/python3.8/site-packages:${PYTHONPATH} _=/usr/bin/env /usr/bin/cmake /root/ws_offboard_control/src/px4_ros_com -DCMAKE_INSTALL_PREFIX=/root/ws_offboard_control/install/px4_ros_com
[0.174s] -- The C compiler identification is GNU 9.4.0
[0.329s] -- The CXX compiler identification is GNU 9.4.0
[0.363s] -- Detecting C compiler ABI info
[0.529s] -- Detecting C compiler ABI info - done
[0.558s] -- Check for working C compiler: /usr/bin/cc - skipped
[0.559s] -- Detecting C compile features
[0.559s] -- Detecting C compile features - done
[0.563s] -- Detecting CXX compiler ABI info
[0.732s] -- Detecting CXX compiler ABI info - done
[0.765s] -- Check for working CXX compiler: /usr/bin/c++ - skipped
[0.765s] -- Detecting CXX compile features
[0.766s] -- Detecting CXX compile features - done
[0.767s] -- Found ament_cmake: 0.9.12 (/opt/ros/foxy/share/ament_cmake/cmake)
[0.771s] [33mCMake Warning (dev) at /opt/ros/foxy/share/ament_cmake_core/cmake/core/python.cmake:22 (find_package):
[0.771s]   Policy CMP0148 is not set: The FindPythonInterp and FindPythonLibs modules
[0.772s]   are removed.  Run "cmake --help-policy CMP0148" for policy details.  Use
[0.772s]   the cmake_policy command to set the policy and suppress this warning.
[0.772s] 
[0.773s] Call Stack (most recent call first):
[0.773s]   /opt/ros/foxy/share/ament_cmake_core/cmake/core/all.cmake:53 (include)
[0.773s]   /opt/ros/foxy/share/ament_cmake_core/cmake/ament_cmake_core-extras.cmake:17 (include)
[0.774s]   /opt/ros/foxy/share/ament_cmake_core/cmake/ament_cmake_coreConfig.cmake:41 (include)
[0.774s]   /opt/ros/foxy/share/ament_cmake/cmake/ament_cmake_export_dependencies-extras.cmake:15 (find_package)
[0.775s]   /opt/ros/foxy/share/ament_cmake/cmake/ament_cmakeConfig.cmake:41 (include)
[0.775s]   CMakeLists.txt:19 (find_package)
[0.775s] This warning is for project developers.  Use -Wno-dev to suppress it.
[0.775s] [0m
[0.812s] -- Found PythonInterp: /usr/bin/python3 (found suitable version "3.8.10", minimum required is "3")
[0.812s] -- Using PYTHON_EXECUTABLE: /usr/bin/python3
[0.986s] -- Found builtin_interfaces: 1.0.0 (/opt/ros/foxy/share/builtin_interfaces/cmake)
[1.006s] -- Using all available rosidl_typesupport_c: rosidl_typesupport_fastrtps_c;rosidl_typesupport_introspection_c
[1.010s] -- Found rosidl_adapter: 1.3.1 (/opt/ros/foxy/share/rosidl_adapter/cmake)
[1.145s] -- Found OpenSSL: /usr/lib/aarch64-linux-gnu/libcrypto.so (found version "1.1.1f")
[1.172s] -- Found FastRTPS: /opt/ros/foxy/include
[1.233s] -- Using all available rosidl_typesupport_cpp: rosidl_typesupport_fastrtps_cpp;rosidl_typesupport_introspection_cpp
[1.253s] -- Found eigen3_cmake_module: 0.1.1 (/opt/ros/foxy/share/eigen3_cmake_module/cmake)
[1.255s] -- Found Eigen3: TRUE (found version "3.3.7")
[1.256s] -- Found geometry_msgs: 2.0.5 (/opt/ros/foxy/share/geometry_msgs/cmake)
[1.307s] -- Found px4_msgs: 2.0.1 (/root/ws_offboard_control/install/px4_msgs/share/px4_msgs/cmake)
[1.320s] -- Found rclcpp: 2.4.3 (/opt/ros/foxy/share/rclcpp/cmake)
[1.357s] -- Found rmw_implementation_cmake: 1.0.4 (/opt/ros/foxy/share/rmw_implementation_cmake/cmake)
[1.357s] -- Using RMW implementation 'rmw_fastrtps_cpp' as default
[1.358s] -- Performing Test CMAKE_HAVE_LIBC_PTHREAD
[1.521s] -- Performing Test CMAKE_HAVE_LIBC_PTHREAD - Failed
[1.521s] -- Looking for pthread_create in pthreads
[1.677s] -- Looking for pthread_create in pthreads - not found
[1.678s] -- Looking for pthread_create in pthread
[1.859s] -- Looking for pthread_create in pthread - found
[1.864s] -- Found Threads: TRUE
[2.002s] -- Found sensor_msgs: 2.0.5 (/opt/ros/foxy/share/sensor_msgs/cmake)
[2.068s] -- Found rclpy: 1.0.13 (/opt/ros/foxy/share/rclpy/cmake)
[2.075s] -- Found ament_lint_auto: 0.9.8 (/opt/ros/foxy/share/ament_lint_auto/cmake)
[2.345s] -- Added test 'copyright' to check source files copyright and LICENSE
[2.348s] -- Added test 'cppcheck' to perform static code analysis on C / C++ code
[2.349s] -- Configured cppcheck include dirs: /root/ws_offboard_control/src/px4_ros_com/include;$<BUILD_INTERFACE:/root/ws_offboard_control/src/px4_ros_com/include/px4_ros_com>
[2.349s] -- Configured cppcheck exclude dirs and/or files: 
[2.352s] -- Added test 'cpplint' to check C / C++ code against the Google style
[2.353s] -- Configured cpplint exclude dirs and/or files: 
[2.353s] -- Added test 'flake8' to check Python code syntax and style conventions
[2.354s] -- Added test 'lint_cmake' to check CMake code style
[2.355s] -- Added test 'pep257' to check Python code against some of the style conventions in PEP 257
[2.359s] -- Added test 'uncrustify' to check C / C++ code style
[2.359s] -- Configured uncrustify additional arguments: 
[2.359s] -- Added test 'xmllint' to check XML markup files
[2.362s] -- Configuring done (2.3s)
[2.384s] -- Generating done (0.0s)
[2.385s] -- Build files have been written to: /root/ws_offboard_control/build/px4_ros_com
[2.399s] Invoked command in '/root/ws_offboard_control/build/px4_ros_com' returned '0': AMENT_PREFIX_PATH=/root/ws_offboard_control/install/px4_msgs:${AMENT_PREFIX_PATH} CMAKE_PREFIX_PATH=/root/ws_offboard_control/install/px4_msgs:/opt/motovisio/ros_ws/install/px4_msgs:/opt/motovisio/ros_ws/install/micro_ros_setup:/opt/motovisio/ros_ws/install/micro_ros_agent:/opt/motovisio/ros_ws/install/micro_ros_msgs:/opt/ros/foxy LD_LIBRARY_PATH=/root/ws_offboard_control/install/px4_msgs/lib:${LD_LIBRARY_PATH} PYTHONPATH=/root/ws_offboard_control/install/px4_msgs/lib/python3.8/site-packages:${PYTHONPATH} _=/usr/bin/env /usr/bin/cmake /root/ws_offboard_control/src/px4_ros_com -DCMAKE_INSTALL_PREFIX=/root/ws_offboard_control/install/px4_ros_com
[2.402s] Invoking command in '/root/ws_offboard_control/build/px4_ros_com': AMENT_PREFIX_PATH=/root/ws_offboard_control/install/px4_msgs:${AMENT_PREFIX_PATH} CMAKE_PREFIX_PATH=/root/ws_offboard_control/install/px4_msgs:/opt/motovisio/ros_ws/install/px4_msgs:/opt/motovisio/ros_ws/install/micro_ros_setup:/opt/motovisio/ros_ws/install/micro_ros_agent:/opt/motovisio/ros_ws/install/micro_ros_msgs:/opt/ros/foxy LD_LIBRARY_PATH=/root/ws_offboard_control/install/px4_msgs/lib:${LD_LIBRARY_PATH} PYTHONPATH=/root/ws_offboard_control/install/px4_msgs/lib/python3.8/site-packages:${PYTHONPATH} _=/usr/bin/env /usr/bin/cmake --build /root/ws_offboard_control/build/px4_ros_com -- -j8 -l8
[2.475s] [  8%] [32mBuilding CXX object CMakeFiles/offboard_control_srv.dir/src/examples/offboard/offboard_control_srv.cpp.o[0m
[2.476s] [ 16%] [32mBuilding CXX object CMakeFiles/sensor_combined_listener.dir/src/examples/listeners/sensor_combined_listener.cpp.o[0m
[2.479s] [ 25%] [32mBuilding CXX object CMakeFiles/offboard_control.dir/src/examples/offboard/offboard_control.cpp.o[0m
[2.481s] [ 33%] [32mBuilding CXX object CMakeFiles/vehicle_gps_position_listener.dir/src/examples/listeners/vehicle_gps_position_listener.cpp.o[0m
[2.482s] [ 41%] [32mBuilding CXX object CMakeFiles/frame_transforms.dir/src/lib/frame_transforms.cpp.o[0m
[2.485s] [ 50%] [32mBuilding CXX object CMakeFiles/debug_vect_advertiser.dir/src/examples/advertisers/debug_vect_advertiser.cpp.o[0m
[8.859s] [ 58%] [32m[1mLinking CXX executable offboard_control[0m
[9.315s] [ 66%] [32m[1mLinking CXX executable sensor_combined_listener[0m
[9.443s] [ 66%] Built target offboard_control
[9.839s] [ 66%] Built target sensor_combined_listener
[10.373s] [ 75%] [32m[1mLinking CXX executable vehicle_gps_position_listener[0m
[10.820s] [ 75%] Built target vehicle_gps_position_listener
[11.700s] [ 83%] [32m[1mLinking CXX executable debug_vect_advertiser[0m
[11.998s] [ 83%] Built target debug_vect_advertiser
[12.553s] [ 91%] [32m[1mLinking CXX shared library libframe_transforms.so[0m
[12.893s] [ 91%] Built target frame_transforms
[13.387s] [100%] [32m[1mLinking CXX executable offboard_control_srv[0m
[13.649s] [100%] Built target offboard_control_srv
[13.668s] Invoked command in '/root/ws_offboard_control/build/px4_ros_com' returned '0': AMENT_PREFIX_PATH=/root/ws_offboard_control/install/px4_msgs:${AMENT_PREFIX_PATH} CMAKE_PREFIX_PATH=/root/ws_offboard_control/install/px4_msgs:/opt/motovisio/ros_ws/install/px4_msgs:/opt/motovisio/ros_ws/install/micro_ros_setup:/opt/motovisio/ros_ws/install/micro_ros_agent:/opt/motovisio/ros_ws/install/micro_ros_msgs:/opt/ros/foxy LD_LIBRARY_PATH=/root/ws_offboard_control/install/px4_msgs/lib:${LD_LIBRARY_PATH} PYTHONPATH=/root/ws_offboard_control/install/px4_msgs/lib/python3.8/site-packages:${PYTHONPATH} _=/usr/bin/env /usr/bin/cmake --build /root/ws_offboard_control/build/px4_ros_com -- -j8 -l8
[13.799s] Invoking command in '/root/ws_offboard_control/build/px4_ros_com': AMENT_PREFIX_PATH=/root/ws_offboard_control/install/px4_msgs:${AMENT_PREFIX_PATH} CMAKE_PREFIX_PATH=/root/ws_offboard_control/install/px4_msgs:/opt/motovisio/ros_ws/install/px4_msgs:/opt/motovisio/ros_ws/install/micro_ros_setup:/opt/motovisio/ros_ws/install/micro_ros_agent:/opt/motovisio/ros_ws/install/micro_ros_msgs:/opt/ros/foxy LD_LIBRARY_PATH=/root/ws_offboard_control/install/px4_msgs/lib:${LD_LIBRARY_PATH} PYTHONPATH=/root/ws_offboard_control/install/px4_msgs/lib/python3.8/site-packages:${PYTHONPATH} _=/usr/bin/env /usr/bin/cmake --install /root/ws_offboard_control/build/px4_ros_com
[13.815s] -- Install configuration: ""
[13.816s] -- Installing: /root/ws_offboard_control/install/px4_ros_com/lib/px4_ros_com/sensor_combined_listener
[13.821s] -- Set non-toolchain portion of runtime path of "/root/ws_offboard_control/install/px4_ros_com/lib/px4_ros_com/sensor_combined_listener" to ""
[13.821s] -- Installing: /root/ws_offboard_control/install/px4_ros_com/lib/px4_ros_com/vehicle_gps_position_listener
[13.823s] -- Set non-toolchain portion of runtime path of "/root/ws_offboard_control/install/px4_ros_com/lib/px4_ros_com/vehicle_gps_position_listener" to ""
[13.824s] -- Installing: /root/ws_offboard_control/install/px4_ros_com/lib/px4_ros_com/debug_vect_advertiser
[13.824s] -- Set non-toolchain portion of runtime path of "/root/ws_offboard_control/install/px4_ros_com/lib/px4_ros_com/debug_vect_advertiser" to ""
[13.825s] -- Installing: /root/ws_offboard_control/install/px4_ros_com/lib/px4_ros_com/offboard_control
[13.826s] -- Set non-toolchain portion of runtime path of "/root/ws_offboard_control/install/px4_ros_com/lib/px4_ros_com/offboard_control" to ""
[13.826s] -- Installing: /root/ws_offboard_control/install/px4_ros_com/lib/px4_ros_com/offboard_control_srv
[13.828s] -- Set non-toolchain portion of runtime path of "/root/ws_offboard_control/install/px4_ros_com/lib/px4_ros_com/offboard_control_srv" to ""
[13.828s] -- Installing: /root/ws_offboard_control/install/px4_ros_com/share/px4_ros_com/environment/library_path.sh
[13.829s] -- Installing: /root/ws_offboard_control/install/px4_ros_com/share/px4_ros_com/environment/library_path.dsv
[13.829s] -- Installing: /root/ws_offboard_control/install/px4_ros_com/include/px4_ros_com
[13.829s] -- Installing: /root/ws_offboard_control/install/px4_ros_com/include/px4_ros_com/frame_transforms.h
[13.830s] -- Installing: /root/ws_offboard_control/install/px4_ros_com/lib/libframe_transforms.so
[13.832s] -- Set non-toolchain portion of runtime path of "/root/ws_offboard_control/install/px4_ros_com/lib/libframe_transforms.so" to ""
[13.833s] -- Installing: /root/ws_offboard_control/install/px4_ros_com/share/px4_ros_com//launch
[13.833s] -- Installing: /root/ws_offboard_control/install/px4_ros_com/share/px4_ros_com//launch/offboard_control_launch.yaml
[13.834s] -- Installing: /root/ws_offboard_control/install/px4_ros_com/share/px4_ros_com//launch/sensor_combined_listener.launch.py
[13.835s] -- Installing: /root/ws_offboard_control/install/px4_ros_com/share/px4_ros_com//test
[13.835s] -- Installing: /root/ws_offboard_control/install/px4_ros_com/share/px4_ros_com//test/__init__.py
[13.835s] -- Installing: /root/ws_offboard_control/install/px4_ros_com/share/px4_ros_com//test/pipeline_io_test.py
[13.836s] -- Installing: /root/ws_offboard_control/install/px4_ros_com/share/px4_ros_com//test/test_input.py
[13.836s] -- Installing: /root/ws_offboard_control/install/px4_ros_com/share/px4_ros_com//test/test_output.py
[13.836s] -- Installing: /root/ws_offboard_control/install/px4_ros_com/share/px4_ros_com/environment/pythonpath.sh
[13.837s] -- Installing: /root/ws_offboard_control/install/px4_ros_com/share/px4_ros_com/environment/pythonpath.dsv
[13.837s] -- Installing: /root/ws_offboard_control/install/px4_ros_com/lib/python3.8/site-packages/px4_ros_com
[13.837s] -- Installing: /root/ws_offboard_control/install/px4_ros_com/lib/python3.8/site-packages/px4_ros_com/__init__.py
[13.838s] -- Installing: /root/ws_offboard_control/install/px4_ros_com/lib/python3.8/site-packages/px4_ros_com/module_to_import.py
[13.879s] Listing '/root/ws_offboard_control/install/px4_ros_com/lib/python3.8/site-packages/px4_ros_com'...
[13.879s] Compiling '/root/ws_offboard_control/install/px4_ros_com/lib/python3.8/site-packages/px4_ros_com/__init__.py'...
[13.879s] Compiling '/root/ws_offboard_control/install/px4_ros_com/lib/python3.8/site-packages/px4_ros_com/module_to_import.py'...
[13.884s] -- Installing: /root/ws_offboard_control/install/px4_ros_com/lib/px4_ros_com/offboard_control.py
[13.885s] -- Installing: /root/ws_offboard_control/install/px4_ros_com/share/ament_index/resource_index/package_run_dependencies/px4_ros_com
[13.885s] -- Installing: /root/ws_offboard_control/install/px4_ros_com/share/ament_index/resource_index/parent_prefix_path/px4_ros_com
[13.886s] -- Installing: /root/ws_offboard_control/install/px4_ros_com/share/px4_ros_com/environment/ament_prefix_path.sh
[13.886s] -- Installing: /root/ws_offboard_control/install/px4_ros_com/share/px4_ros_com/environment/ament_prefix_path.dsv
[13.887s] -- Installing: /root/ws_offboard_control/install/px4_ros_com/share/px4_ros_com/environment/path.sh
[13.887s] -- Installing: /root/ws_offboard_control/install/px4_ros_com/share/px4_ros_com/environment/path.dsv
[13.888s] -- Installing: /root/ws_offboard_control/install/px4_ros_com/share/px4_ros_com/local_setup.bash
[13.888s] -- Installing: /root/ws_offboard_control/install/px4_ros_com/share/px4_ros_com/local_setup.sh
[13.888s] -- Installing: /root/ws_offboard_control/install/px4_ros_com/share/px4_ros_com/local_setup.zsh
[13.889s] -- Installing: /root/ws_offboard_control/install/px4_ros_com/share/px4_ros_com/local_setup.dsv
[13.889s] -- Installing: /root/ws_offboard_control/install/px4_ros_com/share/px4_ros_com/package.dsv
[13.890s] -- Installing: /root/ws_offboard_control/install/px4_ros_com/share/ament_index/resource_index/packages/px4_ros_com
[13.890s] -- Installing: /root/ws_offboard_control/install/px4_ros_com/share/px4_ros_com/cmake/export_frame_transformsExport.cmake
[13.891s] -- Installing: /root/ws_offboard_control/install/px4_ros_com/share/px4_ros_com/cmake/export_frame_transformsExport-noconfig.cmake
[13.891s] -- Installing: /root/ws_offboard_control/install/px4_ros_com/share/px4_ros_com/cmake/ament_cmake_export_dependencies-extras.cmake
[13.892s] -- Installing: /root/ws_offboard_control/install/px4_ros_com/share/px4_ros_com/cmake/ament_cmake_export_targets-extras.cmake
[13.892s] -- Installing: /root/ws_offboard_control/install/px4_ros_com/share/px4_ros_com/cmake/ament_cmake_export_include_directories-extras.cmake
[13.892s] -- Installing: /root/ws_offboard_control/install/px4_ros_com/share/px4_ros_com/cmake/ament_cmake_export_libraries-extras.cmake
[13.893s] -- Installing: /root/ws_offboard_control/install/px4_ros_com/share/px4_ros_com/cmake/px4_ros_comConfig.cmake
[13.893s] -- Installing: /root/ws_offboard_control/install/px4_ros_com/share/px4_ros_com/cmake/px4_ros_comConfig-version.cmake
[13.894s] -- Installing: /root/ws_offboard_control/install/px4_ros_com/share/px4_ros_com/package.xml
[13.902s] Invoked command in '/root/ws_offboard_control/build/px4_ros_com' returned '0': AMENT_PREFIX_PATH=/root/ws_offboard_control/install/px4_msgs:${AMENT_PREFIX_PATH} CMAKE_PREFIX_PATH=/root/ws_offboard_control/install/px4_msgs:/opt/motovisio/ros_ws/install/px4_msgs:/opt/motovisio/ros_ws/install/micro_ros_setup:/opt/motovisio/ros_ws/install/micro_ros_agent:/opt/motovisio/ros_ws/install/micro_ros_msgs:/opt/ros/foxy LD_LIBRARY_PATH=/root/ws_offboard_control/install/px4_msgs/lib:${LD_LIBRARY_PATH} PYTHONPATH=/root/ws_offboard_control/install/px4_msgs/lib/python3.8/site-packages:${PYTHONPATH} _=/usr/bin/env /usr/bin/cmake --install /root/ws_offboard_control/build/px4_ros_com
