[0.049s] Invoking command in '/root/ws_offboard_control/build/comp_routine': CMAKE_PREFIX_PATH=${CMAKE_PREFIX_PATH}:/opt/ros/foxy _=/usr/bin/env /usr/bin/cmake --build /root/ws_offboard_control/build/comp_routine -- -j8 -l8
[0.169s] [ 50%] [32mBuilding CXX object CMakeFiles/comp_routine.dir/src/comp_routine.cpp.o[0m
[1.745s] [01m[K/root/ws_offboard_control/src/comp_routine/src/comp_routine.cpp:[m[K In function ‘[01m[Kvoid mySigintHandler(int)[m[K’:
[1.745s] [01m[K/root/ws_offboard_control/src/comp_routine/src/comp_routine.cpp:232:26:[m[K [01;35m[Kwarning: [m[Kunused parameter ‘[01m[Ksig[m[K’ [[01;35m[K-Wunused-parameter[m[K]
[1.746s]   232 | void mySigintHandler([01;35m[Kint sig[m[K) {
[1.746s]       |                      [01;35m[K~~~~^~~[m[K
[6.460s] [100%] [32m[1mLinking CXX executable comp_routine[0m
[6.798s] [100%] Built target comp_routine
[6.814s] Invoked command in '/root/ws_offboard_control/build/comp_routine' returned '0': CMAKE_PREFIX_PATH=${CMAKE_PREFIX_PATH}:/opt/ros/foxy _=/usr/bin/env /usr/bin/cmake --build /root/ws_offboard_control/build/comp_routine -- -j8 -l8
[6.914s] Invoking command in '/root/ws_offboard_control/build/comp_routine': CMAKE_PREFIX_PATH=${CMAKE_PREFIX_PATH}:/opt/ros/foxy _=/usr/bin/env /usr/bin/cmake --install /root/ws_offboard_control/build/comp_routine
[6.931s] -- Install configuration: ""
[6.931s] -- Installing: /root/ws_offboard_control/install/comp_routine/lib/comp_routine/comp_routine
[6.940s] -- Set non-toolchain portion of runtime path of "/root/ws_offboard_control/install/comp_routine/lib/comp_routine/comp_routine" to ""
[6.940s] -- Up-to-date: /root/ws_offboard_control/install/comp_routine/share/ament_index/resource_index/package_run_dependencies/comp_routine
[6.941s] -- Up-to-date: /root/ws_offboard_control/install/comp_routine/share/ament_index/resource_index/parent_prefix_path/comp_routine
[6.941s] -- Up-to-date: /root/ws_offboard_control/install/comp_routine/share/comp_routine/environment/ament_prefix_path.sh
[6.941s] -- Up-to-date: /root/ws_offboard_control/install/comp_routine/share/comp_routine/environment/ament_prefix_path.dsv
[6.942s] -- Up-to-date: /root/ws_offboard_control/install/comp_routine/share/comp_routine/environment/path.sh
[6.942s] -- Up-to-date: /root/ws_offboard_control/install/comp_routine/share/comp_routine/environment/path.dsv
[6.943s] -- Up-to-date: /root/ws_offboard_control/install/comp_routine/share/comp_routine/local_setup.bash
[6.946s] -- Up-to-date: /root/ws_offboard_control/install/comp_routine/share/comp_routine/local_setup.sh
[6.948s] -- Up-to-date: /root/ws_offboard_control/install/comp_routine/share/comp_routine/local_setup.zsh
[6.949s] -- Up-to-date: /root/ws_offboard_control/install/comp_routine/share/comp_routine/local_setup.dsv
[6.951s] -- Installing: /root/ws_offboard_control/install/comp_routine/share/comp_routine/package.dsv
[6.952s] -- Up-to-date: /root/ws_offboard_control/install/comp_routine/share/ament_index/resource_index/packages/comp_routine
[6.953s] -- Up-to-date: /root/ws_offboard_control/install/comp_routine/share/comp_routine/cmake/comp_routineConfig.cmake
[6.954s] -- Up-to-date: /root/ws_offboard_control/install/comp_routine/share/comp_routine/cmake/comp_routineConfig-version.cmake
[6.956s] -- Up-to-date: /root/ws_offboard_control/install/comp_routine/share/comp_routine/package.xml
[6.957s] Invoked command in '/root/ws_offboard_control/build/comp_routine' returned '0': CMAKE_PREFIX_PATH=${CMAKE_PREFIX_PATH}:/opt/ros/foxy _=/usr/bin/env /usr/bin/cmake --install /root/ws_offboard_control/build/comp_routine
