[0.037s] Invoking command in '/root/ws_offboard_control/build/px4_ros_com': AMENT_PREFIX_PATH=/root/ws_offboard_control/install/px4_msgs:${AMENT_PREFIX_PATH} CMAKE_PREFIX_PATH=/root/ws_offboard_control/install/px4_msgs:/opt/motovisio/ros_ws/install/px4_msgs:/opt/motovisio/ros_ws/install/micro_ros_setup:/opt/motovisio/ros_ws/install/micro_ros_agent:/opt/motovisio/ros_ws/install/micro_ros_msgs:/opt/ros/foxy LD_LIBRARY_PATH=/root/ws_offboard_control/install/px4_msgs/lib:${LD_LIBRARY_PATH} PYTHONPATH=/root/ws_offboard_control/install/px4_msgs/lib/python3.8/site-packages:${PYTHONPATH} _=/usr/bin/env /usr/bin/cmake /root/ws_offboard_control/src/px4_ros_com -DCMAKE_INSTALL_PREFIX=/root/ws_offboard_control/install/px4_ros_com
[0.163s] -- The C compiler identification is GNU 9.4.0
[0.288s] -- The CXX compiler identification is GNU 9.4.0
[0.304s] -- Detecting C compiler ABI info
[0.462s] -- Detecting C compiler ABI info - done
[0.490s] -- Check for working C compiler: /usr/bin/cc - skipped
[0.491s] -- Detecting C compile features
[0.491s] -- Detecting C compile features - done
[0.494s] -- Detecting CXX compiler ABI info
[0.677s] -- Detecting CXX compiler ABI info - done
[0.712s] -- Check for working CXX compiler: /usr/bin/c++ - skipped
[0.712s] -- Detecting CXX compile features
[0.713s] -- Detecting CXX compile features - done
[0.714s] -- Found ament_cmake: 0.9.12 (/opt/ros/foxy/share/ament_cmake/cmake)
[0.719s] [33mCMake Warning (dev) at /opt/ros/foxy/share/ament_cmake_core/cmake/core/python.cmake:22 (find_package):
[0.719s]   Policy CMP0148 is not set: The FindPythonInterp and FindPythonLibs modules
[0.719s]   are removed.  Run "cmake --help-policy CMP0148" for policy details.  Use
[0.720s]   the cmake_policy command to set the policy and suppress this warning.
[0.720s] 
[0.720s] Call Stack (most recent call first):
[0.721s]   /opt/ros/foxy/share/ament_cmake_core/cmake/core/all.cmake:53 (include)
[0.721s]   /opt/ros/foxy/share/ament_cmake_core/cmake/ament_cmake_core-extras.cmake:17 (include)
[0.721s]   /opt/ros/foxy/share/ament_cmake_core/cmake/ament_cmake_coreConfig.cmake:41 (include)
[0.722s]   /opt/ros/foxy/share/ament_cmake/cmake/ament_cmake_export_dependencies-extras.cmake:15 (find_package)
[0.722s]   /opt/ros/foxy/share/ament_cmake/cmake/ament_cmakeConfig.cmake:41 (include)
[0.722s]   CMakeLists.txt:19 (find_package)
[0.723s] This warning is for project developers.  Use -Wno-dev to suppress it.
[0.723s] [0m
[0.759s] -- Found PythonInterp: /usr/bin/python3 (found suitable version "3.8.10", minimum required is "3")
[0.759s] -- Using PYTHON_EXECUTABLE: /usr/bin/python3
[0.932s] -- Found builtin_interfaces: 1.0.0 (/opt/ros/foxy/share/builtin_interfaces/cmake)
[0.953s] -- Using all available rosidl_typesupport_c: rosidl_typesupport_fastrtps_c;rosidl_typesupport_introspection_c
[0.957s] -- Found rosidl_adapter: 1.3.1 (/opt/ros/foxy/share/rosidl_adapter/cmake)
[1.092s] -- Found OpenSSL: /usr/lib/aarch64-linux-gnu/libcrypto.so (found version "1.1.1f")
[1.119s] -- Found FastRTPS: /opt/ros/foxy/include
[1.181s] -- Using all available rosidl_typesupport_cpp: rosidl_typesupport_fastrtps_cpp;rosidl_typesupport_introspection_cpp
[1.201s] -- Found eigen3_cmake_module: 0.1.1 (/opt/ros/foxy/share/eigen3_cmake_module/cmake)
[1.203s] -- Found Eigen3: TRUE (found version "3.3.7")
[1.204s] -- Found geometry_msgs: 2.0.5 (/opt/ros/foxy/share/geometry_msgs/cmake)
[1.251s] -- Found px4_msgs: 2.0.1 (/root/ws_offboard_control/install/px4_msgs/share/px4_msgs/cmake)
[1.265s] -- Found rclcpp: 2.4.3 (/opt/ros/foxy/share/rclcpp/cmake)
[1.299s] -- Found rmw_implementation_cmake: 1.0.4 (/opt/ros/foxy/share/rmw_implementation_cmake/cmake)
[1.299s] -- Using RMW implementation 'rmw_fastrtps_cpp' as default
[1.300s] -- Performing Test CMAKE_HAVE_LIBC_PTHREAD
[1.468s] -- Performing Test CMAKE_HAVE_LIBC_PTHREAD - Failed
[1.469s] -- Looking for pthread_create in pthreads
[1.627s] -- Looking for pthread_create in pthreads - not found
[1.628s] -- Looking for pthread_create in pthread
[1.805s] -- Looking for pthread_create in pthread - found
[1.809s] -- Found Threads: TRUE
[1.945s] -- Found sensor_msgs: 2.0.5 (/opt/ros/foxy/share/sensor_msgs/cmake)
[2.008s] -- Found rclpy: 1.0.13 (/opt/ros/foxy/share/rclpy/cmake)
[2.015s] -- Found ament_lint_auto: 0.9.8 (/opt/ros/foxy/share/ament_lint_auto/cmake)
[2.289s] -- Added test 'copyright' to check source files copyright and LICENSE
[2.303s] -- Added test 'cppcheck' to perform static code analysis on C / C++ code
[2.304s] -- Configured cppcheck include dirs: /root/ws_offboard_control/src/px4_ros_com/include;$<BUILD_INTERFACE:/root/ws_offboard_control/src/px4_ros_com/include/px4_ros_com>
[2.304s] -- Configured cppcheck exclude dirs and/or files: 
[2.317s] -- Added test 'cpplint' to check C / C++ code against the Google style
[2.317s] -- Configured cpplint exclude dirs and/or files: 
[2.318s] -- Added test 'flake8' to check Python code syntax and style conventions
[2.322s] -- Added test 'lint_cmake' to check CMake code style
[2.323s] -- Added test 'pep257' to check Python code against some of the style conventions in PEP 257
[2.335s] -- Added test 'uncrustify' to check C / C++ code style
[2.335s] -- Configured uncrustify additional arguments: 
[2.337s] -- Added test 'xmllint' to check XML markup files
[2.339s] -- Configuring done (2.3s)
[2.359s] -- Generating done (0.0s)
[2.361s] -- Build files have been written to: /root/ws_offboard_control/build/px4_ros_com
[2.372s] Invoked command in '/root/ws_offboard_control/build/px4_ros_com' returned '0': AMENT_PREFIX_PATH=/root/ws_offboard_control/install/px4_msgs:${AMENT_PREFIX_PATH} CMAKE_PREFIX_PATH=/root/ws_offboard_control/install/px4_msgs:/opt/motovisio/ros_ws/install/px4_msgs:/opt/motovisio/ros_ws/install/micro_ros_setup:/opt/motovisio/ros_ws/install/micro_ros_agent:/opt/motovisio/ros_ws/install/micro_ros_msgs:/opt/ros/foxy LD_LIBRARY_PATH=/root/ws_offboard_control/install/px4_msgs/lib:${LD_LIBRARY_PATH} PYTHONPATH=/root/ws_offboard_control/install/px4_msgs/lib/python3.8/site-packages:${PYTHONPATH} _=/usr/bin/env /usr/bin/cmake /root/ws_offboard_control/src/px4_ros_com -DCMAKE_INSTALL_PREFIX=/root/ws_offboard_control/install/px4_ros_com
[2.377s] Invoking command in '/root/ws_offboard_control/build/px4_ros_com': AMENT_PREFIX_PATH=/root/ws_offboard_control/install/px4_msgs:${AMENT_PREFIX_PATH} CMAKE_PREFIX_PATH=/root/ws_offboard_control/install/px4_msgs:/opt/motovisio/ros_ws/install/px4_msgs:/opt/motovisio/ros_ws/install/micro_ros_setup:/opt/motovisio/ros_ws/install/micro_ros_agent:/opt/motovisio/ros_ws/install/micro_ros_msgs:/opt/ros/foxy LD_LIBRARY_PATH=/root/ws_offboard_control/install/px4_msgs/lib:${LD_LIBRARY_PATH} PYTHONPATH=/root/ws_offboard_control/install/px4_msgs/lib/python3.8/site-packages:${PYTHONPATH} _=/usr/bin/env /usr/bin/cmake --build /root/ws_offboard_control/build/px4_ros_com -- -j8 -l8
[2.449s] [  8%] [32mBuilding CXX object CMakeFiles/offboard_control_srv.dir/src/examples/offboard/offboard_control_srv.cpp.o[0m
[2.455s] [ 16%] [32mBuilding CXX object CMakeFiles/debug_vect_advertiser.dir/src/examples/advertisers/debug_vect_advertiser.cpp.o[0m
[2.456s] [ 25%] [32mBuilding CXX object CMakeFiles/offboard_control.dir/src/examples/offboard/offboard_control.cpp.o[0m
[2.459s] [ 33%] [32mBuilding CXX object CMakeFiles/frame_transforms.dir/src/lib/frame_transforms.cpp.o[0m
[2.464s] [ 50%] [32mBuilding CXX object CMakeFiles/vehicle_gps_position_listener.dir/src/examples/listeners/vehicle_gps_position_listener.cpp.o[0m
[2.465s] [ 50%] [32mBuilding CXX object CMakeFiles/sensor_combined_listener.dir/src/examples/listeners/sensor_combined_listener.cpp.o[0m
[8.172s] [ 58%] [32m[1mLinking CXX executable debug_vect_advertiser[0m
[9.195s] [ 58%] Built target debug_vect_advertiser
[9.297s] [ 66%] [32m[1mLinking CXX executable offboard_control[0m
[9.491s] [ 75%] [32m[1mLinking CXX executable offboard_control_srv[0m
[9.750s] [ 75%] Built target offboard_control
[10.014s] [ 75%] Built target offboard_control_srv
[10.799s] [ 83%] [32m[1mLinking CXX executable sensor_combined_listener[0m
[11.221s] [ 83%] Built target sensor_combined_listener
[13.416s] [ 91%] [32m[1mLinking CXX executable vehicle_gps_position_listener[0m
[13.823s] [ 91%] Built target vehicle_gps_position_listener
[14.981s] [100%] [32m[1mLinking CXX shared library libframe_transforms.so[0m
[15.259s] [100%] Built target frame_transforms
[15.277s] Invoked command in '/root/ws_offboard_control/build/px4_ros_com' returned '0': AMENT_PREFIX_PATH=/root/ws_offboard_control/install/px4_msgs:${AMENT_PREFIX_PATH} CMAKE_PREFIX_PATH=/root/ws_offboard_control/install/px4_msgs:/opt/motovisio/ros_ws/install/px4_msgs:/opt/motovisio/ros_ws/install/micro_ros_setup:/opt/motovisio/ros_ws/install/micro_ros_agent:/opt/motovisio/ros_ws/install/micro_ros_msgs:/opt/ros/foxy LD_LIBRARY_PATH=/root/ws_offboard_control/install/px4_msgs/lib:${LD_LIBRARY_PATH} PYTHONPATH=/root/ws_offboard_control/install/px4_msgs/lib/python3.8/site-packages:${PYTHONPATH} _=/usr/bin/env /usr/bin/cmake --build /root/ws_offboard_control/build/px4_ros_com -- -j8 -l8
[15.412s] Invoking command in '/root/ws_offboard_control/build/px4_ros_com': AMENT_PREFIX_PATH=/root/ws_offboard_control/install/px4_msgs:${AMENT_PREFIX_PATH} CMAKE_PREFIX_PATH=/root/ws_offboard_control/install/px4_msgs:/opt/motovisio/ros_ws/install/px4_msgs:/opt/motovisio/ros_ws/install/micro_ros_setup:/opt/motovisio/ros_ws/install/micro_ros_agent:/opt/motovisio/ros_ws/install/micro_ros_msgs:/opt/ros/foxy LD_LIBRARY_PATH=/root/ws_offboard_control/install/px4_msgs/lib:${LD_LIBRARY_PATH} PYTHONPATH=/root/ws_offboard_control/install/px4_msgs/lib/python3.8/site-packages:${PYTHONPATH} _=/usr/bin/env /usr/bin/cmake --install /root/ws_offboard_control/build/px4_ros_com
[15.425s] -- Install configuration: ""
[15.426s] -- Installing: /root/ws_offboard_control/install/px4_ros_com/lib/px4_ros_com/sensor_combined_listener
[15.431s] -- Set non-toolchain portion of runtime path of "/root/ws_offboard_control/install/px4_ros_com/lib/px4_ros_com/sensor_combined_listener" to ""
[15.432s] -- Installing: /root/ws_offboard_control/install/px4_ros_com/lib/px4_ros_com/vehicle_gps_position_listener
[15.433s] -- Set non-toolchain portion of runtime path of "/root/ws_offboard_control/install/px4_ros_com/lib/px4_ros_com/vehicle_gps_position_listener" to ""
[15.434s] -- Installing: /root/ws_offboard_control/install/px4_ros_com/lib/px4_ros_com/debug_vect_advertiser
[15.435s] -- Set non-toolchain portion of runtime path of "/root/ws_offboard_control/install/px4_ros_com/lib/px4_ros_com/debug_vect_advertiser" to ""
[15.435s] -- Installing: /root/ws_offboard_control/install/px4_ros_com/lib/px4_ros_com/offboard_control
[15.437s] -- Set non-toolchain portion of runtime path of "/root/ws_offboard_control/install/px4_ros_com/lib/px4_ros_com/offboard_control" to ""
[15.437s] -- Installing: /root/ws_offboard_control/install/px4_ros_com/lib/px4_ros_com/offboard_control_srv
[15.438s] -- Set non-toolchain portion of runtime path of "/root/ws_offboard_control/install/px4_ros_com/lib/px4_ros_com/offboard_control_srv" to ""
[15.438s] -- Installing: /root/ws_offboard_control/install/px4_ros_com/share/px4_ros_com/environment/library_path.sh
[15.439s] -- Installing: /root/ws_offboard_control/install/px4_ros_com/share/px4_ros_com/environment/library_path.dsv
[15.439s] -- Installing: /root/ws_offboard_control/install/px4_ros_com/include/px4_ros_com
[15.439s] -- Installing: /root/ws_offboard_control/install/px4_ros_com/include/px4_ros_com/frame_transforms.h
[15.440s] -- Installing: /root/ws_offboard_control/install/px4_ros_com/lib/libframe_transforms.so
[15.443s] -- Set non-toolchain portion of runtime path of "/root/ws_offboard_control/install/px4_ros_com/lib/libframe_transforms.so" to ""
[15.443s] -- Installing: /root/ws_offboard_control/install/px4_ros_com/share/px4_ros_com//launch
[15.444s] -- Installing: /root/ws_offboard_control/install/px4_ros_com/share/px4_ros_com//launch/offboard_control_launch.yaml
[15.444s] -- Installing: /root/ws_offboard_control/install/px4_ros_com/share/px4_ros_com//launch/sensor_combined_listener.launch.py
[15.444s] -- Installing: /root/ws_offboard_control/install/px4_ros_com/share/px4_ros_com//test
[15.445s] -- Installing: /root/ws_offboard_control/install/px4_ros_com/share/px4_ros_com//test/__init__.py
[15.445s] -- Installing: /root/ws_offboard_control/install/px4_ros_com/share/px4_ros_com//test/pipeline_io_test.py
[15.446s] -- Installing: /root/ws_offboard_control/install/px4_ros_com/share/px4_ros_com//test/test_input.py
[15.446s] -- Installing: /root/ws_offboard_control/install/px4_ros_com/share/px4_ros_com//test/test_output.py
[15.446s] -- Installing: /root/ws_offboard_control/install/px4_ros_com/share/px4_ros_com/environment/pythonpath.sh
[15.447s] -- Installing: /root/ws_offboard_control/install/px4_ros_com/share/px4_ros_com/environment/pythonpath.dsv
[15.447s] -- Installing: /root/ws_offboard_control/install/px4_ros_com/lib/python3.8/site-packages/px4_ros_com
[15.447s] -- Installing: /root/ws_offboard_control/install/px4_ros_com/lib/python3.8/site-packages/px4_ros_com/__init__.py
[15.448s] -- Installing: /root/ws_offboard_control/install/px4_ros_com/lib/python3.8/site-packages/px4_ros_com/module_to_import.py
[15.490s] Listing '/root/ws_offboard_control/install/px4_ros_com/lib/python3.8/site-packages/px4_ros_com'...
[15.490s] Compiling '/root/ws_offboard_control/install/px4_ros_com/lib/python3.8/site-packages/px4_ros_com/__init__.py'...
[15.491s] Compiling '/root/ws_offboard_control/install/px4_ros_com/lib/python3.8/site-packages/px4_ros_com/module_to_import.py'...
[15.495s] -- Installing: /root/ws_offboard_control/install/px4_ros_com/lib/px4_ros_com/offboard_control.py
[15.496s] -- Installing: /root/ws_offboard_control/install/px4_ros_com/share/ament_index/resource_index/package_run_dependencies/px4_ros_com
[15.496s] -- Installing: /root/ws_offboard_control/install/px4_ros_com/share/ament_index/resource_index/parent_prefix_path/px4_ros_com
[15.497s] -- Installing: /root/ws_offboard_control/install/px4_ros_com/share/px4_ros_com/environment/ament_prefix_path.sh
[15.498s] -- Installing: /root/ws_offboard_control/install/px4_ros_com/share/px4_ros_com/environment/ament_prefix_path.dsv
[15.498s] -- Installing: /root/ws_offboard_control/install/px4_ros_com/share/px4_ros_com/environment/path.sh
[15.499s] -- Installing: /root/ws_offboard_control/install/px4_ros_com/share/px4_ros_com/environment/path.dsv
[15.499s] -- Installing: /root/ws_offboard_control/install/px4_ros_com/share/px4_ros_com/local_setup.bash
[15.500s] -- Installing: /root/ws_offboard_control/install/px4_ros_com/share/px4_ros_com/local_setup.sh
[15.500s] -- Installing: /root/ws_offboard_control/install/px4_ros_com/share/px4_ros_com/local_setup.zsh
[15.500s] -- Installing: /root/ws_offboard_control/install/px4_ros_com/share/px4_ros_com/local_setup.dsv
[15.501s] -- Installing: /root/ws_offboard_control/install/px4_ros_com/share/px4_ros_com/package.dsv
[15.501s] -- Installing: /root/ws_offboard_control/install/px4_ros_com/share/ament_index/resource_index/packages/px4_ros_com
[15.502s] -- Installing: /root/ws_offboard_control/install/px4_ros_com/share/px4_ros_com/cmake/export_frame_transformsExport.cmake
[15.502s] -- Installing: /root/ws_offboard_control/install/px4_ros_com/share/px4_ros_com/cmake/export_frame_transformsExport-noconfig.cmake
[15.503s] -- Installing: /root/ws_offboard_control/install/px4_ros_com/share/px4_ros_com/cmake/ament_cmake_export_dependencies-extras.cmake
[15.503s] -- Installing: /root/ws_offboard_control/install/px4_ros_com/share/px4_ros_com/cmake/ament_cmake_export_targets-extras.cmake
[15.504s] -- Installing: /root/ws_offboard_control/install/px4_ros_com/share/px4_ros_com/cmake/ament_cmake_export_include_directories-extras.cmake
[15.504s] -- Installing: /root/ws_offboard_control/install/px4_ros_com/share/px4_ros_com/cmake/ament_cmake_export_libraries-extras.cmake
[15.505s] -- Installing: /root/ws_offboard_control/install/px4_ros_com/share/px4_ros_com/cmake/px4_ros_comConfig.cmake
[15.505s] -- Installing: /root/ws_offboard_control/install/px4_ros_com/share/px4_ros_com/cmake/px4_ros_comConfig-version.cmake
[15.506s] -- Installing: /root/ws_offboard_control/install/px4_ros_com/share/px4_ros_com/package.xml
[15.516s] Invoked command in '/root/ws_offboard_control/build/px4_ros_com' returned '0': AMENT_PREFIX_PATH=/root/ws_offboard_control/install/px4_msgs:${AMENT_PREFIX_PATH} CMAKE_PREFIX_PATH=/root/ws_offboard_control/install/px4_msgs:/opt/motovisio/ros_ws/install/px4_msgs:/opt/motovisio/ros_ws/install/micro_ros_setup:/opt/motovisio/ros_ws/install/micro_ros_agent:/opt/motovisio/ros_ws/install/micro_ros_msgs:/opt/ros/foxy LD_LIBRARY_PATH=/root/ws_offboard_control/install/px4_msgs/lib:${LD_LIBRARY_PATH} PYTHONPATH=/root/ws_offboard_control/install/px4_msgs/lib/python3.8/site-packages:${PYTHONPATH} _=/usr/bin/env /usr/bin/cmake --install /root/ws_offboard_control/build/px4_ros_com
