[0.072s] Invoking command in '/root/ws_offboard_control/build/rb5_ros2_control': CMAKE_PREFIX_PATH=${CMAKE_PREFIX_PATH}:/opt/ros/foxy _=/usr/bin/env /usr/bin/cmake --build /root/ws_offboard_control/build/rb5_ros2_control -- -j8 -l8
[0.101s] [100%] Built target rb5_ros2_control_node
[0.131s] Invoked command in '/root/ws_offboard_control/build/rb5_ros2_control' returned '0': CMAKE_PREFIX_PATH=${CMAKE_PREFIX_PATH}:/opt/ros/foxy _=/usr/bin/env /usr/bin/cmake --build /root/ws_offboard_control/build/rb5_ros2_control -- -j8 -l8
[0.243s] Invoking command in '/root/ws_offboard_control/build/rb5_ros2_control': CMAKE_PREFIX_PATH=${CMAKE_PREFIX_PATH}:/opt/ros/foxy _=/usr/bin/env /usr/bin/cmake --install /root/ws_offboard_control/build/rb5_ros2_control
[0.271s] -- Install configuration: ""
[0.272s] -- Installing: /root/ws_offboard_control/install/rb5_ros2_control/lib/rb5_ros2_control/rb5_ros2_control_node
[0.273s] -- Set non-toolchain portion of runtime path of "/root/ws_offboard_control/install/rb5_ros2_control/lib/rb5_ros2_control/rb5_ros2_control_node" to ""
[0.273s] -- Up-to-date: /root/ws_offboard_control/install/rb5_ros2_control/share/rb5_ros2_control/environment/pythonpath.sh
[0.275s] -- Installing: /root/ws_offboard_control/install/rb5_ros2_control/share/rb5_ros2_control/environment/pythonpath.dsv
[0.287s] -- Up-to-date: /root/ws_offboard_control/install/rb5_ros2_control/lib/python3.8/site-packages/rb5_ros2_control
[0.288s] -- Installing: /root/ws_offboard_control/install/rb5_ros2_control/lib/python3.8/site-packages/rb5_ros2_control/__init__.py
[0.328s] Listing '/root/ws_offboard_control/install/rb5_ros2_control/lib/python3.8/site-packages/rb5_ros2_control'...
[0.329s] Compiling '/root/ws_offboard_control/install/rb5_ros2_control/lib/python3.8/site-packages/rb5_ros2_control/__init__.py'...
[0.333s] -- Installing: /root/ws_offboard_control/install/rb5_ros2_control/lib/rb5_ros2_control/rb5_mpi_control.py
[0.336s] -- Up-to-date: /root/ws_offboard_control/install/rb5_ros2_control/share/ament_index/resource_index/package_run_dependencies/rb5_ros2_control
[0.381s] -- Installing: /root/ws_offboard_control/install/rb5_ros2_control/share/ament_index/resource_index/parent_prefix_path/rb5_ros2_control
[0.384s] -- Up-to-date: /root/ws_offboard_control/install/rb5_ros2_control/share/rb5_ros2_control/environment/ament_prefix_path.sh
[0.385s] -- Installing: /root/ws_offboard_control/install/rb5_ros2_control/share/rb5_ros2_control/environment/ament_prefix_path.dsv
[0.385s] -- Up-to-date: /root/ws_offboard_control/install/rb5_ros2_control/share/rb5_ros2_control/environment/path.sh
[0.385s] -- Installing: /root/ws_offboard_control/install/rb5_ros2_control/share/rb5_ros2_control/environment/path.dsv
[0.385s] -- Up-to-date: /root/ws_offboard_control/install/rb5_ros2_control/share/rb5_ros2_control/local_setup.bash
[0.385s] -- Up-to-date: /root/ws_offboard_control/install/rb5_ros2_control/share/rb5_ros2_control/local_setup.sh
[0.386s] -- Up-to-date: /root/ws_offboard_control/install/rb5_ros2_control/share/rb5_ros2_control/local_setup.zsh
[0.386s] -- Installing: /root/ws_offboard_control/install/rb5_ros2_control/share/rb5_ros2_control/local_setup.dsv
[0.386s] -- Installing: /root/ws_offboard_control/install/rb5_ros2_control/share/rb5_ros2_control/package.dsv
[0.386s] -- Up-to-date: /root/ws_offboard_control/install/rb5_ros2_control/share/ament_index/resource_index/packages/rb5_ros2_control
[0.386s] -- Up-to-date: /root/ws_offboard_control/install/rb5_ros2_control/share/rb5_ros2_control/cmake/rb5_ros2_controlConfig.cmake
[0.386s] -- Up-to-date: /root/ws_offboard_control/install/rb5_ros2_control/share/rb5_ros2_control/cmake/rb5_ros2_controlConfig-version.cmake
[0.386s] -- Installing: /root/ws_offboard_control/install/rb5_ros2_control/share/rb5_ros2_control/package.xml
[0.413s] Invoked command in '/root/ws_offboard_control/build/rb5_ros2_control' returned '0': CMAKE_PREFIX_PATH=${CMAKE_PREFIX_PATH}:/opt/ros/foxy _=/usr/bin/env /usr/bin/cmake --install /root/ws_offboard_control/build/rb5_ros2_control
