[01m[K/root/ws_offboard_control/src/comp_routine/src/comp_routine.cpp:127:45:[m[K [01;31m[Kerror: [m[Kcannot convert ‘[01m[Kstd::chrono::_V2::steady_clock::time_point[m[K’ {aka ‘[01m[Kstd::chrono::time_point<std::chrono::_V2::steady_clock, std::chrono::duration<long int, std::ratio<1, 1000000000> > >[m[K’} to ‘[01m[Kint[m[K’ in initialization
  127 |   int start = [01;31m[Kstd::chrono::steady_clock::now()[m[K; // Get the start time
      |               [01;31m[K~~~~~~~~~~~~~~~~~~~~~~~~~~~~~~^~[m[K
      |                                             [01;31m[K|[m[K
      |                                             [01;31m[Kstd::chrono::_V2::steady_clock::time_point {aka std::chrono::time_point<std::chrono::_V2::steady_clock, std::chrono::duration<long int, std::ratio<1, 1000000000> > >}[m[K
[01m[K/root/ws_offboard_control/src/comp_routine/src/comp_routine.cpp:[m[K In member function ‘[01m[Kvoid CompRoutine::run_state_machine()[m[K’:
[01m[K/root/ws_offboard_control/src/comp_routine/src/comp_routine.cpp:132:44:[m[K [01;31m[Kerror: [m[Kcannot convert ‘[01m[Kstd::chrono::_V2::steady_clock::time_point[m[K’ {aka ‘[01m[Kstd::chrono::time_point<std::chrono::_V2::steady_clock, std::chrono::duration<long int, std::ratio<1, 1000000000> > >[m[K’} to ‘[01m[Kint[m[K’ in assignment
  132 |      start = [01;31m[Kstd::chrono::steady_clock::now()[m[K; // Get the start time
      |              [01;31m[K~~~~~~~~~~~~~~~~~~~~~~~~~~~~~~^~[m[K
      |                                            [01;31m[K|[m[K
      |                                            [01;31m[Kstd::chrono::_V2::steady_clock::time_point {aka std::chrono::time_point<std::chrono::_V2::steady_clock, std::chrono::duration<long int, std::ratio<1, 1000000000> > >}[m[K
[01m[K/root/ws_offboard_control/src/comp_routine/src/comp_routine.cpp:139:50:[m[K [01;31m[Kerror: [m[Kno match for ‘[01m[Koperator+[m[K’ (operand types are ‘[01m[Kint[m[K’ and ‘[01m[Kstd::chrono::duration<double>[m[K’)
  139 |      if (std::chrono::steady_clock::now()< [32m[Kstart[m[K [01;31m[K+[m[K std::chrono::[34m[Kduration<double>(10)[m[K) { // check to see if we have waited 10 secs
      |                                            [32m[K~~~~~[m[K [01;31m[K^[m[K              [34m[K~~~~~~~~~~~~~~~~~~~~[m[K
      |                                            [32m[K|[m[K                    [34m[K|[m[K
      |                                            [32m[Kint[m[K                  [34m[Kstd::chrono::duration<double>[m[K
In file included from [01m[K/usr/include/c++/9/mutex:39[m[K,
                 from [01m[K/usr/include/c++/9/future:38[m[K,
                 from [01m[K/opt/ros/foxy/include/rclcpp/executors.hpp:18[m[K,
                 from [01m[K/opt/ros/foxy/include/rclcpp/rclcpp.hpp:146[m[K,
                 from [01m[K/root/ws_offboard_control/src/comp_routine/src/comp_routine.cpp:6[m[K:
[01m[K/usr/include/c++/9/chrono:450:7:[m[K [01;36m[Knote: [m[Kcandidate: ‘[01m[Ktemplate<class _Rep1, class _Period1, class _Rep2, class _Period2> constexpr typename std::common_type<std::chrono::duration<_Rep1, _Period1>, std::chrono::duration<_Rep2, _Period2> >::type std::chrono::operator+(const std::chrono::duration<_Rep1, _Period1>&, const std::chrono::duration<_Rep2, _Period2>&)[m[K’
  450 |       [01;36m[Koperator[m[K+(const duration<_Rep1, _Period1>& __lhs,
      |       [01;36m[K^~~~~~~~[m[K
[01m[K/usr/include/c++/9/chrono:450:7:[m[K [01;36m[Knote: [m[K  template argument deduction/substitution failed:
[01m[K/root/ws_offboard_control/src/comp_routine/src/comp_routine.cpp:139:84:[m[K [01;36m[Knote: [m[K  mismatched types ‘[01m[Kconst std::chrono::duration<_Rep1, _Period1>[m[K’ and ‘[01m[Kint[m[K’
  139 |      if (std::chrono::steady_clock::now()< start + std::chrono::duration<double>(10[01;36m[K)[m[K) { // check to see if we have waited 10 secs
      |                                                                                    [01;36m[K^[m[K
In file included from [01m[K/usr/include/c++/9/mutex:39[m[K,
                 from [01m[K/usr/include/c++/9/future:38[m[K,
                 from [01m[K/opt/ros/foxy/include/rclcpp/executors.hpp:18[m[K,
                 from [01m[K/opt/ros/foxy/include/rclcpp/rclcpp.hpp:146[m[K,
                 from [01m[K/root/ws_offboard_control/src/comp_routine/src/comp_routine.cpp:6[m[K:
[01m[K/usr/include/c++/9/chrono:725:7:[m[K [01;36m[Knote: [m[Kcandidate: ‘[01m[Ktemplate<class _Clock, class _Dur1, class _Rep2, class _Period2> constexpr std::chrono::time_point<_Clock, typename std::common_type<_Dur1, std::chrono::duration<_Rep2, _Period2> >::type> std::chrono::operator+(const std::chrono::time_point<_Clock, _Duration1>&, const std::chrono::duration<_Rep2, _Period2>&)[m[K’
  725 |       [01;36m[Koperator[m[K+(const time_point<_Clock, _Dur1>& __lhs,
      |       [01;36m[K^~~~~~~~[m[K
[01m[K/usr/include/c++/9/chrono:725:7:[m[K [01;36m[Knote: [m[K  template argument deduction/substitution failed:
[01m[K/root/ws_offboard_control/src/comp_routine/src/comp_routine.cpp:139:84:[m[K [01;36m[Knote: [m[K  mismatched types ‘[01m[Kconst std::chrono::time_point<_Clock, _Duration1>[m[K’ and ‘[01m[Kint[m[K’
  139 |      if (std::chrono::steady_clock::now()< start + std::chrono::duration<double>(10[01;36m[K)[m[K) { // check to see if we have waited 10 secs
      |                                                                                    [01;36m[K^[m[K
In file included from [01m[K/usr/include/c++/9/mutex:39[m[K,
                 from [01m[K/usr/include/c++/9/future:38[m[K,
                 from [01m[K/opt/ros/foxy/include/rclcpp/executors.hpp:18[m[K,
                 from [01m[K/opt/ros/foxy/include/rclcpp/rclcpp.hpp:146[m[K,
                 from [01m[K/root/ws_offboard_control/src/comp_routine/src/comp_routine.cpp:6[m[K:
[01m[K/usr/include/c++/9/chrono:738:7:[m[K [01;36m[Knote: [m[Kcandidate: ‘[01m[Ktemplate<class _Rep1, class _Period1, class _Clock, class _Dur2> constexpr std::chrono::time_point<_Clock, typename std::common_type<std::chrono::duration<_Rep1, _Period1>, _Dur2>::type> std::chrono::operator+(const std::chrono::duration<_Rep1, _Period1>&, const std::chrono::time_point<_Clock, _Dur2>&)[m[K’
  738 |       [01;36m[Koperator[m[K+(const duration<_Rep1, _Period1>& __lhs,
      |       [01;36m[K^~~~~~~~[m[K
[01m[K/usr/include/c++/9/chrono:738:7:[m[K [01;36m[Knote: [m[K  template argument deduction/substitution failed:
[01m[K/root/ws_offboard_control/src/comp_routine/src/comp_routine.cpp:139:84:[m[K [01;36m[Knote: [m[K  mismatched types ‘[01m[Kconst std::chrono::duration<_Rep1, _Period1>[m[K’ and ‘[01m[Kint[m[K’
  139 |      if (std::chrono::steady_clock::now()< start + std::chrono::duration<double>(10[01;36m[K)[m[K) { // check to see if we have waited 10 secs
      |                                                                                    [01;36m[K^[m[K
In file included from [01m[K/usr/include/c++/9/bits/stl_algobase.h:67[m[K,
                 from [01m[K/usr/include/c++/9/algorithm:61[m[K,
                 from [01m[K/opt/ros/foxy/include/rosidl_runtime_cpp/bounded_vector.hpp:18[m[K,
                 from [01m[K/opt/motovisio/ros_ws/install/px4_msgs/include/px4_msgs/msg/detail/offboard_control_mode__struct.hpp:8[m[K,
                 from [01m[K/opt/motovisio/ros_ws/install/px4_msgs/include/px4_msgs/msg/offboard_control_mode.hpp:7[m[K,
                 from [01m[K/root/ws_offboard_control/src/comp_routine/src/comp_routine.cpp:1[m[K:
[01m[K/usr/include/c++/9/bits/stl_iterator.h:423:5:[m[K [01;36m[Knote: [m[Kcandidate: ‘[01m[Ktemplate<class _Iterator> std::reverse_iterator<_Iterator> std::operator+(typename std::reverse_iterator<_Iterator>::difference_type, const std::reverse_iterator<_Iterator>&)[m[K’
  423 |     [01;36m[Koperator[m[K+(typename reverse_iterator<_Iterator>::difference_type __n,
      |     [01;36m[K^~~~~~~~[m[K
[01m[K/usr/include/c++/9/bits/stl_iterator.h:423:5:[m[K [01;36m[Knote: [m[K  template argument deduction/substitution failed:
[01m[K/root/ws_offboard_control/src/comp_routine/src/comp_routine.cpp:139:84:[m[K [01;36m[Knote: [m[K  ‘[01m[Kstd::chrono::duration<double>[m[K’ is not derived from ‘[01m[Kconst std::reverse_iterator<_Iterator>[m[K’
  139 |      if (std::chrono::steady_clock::now()< start + std::chrono::duration<double>(10[01;36m[K)[m[K) { // check to see if we have waited 10 secs
      |                                                                                    [01;36m[K^[m[K
In file included from [01m[K/usr/include/c++/9/bits/stl_algobase.h:67[m[K,
                 from [01m[K/usr/include/c++/9/algorithm:61[m[K,
                 from [01m[K/opt/ros/foxy/include/rosidl_runtime_cpp/bounded_vector.hpp:18[m[K,
                 from [01m[K/opt/motovisio/ros_ws/install/px4_msgs/include/px4_msgs/msg/detail/offboard_control_mode__struct.hpp:8[m[K,
                 from [01m[K/opt/motovisio/ros_ws/install/px4_msgs/include/px4_msgs/msg/offboard_control_mode.hpp:7[m[K,
                 from [01m[K/root/ws_offboard_control/src/comp_routine/src/comp_routine.cpp:1[m[K:
[01m[K/usr/include/c++/9/bits/stl_iterator.h:1216:5:[m[K [01;36m[Knote: [m[Kcandidate: ‘[01m[Ktemplate<class _Iterator> std::move_iterator<_IteratorL> std::operator+(typename std::move_iterator<_IteratorL>::difference_type, const std::move_iterator<_IteratorL>&)[m[K’
 1216 |     [01;36m[Koperator[m[K+(typename move_iterator<_Iterator>::difference_type __n,
      |     [01;36m[K^~~~~~~~[m[K
[01m[K/usr/include/c++/9/bits/stl_iterator.h:1216:5:[m[K [01;36m[Knote: [m[K  template argument deduction/substitution failed:
[01m[K/root/ws_offboard_control/src/comp_routine/src/comp_routine.cpp:139:84:[m[K [01;36m[Knote: [m[K  ‘[01m[Kstd::chrono::duration<double>[m[K’ is not derived from ‘[01m[Kconst std::move_iterator<_IteratorL>[m[K’
  139 |      if (std::chrono::steady_clock::now()< start + std::chrono::duration<double>(10[01;36m[K)[m[K) { // check to see if we have waited 10 secs
      |                                                                                    [01;36m[K^[m[K
In file included from [01m[K/usr/include/c++/9/string:55[m[K,
                 from [01m[K/usr/include/c++/9/stdexcept:39[m[K,
                 from [01m[K/usr/include/c++/9/array:39[m[K,
                 from [01m[K/usr/include/c++/9/tuple:39[m[K,
                 from [01m[K/usr/include/c++/9/bits/unique_ptr.h:37[m[K,
                 from [01m[K/usr/include/c++/9/memory:80[m[K,
                 from [01m[K/opt/ros/foxy/include/rosidl_runtime_cpp/bounded_vector.hpp:19[m[K,
                 from [01m[K/opt/motovisio/ros_ws/install/px4_msgs/include/px4_msgs/msg/detail/offboard_control_mode__struct.hpp:8[m[K,
                 from [01m[K/opt/motovisio/ros_ws/install/px4_msgs/include/px4_msgs/msg/offboard_control_mode.hpp:7[m[K,
                 from [01m[K/root/ws_offboard_control/src/comp_routine/src/comp_routine.cpp:1[m[K:
[01m[K/usr/include/c++/9/bits/basic_string.h:6023:5:[m[K [01;36m[Knote: [m[Kcandidate: ‘[01m[Ktemplate<class _CharT, class _Traits, class _Alloc> std::__cxx11::basic_string<_CharT, _Traits, _Alloc> std::operator+(const std::__cxx11::basic_string<_CharT, _Traits, _Alloc>&, const std::__cxx11::basic_string<_CharT, _Traits, _Alloc>&)[m[K’
 6023 |     [01;36m[Koperator[m[K+(const basic_string<_CharT, _Traits, _Alloc>& __lhs,
      |     [01;36m[K^~~~~~~~[m[K
[01m[K/usr/include/c++/9/bits/basic_string.h:6023:5:[m[K [01;36m[Knote: [m[K  template argument deduction/substitution failed:
[01m[K/root/ws_offboard_control/src/comp_routine/src/comp_routine.cpp:139:84:[m[K [01;36m[Knote: [m[K  mismatched types ‘[01m[Kconst std::__cxx11::basic_string<_CharT, _Traits, _Alloc>[m[K’ and ‘[01m[Kint[m[K’
  139 |      if (std::chrono::steady_clock::now()< start + std::chrono::duration<double>(10[01;36m[K)[m[K) { // check to see if we have waited 10 secs
      |                                                                                    [01;36m[K^[m[K
In file included from [01m[K/usr/include/c++/9/string:56[m[K,
                 from [01m[K/usr/include/c++/9/stdexcept:39[m[K,
                 from [01m[K/usr/include/c++/9/array:39[m[K,
                 from [01m[K/usr/include/c++/9/tuple:39[m[K,
                 from [01m[K/usr/include/c++/9/bits/unique_ptr.h:37[m[K,
                 from [01m[K/usr/include/c++/9/memory:80[m[K,
                 from [01m[K/opt/ros/foxy/include/rosidl_runtime_cpp/bounded_vector.hpp:19[m[K,
                 from [01m[K/opt/motovisio/ros_ws/install/px4_msgs/include/px4_msgs/msg/detail/offboard_control_mode__struct.hpp:8[m[K,
                 from [01m[K/opt/motovisio/ros_ws/install/px4_msgs/include/px4_msgs/msg/offboard_control_mode.hpp:7[m[K,
                 from [01m[K/root/ws_offboard_control/src/comp_routine/src/comp_routine.cpp:1[m[K:
[01m[K/usr/include/c++/9/bits/basic_string.tcc:1158:5:[m[K [01;36m[Knote: [m[Kcandidate: ‘[01m[Ktemplate<class _CharT, class _Traits, class _Alloc> std::__cxx11::basic_string<_CharT, _Traits, _Alloc> std::operator+(const _CharT*, const std::__cxx11::basic_string<_CharT, _Traits, _Alloc>&)[m[K’
 1158 |     [01;36m[Koperator[m[K+(const _CharT* __lhs,
      |     [01;36m[K^~~~~~~~[m[K
[01m[K/usr/include/c++/9/bits/basic_string.tcc:1158:5:[m[K [01;36m[Knote: [m[K  template argument deduction/substitution failed:
[01m[K/root/ws_offboard_control/src/comp_routine/src/comp_routine.cpp:139:84:[m[K [01;36m[Knote: [m[K  mismatched types ‘[01m[Kconst _CharT*[m[K’ and ‘[01m[Kint[m[K’
  139 |      if (std::chrono::steady_clock::now()< start + std::chrono::duration<double>(10[01;36m[K)[m[K) { // check to see if we have waited 10 secs
      |                                                                                    [01;36m[K^[m[K
In file included from [01m[K/usr/include/c++/9/string:56[m[K,
                 from [01m[K/usr/include/c++/9/stdexcept:39[m[K,
                 from [01m[K/usr/include/c++/9/array:39[m[K,
                 from [01m[K/usr/include/c++/9/tuple:39[m[K,
                 from [01m[K/usr/include/c++/9/bits/unique_ptr.h:37[m[K,
                 from [01m[K/usr/include/c++/9/memory:80[m[K,
                 from [01m[K/opt/ros/foxy/include/rosidl_runtime_cpp/bounded_vector.hpp:19[m[K,
                 from [01m[K/opt/motovisio/ros_ws/install/px4_msgs/include/px4_msgs/msg/detail/offboard_control_mode__struct.hpp:8[m[K,
                 from [01m[K/opt/motovisio/ros_ws/install/px4_msgs/include/px4_msgs/msg/offboard_control_mode.hpp:7[m[K,
                 from [01m[K/root/ws_offboard_control/src/comp_routine/src/comp_routine.cpp:1[m[K:
[01m[K/usr/include/c++/9/bits/basic_string.tcc:1174:5:[m[K [01;36m[Knote: [m[Kcandidate: ‘[01m[Ktemplate<class _CharT, class _Traits, class _Alloc> std::__cxx11::basic_string<_CharT, _Traits, _Alloc> std::operator+(_CharT, const std::__cxx11::basic_string<_CharT, _Traits, _Alloc>&)[m[K’
 1174 |     [01;36m[Koperator[m[K+(_CharT __lhs, const basic_string<_CharT, _Traits, _Alloc>& __rhs)
      |     [01;36m[K^~~~~~~~[m[K
[01m[K/usr/include/c++/9/bits/basic_string.tcc:1174:5:[m[K [01;36m[Knote: [m[K  template argument deduction/substitution failed:
[01m[K/root/ws_offboard_control/src/comp_routine/src/comp_routine.cpp:139:84:[m[K [01;36m[Knote: [m[K  ‘[01m[Kstd::chrono::duration<double>[m[K’ is not derived from ‘[01m[Kconst std::__cxx11::basic_string<_CharT, _Traits, _Alloc>[m[K’
  139 |      if (std::chrono::steady_clock::now()< start + std::chrono::duration<double>(10[01;36m[K)[m[K) { // check to see if we have waited 10 secs
      |                                                                                    [01;36m[K^[m[K
In file included from [01m[K/usr/include/c++/9/string:55[m[K,
                 from [01m[K/usr/include/c++/9/stdexcept:39[m[K,
                 from [01m[K/usr/include/c++/9/array:39[m[K,
                 from [01m[K/usr/include/c++/9/tuple:39[m[K,
                 from [01m[K/usr/include/c++/9/bits/unique_ptr.h:37[m[K,
                 from [01m[K/usr/include/c++/9/memory:80[m[K,
                 from [01m[K/opt/ros/foxy/include/rosidl_runtime_cpp/bounded_vector.hpp:19[m[K,
                 from [01m[K/opt/motovisio/ros_ws/install/px4_msgs/include/px4_msgs/msg/detail/offboard_control_mode__struct.hpp:8[m[K,
                 from [01m[K/opt/motovisio/ros_ws/install/px4_msgs/include/px4_msgs/msg/offboard_control_mode.hpp:7[m[K,
                 from [01m[K/root/ws_offboard_control/src/comp_routine/src/comp_routine.cpp:1[m[K:
[01m[K/usr/include/c++/9/bits/basic_string.h:6060:5:[m[K [01;36m[Knote: [m[Kcandidate: ‘[01m[Ktemplate<class _CharT, class _Traits, class _Alloc> std::__cxx11::basic_string<_CharT, _Traits, _Alloc> std::operator+(const std::__cxx11::basic_string<_CharT, _Traits, _Alloc>&, const _CharT*)[m[K’
 6060 |     [01;36m[Koperator[m[K+(const basic_string<_CharT, _Traits, _Alloc>& __lhs,
      |     [01;36m[K^~~~~~~~[m[K
[01m[K/usr/include/c++/9/bits/basic_string.h:6060:5:[m[K [01;36m[Knote: [m[K  template argument deduction/substitution failed:
[01m[K/root/ws_offboard_control/src/comp_routine/src/comp_routine.cpp:139:84:[m[K [01;36m[Knote: [m[K  mismatched types ‘[01m[Kconst std::__cxx11::basic_string<_CharT, _Traits, _Alloc>[m[K’ and ‘[01m[Kint[m[K’
  139 |      if (std::chrono::steady_clock::now()< start + std::chrono::duration<double>(10[01;36m[K)[m[K) { // check to see if we have waited 10 secs
      |                                                                                    [01;36m[K^[m[K
In file included from [01m[K/usr/include/c++/9/string:55[m[K,
                 from [01m[K/usr/include/c++/9/stdexcept:39[m[K,
                 from [01m[K/usr/include/c++/9/array:39[m[K,
                 from [01m[K/usr/include/c++/9/tuple:39[m[K,
                 from [01m[K/usr/include/c++/9/bits/unique_ptr.h:37[m[K,
                 from [01m[K/usr/include/c++/9/memory:80[m[K,
                 from [01m[K/opt/ros/foxy/include/rosidl_runtime_cpp/bounded_vector.hpp:19[m[K,
                 from [01m[K/opt/motovisio/ros_ws/install/px4_msgs/include/px4_msgs/msg/detail/offboard_control_mode__struct.hpp:8[m[K,
                 from [01m[K/opt/motovisio/ros_ws/install/px4_msgs/include/px4_msgs/msg/offboard_control_mode.hpp:7[m[K,
                 from [01m[K/root/ws_offboard_control/src/comp_routine/src/comp_routine.cpp:1[m[K:
[01m[K/usr/include/c++/9/bits/basic_string.h:6076:5:[m[K [01;36m[Knote: [m[Kcandidate: ‘[01m[Ktemplate<class _CharT, class _Traits, class _Alloc> std::__cxx11::basic_string<_CharT, _Traits, _Alloc> std::operator+(const std::__cxx11::basic_string<_CharT, _Traits, _Alloc>&, _CharT)[m[K’
 6076 |     [01;36m[Koperator[m[K+(const basic_string<_CharT, _Traits, _Alloc>& __lhs, _CharT __rhs)
      |     [01;36m[K^~~~~~~~[m[K
[01m[K/usr/include/c++/9/bits/basic_string.h:6076:5:[m[K [01;36m[Knote: [m[K  template argument deduction/substitution failed:
[01m[K/root/ws_offboard_control/src/comp_routine/src/comp_routine.cpp:139:84:[m[K [01;36m[Knote: [m[K  mismatched types ‘[01m[Kconst std::__cxx11::basic_string<_CharT, _Traits, _Alloc>[m[K’ and ‘[01m[Kint[m[K’
  139 |      if (std::chrono::steady_clock::now()< start + std::chrono::duration<double>(10[01;36m[K)[m[K) { // check to see if we have waited 10 secs
      |                                                                                    [01;36m[K^[m[K
In file included from [01m[K/usr/include/c++/9/string:55[m[K,
                 from [01m[K/usr/include/c++/9/stdexcept:39[m[K,
                 from [01m[K/usr/include/c++/9/array:39[m[K,
                 from [01m[K/usr/include/c++/9/tuple:39[m[K,
                 from [01m[K/usr/include/c++/9/bits/unique_ptr.h:37[m[K,
                 from [01m[K/usr/include/c++/9/memory:80[m[K,
                 from [01m[K/opt/ros/foxy/include/rosidl_runtime_cpp/bounded_vector.hpp:19[m[K,
                 from [01m[K/opt/motovisio/ros_ws/install/px4_msgs/include/px4_msgs/msg/detail/offboard_control_mode__struct.hpp:8[m[K,
                 from [01m[K/opt/motovisio/ros_ws/install/px4_msgs/include/px4_msgs/msg/offboard_control_mode.hpp:7[m[K,
                 from [01m[K/root/ws_offboard_control/src/comp_routine/src/comp_routine.cpp:1[m[K:
[01m[K/usr/include/c++/9/bits/basic_string.h:6088:5:[m[K [01;36m[Knote: [m[Kcandidate: ‘[01m[Ktemplate<class _CharT, class _Traits, class _Alloc> std::__cxx11::basic_string<_CharT, _Traits, _Alloc> std::operator+(std::__cxx11::basic_string<_CharT, _Traits, _Alloc>&&, const std::__cxx11::basic_string<_CharT, _Traits, _Alloc>&)[m[K’
 6088 |     [01;36m[Koperator[m[K+(basic_string<_CharT, _Traits, _Alloc>&& __lhs,
      |     [01;36m[K^~~~~~~~[m[K
[01m[K/usr/include/c++/9/bits/basic_string.h:6088:5:[m[K [01;36m[Knote: [m[K  template argument deduction/substitution failed:
[01m[K/root/ws_offboard_control/src/comp_routine/src/comp_routine.cpp:139:84:[m[K [01;36m[Knote: [m[K  mismatched types ‘[01m[Kstd::__cxx11::basic_string<_CharT, _Traits, _Alloc>[m[K’ and ‘[01m[Kint[m[K’
  139 |      if (std::chrono::steady_clock::now()< start + std::chrono::duration<double>(10[01;36m[K)[m[K) { // check to see if we have waited 10 secs
      |                                                                                    [01;36m[K^[m[K
In file included from [01m[K/usr/include/c++/9/string:55[m[K,
                 from [01m[K/usr/include/c++/9/stdexcept:39[m[K,
                 from [01m[K/usr/include/c++/9/array:39[m[K,
                 from [01m[K/usr/include/c++/9/tuple:39[m[K,
                 from [01m[K/usr/include/c++/9/bits/unique_ptr.h:37[m[K,
                 from [01m[K/usr/include/c++/9/memory:80[m[K,
                 from [01m[K/opt/ros/foxy/include/rosidl_runtime_cpp/bounded_vector.hpp:19[m[K,
                 from [01m[K/opt/motovisio/ros_ws/install/px4_msgs/include/px4_msgs/msg/detail/offboard_control_mode__struct.hpp:8[m[K,
                 from [01m[K/opt/motovisio/ros_ws/install/px4_msgs/include/px4_msgs/msg/offboard_control_mode.hpp:7[m[K,
                 from [01m[K/root/ws_offboard_control/src/comp_routine/src/comp_routine.cpp:1[m[K:
[01m[K/usr/include/c++/9/bits/basic_string.h:6094:5:[m[K [01;36m[Knote: [m[Kcandidate: ‘[01m[Ktemplate<class _CharT, class _Traits, class _Alloc> std::__cxx11::basic_string<_CharT, _Traits, _Alloc> std::operator+(const std::__cxx11::basic_string<_CharT, _Traits, _Alloc>&, std::__cxx11::basic_string<_CharT, _Traits, _Alloc>&&)[m[K’
 6094 |     [01;36m[Koperator[m[K+(const basic_string<_CharT, _Traits, _Alloc>& __lhs,
      |     [01;36m[K^~~~~~~~[m[K
[01m[K/usr/include/c++/9/bits/basic_string.h:6094:5:[m[K [01;36m[Knote: [m[K  template argument deduction/substitution failed:
[01m[K/root/ws_offboard_control/src/comp_routine/src/comp_routine.cpp:139:84:[m[K [01;36m[Knote: [m[K  mismatched types ‘[01m[Kconst std::__cxx11::basic_string<_CharT, _Traits, _Alloc>[m[K’ and ‘[01m[Kint[m[K’
  139 |      if (std::chrono::steady_clock::now()< start + std::chrono::duration<double>(10[01;36m[K)[m[K) { // check to see if we have waited 10 secs
      |                                                                                    [01;36m[K^[m[K
In file included from [01m[K/usr/include/c++/9/string:55[m[K,
                 from [01m[K/usr/include/c++/9/stdexcept:39[m[K,
                 from [01m[K/usr/include/c++/9/array:39[m[K,
                 from [01m[K/usr/include/c++/9/tuple:39[m[K,
                 from [01m[K/usr/include/c++/9/bits/unique_ptr.h:37[m[K,
                 from [01m[K/usr/include/c++/9/memory:80[m[K,
                 from [01m[K/opt/ros/foxy/include/rosidl_runtime_cpp/bounded_vector.hpp:19[m[K,
                 from [01m[K/opt/motovisio/ros_ws/install/px4_msgs/include/px4_msgs/msg/detail/offboard_control_mode__struct.hpp:8[m[K,
                 from [01m[K/opt/motovisio/ros_ws/install/px4_msgs/include/px4_msgs/msg/offboard_control_mode.hpp:7[m[K,
                 from [01m[K/root/ws_offboard_control/src/comp_routine/src/comp_routine.cpp:1[m[K:
[01m[K/usr/include/c++/9/bits/basic_string.h:6100:5:[m[K [01;36m[Knote: [m[Kcandidate: ‘[01m[Ktemplate<class _CharT, class _Traits, class _Alloc> std::__cxx11::basic_string<_CharT, _Traits, _Alloc> std::operator+(std::__cxx11::basic_string<_CharT, _Traits, _Alloc>&&, std::__cxx11::basic_string<_CharT, _Traits, _Alloc>&&)[m[K’
 6100 |     [01;36m[Koperator[m[K+(basic_string<_CharT, _Traits, _Alloc>&& __lhs,
      |     [01;36m[K^~~~~~~~[m[K
[01m[K/usr/include/c++/9/bits/basic_string.h:6100:5:[m[K [01;36m[Knote: [m[K  template argument deduction/substitution failed:
[01m[K/root/ws_offboard_control/src/comp_routine/src/comp_routine.cpp:139:84:[m[K [01;36m[Knote: [m[K  mismatched types ‘[01m[Kstd::__cxx11::basic_string<_CharT, _Traits, _Alloc>[m[K’ and ‘[01m[Kint[m[K’
  139 |      if (std::chrono::steady_clock::now()< start + std::chrono::duration<double>(10[01;36m[K)[m[K) { // check to see if we have waited 10 secs
      |                                                                                    [01;36m[K^[m[K
In file included from [01m[K/usr/include/c++/9/string:55[m[K,
                 from [01m[K/usr/include/c++/9/stdexcept:39[m[K,
                 from [01m[K/usr/include/c++/9/array:39[m[K,
                 from [01m[K/usr/include/c++/9/tuple:39[m[K,
                 from [01m[K/usr/include/c++/9/bits/unique_ptr.h:37[m[K,
                 from [01m[K/usr/include/c++/9/memory:80[m[K,
                 from [01m[K/opt/ros/foxy/include/rosidl_runtime_cpp/bounded_vector.hpp:19[m[K,
                 from [01m[K/opt/motovisio/ros_ws/install/px4_msgs/include/px4_msgs/msg/detail/offboard_control_mode__struct.hpp:8[m[K,
                 from [01m[K/opt/motovisio/ros_ws/install/px4_msgs/include/px4_msgs/msg/offboard_control_mode.hpp:7[m[K,
                 from [01m[K/root/ws_offboard_control/src/comp_routine/src/comp_routine.cpp:1[m[K:
[01m[K/usr/include/c++/9/bits/basic_string.h:6112:5:[m[K [01;36m[Knote: [m[Kcandidate: ‘[01m[Ktemplate<class _CharT, class _Traits, class _Alloc> std::__cxx11::basic_string<_CharT, _Traits, _Alloc> std::operator+(const _CharT*, std::__cxx11::basic_string<_CharT, _Traits, _Alloc>&&)[m[K’
 6112 |     [01;36m[Koperator[m[K+(const _CharT* __lhs,
      |     [01;36m[K^~~~~~~~[m[K
[01m[K/usr/include/c++/9/bits/basic_string.h:6112:5:[m[K [01;36m[Knote: [m[K  template argument deduction/substitution failed:
[01m[K/root/ws_offboard_control/src/comp_routine/src/comp_routine.cpp:139:84:[m[K [01;36m[Knote: [m[K  mismatched types ‘[01m[Kconst _CharT*[m[K’ and ‘[01m[Kint[m[K’
  139 |      if (std::chrono::steady_clock::now()< start + std::chrono::duration<double>(10[01;36m[K)[m[K) { // check to see if we have waited 10 secs
      |                                                                                    [01;36m[K^[m[K
In file included from [01m[K/usr/include/c++/9/string:55[m[K,
                 from [01m[K/usr/include/c++/9/stdexcept:39[m[K,
                 from [01m[K/usr/include/c++/9/array:39[m[K,
                 from [01m[K/usr/include/c++/9/tuple:39[m[K,
                 from [01m[K/usr/include/c++/9/bits/unique_ptr.h:37[m[K,
                 from [01m[K/usr/include/c++/9/memory:80[m[K,
                 from [01m[K/opt/ros/foxy/include/rosidl_runtime_cpp/bounded_vector.hpp:19[m[K,
                 from [01m[K/opt/motovisio/ros_ws/install/px4_msgs/include/px4_msgs/msg/detail/offboard_control_mode__struct.hpp:8[m[K,
                 from [01m[K/opt/motovisio/ros_ws/install/px4_msgs/include/px4_msgs/msg/offboard_control_mode.hpp:7[m[K,
                 from [01m[K/root/ws_offboard_control/src/comp_routine/src/comp_routine.cpp:1[m[K:
[01m[K/usr/include/c++/9/bits/basic_string.h:6118:5:[m[K [01;36m[Knote: [m[Kcandidate: ‘[01m[Ktemplate<class _CharT, class _Traits, class _Alloc> std::__cxx11::basic_string<_CharT, _Traits, _Alloc> std::operator+(_CharT, std::__cxx11::basic_string<_CharT, _Traits, _Alloc>&&)[m[K’
 6118 |     [01;36m[Koperator[m[K+(_CharT __lhs,
      |     [01;36m[K^~~~~~~~[m[K
[01m[K/usr/include/c++/9/bits/basic_string.h:6118:5:[m[K [01;36m[Knote: [m[K  template argument deduction/substitution failed:
[01m[K/root/ws_offboard_control/src/comp_routine/src/comp_routine.cpp:139:84:[m[K [01;36m[Knote: [m[K  ‘[01m[Kstd::chrono::duration<double>[m[K’ is not derived from ‘[01m[Kstd::__cxx11::basic_string<_CharT, _Traits, _Alloc>[m[K’
  139 |      if (std::chrono::steady_clock::now()< start + std::chrono::duration<double>(10[01;36m[K)[m[K) { // check to see if we have waited 10 secs
      |                                                                                    [01;36m[K^[m[K
In file included from [01m[K/usr/include/c++/9/string:55[m[K,
                 from [01m[K/usr/include/c++/9/stdexcept:39[m[K,
                 from [01m[K/usr/include/c++/9/array:39[m[K,
                 from [01m[K/usr/include/c++/9/tuple:39[m[K,
                 from [01m[K/usr/include/c++/9/bits/unique_ptr.h:37[m[K,
                 from [01m[K/usr/include/c++/9/memory:80[m[K,
                 from [01m[K/opt/ros/foxy/include/rosidl_runtime_cpp/bounded_vector.hpp:19[m[K,
                 from [01m[K/opt/motovisio/ros_ws/install/px4_msgs/include/px4_msgs/msg/detail/offboard_control_mode__struct.hpp:8[m[K,
                 from [01m[K/opt/motovisio/ros_ws/install/px4_msgs/include/px4_msgs/msg/offboard_control_mode.hpp:7[m[K,
                 from [01m[K/root/ws_offboard_control/src/comp_routine/src/comp_routine.cpp:1[m[K:
[01m[K/usr/include/c++/9/bits/basic_string.h:6124:5:[m[K [01;36m[Knote: [m[Kcandidate: ‘[01m[Ktemplate<class _CharT, class _Traits, class _Alloc> std::__cxx11::basic_string<_CharT, _Traits, _Alloc> std::operator+(std::__cxx11::basic_string<_CharT, _Traits, _Alloc>&&, const _CharT*)[m[K’
 6124 |     [01;36m[Koperator[m[K+(basic_string<_CharT, _Traits, _Alloc>&& __lhs,
      |     [01;36m[K^~~~~~~~[m[K
[01m[K/usr/include/c++/9/bits/basic_string.h:6124:5:[m[K [01;36m[Knote: [m[K  template argument deduction/substitution failed:
[01m[K/root/ws_offboard_control/src/comp_routine/src/comp_routine.cpp:139:84:[m[K [01;36m[Knote: [m[K  mismatched types ‘[01m[Kstd::__cxx11::basic_string<_CharT, _Traits, _Alloc>[m[K’ and ‘[01m[Kint[m[K’
  139 |      if (std::chrono::steady_clock::now()< start + std::chrono::duration<double>(10[01;36m[K)[m[K) { // check to see if we have waited 10 secs
      |                                                                                    [01;36m[K^[m[K
In file included from [01m[K/usr/include/c++/9/string:55[m[K,
                 from [01m[K/usr/include/c++/9/stdexcept:39[m[K,
                 from [01m[K/usr/include/c++/9/array:39[m[K,
                 from [01m[K/usr/include/c++/9/tuple:39[m[K,
                 from [01m[K/usr/include/c++/9/bits/unique_ptr.h:37[m[K,
                 from [01m[K/usr/include/c++/9/memory:80[m[K,
                 from [01m[K/opt/ros/foxy/include/rosidl_runtime_cpp/bounded_vector.hpp:19[m[K,
                 from [01m[K/opt/motovisio/ros_ws/install/px4_msgs/include/px4_msgs/msg/detail/offboard_control_mode__struct.hpp:8[m[K,
                 from [01m[K/opt/motovisio/ros_ws/install/px4_msgs/include/px4_msgs/msg/offboard_control_mode.hpp:7[m[K,
                 from [01m[K/root/ws_offboard_control/src/comp_routine/src/comp_routine.cpp:1[m[K:
[01m[K/usr/include/c++/9/bits/basic_string.h:6130:5:[m[K [01;36m[Knote: [m[Kcandidate: ‘[01m[Ktemplate<class _CharT, class _Traits, class _Alloc> std::__cxx11::basic_string<_CharT, _Traits, _Alloc> std::operator+(std::__cxx11::basic_string<_CharT, _Traits, _Alloc>&&, _CharT)[m[K’
 6130 |     [01;36m[Koperator[m[K+(basic_string<_CharT, _Traits, _Alloc>&& __lhs,
      |     [01;36m[K^~~~~~~~[m[K
[01m[K/usr/include/c++/9/bits/basic_string.h:6130:5:[m[K [01;36m[Knote: [m[K  template argument deduction/substitution failed:
[01m[K/root/ws_offboard_control/src/comp_routine/src/comp_routine.cpp:139:84:[m[K [01;36m[Knote: [m[K  mismatched types ‘[01m[Kstd::__cxx11::basic_string<_CharT, _Traits, _Alloc>[m[K’ and ‘[01m[Kint[m[K’
  139 |      if (std::chrono::steady_clock::now()< start + std::chrono::duration<double>(10[01;36m[K)[m[K) { // check to see if we have waited 10 secs
      |                                                                                    [01;36m[K^[m[K
In file included from [01m[K/usr/include/c++/9/vector:68[m[K,
                 from [01m[K/opt/ros/foxy/include/rosidl_runtime_cpp/bounded_vector.hpp:22[m[K,
                 from [01m[K/opt/motovisio/ros_ws/install/px4_msgs/include/px4_msgs/msg/detail/offboard_control_mode__struct.hpp:8[m[K,
                 from [01m[K/opt/motovisio/ros_ws/install/px4_msgs/include/px4_msgs/msg/offboard_control_mode.hpp:7[m[K,
                 from [01m[K/root/ws_offboard_control/src/comp_routine/src/comp_routine.cpp:1[m[K:
[01m[K/usr/include/c++/9/bits/stl_bvector.h:303:3:[m[K [01;36m[Knote: [m[Kcandidate: ‘[01m[Kstd::_Bit_iterator std::operator+(std::ptrdiff_t, const std::_Bit_iterator&)[m[K’
  303 |   [01;36m[Koperator[m[K+(ptrdiff_t __n, const _Bit_iterator& __x)
      |   [01;36m[K^~~~~~~~[m[K
[01m[K/usr/include/c++/9/bits/stl_bvector.h:303:49:[m[K [01;36m[Knote: [m[K  no known conversion for argument 2 from ‘[01m[Kstd::chrono::duration<double>[m[K’ to ‘[01m[Kconst std::_Bit_iterator&[m[K’
  303 |   operator+(ptrdiff_t __n, [01;36m[Kconst _Bit_iterator& __x[m[K)
      |                            [01;36m[K~~~~~~~~~~~~~~~~~~~~~^~~[m[K
[01m[K/usr/include/c++/9/bits/stl_bvector.h:393:3:[m[K [01;36m[Knote: [m[Kcandidate: ‘[01m[Kstd::_Bit_const_iterator std::operator+(std::ptrdiff_t, const std::_Bit_const_iterator&)[m[K’
  393 |   [01;36m[Koperator[m[K+(ptrdiff_t __n, const _Bit_const_iterator& __x)
      |   [01;36m[K^~~~~~~~[m[K
[01m[K/usr/include/c++/9/bits/stl_bvector.h:393:55:[m[K [01;36m[Knote: [m[K  no known conversion for argument 2 from ‘[01m[Kstd::chrono::duration<double>[m[K’ to ‘[01m[Kconst std::_Bit_const_iterator&[m[K’
  393 |   operator+(ptrdiff_t __n, [01;36m[Kconst _Bit_const_iterator& __x[m[K)
      |                            [01;36m[K~~~~~~~~~~~~~~~~~~~~~~~~~~~^~~[m[K
[01m[K/root/ws_offboard_control/src/comp_routine/src/comp_routine.cpp:140:45:[m[K [01;31m[Kerror: [m[Kcannot convert ‘[01m[Kstd::chrono::_V2::steady_clock::time_point[m[K’ {aka ‘[01m[Kstd::chrono::time_point<std::chrono::_V2::steady_clock, std::chrono::duration<long int, std::ratio<1, 1000000000> > >[m[K’} to ‘[01m[Kint[m[K’ in assignment
  140 |       start = [01;31m[Kstd::chrono::steady_clock::now()[m[K; // Reset the start time
      |               [01;31m[K~~~~~~~~~~~~~~~~~~~~~~~~~~~~~~^~[m[K
      |                                             [01;31m[K|[m[K
      |                                             [01;31m[Kstd::chrono::_V2::steady_clock::time_point {aka std::chrono::time_point<std::chrono::_V2::steady_clock, std::chrono::duration<long int, std::ratio<1, 1000000000> > >}[m[K
[01m[K/root/ws_offboard_control/src/comp_routine/src/comp_routine.cpp:147:50:[m[K [01;31m[Kerror: [m[Kno match for ‘[01m[Koperator+[m[K’ (operand types are ‘[01m[Kint[m[K’ and ‘[01m[Kstd::chrono::duration<double>[m[K’)
  147 |      if (std::chrono::steady_clock::now()< [32m[Kstart[m[K [01;31m[K+[m[K std::chrono::[34m[Kduration<double>(10)[m[K) { // check to see if we have waited 10 secs
      |                                            [32m[K~~~~~[m[K [01;31m[K^[m[K              [34m[K~~~~~~~~~~~~~~~~~~~~[m[K
      |                                            [32m[K|[m[K                    [34m[K|[m[K
      |                                            [32m[Kint[m[K                  [34m[Kstd::chrono::duration<double>[m[K
In file included from [01m[K/usr/include/c++/9/mutex:39[m[K,
                 from [01m[K/usr/include/c++/9/future:38[m[K,
                 from [01m[K/opt/ros/foxy/include/rclcpp/executors.hpp:18[m[K,
                 from [01m[K/opt/ros/foxy/include/rclcpp/rclcpp.hpp:146[m[K,
                 from [01m[K/root/ws_offboard_control/src/comp_routine/src/comp_routine.cpp:6[m[K:
[01m[K/usr/include/c++/9/chrono:450:7:[m[K [01;36m[Knote: [m[Kcandidate: ‘[01m[Ktemplate<class _Rep1, class _Period1, class _Rep2, class _Period2> constexpr typename std::common_type<std::chrono::duration<_Rep1, _Period1>, std::chrono::duration<_Rep2, _Period2> >::type std::chrono::operator+(const std::chrono::duration<_Rep1, _Period1>&, const std::chrono::duration<_Rep2, _Period2>&)[m[K’
  450 |       [01;36m[Koperator[m[K+(const duration<_Rep1, _Period1>& __lhs,
      |       [01;36m[K^~~~~~~~[m[K
[01m[K/usr/include/c++/9/chrono:450:7:[m[K [01;36m[Knote: [m[K  template argument deduction/substitution failed:
[01m[K/root/ws_offboard_control/src/comp_routine/src/comp_routine.cpp:147:84:[m[K [01;36m[Knote: [m[K  mismatched types ‘[01m[Kconst std::chrono::duration<_Rep1, _Period1>[m[K’ and ‘[01m[Kint[m[K’
  147 |      if (std::chrono::steady_clock::now()< start + std::chrono::duration<double>(10[01;36m[K)[m[K) { // check to see if we have waited 10 secs
      |                                                                                    [01;36m[K^[m[K
In file included from [01m[K/usr/include/c++/9/mutex:39[m[K,
                 from [01m[K/usr/include/c++/9/future:38[m[K,
                 from [01m[K/opt/ros/foxy/include/rclcpp/executors.hpp:18[m[K,
                 from [01m[K/opt/ros/foxy/include/rclcpp/rclcpp.hpp:146[m[K,
                 from [01m[K/root/ws_offboard_control/src/comp_routine/src/comp_routine.cpp:6[m[K:
[01m[K/usr/include/c++/9/chrono:725:7:[m[K [01;36m[Knote: [m[Kcandidate: ‘[01m[Ktemplate<class _Clock, class _Dur1, class _Rep2, class _Period2> constexpr std::chrono::time_point<_Clock, typename std::common_type<_Dur1, std::chrono::duration<_Rep2, _Period2> >::type> std::chrono::operator+(const std::chrono::time_point<_Clock, _Duration1>&, const std::chrono::duration<_Rep2, _Period2>&)[m[K’
  725 |       [01;36m[Koperator[m[K+(const time_point<_Clock, _Dur1>& __lhs,
      |       [01;36m[K^~~~~~~~[m[K
[01m[K/usr/include/c++/9/chrono:725:7:[m[K [01;36m[Knote: [m[K  template argument deduction/substitution failed:
[01m[K/root/ws_offboard_control/src/comp_routine/src/comp_routine.cpp:147:84:[m[K [01;36m[Knote: [m[K  mismatched types ‘[01m[Kconst std::chrono::time_point<_Clock, _Duration1>[m[K’ and ‘[01m[Kint[m[K’
  147 |      if (std::chrono::steady_clock::now()< start + std::chrono::duration<double>(10[01;36m[K)[m[K) { // check to see if we have waited 10 secs
      |                                                                                    [01;36m[K^[m[K
In file included from [01m[K/usr/include/c++/9/mutex:39[m[K,
                 from [01m[K/usr/include/c++/9/future:38[m[K,
                 from [01m[K/opt/ros/foxy/include/rclcpp/executors.hpp:18[m[K,
                 from [01m[K/opt/ros/foxy/include/rclcpp/rclcpp.hpp:146[m[K,
                 from [01m[K/root/ws_offboard_control/src/comp_routine/src/comp_routine.cpp:6[m[K:
[01m[K/usr/include/c++/9/chrono:738:7:[m[K [01;36m[Knote: [m[Kcandidate: ‘[01m[Ktemplate<class _Rep1, class _Period1, class _Clock, class _Dur2> constexpr std::chrono::time_point<_Clock, typename std::common_type<std::chrono::duration<_Rep1, _Period1>, _Dur2>::type> std::chrono::operator+(const std::chrono::duration<_Rep1, _Period1>&, const std::chrono::time_point<_Clock, _Dur2>&)[m[K’
  738 |       [01;36m[Koperator[m[K+(const duration<_Rep1, _Period1>& __lhs,
      |       [01;36m[K^~~~~~~~[m[K
[01m[K/usr/include/c++/9/chrono:738:7:[m[K [01;36m[Knote: [m[K  template argument deduction/substitution failed:
[01m[K/root/ws_offboard_control/src/comp_routine/src/comp_routine.cpp:147:84:[m[K [01;36m[Knote: [m[K  mismatched types ‘[01m[Kconst std::chrono::duration<_Rep1, _Period1>[m[K’ and ‘[01m[Kint[m[K’
  147 |      if (std::chrono::steady_clock::now()< start + std::chrono::duration<double>(10[01;36m[K)[m[K) { // check to see if we have waited 10 secs
      |                                                                                    [01;36m[K^[m[K
In file included from [01m[K/usr/include/c++/9/bits/stl_algobase.h:67[m[K,
                 from [01m[K/usr/include/c++/9/algorithm:61[m[K,
                 from [01m[K/opt/ros/foxy/include/rosidl_runtime_cpp/bounded_vector.hpp:18[m[K,
                 from [01m[K/opt/motovisio/ros_ws/install/px4_msgs/include/px4_msgs/msg/detail/offboard_control_mode__struct.hpp:8[m[K,
                 from [01m[K/opt/motovisio/ros_ws/install/px4_msgs/include/px4_msgs/msg/offboard_control_mode.hpp:7[m[K,
                 from [01m[K/root/ws_offboard_control/src/comp_routine/src/comp_routine.cpp:1[m[K:
[01m[K/usr/include/c++/9/bits/stl_iterator.h:423:5:[m[K [01;36m[Knote: [m[Kcandidate: ‘[01m[Ktemplate<class _Iterator> std::reverse_iterator<_Iterator> std::operator+(typename std::reverse_iterator<_Iterator>::difference_type, const std::reverse_iterator<_Iterator>&)[m[K’
  423 |     [01;36m[Koperator[m[K+(typename reverse_iterator<_Iterator>::difference_type __n,
      |     [01;36m[K^~~~~~~~[m[K
[01m[K/usr/include/c++/9/bits/stl_iterator.h:423:5:[m[K [01;36m[Knote: [m[K  template argument deduction/substitution failed:
[01m[K/root/ws_offboard_control/src/comp_routine/src/comp_routine.cpp:147:84:[m[K [01;36m[Knote: [m[K  ‘[01m[Kstd::chrono::duration<double>[m[K’ is not derived from ‘[01m[Kconst std::reverse_iterator<_Iterator>[m[K’
  147 |      if (std::chrono::steady_clock::now()< start + std::chrono::duration<double>(10[01;36m[K)[m[K) { // check to see if we have waited 10 secs
      |                                                                                    [01;36m[K^[m[K
In file included from [01m[K/usr/include/c++/9/bits/stl_algobase.h:67[m[K,
                 from [01m[K/usr/include/c++/9/algorithm:61[m[K,
                 from [01m[K/opt/ros/foxy/include/rosidl_runtime_cpp/bounded_vector.hpp:18[m[K,
                 from [01m[K/opt/motovisio/ros_ws/install/px4_msgs/include/px4_msgs/msg/detail/offboard_control_mode__struct.hpp:8[m[K,
                 from [01m[K/opt/motovisio/ros_ws/install/px4_msgs/include/px4_msgs/msg/offboard_control_mode.hpp:7[m[K,
                 from [01m[K/root/ws_offboard_control/src/comp_routine/src/comp_routine.cpp:1[m[K:
[01m[K/usr/include/c++/9/bits/stl_iterator.h:1216:5:[m[K [01;36m[Knote: [m[Kcandidate: ‘[01m[Ktemplate<class _Iterator> std::move_iterator<_IteratorL> std::operator+(typename std::move_iterator<_IteratorL>::difference_type, const std::move_iterator<_IteratorL>&)[m[K’
 1216 |     [01;36m[Koperator[m[K+(typename move_iterator<_Iterator>::difference_type __n,
      |     [01;36m[K^~~~~~~~[m[K
[01m[K/usr/include/c++/9/bits/stl_iterator.h:1216:5:[m[K [01;36m[Knote: [m[K  template argument deduction/substitution failed:
[01m[K/root/ws_offboard_control/src/comp_routine/src/comp_routine.cpp:147:84:[m[K [01;36m[Knote: [m[K  ‘[01m[Kstd::chrono::duration<double>[m[K’ is not derived from ‘[01m[Kconst std::move_iterator<_IteratorL>[m[K’
  147 |      if (std::chrono::steady_clock::now()< start + std::chrono::duration<double>(10[01;36m[K)[m[K) { // check to see if we have waited 10 secs
      |                                                                                    [01;36m[K^[m[K
In file included from [01m[K/usr/include/c++/9/string:55[m[K,
                 from [01m[K/usr/include/c++/9/stdexcept:39[m[K,
                 from [01m[K/usr/include/c++/9/array:39[m[K,
                 from [01m[K/usr/include/c++/9/tuple:39[m[K,
                 from [01m[K/usr/include/c++/9/bits/unique_ptr.h:37[m[K,
                 from [01m[K/usr/include/c++/9/memory:80[m[K,
                 from [01m[K/opt/ros/foxy/include/rosidl_runtime_cpp/bounded_vector.hpp:19[m[K,
                 from [01m[K/opt/motovisio/ros_ws/install/px4_msgs/include/px4_msgs/msg/detail/offboard_control_mode__struct.hpp:8[m[K,
                 from [01m[K/opt/motovisio/ros_ws/install/px4_msgs/include/px4_msgs/msg/offboard_control_mode.hpp:7[m[K,
                 from [01m[K/root/ws_offboard_control/src/comp_routine/src/comp_routine.cpp:1[m[K:
[01m[K/usr/include/c++/9/bits/basic_string.h:6023:5:[m[K [01;36m[Knote: [m[Kcandidate: ‘[01m[Ktemplate<class _CharT, class _Traits, class _Alloc> std::__cxx11::basic_string<_CharT, _Traits, _Alloc> std::operator+(const std::__cxx11::basic_string<_CharT, _Traits, _Alloc>&, const std::__cxx11::basic_string<_CharT, _Traits, _Alloc>&)[m[K’
 6023 |     [01;36m[Koperator[m[K+(const basic_string<_CharT, _Traits, _Alloc>& __lhs,
      |     [01;36m[K^~~~~~~~[m[K
[01m[K/usr/include/c++/9/bits/basic_string.h:6023:5:[m[K [01;36m[Knote: [m[K  template argument deduction/substitution failed:
[01m[K/root/ws_offboard_control/src/comp_routine/src/comp_routine.cpp:147:84:[m[K [01;36m[Knote: [m[K  mismatched types ‘[01m[Kconst std::__cxx11::basic_string<_CharT, _Traits, _Alloc>[m[K’ and ‘[01m[Kint[m[K’
  147 |      if (std::chrono::steady_clock::now()< start + std::chrono::duration<double>(10[01;36m[K)[m[K) { // check to see if we have waited 10 secs
      |                                                                                    [01;36m[K^[m[K
In file included from [01m[K/usr/include/c++/9/string:56[m[K,
                 from [01m[K/usr/include/c++/9/stdexcept:39[m[K,
                 from [01m[K/usr/include/c++/9/array:39[m[K,
                 from [01m[K/usr/include/c++/9/tuple:39[m[K,
                 from [01m[K/usr/include/c++/9/bits/unique_ptr.h:37[m[K,
                 from [01m[K/usr/include/c++/9/memory:80[m[K,
                 from [01m[K/opt/ros/foxy/include/rosidl_runtime_cpp/bounded_vector.hpp:19[m[K,
                 from [01m[K/opt/motovisio/ros_ws/install/px4_msgs/include/px4_msgs/msg/detail/offboard_control_mode__struct.hpp:8[m[K,
                 from [01m[K/opt/motovisio/ros_ws/install/px4_msgs/include/px4_msgs/msg/offboard_control_mode.hpp:7[m[K,
                 from [01m[K/root/ws_offboard_control/src/comp_routine/src/comp_routine.cpp:1[m[K:
[01m[K/usr/include/c++/9/bits/basic_string.tcc:1158:5:[m[K [01;36m[Knote: [m[Kcandidate: ‘[01m[Ktemplate<class _CharT, class _Traits, class _Alloc> std::__cxx11::basic_string<_CharT, _Traits, _Alloc> std::operator+(const _CharT*, const std::__cxx11::basic_string<_CharT, _Traits, _Alloc>&)[m[K’
 1158 |     [01;36m[Koperator[m[K+(const _CharT* __lhs,
      |     [01;36m[K^~~~~~~~[m[K
[01m[K/usr/include/c++/9/bits/basic_string.tcc:1158:5:[m[K [01;36m[Knote: [m[K  template argument deduction/substitution failed:
[01m[K/root/ws_offboard_control/src/comp_routine/src/comp_routine.cpp:147:84:[m[K [01;36m[Knote: [m[K  mismatched types ‘[01m[Kconst _CharT*[m[K’ and ‘[01m[Kint[m[K’
  147 |      if (std::chrono::steady_clock::now()< start + std::chrono::duration<double>(10[01;36m[K)[m[K) { // check to see if we have waited 10 secs
      |                                                                                    [01;36m[K^[m[K
In file included from [01m[K/usr/include/c++/9/string:56[m[K,
                 from [01m[K/usr/include/c++/9/stdexcept:39[m[K,
                 from [01m[K/usr/include/c++/9/array:39[m[K,
                 from [01m[K/usr/include/c++/9/tuple:39[m[K,
                 from [01m[K/usr/include/c++/9/bits/unique_ptr.h:37[m[K,
                 from [01m[K/usr/include/c++/9/memory:80[m[K,
                 from [01m[K/opt/ros/foxy/include/rosidl_runtime_cpp/bounded_vector.hpp:19[m[K,
                 from [01m[K/opt/motovisio/ros_ws/install/px4_msgs/include/px4_msgs/msg/detail/offboard_control_mode__struct.hpp:8[m[K,
                 from [01m[K/opt/motovisio/ros_ws/install/px4_msgs/include/px4_msgs/msg/offboard_control_mode.hpp:7[m[K,
                 from [01m[K/root/ws_offboard_control/src/comp_routine/src/comp_routine.cpp:1[m[K:
[01m[K/usr/include/c++/9/bits/basic_string.tcc:1174:5:[m[K [01;36m[Knote: [m[Kcandidate: ‘[01m[Ktemplate<class _CharT, class _Traits, class _Alloc> std::__cxx11::basic_string<_CharT, _Traits, _Alloc> std::operator+(_CharT, const std::__cxx11::basic_string<_CharT, _Traits, _Alloc>&)[m[K’
 1174 |     [01;36m[Koperator[m[K+(_CharT __lhs, const basic_string<_CharT, _Traits, _Alloc>& __rhs)
      |     [01;36m[K^~~~~~~~[m[K
[01m[K/usr/include/c++/9/bits/basic_string.tcc:1174:5:[m[K [01;36m[Knote: [m[K  template argument deduction/substitution failed:
[01m[K/root/ws_offboard_control/src/comp_routine/src/comp_routine.cpp:147:84:[m[K [01;36m[Knote: [m[K  ‘[01m[Kstd::chrono::duration<double>[m[K’ is not derived from ‘[01m[Kconst std::__cxx11::basic_string<_CharT, _Traits, _Alloc>[m[K’
  147 |      if (std::chrono::steady_clock::now()< start + std::chrono::duration<double>(10[01;36m[K)[m[K) { // check to see if we have waited 10 secs
      |                                                                                    [01;36m[K^[m[K
In file included from [01m[K/usr/include/c++/9/string:55[m[K,
                 from [01m[K/usr/include/c++/9/stdexcept:39[m[K,
                 from [01m[K/usr/include/c++/9/array:39[m[K,
                 from [01m[K/usr/include/c++/9/tuple:39[m[K,
                 from [01m[K/usr/include/c++/9/bits/unique_ptr.h:37[m[K,
                 from [01m[K/usr/include/c++/9/memory:80[m[K,
                 from [01m[K/opt/ros/foxy/include/rosidl_runtime_cpp/bounded_vector.hpp:19[m[K,
                 from [01m[K/opt/motovisio/ros_ws/install/px4_msgs/include/px4_msgs/msg/detail/offboard_control_mode__struct.hpp:8[m[K,
                 from [01m[K/opt/motovisio/ros_ws/install/px4_msgs/include/px4_msgs/msg/offboard_control_mode.hpp:7[m[K,
                 from [01m[K/root/ws_offboard_control/src/comp_routine/src/comp_routine.cpp:1[m[K:
[01m[K/usr/include/c++/9/bits/basic_string.h:6060:5:[m[K [01;36m[Knote: [m[Kcandidate: ‘[01m[Ktemplate<class _CharT, class _Traits, class _Alloc> std::__cxx11::basic_string<_CharT, _Traits, _Alloc> std::operator+(const std::__cxx11::basic_string<_CharT, _Traits, _Alloc>&, const _CharT*)[m[K’
 6060 |     [01;36m[Koperator[m[K+(const basic_string<_CharT, _Traits, _Alloc>& __lhs,
      |     [01;36m[K^~~~~~~~[m[K
[01m[K/usr/include/c++/9/bits/basic_string.h:6060:5:[m[K [01;36m[Knote: [m[K  template argument deduction/substitution failed:
[01m[K/root/ws_offboard_control/src/comp_routine/src/comp_routine.cpp:147:84:[m[K [01;36m[Knote: [m[K  mismatched types ‘[01m[Kconst std::__cxx11::basic_string<_CharT, _Traits, _Alloc>[m[K’ and ‘[01m[Kint[m[K’
  147 |      if (std::chrono::steady_clock::now()< start + std::chrono::duration<double>(10[01;36m[K)[m[K) { // check to see if we have waited 10 secs
      |                                                                                    [01;36m[K^[m[K
In file included from [01m[K/usr/include/c++/9/string:55[m[K,
                 from [01m[K/usr/include/c++/9/stdexcept:39[m[K,
                 from [01m[K/usr/include/c++/9/array:39[m[K,
                 from [01m[K/usr/include/c++/9/tuple:39[m[K,
                 from [01m[K/usr/include/c++/9/bits/unique_ptr.h:37[m[K,
                 from [01m[K/usr/include/c++/9/memory:80[m[K,
                 from [01m[K/opt/ros/foxy/include/rosidl_runtime_cpp/bounded_vector.hpp:19[m[K,
                 from [01m[K/opt/motovisio/ros_ws/install/px4_msgs/include/px4_msgs/msg/detail/offboard_control_mode__struct.hpp:8[m[K,
                 from [01m[K/opt/motovisio/ros_ws/install/px4_msgs/include/px4_msgs/msg/offboard_control_mode.hpp:7[m[K,
                 from [01m[K/root/ws_offboard_control/src/comp_routine/src/comp_routine.cpp:1[m[K:
[01m[K/usr/include/c++/9/bits/basic_string.h:6076:5:[m[K [01;36m[Knote: [m[Kcandidate: ‘[01m[Ktemplate<class _CharT, class _Traits, class _Alloc> std::__cxx11::basic_string<_CharT, _Traits, _Alloc> std::operator+(const std::__cxx11::basic_string<_CharT, _Traits, _Alloc>&, _CharT)[m[K’
 6076 |     [01;36m[Koperator[m[K+(const basic_string<_CharT, _Traits, _Alloc>& __lhs, _CharT __rhs)
      |     [01;36m[K^~~~~~~~[m[K
[01m[K/usr/include/c++/9/bits/basic_string.h:6076:5:[m[K [01;36m[Knote: [m[K  template argument deduction/substitution failed:
[01m[K/root/ws_offboard_control/src/comp_routine/src/comp_routine.cpp:147:84:[m[K [01;36m[Knote: [m[K  mismatched types ‘[01m[Kconst std::__cxx11::basic_string<_CharT, _Traits, _Alloc>[m[K’ and ‘[01m[Kint[m[K’
  147 |      if (std::chrono::steady_clock::now()< start + std::chrono::duration<double>(10[01;36m[K)[m[K) { // check to see if we have waited 10 secs
      |                                                                                    [01;36m[K^[m[K
In file included from [01m[K/usr/include/c++/9/string:55[m[K,
                 from [01m[K/usr/include/c++/9/stdexcept:39[m[K,
                 from [01m[K/usr/include/c++/9/array:39[m[K,
                 from [01m[K/usr/include/c++/9/tuple:39[m[K,
                 from [01m[K/usr/include/c++/9/bits/unique_ptr.h:37[m[K,
                 from [01m[K/usr/include/c++/9/memory:80[m[K,
                 from [01m[K/opt/ros/foxy/include/rosidl_runtime_cpp/bounded_vector.hpp:19[m[K,
                 from [01m[K/opt/motovisio/ros_ws/install/px4_msgs/include/px4_msgs/msg/detail/offboard_control_mode__struct.hpp:8[m[K,
                 from [01m[K/opt/motovisio/ros_ws/install/px4_msgs/include/px4_msgs/msg/offboard_control_mode.hpp:7[m[K,
                 from [01m[K/root/ws_offboard_control/src/comp_routine/src/comp_routine.cpp:1[m[K:
[01m[K/usr/include/c++/9/bits/basic_string.h:6088:5:[m[K [01;36m[Knote: [m[Kcandidate: ‘[01m[Ktemplate<class _CharT, class _Traits, class _Alloc> std::__cxx11::basic_string<_CharT, _Traits, _Alloc> std::operator+(std::__cxx11::basic_string<_CharT, _Traits, _Alloc>&&, const std::__cxx11::basic_string<_CharT, _Traits, _Alloc>&)[m[K’
 6088 |     [01;36m[Koperator[m[K+(basic_string<_CharT, _Traits, _Alloc>&& __lhs,
      |     [01;36m[K^~~~~~~~[m[K
[01m[K/usr/include/c++/9/bits/basic_string.h:6088:5:[m[K [01;36m[Knote: [m[K  template argument deduction/substitution failed:
[01m[K/root/ws_offboard_control/src/comp_routine/src/comp_routine.cpp:147:84:[m[K [01;36m[Knote: [m[K  mismatched types ‘[01m[Kstd::__cxx11::basic_string<_CharT, _Traits, _Alloc>[m[K’ and ‘[01m[Kint[m[K’
  147 |      if (std::chrono::steady_clock::now()< start + std::chrono::duration<double>(10[01;36m[K)[m[K) { // check to see if we have waited 10 secs
      |                                                                                    [01;36m[K^[m[K
In file included from [01m[K/usr/include/c++/9/string:55[m[K,
                 from [01m[K/usr/include/c++/9/stdexcept:39[m[K,
                 from [01m[K/usr/include/c++/9/array:39[m[K,
                 from [01m[K/usr/include/c++/9/tuple:39[m[K,
                 from [01m[K/usr/include/c++/9/bits/unique_ptr.h:37[m[K,
                 from [01m[K/usr/include/c++/9/memory:80[m[K,
                 from [01m[K/opt/ros/foxy/include/rosidl_runtime_cpp/bounded_vector.hpp:19[m[K,
                 from [01m[K/opt/motovisio/ros_ws/install/px4_msgs/include/px4_msgs/msg/detail/offboard_control_mode__struct.hpp:8[m[K,
                 from [01m[K/opt/motovisio/ros_ws/install/px4_msgs/include/px4_msgs/msg/offboard_control_mode.hpp:7[m[K,
                 from [01m[K/root/ws_offboard_control/src/comp_routine/src/comp_routine.cpp:1[m[K:
[01m[K/usr/include/c++/9/bits/basic_string.h:6094:5:[m[K [01;36m[Knote: [m[Kcandidate: ‘[01m[Ktemplate<class _CharT, class _Traits, class _Alloc> std::__cxx11::basic_string<_CharT, _Traits, _Alloc> std::operator+(const std::__cxx11::basic_string<_CharT, _Traits, _Alloc>&, std::__cxx11::basic_string<_CharT, _Traits, _Alloc>&&)[m[K’
 6094 |     [01;36m[Koperator[m[K+(const basic_string<_CharT, _Traits, _Alloc>& __lhs,
      |     [01;36m[K^~~~~~~~[m[K
[01m[K/usr/include/c++/9/bits/basic_string.h:6094:5:[m[K [01;36m[Knote: [m[K  template argument deduction/substitution failed:
[01m[K/root/ws_offboard_control/src/comp_routine/src/comp_routine.cpp:147:84:[m[K [01;36m[Knote: [m[K  mismatched types ‘[01m[Kconst std::__cxx11::basic_string<_CharT, _Traits, _Alloc>[m[K’ and ‘[01m[Kint[m[K’
  147 |      if (std::chrono::steady_clock::now()< start + std::chrono::duration<double>(10[01;36m[K)[m[K) { // check to see if we have waited 10 secs
      |                                                                                    [01;36m[K^[m[K
In file included from [01m[K/usr/include/c++/9/string:55[m[K,
                 from [01m[K/usr/include/c++/9/stdexcept:39[m[K,
                 from [01m[K/usr/include/c++/9/array:39[m[K,
                 from [01m[K/usr/include/c++/9/tuple:39[m[K,
                 from [01m[K/usr/include/c++/9/bits/unique_ptr.h:37[m[K,
                 from [01m[K/usr/include/c++/9/memory:80[m[K,
                 from [01m[K/opt/ros/foxy/include/rosidl_runtime_cpp/bounded_vector.hpp:19[m[K,
                 from [01m[K/opt/motovisio/ros_ws/install/px4_msgs/include/px4_msgs/msg/detail/offboard_control_mode__struct.hpp:8[m[K,
                 from [01m[K/opt/motovisio/ros_ws/install/px4_msgs/include/px4_msgs/msg/offboard_control_mode.hpp:7[m[K,
                 from [01m[K/root/ws_offboard_control/src/comp_routine/src/comp_routine.cpp:1[m[K:
[01m[K/usr/include/c++/9/bits/basic_string.h:6100:5:[m[K [01;36m[Knote: [m[Kcandidate: ‘[01m[Ktemplate<class _CharT, class _Traits, class _Alloc> std::__cxx11::basic_string<_CharT, _Traits, _Alloc> std::operator+(std::__cxx11::basic_string<_CharT, _Traits, _Alloc>&&, std::__cxx11::basic_string<_CharT, _Traits, _Alloc>&&)[m[K’
 6100 |     [01;36m[Koperator[m[K+(basic_string<_CharT, _Traits, _Alloc>&& __lhs,
      |     [01;36m[K^~~~~~~~[m[K
[01m[K/usr/include/c++/9/bits/basic_string.h:6100:5:[m[K [01;36m[Knote: [m[K  template argument deduction/substitution failed:
[01m[K/root/ws_offboard_control/src/comp_routine/src/comp_routine.cpp:147:84:[m[K [01;36m[Knote: [m[K  mismatched types ‘[01m[Kstd::__cxx11::basic_string<_CharT, _Traits, _Alloc>[m[K’ and ‘[01m[Kint[m[K’
  147 |      if (std::chrono::steady_clock::now()< start + std::chrono::duration<double>(10[01;36m[K)[m[K) { // check to see if we have waited 10 secs
      |                                                                                    [01;36m[K^[m[K
In file included from [01m[K/usr/include/c++/9/string:55[m[K,
                 from [01m[K/usr/include/c++/9/stdexcept:39[m[K,
                 from [01m[K/usr/include/c++/9/array:39[m[K,
                 from [01m[K/usr/include/c++/9/tuple:39[m[K,
                 from [01m[K/usr/include/c++/9/bits/unique_ptr.h:37[m[K,
                 from [01m[K/usr/include/c++/9/memory:80[m[K,
                 from [01m[K/opt/ros/foxy/include/rosidl_runtime_cpp/bounded_vector.hpp:19[m[K,
                 from [01m[K/opt/motovisio/ros_ws/install/px4_msgs/include/px4_msgs/msg/detail/offboard_control_mode__struct.hpp:8[m[K,
                 from [01m[K/opt/motovisio/ros_ws/install/px4_msgs/include/px4_msgs/msg/offboard_control_mode.hpp:7[m[K,
                 from [01m[K/root/ws_offboard_control/src/comp_routine/src/comp_routine.cpp:1[m[K:
[01m[K/usr/include/c++/9/bits/basic_string.h:6112:5:[m[K [01;36m[Knote: [m[Kcandidate: ‘[01m[Ktemplate<class _CharT, class _Traits, class _Alloc> std::__cxx11::basic_string<_CharT, _Traits, _Alloc> std::operator+(const _CharT*, std::__cxx11::basic_string<_CharT, _Traits, _Alloc>&&)[m[K’
 6112 |     [01;36m[Koperator[m[K+(const _CharT* __lhs,
      |     [01;36m[K^~~~~~~~[m[K
[01m[K/usr/include/c++/9/bits/basic_string.h:6112:5:[m[K [01;36m[Knote: [m[K  template argument deduction/substitution failed:
[01m[K/root/ws_offboard_control/src/comp_routine/src/comp_routine.cpp:147:84:[m[K [01;36m[Knote: [m[K  mismatched types ‘[01m[Kconst _CharT*[m[K’ and ‘[01m[Kint[m[K’
  147 |      if (std::chrono::steady_clock::now()< start + std::chrono::duration<double>(10[01;36m[K)[m[K) { // check to see if we have waited 10 secs
      |                                                                                    [01;36m[K^[m[K
In file included from [01m[K/usr/include/c++/9/string:55[m[K,
                 from [01m[K/usr/include/c++/9/stdexcept:39[m[K,
                 from [01m[K/usr/include/c++/9/array:39[m[K,
                 from [01m[K/usr/include/c++/9/tuple:39[m[K,
                 from [01m[K/usr/include/c++/9/bits/unique_ptr.h:37[m[K,
                 from [01m[K/usr/include/c++/9/memory:80[m[K,
                 from [01m[K/opt/ros/foxy/include/rosidl_runtime_cpp/bounded_vector.hpp:19[m[K,
                 from [01m[K/opt/motovisio/ros_ws/install/px4_msgs/include/px4_msgs/msg/detail/offboard_control_mode__struct.hpp:8[m[K,
                 from [01m[K/opt/motovisio/ros_ws/install/px4_msgs/include/px4_msgs/msg/offboard_control_mode.hpp:7[m[K,
                 from [01m[K/root/ws_offboard_control/src/comp_routine/src/comp_routine.cpp:1[m[K:
[01m[K/usr/include/c++/9/bits/basic_string.h:6118:5:[m[K [01;36m[Knote: [m[Kcandidate: ‘[01m[Ktemplate<class _CharT, class _Traits, class _Alloc> std::__cxx11::basic_string<_CharT, _Traits, _Alloc> std::operator+(_CharT, std::__cxx11::basic_string<_CharT, _Traits, _Alloc>&&)[m[K’
 6118 |     [01;36m[Koperator[m[K+(_CharT __lhs,
      |     [01;36m[K^~~~~~~~[m[K
[01m[K/usr/include/c++/9/bits/basic_string.h:6118:5:[m[K [01;36m[Knote: [m[K  template argument deduction/substitution failed:
[01m[K/root/ws_offboard_control/src/comp_routine/src/comp_routine.cpp:147:84:[m[K [01;36m[Knote: [m[K  ‘[01m[Kstd::chrono::duration<double>[m[K’ is not derived from ‘[01m[Kstd::__cxx11::basic_string<_CharT, _Traits, _Alloc>[m[K’
  147 |      if (std::chrono::steady_clock::now()< start + std::chrono::duration<double>(10[01;36m[K)[m[K) { // check to see if we have waited 10 secs
      |                                                                                    [01;36m[K^[m[K
In file included from [01m[K/usr/include/c++/9/string:55[m[K,
                 from [01m[K/usr/include/c++/9/stdexcept:39[m[K,
                 from [01m[K/usr/include/c++/9/array:39[m[K,
                 from [01m[K/usr/include/c++/9/tuple:39[m[K,
                 from [01m[K/usr/include/c++/9/bits/unique_ptr.h:37[m[K,
                 from [01m[K/usr/include/c++/9/memory:80[m[K,
                 from [01m[K/opt/ros/foxy/include/rosidl_runtime_cpp/bounded_vector.hpp:19[m[K,
                 from [01m[K/opt/motovisio/ros_ws/install/px4_msgs/include/px4_msgs/msg/detail/offboard_control_mode__struct.hpp:8[m[K,
                 from [01m[K/opt/motovisio/ros_ws/install/px4_msgs/include/px4_msgs/msg/offboard_control_mode.hpp:7[m[K,
                 from [01m[K/root/ws_offboard_control/src/comp_routine/src/comp_routine.cpp:1[m[K:
[01m[K/usr/include/c++/9/bits/basic_string.h:6124:5:[m[K [01;36m[Knote: [m[Kcandidate: ‘[01m[Ktemplate<class _CharT, class _Traits, class _Alloc> std::__cxx11::basic_string<_CharT, _Traits, _Alloc> std::operator+(std::__cxx11::basic_string<_CharT, _Traits, _Alloc>&&, const _CharT*)[m[K’
 6124 |     [01;36m[Koperator[m[K+(basic_string<_CharT, _Traits, _Alloc>&& __lhs,
      |     [01;36m[K^~~~~~~~[m[K
[01m[K/usr/include/c++/9/bits/basic_string.h:6124:5:[m[K [01;36m[Knote: [m[K  template argument deduction/substitution failed:
[01m[K/root/ws_offboard_control/src/comp_routine/src/comp_routine.cpp:147:84:[m[K [01;36m[Knote: [m[K  mismatched types ‘[01m[Kstd::__cxx11::basic_string<_CharT, _Traits, _Alloc>[m[K’ and ‘[01m[Kint[m[K’
  147 |      if (std::chrono::steady_clock::now()< start + std::chrono::duration<double>(10[01;36m[K)[m[K) { // check to see if we have waited 10 secs
      |                                                                                    [01;36m[K^[m[K
In file included from [01m[K/usr/include/c++/9/string:55[m[K,
                 from [01m[K/usr/include/c++/9/stdexcept:39[m[K,
                 from [01m[K/usr/include/c++/9/array:39[m[K,
                 from [01m[K/usr/include/c++/9/tuple:39[m[K,
                 from [01m[K/usr/include/c++/9/bits/unique_ptr.h:37[m[K,
                 from [01m[K/usr/include/c++/9/memory:80[m[K,
                 from [01m[K/opt/ros/foxy/include/rosidl_runtime_cpp/bounded_vector.hpp:19[m[K,
                 from [01m[K/opt/motovisio/ros_ws/install/px4_msgs/include/px4_msgs/msg/detail/offboard_control_mode__struct.hpp:8[m[K,
                 from [01m[K/opt/motovisio/ros_ws/install/px4_msgs/include/px4_msgs/msg/offboard_control_mode.hpp:7[m[K,
                 from [01m[K/root/ws_offboard_control/src/comp_routine/src/comp_routine.cpp:1[m[K:
[01m[K/usr/include/c++/9/bits/basic_string.h:6130:5:[m[K [01;36m[Knote: [m[Kcandidate: ‘[01m[Ktemplate<class _CharT, class _Traits, class _Alloc> std::__cxx11::basic_string<_CharT, _Traits, _Alloc> std::operator+(std::__cxx11::basic_string<_CharT, _Traits, _Alloc>&&, _CharT)[m[K’
 6130 |     [01;36m[Koperator[m[K+(basic_string<_CharT, _Traits, _Alloc>&& __lhs,
      |     [01;36m[K^~~~~~~~[m[K
[01m[K/usr/include/c++/9/bits/basic_string.h:6130:5:[m[K [01;36m[Knote: [m[K  template argument deduction/substitution failed:
[01m[K/root/ws_offboard_control/src/comp_routine/src/comp_routine.cpp:147:84:[m[K [01;36m[Knote: [m[K  mismatched types ‘[01m[Kstd::__cxx11::basic_string<_CharT, _Traits, _Alloc>[m[K’ and ‘[01m[Kint[m[K’
  147 |      if (std::chrono::steady_clock::now()< start + std::chrono::duration<double>(10[01;36m[K)[m[K) { // check to see if we have waited 10 secs
      |                                                                                    [01;36m[K^[m[K
In file included from [01m[K/usr/include/c++/9/vector:68[m[K,
                 from [01m[K/opt/ros/foxy/include/rosidl_runtime_cpp/bounded_vector.hpp:22[m[K,
                 from [01m[K/opt/motovisio/ros_ws/install/px4_msgs/include/px4_msgs/msg/detail/offboard_control_mode__struct.hpp:8[m[K,
                 from [01m[K/opt/motovisio/ros_ws/install/px4_msgs/include/px4_msgs/msg/offboard_control_mode.hpp:7[m[K,
                 from [01m[K/root/ws_offboard_control/src/comp_routine/src/comp_routine.cpp:1[m[K:
[01m[K/usr/include/c++/9/bits/stl_bvector.h:303:3:[m[K [01;36m[Knote: [m[Kcandidate: ‘[01m[Kstd::_Bit_iterator std::operator+(std::ptrdiff_t, const std::_Bit_iterator&)[m[K’
  303 |   [01;36m[Koperator[m[K+(ptrdiff_t __n, const _Bit_iterator& __x)
      |   [01;36m[K^~~~~~~~[m[K
[01m[K/usr/include/c++/9/bits/stl_bvector.h:303:49:[m[K [01;36m[Knote: [m[K  no known conversion for argument 2 from ‘[01m[Kstd::chrono::duration<double>[m[K’ to ‘[01m[Kconst std::_Bit_iterator&[m[K’
  303 |   operator+(ptrdiff_t __n, [01;36m[Kconst _Bit_iterator& __x[m[K)
      |                            [01;36m[K~~~~~~~~~~~~~~~~~~~~~^~~[m[K
[01m[K/usr/include/c++/9/bits/stl_bvector.h:393:3:[m[K [01;36m[Knote: [m[Kcandidate: ‘[01m[Kstd::_Bit_const_iterator std::operator+(std::ptrdiff_t, const std::_Bit_const_iterator&)[m[K’
  393 |   [01;36m[Koperator[m[K+(ptrdiff_t __n, const _Bit_const_iterator& __x)
      |   [01;36m[K^~~~~~~~[m[K
[01m[K/usr/include/c++/9/bits/stl_bvector.h:393:55:[m[K [01;36m[Knote: [m[K  no known conversion for argument 2 from ‘[01m[Kstd::chrono::duration<double>[m[K’ to ‘[01m[Kconst std::_Bit_const_iterator&[m[K’
  393 |   operator+(ptrdiff_t __n, [01;36m[Kconst _Bit_const_iterator& __x[m[K)
      |                            [01;36m[K~~~~~~~~~~~~~~~~~~~~~~~~~~~^~~[m[K
[01m[K/root/ws_offboard_control/src/comp_routine/src/comp_routine.cpp:148:45:[m[K [01;31m[Kerror: [m[Kcannot convert ‘[01m[Kstd::chrono::_V2::steady_clock::time_point[m[K’ {aka ‘[01m[Kstd::chrono::time_point<std::chrono::_V2::steady_clock, std::chrono::duration<long int, std::ratio<1, 1000000000> > >[m[K’} to ‘[01m[Kint[m[K’ in assignment
  148 |       start = [01;31m[Kstd::chrono::steady_clock::now()[m[K; // Reset the start time
      |               [01;31m[K~~~~~~~~~~~~~~~~~~~~~~~~~~~~~~^~[m[K
      |                                             [01;31m[K|[m[K
      |                                             [01;31m[Kstd::chrono::_V2::steady_clock::time_point {aka std::chrono::time_point<std::chrono::_V2::steady_clock, std::chrono::duration<long int, std::ratio<1, 1000000000> > >}[m[K
[01m[K/root/ws_offboard_control/src/comp_routine/src/comp_routine.cpp:[m[K In function ‘[01m[Kvoid mySigintHandler(int)[m[K’:
[01m[K/root/ws_offboard_control/src/comp_routine/src/comp_routine.cpp:248:26:[m[K [01;35m[Kwarning: [m[Kunused parameter ‘[01m[Ksig[m[K’ [[01;35m[K-Wunused-parameter[m[K]
  248 | void mySigintHandler([01;35m[Kint sig[m[K) {
      |                      [01;35m[K~~~~^~~[m[K
make[2]: *** [CMakeFiles/comp_routine.dir/build.make:76: CMakeFiles/comp_routine.dir/src/comp_routine.cpp.o] Error 1
make[1]: *** [CMakeFiles/Makefile2:137: CMakeFiles/comp_routine.dir/all] Error 2
make: *** [Makefile:146: all] Error 2
