[0.035s] Invoking command in '/root/ws_offboard_control/build/comp_routine': CMAKE_PREFIX_PATH=${CMAKE_PREFIX_PATH}:/opt/ros/foxy _=/usr/bin/env /usr/bin/cmake --build /root/ws_offboard_control/build/comp_routine -- -j8 -l8
[0.150s] [ 50%] [32mBuilding CXX object CMakeFiles/comp_routine.dir/src/comp_routine.cpp.o[0m
[1.659s] [01m[K/root/ws_offboard_control/src/comp_routine/src/comp_routine.cpp:127:45:[m[K [01;31m[Kerror: [m[Kcannot convert ‘[01m[Kstd::chrono::_V2::steady_clock::time_point[m[K’ {aka ‘[01m[Kstd::chrono::time_point<std::chrono::_V2::steady_clock, std::chrono::duration<long int, std::ratio<1, 1000000000> > >[m[K’} to ‘[01m[Kint[m[K’ in initialization
[1.660s]   127 |   int start = [01;31m[Kstd::chrono::steady_clock::now()[m[K; // Get the start time
[1.660s]       |               [01;31m[K~~~~~~~~~~~~~~~~~~~~~~~~~~~~~~^~[m[K
[1.661s]       |                                             [01;31m[K|[m[K
[1.661s]       |                                             [01;31m[Kstd::chrono::_V2::steady_clock::time_point {aka std::chrono::time_point<std::chrono::_V2::steady_clock, std::chrono::duration<long int, std::ratio<1, 1000000000> > >}[m[K
[1.684s] [01m[K/root/ws_offboard_control/src/comp_routine/src/comp_routine.cpp:[m[K In member function ‘[01m[Kvoid CompRoutine::run_state_machine()[m[K’:
[1.684s] [01m[K/root/ws_offboard_control/src/comp_routine/src/comp_routine.cpp:132:44:[m[K [01;31m[Kerror: [m[Kcannot convert ‘[01m[Kstd::chrono::_V2::steady_clock::time_point[m[K’ {aka ‘[01m[Kstd::chrono::time_point<std::chrono::_V2::steady_clock, std::chrono::duration<long int, std::ratio<1, 1000000000> > >[m[K’} to ‘[01m[Kint[m[K’ in assignment
[1.685s]   132 |      start = [01;31m[Kstd::chrono::steady_clock::now()[m[K; // Get the start time
[1.685s]       |              [01;31m[K~~~~~~~~~~~~~~~~~~~~~~~~~~~~~~^~[m[K
[1.685s]       |                                            [01;31m[K|[m[K
[1.686s]       |                                            [01;31m[Kstd::chrono::_V2::steady_clock::time_point {aka std::chrono::time_point<std::chrono::_V2::steady_clock, std::chrono::duration<long int, std::ratio<1, 1000000000> > >}[m[K
[1.687s] [01m[K/root/ws_offboard_control/src/comp_routine/src/comp_routine.cpp:139:50:[m[K [01;31m[Kerror: [m[Kno match for ‘[01m[Koperator+[m[K’ (operand types are ‘[01m[Kint[m[K’ and ‘[01m[Kstd::chrono::duration<double>[m[K’)
[1.692s]   139 |      if (std::chrono::steady_clock::now()< [32m[Kstart[m[K [01;31m[K+[m[K std::chrono::[34m[Kduration<double>(10)[m[K) { // check to see if we have waited 10 secs
[1.698s]       |                                            [32m[K~~~~~[m[K [01;31m[K^[m[K              [34m[K~~~~~~~~~~~~~~~~~~~~[m[K
[1.702s]       |                                            [32m[K|[m[K                    [34m[K|[m[K
[1.703s]       |                                            [32m[Kint[m[K                  [34m[Kstd::chrono::duration<double>[m[K
[1.703s] In file included from [01m[K/usr/include/c++/9/mutex:39[m[K,
[1.703s]                  from [01m[K/usr/include/c++/9/future:38[m[K,
[1.704s]                  from [01m[K/opt/ros/foxy/include/rclcpp/executors.hpp:18[m[K,
[1.704s]                  from [01m[K/opt/ros/foxy/include/rclcpp/rclcpp.hpp:146[m[K,
[1.705s]                  from [01m[K/root/ws_offboard_control/src/comp_routine/src/comp_routine.cpp:6[m[K:
[1.705s] [01m[K/usr/include/c++/9/chrono:450:7:[m[K [01;36m[Knote: [m[Kcandidate: ‘[01m[Ktemplate<class _Rep1, class _Period1, class _Rep2, class _Period2> constexpr typename std::common_type<std::chrono::duration<_Rep1, _Period1>, std::chrono::duration<_Rep2, _Period2> >::type std::chrono::operator+(const std::chrono::duration<_Rep1, _Period1>&, const std::chrono::duration<_Rep2, _Period2>&)[m[K’
[1.705s]   450 |       [01;36m[Koperator[m[K+(const duration<_Rep1, _Period1>& __lhs,
[1.706s]       |       [01;36m[K^~~~~~~~[m[K
[1.706s] [01m[K/usr/include/c++/9/chrono:450:7:[m[K [01;36m[Knote: [m[K  template argument deduction/substitution failed:
[1.707s] [01m[K/root/ws_offboard_control/src/comp_routine/src/comp_routine.cpp:139:84:[m[K [01;36m[Knote: [m[K  mismatched types ‘[01m[Kconst std::chrono::duration<_Rep1, _Period1>[m[K’ and ‘[01m[Kint[m[K’
[1.707s]   139 |      if (std::chrono::steady_clock::now()< start + std::chrono::duration<double>(10[01;36m[K)[m[K) { // check to see if we have waited 10 secs
[1.707s]       |                                                                                    [01;36m[K^[m[K
[1.708s] In file included from [01m[K/usr/include/c++/9/mutex:39[m[K,
[1.708s]                  from [01m[K/usr/include/c++/9/future:38[m[K,
[1.708s]                  from [01m[K/opt/ros/foxy/include/rclcpp/executors.hpp:18[m[K,
[1.709s]                  from [01m[K/opt/ros/foxy/include/rclcpp/rclcpp.hpp:146[m[K,
[1.709s]                  from [01m[K/root/ws_offboard_control/src/comp_routine/src/comp_routine.cpp:6[m[K:
[1.710s] [01m[K/usr/include/c++/9/chrono:725:7:[m[K [01;36m[Knote: [m[Kcandidate: ‘[01m[Ktemplate<class _Clock, class _Dur1, class _Rep2, class _Period2> constexpr std::chrono::time_point<_Clock, typename std::common_type<_Dur1, std::chrono::duration<_Rep2, _Period2> >::type> std::chrono::operator+(const std::chrono::time_point<_Clock, _Duration1>&, const std::chrono::duration<_Rep2, _Period2>&)[m[K’
[1.710s]   725 |       [01;36m[Koperator[m[K+(const time_point<_Clock, _Dur1>& __lhs,
[1.710s]       |       [01;36m[K^~~~~~~~[m[K
[1.711s] [01m[K/usr/include/c++/9/chrono:725:7:[m[K [01;36m[Knote: [m[K  template argument deduction/substitution failed:
[1.711s] [01m[K/root/ws_offboard_control/src/comp_routine/src/comp_routine.cpp:139:84:[m[K [01;36m[Knote: [m[K  mismatched types ‘[01m[Kconst std::chrono::time_point<_Clock, _Duration1>[m[K’ and ‘[01m[Kint[m[K’
[1.712s]   139 |      if (std::chrono::steady_clock::now()< start + std::chrono::duration<double>(10[01;36m[K)[m[K) { // check to see if we have waited 10 secs
[1.712s]       |                                                                                    [01;36m[K^[m[K
[1.712s] In file included from [01m[K/usr/include/c++/9/mutex:39[m[K,
[1.713s]                  from [01m[K/usr/include/c++/9/future:38[m[K,
[1.713s]                  from [01m[K/opt/ros/foxy/include/rclcpp/executors.hpp:18[m[K,
[1.713s]                  from [01m[K/opt/ros/foxy/include/rclcpp/rclcpp.hpp:146[m[K,
[1.714s]                  from [01m[K/root/ws_offboard_control/src/comp_routine/src/comp_routine.cpp:6[m[K:
[1.714s] [01m[K/usr/include/c++/9/chrono:738:7:[m[K [01;36m[Knote: [m[Kcandidate: ‘[01m[Ktemplate<class _Rep1, class _Period1, class _Clock, class _Dur2> constexpr std::chrono::time_point<_Clock, typename std::common_type<std::chrono::duration<_Rep1, _Period1>, _Dur2>::type> std::chrono::operator+(const std::chrono::duration<_Rep1, _Period1>&, const std::chrono::time_point<_Clock, _Dur2>&)[m[K’
[1.714s]   738 |       [01;36m[Koperator[m[K+(const duration<_Rep1, _Period1>& __lhs,
[1.715s]       |       [01;36m[K^~~~~~~~[m[K
[1.715s] [01m[K/usr/include/c++/9/chrono:738:7:[m[K [01;36m[Knote: [m[K  template argument deduction/substitution failed:
[1.716s] [01m[K/root/ws_offboard_control/src/comp_routine/src/comp_routine.cpp:139:84:[m[K [01;36m[Knote: [m[K  mismatched types ‘[01m[Kconst std::chrono::duration<_Rep1, _Period1>[m[K’ and ‘[01m[Kint[m[K’
[1.716s]   139 |      if (std::chrono::steady_clock::now()< start + std::chrono::duration<double>(10[01;36m[K)[m[K) { // check to see if we have waited 10 secs
[1.716s]       |                                                                                    [01;36m[K^[m[K
[1.717s] In file included from [01m[K/usr/include/c++/9/bits/stl_algobase.h:67[m[K,
[1.717s]                  from [01m[K/usr/include/c++/9/algorithm:61[m[K,
[1.717s]                  from [01m[K/opt/ros/foxy/include/rosidl_runtime_cpp/bounded_vector.hpp:18[m[K,
[1.718s]                  from [01m[K/opt/motovisio/ros_ws/install/px4_msgs/include/px4_msgs/msg/detail/offboard_control_mode__struct.hpp:8[m[K,
[1.718s]                  from [01m[K/opt/motovisio/ros_ws/install/px4_msgs/include/px4_msgs/msg/offboard_control_mode.hpp:7[m[K,
[1.718s]                  from [01m[K/root/ws_offboard_control/src/comp_routine/src/comp_routine.cpp:1[m[K:
[1.718s] [01m[K/usr/include/c++/9/bits/stl_iterator.h:423:5:[m[K [01;36m[Knote: [m[Kcandidate: ‘[01m[Ktemplate<class _Iterator> std::reverse_iterator<_Iterator> std::operator+(typename std::reverse_iterator<_Iterator>::difference_type, const std::reverse_iterator<_Iterator>&)[m[K’
[1.719s]   423 |     [01;36m[Koperator[m[K+(typename reverse_iterator<_Iterator>::difference_type __n,
[1.719s]       |     [01;36m[K^~~~~~~~[m[K
[1.719s] [01m[K/usr/include/c++/9/bits/stl_iterator.h:423:5:[m[K [01;36m[Knote: [m[K  template argument deduction/substitution failed:
[1.719s] [01m[K/root/ws_offboard_control/src/comp_routine/src/comp_routine.cpp:139:84:[m[K [01;36m[Knote: [m[K  ‘[01m[Kstd::chrono::duration<double>[m[K’ is not derived from ‘[01m[Kconst std::reverse_iterator<_Iterator>[m[K’
[1.719s]   139 |      if (std::chrono::steady_clock::now()< start + std::chrono::duration<double>(10[01;36m[K)[m[K) { // check to see if we have waited 10 secs
[1.719s]       |                                                                                    [01;36m[K^[m[K
[1.719s] In file included from [01m[K/usr/include/c++/9/bits/stl_algobase.h:67[m[K,
[1.719s]                  from [01m[K/usr/include/c++/9/algorithm:61[m[K,
[1.719s]                  from [01m[K/opt/ros/foxy/include/rosidl_runtime_cpp/bounded_vector.hpp:18[m[K,
[1.719s]                  from [01m[K/opt/motovisio/ros_ws/install/px4_msgs/include/px4_msgs/msg/detail/offboard_control_mode__struct.hpp:8[m[K,
[1.719s]                  from [01m[K/opt/motovisio/ros_ws/install/px4_msgs/include/px4_msgs/msg/offboard_control_mode.hpp:7[m[K,
[1.720s]                  from [01m[K/root/ws_offboard_control/src/comp_routine/src/comp_routine.cpp:1[m[K:
[1.720s] [01m[K/usr/include/c++/9/bits/stl_iterator.h:1216:5:[m[K [01;36m[Knote: [m[Kcandidate: ‘[01m[Ktemplate<class _Iterator> std::move_iterator<_IteratorL> std::operator+(typename std::move_iterator<_IteratorL>::difference_type, const std::move_iterator<_IteratorL>&)[m[K’
[1.720s]  1216 |     [01;36m[Koperator[m[K+(typename move_iterator<_Iterator>::difference_type __n,
[1.720s]       |     [01;36m[K^~~~~~~~[m[K
[1.720s] [01m[K/usr/include/c++/9/bits/stl_iterator.h:1216:5:[m[K [01;36m[Knote: [m[K  template argument deduction/substitution failed:
[1.720s] [01m[K/root/ws_offboard_control/src/comp_routine/src/comp_routine.cpp:139:84:[m[K [01;36m[Knote: [m[K  ‘[01m[Kstd::chrono::duration<double>[m[K’ is not derived from ‘[01m[Kconst std::move_iterator<_IteratorL>[m[K’
[1.720s]   139 |      if (std::chrono::steady_clock::now()< start + std::chrono::duration<double>(10[01;36m[K)[m[K) { // check to see if we have waited 10 secs
[1.720s]       |                                                                                    [01;36m[K^[m[K
[1.720s] In file included from [01m[K/usr/include/c++/9/string:55[m[K,
[1.720s]                  from [01m[K/usr/include/c++/9/stdexcept:39[m[K,
[1.720s]                  from [01m[K/usr/include/c++/9/array:39[m[K,
[1.721s]                  from [01m[K/usr/include/c++/9/tuple:39[m[K,
[1.721s]                  from [01m[K/usr/include/c++/9/bits/unique_ptr.h:37[m[K,
[1.721s]                  from [01m[K/usr/include/c++/9/memory:80[m[K,
[1.721s]                  from [01m[K/opt/ros/foxy/include/rosidl_runtime_cpp/bounded_vector.hpp:19[m[K,
[1.721s]                  from [01m[K/opt/motovisio/ros_ws/install/px4_msgs/include/px4_msgs/msg/detail/offboard_control_mode__struct.hpp:8[m[K,
[1.721s]                  from [01m[K/opt/motovisio/ros_ws/install/px4_msgs/include/px4_msgs/msg/offboard_control_mode.hpp:7[m[K,
[1.721s]                  from [01m[K/root/ws_offboard_control/src/comp_routine/src/comp_routine.cpp:1[m[K:
[1.721s] [01m[K/usr/include/c++/9/bits/basic_string.h:6023:5:[m[K [01;36m[Knote: [m[Kcandidate: ‘[01m[Ktemplate<class _CharT, class _Traits, class _Alloc> std::__cxx11::basic_string<_CharT, _Traits, _Alloc> std::operator+(const std::__cxx11::basic_string<_CharT, _Traits, _Alloc>&, const std::__cxx11::basic_string<_CharT, _Traits, _Alloc>&)[m[K’
[1.721s]  6023 |     [01;36m[Koperator[m[K+(const basic_string<_CharT, _Traits, _Alloc>& __lhs,
[1.721s]       |     [01;36m[K^~~~~~~~[m[K
[1.721s] [01m[K/usr/include/c++/9/bits/basic_string.h:6023:5:[m[K [01;36m[Knote: [m[K  template argument deduction/substitution failed:
[1.721s] [01m[K/root/ws_offboard_control/src/comp_routine/src/comp_routine.cpp:139:84:[m[K [01;36m[Knote: [m[K  mismatched types ‘[01m[Kconst std::__cxx11::basic_string<_CharT, _Traits, _Alloc>[m[K’ and ‘[01m[Kint[m[K’
[1.722s]   139 |      if (std::chrono::steady_clock::now()< start + std::chrono::duration<double>(10[01;36m[K)[m[K) { // check to see if we have waited 10 secs
[1.722s]       |                                                                                    [01;36m[K^[m[K
[1.722s] In file included from [01m[K/usr/include/c++/9/string:56[m[K,
[1.722s]                  from [01m[K/usr/include/c++/9/stdexcept:39[m[K,
[1.722s]                  from [01m[K/usr/include/c++/9/array:39[m[K,
[1.722s]                  from [01m[K/usr/include/c++/9/tuple:39[m[K,
[1.722s]                  from [01m[K/usr/include/c++/9/bits/unique_ptr.h:37[m[K,
[1.722s]                  from [01m[K/usr/include/c++/9/memory:80[m[K,
[1.722s]                  from [01m[K/opt/ros/foxy/include/rosidl_runtime_cpp/bounded_vector.hpp:19[m[K,
[1.722s]                  from [01m[K/opt/motovisio/ros_ws/install/px4_msgs/include/px4_msgs/msg/detail/offboard_control_mode__struct.hpp:8[m[K,
[1.723s]                  from [01m[K/opt/motovisio/ros_ws/install/px4_msgs/include/px4_msgs/msg/offboard_control_mode.hpp:7[m[K,
[1.723s]                  from [01m[K/root/ws_offboard_control/src/comp_routine/src/comp_routine.cpp:1[m[K:
[1.723s] [01m[K/usr/include/c++/9/bits/basic_string.tcc:1158:5:[m[K [01;36m[Knote: [m[Kcandidate: ‘[01m[Ktemplate<class _CharT, class _Traits, class _Alloc> std::__cxx11::basic_string<_CharT, _Traits, _Alloc> std::operator+(const _CharT*, const std::__cxx11::basic_string<_CharT, _Traits, _Alloc>&)[m[K’
[1.723s]  1158 |     [01;36m[Koperator[m[K+(const _CharT* __lhs,
[1.723s]       |     [01;36m[K^~~~~~~~[m[K
[1.723s] [01m[K/usr/include/c++/9/bits/basic_string.tcc:1158:5:[m[K [01;36m[Knote: [m[K  template argument deduction/substitution failed:
[1.723s] [01m[K/root/ws_offboard_control/src/comp_routine/src/comp_routine.cpp:139:84:[m[K [01;36m[Knote: [m[K  mismatched types ‘[01m[Kconst _CharT*[m[K’ and ‘[01m[Kint[m[K’
[1.723s]   139 |      if (std::chrono::steady_clock::now()< start + std::chrono::duration<double>(10[01;36m[K)[m[K) { // check to see if we have waited 10 secs
[1.723s]       |                                                                                    [01;36m[K^[m[K
[1.723s] In file included from [01m[K/usr/include/c++/9/string:56[m[K,
[1.724s]                  from [01m[K/usr/include/c++/9/stdexcept:39[m[K,
[1.724s]                  from [01m[K/usr/include/c++/9/array:39[m[K,
[1.724s]                  from [01m[K/usr/include/c++/9/tuple:39[m[K,
[1.724s]                  from [01m[K/usr/include/c++/9/bits/unique_ptr.h:37[m[K,
[1.724s]                  from [01m[K/usr/include/c++/9/memory:80[m[K,
[1.724s]                  from [01m[K/opt/ros/foxy/include/rosidl_runtime_cpp/bounded_vector.hpp:19[m[K,
[1.724s]                  from [01m[K/opt/motovisio/ros_ws/install/px4_msgs/include/px4_msgs/msg/detail/offboard_control_mode__struct.hpp:8[m[K,
[1.724s]                  from [01m[K/opt/motovisio/ros_ws/install/px4_msgs/include/px4_msgs/msg/offboard_control_mode.hpp:7[m[K,
[1.724s]                  from [01m[K/root/ws_offboard_control/src/comp_routine/src/comp_routine.cpp:1[m[K:
[1.724s] [01m[K/usr/include/c++/9/bits/basic_string.tcc:1174:5:[m[K [01;36m[Knote: [m[Kcandidate: ‘[01m[Ktemplate<class _CharT, class _Traits, class _Alloc> std::__cxx11::basic_string<_CharT, _Traits, _Alloc> std::operator+(_CharT, const std::__cxx11::basic_string<_CharT, _Traits, _Alloc>&)[m[K’
[1.725s]  1174 |     [01;36m[Koperator[m[K+(_CharT __lhs, const basic_string<_CharT, _Traits, _Alloc>& __rhs)
[1.725s]       |     [01;36m[K^~~~~~~~[m[K
[1.725s] [01m[K/usr/include/c++/9/bits/basic_string.tcc:1174:5:[m[K [01;36m[Knote: [m[K  template argument deduction/substitution failed:
[1.725s] [01m[K/root/ws_offboard_control/src/comp_routine/src/comp_routine.cpp:139:84:[m[K [01;36m[Knote: [m[K  ‘[01m[Kstd::chrono::duration<double>[m[K’ is not derived from ‘[01m[Kconst std::__cxx11::basic_string<_CharT, _Traits, _Alloc>[m[K’
[1.725s]   139 |      if (std::chrono::steady_clock::now()< start + std::chrono::duration<double>(10[01;36m[K)[m[K) { // check to see if we have waited 10 secs
[1.725s]       |                                                                                    [01;36m[K^[m[K
[1.725s] In file included from [01m[K/usr/include/c++/9/string:55[m[K,
[1.725s]                  from [01m[K/usr/include/c++/9/stdexcept:39[m[K,
[1.725s]                  from [01m[K/usr/include/c++/9/array:39[m[K,
[1.725s]                  from [01m[K/usr/include/c++/9/tuple:39[m[K,
[1.725s]                  from [01m[K/usr/include/c++/9/bits/unique_ptr.h:37[m[K,
[1.726s]                  from [01m[K/usr/include/c++/9/memory:80[m[K,
[1.726s]                  from [01m[K/opt/ros/foxy/include/rosidl_runtime_cpp/bounded_vector.hpp:19[m[K,
[1.726s]                  from [01m[K/opt/motovisio/ros_ws/install/px4_msgs/include/px4_msgs/msg/detail/offboard_control_mode__struct.hpp:8[m[K,
[1.726s]                  from [01m[K/opt/motovisio/ros_ws/install/px4_msgs/include/px4_msgs/msg/offboard_control_mode.hpp:7[m[K,
[1.726s]                  from [01m[K/root/ws_offboard_control/src/comp_routine/src/comp_routine.cpp:1[m[K:
[1.726s] [01m[K/usr/include/c++/9/bits/basic_string.h:6060:5:[m[K [01;36m[Knote: [m[Kcandidate: ‘[01m[Ktemplate<class _CharT, class _Traits, class _Alloc> std::__cxx11::basic_string<_CharT, _Traits, _Alloc> std::operator+(const std::__cxx11::basic_string<_CharT, _Traits, _Alloc>&, const _CharT*)[m[K’
[1.726s]  6060 |     [01;36m[Koperator[m[K+(const basic_string<_CharT, _Traits, _Alloc>& __lhs,
[1.726s]       |     [01;36m[K^~~~~~~~[m[K
[1.726s] [01m[K/usr/include/c++/9/bits/basic_string.h:6060:5:[m[K [01;36m[Knote: [m[K  template argument deduction/substitution failed:
[1.726s] [01m[K/root/ws_offboard_control/src/comp_routine/src/comp_routine.cpp:139:84:[m[K [01;36m[Knote: [m[K  mismatched types ‘[01m[Kconst std::__cxx11::basic_string<_CharT, _Traits, _Alloc>[m[K’ and ‘[01m[Kint[m[K’
[1.726s]   139 |      if (std::chrono::steady_clock::now()< start + std::chrono::duration<double>(10[01;36m[K)[m[K) { // check to see if we have waited 10 secs
[1.727s]       |                                                                                    [01;36m[K^[m[K
[1.727s] In file included from [01m[K/usr/include/c++/9/string:55[m[K,
[1.727s]                  from [01m[K/usr/include/c++/9/stdexcept:39[m[K,
[1.727s]                  from [01m[K/usr/include/c++/9/array:39[m[K,
[1.727s]                  from [01m[K/usr/include/c++/9/tuple:39[m[K,
[1.727s]                  from [01m[K/usr/include/c++/9/bits/unique_ptr.h:37[m[K,
[1.727s]                  from [01m[K/usr/include/c++/9/memory:80[m[K,
[1.727s]                  from [01m[K/opt/ros/foxy/include/rosidl_runtime_cpp/bounded_vector.hpp:19[m[K,
[1.727s]                  from [01m[K/opt/motovisio/ros_ws/install/px4_msgs/include/px4_msgs/msg/detail/offboard_control_mode__struct.hpp:8[m[K,
[1.727s]                  from [01m[K/opt/motovisio/ros_ws/install/px4_msgs/include/px4_msgs/msg/offboard_control_mode.hpp:7[m[K,
[1.728s]                  from [01m[K/root/ws_offboard_control/src/comp_routine/src/comp_routine.cpp:1[m[K:
[1.728s] [01m[K/usr/include/c++/9/bits/basic_string.h:6076:5:[m[K [01;36m[Knote: [m[Kcandidate: ‘[01m[Ktemplate<class _CharT, class _Traits, class _Alloc> std::__cxx11::basic_string<_CharT, _Traits, _Alloc> std::operator+(const std::__cxx11::basic_string<_CharT, _Traits, _Alloc>&, _CharT)[m[K’
[1.728s]  6076 |     [01;36m[Koperator[m[K+(const basic_string<_CharT, _Traits, _Alloc>& __lhs, _CharT __rhs)
[1.728s]       |     [01;36m[K^~~~~~~~[m[K
[1.728s] [01m[K/usr/include/c++/9/bits/basic_string.h:6076:5:[m[K [01;36m[Knote: [m[K  template argument deduction/substitution failed:
[1.728s] [01m[K/root/ws_offboard_control/src/comp_routine/src/comp_routine.cpp:139:84:[m[K [01;36m[Knote: [m[K  mismatched types ‘[01m[Kconst std::__cxx11::basic_string<_CharT, _Traits, _Alloc>[m[K’ and ‘[01m[Kint[m[K’
[1.728s]   139 |      if (std::chrono::steady_clock::now()< start + std::chrono::duration<double>(10[01;36m[K)[m[K) { // check to see if we have waited 10 secs
[1.728s]       |                                                                                    [01;36m[K^[m[K
[1.728s] In file included from [01m[K/usr/include/c++/9/string:55[m[K,
[1.728s]                  from [01m[K/usr/include/c++/9/stdexcept:39[m[K,
[1.728s]                  from [01m[K/usr/include/c++/9/array:39[m[K,
[1.729s]                  from [01m[K/usr/include/c++/9/tuple:39[m[K,
[1.729s]                  from [01m[K/usr/include/c++/9/bits/unique_ptr.h:37[m[K,
[1.729s]                  from [01m[K/usr/include/c++/9/memory:80[m[K,
[1.729s]                  from [01m[K/opt/ros/foxy/include/rosidl_runtime_cpp/bounded_vector.hpp:19[m[K,
[1.729s]                  from [01m[K/opt/motovisio/ros_ws/install/px4_msgs/include/px4_msgs/msg/detail/offboard_control_mode__struct.hpp:8[m[K,
[1.729s]                  from [01m[K/opt/motovisio/ros_ws/install/px4_msgs/include/px4_msgs/msg/offboard_control_mode.hpp:7[m[K,
[1.729s]                  from [01m[K/root/ws_offboard_control/src/comp_routine/src/comp_routine.cpp:1[m[K:
[1.729s] [01m[K/usr/include/c++/9/bits/basic_string.h:6088:5:[m[K [01;36m[Knote: [m[Kcandidate: ‘[01m[Ktemplate<class _CharT, class _Traits, class _Alloc> std::__cxx11::basic_string<_CharT, _Traits, _Alloc> std::operator+(std::__cxx11::basic_string<_CharT, _Traits, _Alloc>&&, const std::__cxx11::basic_string<_CharT, _Traits, _Alloc>&)[m[K’
[1.729s]  6088 |     [01;36m[Koperator[m[K+(basic_string<_CharT, _Traits, _Alloc>&& __lhs,
[1.729s]       |     [01;36m[K^~~~~~~~[m[K
[1.729s] [01m[K/usr/include/c++/9/bits/basic_string.h:6088:5:[m[K [01;36m[Knote: [m[K  template argument deduction/substitution failed:
[1.729s] [01m[K/root/ws_offboard_control/src/comp_routine/src/comp_routine.cpp:139:84:[m[K [01;36m[Knote: [m[K  mismatched types ‘[01m[Kstd::__cxx11::basic_string<_CharT, _Traits, _Alloc>[m[K’ and ‘[01m[Kint[m[K’
[1.730s]   139 |      if (std::chrono::steady_clock::now()< start + std::chrono::duration<double>(10[01;36m[K)[m[K) { // check to see if we have waited 10 secs
[1.730s]       |                                                                                    [01;36m[K^[m[K
[1.730s] In file included from [01m[K/usr/include/c++/9/string:55[m[K,
[1.730s]                  from [01m[K/usr/include/c++/9/stdexcept:39[m[K,
[1.730s]                  from [01m[K/usr/include/c++/9/array:39[m[K,
[1.730s]                  from [01m[K/usr/include/c++/9/tuple:39[m[K,
[1.730s]                  from [01m[K/usr/include/c++/9/bits/unique_ptr.h:37[m[K,
[1.730s]                  from [01m[K/usr/include/c++/9/memory:80[m[K,
[1.730s]                  from [01m[K/opt/ros/foxy/include/rosidl_runtime_cpp/bounded_vector.hpp:19[m[K,
[1.730s]                  from [01m[K/opt/motovisio/ros_ws/install/px4_msgs/include/px4_msgs/msg/detail/offboard_control_mode__struct.hpp:8[m[K,
[1.731s]                  from [01m[K/opt/motovisio/ros_ws/install/px4_msgs/include/px4_msgs/msg/offboard_control_mode.hpp:7[m[K,
[1.731s]                  from [01m[K/root/ws_offboard_control/src/comp_routine/src/comp_routine.cpp:1[m[K:
[1.731s] [01m[K/usr/include/c++/9/bits/basic_string.h:6094:5:[m[K [01;36m[Knote: [m[Kcandidate: ‘[01m[Ktemplate<class _CharT, class _Traits, class _Alloc> std::__cxx11::basic_string<_CharT, _Traits, _Alloc> std::operator+(const std::__cxx11::basic_string<_CharT, _Traits, _Alloc>&, std::__cxx11::basic_string<_CharT, _Traits, _Alloc>&&)[m[K’
[1.731s]  6094 |     [01;36m[Koperator[m[K+(const basic_string<_CharT, _Traits, _Alloc>& __lhs,
[1.731s]       |     [01;36m[K^~~~~~~~[m[K
[1.731s] [01m[K/usr/include/c++/9/bits/basic_string.h:6094:5:[m[K [01;36m[Knote: [m[K  template argument deduction/substitution failed:
[1.731s] [01m[K/root/ws_offboard_control/src/comp_routine/src/comp_routine.cpp:139:84:[m[K [01;36m[Knote: [m[K  mismatched types ‘[01m[Kconst std::__cxx11::basic_string<_CharT, _Traits, _Alloc>[m[K’ and ‘[01m[Kint[m[K’
[1.731s]   139 |      if (std::chrono::steady_clock::now()< start + std::chrono::duration<double>(10[01;36m[K)[m[K) { // check to see if we have waited 10 secs
[1.731s]       |                                                                                    [01;36m[K^[m[K
[1.731s] In file included from [01m[K/usr/include/c++/9/string:55[m[K,
[1.731s]                  from [01m[K/usr/include/c++/9/stdexcept:39[m[K,
[1.732s]                  from [01m[K/usr/include/c++/9/array:39[m[K,
[1.732s]                  from [01m[K/usr/include/c++/9/tuple:39[m[K,
[1.732s]                  from [01m[K/usr/include/c++/9/bits/unique_ptr.h:37[m[K,
[1.732s]                  from [01m[K/usr/include/c++/9/memory:80[m[K,
[1.732s]                  from [01m[K/opt/ros/foxy/include/rosidl_runtime_cpp/bounded_vector.hpp:19[m[K,
[1.732s]                  from [01m[K/opt/motovisio/ros_ws/install/px4_msgs/include/px4_msgs/msg/detail/offboard_control_mode__struct.hpp:8[m[K,
[1.732s]                  from [01m[K/opt/motovisio/ros_ws/install/px4_msgs/include/px4_msgs/msg/offboard_control_mode.hpp:7[m[K,
[1.732s]                  from [01m[K/root/ws_offboard_control/src/comp_routine/src/comp_routine.cpp:1[m[K:
[1.732s] [01m[K/usr/include/c++/9/bits/basic_string.h:6100:5:[m[K [01;36m[Knote: [m[Kcandidate: ‘[01m[Ktemplate<class _CharT, class _Traits, class _Alloc> std::__cxx11::basic_string<_CharT, _Traits, _Alloc> std::operator+(std::__cxx11::basic_string<_CharT, _Traits, _Alloc>&&, std::__cxx11::basic_string<_CharT, _Traits, _Alloc>&&)[m[K’
[1.732s]  6100 |     [01;36m[Koperator[m[K+(basic_string<_CharT, _Traits, _Alloc>&& __lhs,
[1.732s]       |     [01;36m[K^~~~~~~~[m[K
[1.732s] [01m[K/usr/include/c++/9/bits/basic_string.h:6100:5:[m[K [01;36m[Knote: [m[K  template argument deduction/substitution failed:
[1.733s] [01m[K/root/ws_offboard_control/src/comp_routine/src/comp_routine.cpp:139:84:[m[K [01;36m[Knote: [m[K  mismatched types ‘[01m[Kstd::__cxx11::basic_string<_CharT, _Traits, _Alloc>[m[K’ and ‘[01m[Kint[m[K’
[1.733s]   139 |      if (std::chrono::steady_clock::now()< start + std::chrono::duration<double>(10[01;36m[K)[m[K) { // check to see if we have waited 10 secs
[1.733s]       |                                                                                    [01;36m[K^[m[K
[1.733s] In file included from [01m[K/usr/include/c++/9/string:55[m[K,
[1.733s]                  from [01m[K/usr/include/c++/9/stdexcept:39[m[K,
[1.733s]                  from [01m[K/usr/include/c++/9/array:39[m[K,
[1.733s]                  from [01m[K/usr/include/c++/9/tuple:39[m[K,
[1.733s]                  from [01m[K/usr/include/c++/9/bits/unique_ptr.h:37[m[K,
[1.733s]                  from [01m[K/usr/include/c++/9/memory:80[m[K,
[1.733s]                  from [01m[K/opt/ros/foxy/include/rosidl_runtime_cpp/bounded_vector.hpp:19[m[K,
[1.733s]                  from [01m[K/opt/motovisio/ros_ws/install/px4_msgs/include/px4_msgs/msg/detail/offboard_control_mode__struct.hpp:8[m[K,
[1.734s]                  from [01m[K/opt/motovisio/ros_ws/install/px4_msgs/include/px4_msgs/msg/offboard_control_mode.hpp:7[m[K,
[1.734s]                  from [01m[K/root/ws_offboard_control/src/comp_routine/src/comp_routine.cpp:1[m[K:
[1.734s] [01m[K/usr/include/c++/9/bits/basic_string.h:6112:5:[m[K [01;36m[Knote: [m[Kcandidate: ‘[01m[Ktemplate<class _CharT, class _Traits, class _Alloc> std::__cxx11::basic_string<_CharT, _Traits, _Alloc> std::operator+(const _CharT*, std::__cxx11::basic_string<_CharT, _Traits, _Alloc>&&)[m[K’
[1.734s]  6112 |     [01;36m[Koperator[m[K+(const _CharT* __lhs,
[1.734s]       |     [01;36m[K^~~~~~~~[m[K
[1.734s] [01m[K/usr/include/c++/9/bits/basic_string.h:6112:5:[m[K [01;36m[Knote: [m[K  template argument deduction/substitution failed:
[1.734s] [01m[K/root/ws_offboard_control/src/comp_routine/src/comp_routine.cpp:139:84:[m[K [01;36m[Knote: [m[K  mismatched types ‘[01m[Kconst _CharT*[m[K’ and ‘[01m[Kint[m[K’
[1.734s]   139 |      if (std::chrono::steady_clock::now()< start + std::chrono::duration<double>(10[01;36m[K)[m[K) { // check to see if we have waited 10 secs
[1.734s]       |                                                                                    [01;36m[K^[m[K
[1.734s] In file included from [01m[K/usr/include/c++/9/string:55[m[K,
[1.735s]                  from [01m[K/usr/include/c++/9/stdexcept:39[m[K,
[1.735s]                  from [01m[K/usr/include/c++/9/array:39[m[K,
[1.735s]                  from [01m[K/usr/include/c++/9/tuple:39[m[K,
[1.735s]                  from [01m[K/usr/include/c++/9/bits/unique_ptr.h:37[m[K,
[1.735s]                  from [01m[K/usr/include/c++/9/memory:80[m[K,
[1.735s]                  from [01m[K/opt/ros/foxy/include/rosidl_runtime_cpp/bounded_vector.hpp:19[m[K,
[1.735s]                  from [01m[K/opt/motovisio/ros_ws/install/px4_msgs/include/px4_msgs/msg/detail/offboard_control_mode__struct.hpp:8[m[K,
[1.735s]                  from [01m[K/opt/motovisio/ros_ws/install/px4_msgs/include/px4_msgs/msg/offboard_control_mode.hpp:7[m[K,
[1.735s]                  from [01m[K/root/ws_offboard_control/src/comp_routine/src/comp_routine.cpp:1[m[K:
[1.735s] [01m[K/usr/include/c++/9/bits/basic_string.h:6118:5:[m[K [01;36m[Knote: [m[Kcandidate: ‘[01m[Ktemplate<class _CharT, class _Traits, class _Alloc> std::__cxx11::basic_string<_CharT, _Traits, _Alloc> std::operator+(_CharT, std::__cxx11::basic_string<_CharT, _Traits, _Alloc>&&)[m[K’
[1.736s]  6118 |     [01;36m[Koperator[m[K+(_CharT __lhs,
[1.736s]       |     [01;36m[K^~~~~~~~[m[K
[1.736s] [01m[K/usr/include/c++/9/bits/basic_string.h:6118:5:[m[K [01;36m[Knote: [m[K  template argument deduction/substitution failed:
[1.736s] [01m[K/root/ws_offboard_control/src/comp_routine/src/comp_routine.cpp:139:84:[m[K [01;36m[Knote: [m[K  ‘[01m[Kstd::chrono::duration<double>[m[K’ is not derived from ‘[01m[Kstd::__cxx11::basic_string<_CharT, _Traits, _Alloc>[m[K’
[1.736s]   139 |      if (std::chrono::steady_clock::now()< start + std::chrono::duration<double>(10[01;36m[K)[m[K) { // check to see if we have waited 10 secs
[1.737s]       |                                                                                    [01;36m[K^[m[K
[1.737s] In file included from [01m[K/usr/include/c++/9/string:55[m[K,
[1.737s]                  from [01m[K/usr/include/c++/9/stdexcept:39[m[K,
[1.737s]                  from [01m[K/usr/include/c++/9/array:39[m[K,
[1.737s]                  from [01m[K/usr/include/c++/9/tuple:39[m[K,
[1.737s]                  from [01m[K/usr/include/c++/9/bits/unique_ptr.h:37[m[K,
[1.737s]                  from [01m[K/usr/include/c++/9/memory:80[m[K,
[1.737s]                  from [01m[K/opt/ros/foxy/include/rosidl_runtime_cpp/bounded_vector.hpp:19[m[K,
[1.737s]                  from [01m[K/opt/motovisio/ros_ws/install/px4_msgs/include/px4_msgs/msg/detail/offboard_control_mode__struct.hpp:8[m[K,
[1.737s]                  from [01m[K/opt/motovisio/ros_ws/install/px4_msgs/include/px4_msgs/msg/offboard_control_mode.hpp:7[m[K,
[1.738s]                  from [01m[K/root/ws_offboard_control/src/comp_routine/src/comp_routine.cpp:1[m[K:
[1.738s] [01m[K/usr/include/c++/9/bits/basic_string.h:6124:5:[m[K [01;36m[Knote: [m[Kcandidate: ‘[01m[Ktemplate<class _CharT, class _Traits, class _Alloc> std::__cxx11::basic_string<_CharT, _Traits, _Alloc> std::operator+(std::__cxx11::basic_string<_CharT, _Traits, _Alloc>&&, const _CharT*)[m[K’
[1.738s]  6124 |     [01;36m[Koperator[m[K+(basic_string<_CharT, _Traits, _Alloc>&& __lhs,
[1.738s]       |     [01;36m[K^~~~~~~~[m[K
[1.738s] [01m[K/usr/include/c++/9/bits/basic_string.h:6124:5:[m[K [01;36m[Knote: [m[K  template argument deduction/substitution failed:
[1.738s] [01m[K/root/ws_offboard_control/src/comp_routine/src/comp_routine.cpp:139:84:[m[K [01;36m[Knote: [m[K  mismatched types ‘[01m[Kstd::__cxx11::basic_string<_CharT, _Traits, _Alloc>[m[K’ and ‘[01m[Kint[m[K’
[1.738s]   139 |      if (std::chrono::steady_clock::now()< start + std::chrono::duration<double>(10[01;36m[K)[m[K) { // check to see if we have waited 10 secs
[1.738s]       |                                                                                    [01;36m[K^[m[K
[1.738s] In file included from [01m[K/usr/include/c++/9/string:55[m[K,
[1.738s]                  from [01m[K/usr/include/c++/9/stdexcept:39[m[K,
[1.739s]                  from [01m[K/usr/include/c++/9/array:39[m[K,
[1.739s]                  from [01m[K/usr/include/c++/9/tuple:39[m[K,
[1.739s]                  from [01m[K/usr/include/c++/9/bits/unique_ptr.h:37[m[K,
[1.739s]                  from [01m[K/usr/include/c++/9/memory:80[m[K,
[1.739s]                  from [01m[K/opt/ros/foxy/include/rosidl_runtime_cpp/bounded_vector.hpp:19[m[K,
[1.739s]                  from [01m[K/opt/motovisio/ros_ws/install/px4_msgs/include/px4_msgs/msg/detail/offboard_control_mode__struct.hpp:8[m[K,
[1.739s]                  from [01m[K/opt/motovisio/ros_ws/install/px4_msgs/include/px4_msgs/msg/offboard_control_mode.hpp:7[m[K,
[1.739s]                  from [01m[K/root/ws_offboard_control/src/comp_routine/src/comp_routine.cpp:1[m[K:
[1.739s] [01m[K/usr/include/c++/9/bits/basic_string.h:6130:5:[m[K [01;36m[Knote: [m[Kcandidate: ‘[01m[Ktemplate<class _CharT, class _Traits, class _Alloc> std::__cxx11::basic_string<_CharT, _Traits, _Alloc> std::operator+(std::__cxx11::basic_string<_CharT, _Traits, _Alloc>&&, _CharT)[m[K’
[1.739s]  6130 |     [01;36m[Koperator[m[K+(basic_string<_CharT, _Traits, _Alloc>&& __lhs,
[1.739s]       |     [01;36m[K^~~~~~~~[m[K
[1.740s] [01m[K/usr/include/c++/9/bits/basic_string.h:6130:5:[m[K [01;36m[Knote: [m[K  template argument deduction/substitution failed:
[1.740s] [01m[K/root/ws_offboard_control/src/comp_routine/src/comp_routine.cpp:139:84:[m[K [01;36m[Knote: [m[K  mismatched types ‘[01m[Kstd::__cxx11::basic_string<_CharT, _Traits, _Alloc>[m[K’ and ‘[01m[Kint[m[K’
[1.740s]   139 |      if (std::chrono::steady_clock::now()< start + std::chrono::duration<double>(10[01;36m[K)[m[K) { // check to see if we have waited 10 secs
[1.740s]       |                                                                                    [01;36m[K^[m[K
[1.740s] In file included from [01m[K/usr/include/c++/9/vector:68[m[K,
[1.740s]                  from [01m[K/opt/ros/foxy/include/rosidl_runtime_cpp/bounded_vector.hpp:22[m[K,
[1.740s]                  from [01m[K/opt/motovisio/ros_ws/install/px4_msgs/include/px4_msgs/msg/detail/offboard_control_mode__struct.hpp:8[m[K,
[1.740s]                  from [01m[K/opt/motovisio/ros_ws/install/px4_msgs/include/px4_msgs/msg/offboard_control_mode.hpp:7[m[K,
[1.740s]                  from [01m[K/root/ws_offboard_control/src/comp_routine/src/comp_routine.cpp:1[m[K:
[1.740s] [01m[K/usr/include/c++/9/bits/stl_bvector.h:303:3:[m[K [01;36m[Knote: [m[Kcandidate: ‘[01m[Kstd::_Bit_iterator std::operator+(std::ptrdiff_t, const std::_Bit_iterator&)[m[K’
[1.740s]   303 |   [01;36m[Koperator[m[K+(ptrdiff_t __n, const _Bit_iterator& __x)
[1.741s]       |   [01;36m[K^~~~~~~~[m[K
[1.741s] [01m[K/usr/include/c++/9/bits/stl_bvector.h:303:49:[m[K [01;36m[Knote: [m[K  no known conversion for argument 2 from ‘[01m[Kstd::chrono::duration<double>[m[K’ to ‘[01m[Kconst std::_Bit_iterator&[m[K’
[1.741s]   303 |   operator+(ptrdiff_t __n, [01;36m[Kconst _Bit_iterator& __x[m[K)
[1.741s]       |                            [01;36m[K~~~~~~~~~~~~~~~~~~~~~^~~[m[K
[1.741s] [01m[K/usr/include/c++/9/bits/stl_bvector.h:393:3:[m[K [01;36m[Knote: [m[Kcandidate: ‘[01m[Kstd::_Bit_const_iterator std::operator+(std::ptrdiff_t, const std::_Bit_const_iterator&)[m[K’
[1.741s]   393 |   [01;36m[Koperator[m[K+(ptrdiff_t __n, const _Bit_const_iterator& __x)
[1.741s]       |   [01;36m[K^~~~~~~~[m[K
[1.741s] [01m[K/usr/include/c++/9/bits/stl_bvector.h:393:55:[m[K [01;36m[Knote: [m[K  no known conversion for argument 2 from ‘[01m[Kstd::chrono::duration<double>[m[K’ to ‘[01m[Kconst std::_Bit_const_iterator&[m[K’
[1.741s]   393 |   operator+(ptrdiff_t __n, [01;36m[Kconst _Bit_const_iterator& __x[m[K)
[1.741s]       |                            [01;36m[K~~~~~~~~~~~~~~~~~~~~~~~~~~~^~~[m[K
[1.741s] [01m[K/root/ws_offboard_control/src/comp_routine/src/comp_routine.cpp:140:45:[m[K [01;31m[Kerror: [m[Kcannot convert ‘[01m[Kstd::chrono::_V2::steady_clock::time_point[m[K’ {aka ‘[01m[Kstd::chrono::time_point<std::chrono::_V2::steady_clock, std::chrono::duration<long int, std::ratio<1, 1000000000> > >[m[K’} to ‘[01m[Kint[m[K’ in assignment
[1.742s]   140 |       start = [01;31m[Kstd::chrono::steady_clock::now()[m[K; // Reset the start time
[1.742s]       |               [01;31m[K~~~~~~~~~~~~~~~~~~~~~~~~~~~~~~^~[m[K
[1.742s]       |                                             [01;31m[K|[m[K
[1.742s]       |                                             [01;31m[Kstd::chrono::_V2::steady_clock::time_point {aka std::chrono::time_point<std::chrono::_V2::steady_clock, std::chrono::duration<long int, std::ratio<1, 1000000000> > >}[m[K
[1.742s] [01m[K/root/ws_offboard_control/src/comp_routine/src/comp_routine.cpp:147:50:[m[K [01;31m[Kerror: [m[Kno match for ‘[01m[Koperator+[m[K’ (operand types are ‘[01m[Kint[m[K’ and ‘[01m[Kstd::chrono::duration<double>[m[K’)
[1.742s]   147 |      if (std::chrono::steady_clock::now()< [32m[Kstart[m[K [01;31m[K+[m[K std::chrono::[34m[Kduration<double>(10)[m[K) { // check to see if we have waited 10 secs
[1.742s]       |                                            [32m[K~~~~~[m[K [01;31m[K^[m[K              [34m[K~~~~~~~~~~~~~~~~~~~~[m[K
[1.742s]       |                                            [32m[K|[m[K                    [34m[K|[m[K
[1.742s]       |                                            [32m[Kint[m[K                  [34m[Kstd::chrono::duration<double>[m[K
[1.742s] In file included from [01m[K/usr/include/c++/9/mutex:39[m[K,
[1.743s]                  from [01m[K/usr/include/c++/9/future:38[m[K,
[1.743s]                  from [01m[K/opt/ros/foxy/include/rclcpp/executors.hpp:18[m[K,
[1.743s]                  from [01m[K/opt/ros/foxy/include/rclcpp/rclcpp.hpp:146[m[K,
[1.743s]                  from [01m[K/root/ws_offboard_control/src/comp_routine/src/comp_routine.cpp:6[m[K:
[1.743s] [01m[K/usr/include/c++/9/chrono:450:7:[m[K [01;36m[Knote: [m[Kcandidate: ‘[01m[Ktemplate<class _Rep1, class _Period1, class _Rep2, class _Period2> constexpr typename std::common_type<std::chrono::duration<_Rep1, _Period1>, std::chrono::duration<_Rep2, _Period2> >::type std::chrono::operator+(const std::chrono::duration<_Rep1, _Period1>&, const std::chrono::duration<_Rep2, _Period2>&)[m[K’
[1.743s]   450 |       [01;36m[Koperator[m[K+(const duration<_Rep1, _Period1>& __lhs,
[1.743s]       |       [01;36m[K^~~~~~~~[m[K
[1.743s] [01m[K/usr/include/c++/9/chrono:450:7:[m[K [01;36m[Knote: [m[K  template argument deduction/substitution failed:
[1.743s] [01m[K/root/ws_offboard_control/src/comp_routine/src/comp_routine.cpp:147:84:[m[K [01;36m[Knote: [m[K  mismatched types ‘[01m[Kconst std::chrono::duration<_Rep1, _Period1>[m[K’ and ‘[01m[Kint[m[K’
[1.743s]   147 |      if (std::chrono::steady_clock::now()< start + std::chrono::duration<double>(10[01;36m[K)[m[K) { // check to see if we have waited 10 secs
[1.743s]       |                                                                                    [01;36m[K^[m[K
[1.744s] In file included from [01m[K/usr/include/c++/9/mutex:39[m[K,
[1.744s]                  from [01m[K/usr/include/c++/9/future:38[m[K,
[1.744s]                  from [01m[K/opt/ros/foxy/include/rclcpp/executors.hpp:18[m[K,
[1.744s]                  from [01m[K/opt/ros/foxy/include/rclcpp/rclcpp.hpp:146[m[K,
[1.744s]                  from [01m[K/root/ws_offboard_control/src/comp_routine/src/comp_routine.cpp:6[m[K:
[1.744s] [01m[K/usr/include/c++/9/chrono:725:7:[m[K [01;36m[Knote: [m[Kcandidate: ‘[01m[Ktemplate<class _Clock, class _Dur1, class _Rep2, class _Period2> constexpr std::chrono::time_point<_Clock, typename std::common_type<_Dur1, std::chrono::duration<_Rep2, _Period2> >::type> std::chrono::operator+(const std::chrono::time_point<_Clock, _Duration1>&, const std::chrono::duration<_Rep2, _Period2>&)[m[K’
[1.744s]   725 |       [01;36m[Koperator[m[K+(const time_point<_Clock, _Dur1>& __lhs,
[1.744s]       |       [01;36m[K^~~~~~~~[m[K
[1.744s] [01m[K/usr/include/c++/9/chrono:725:7:[m[K [01;36m[Knote: [m[K  template argument deduction/substitution failed:
[1.744s] [01m[K/root/ws_offboard_control/src/comp_routine/src/comp_routine.cpp:147:84:[m[K [01;36m[Knote: [m[K  mismatched types ‘[01m[Kconst std::chrono::time_point<_Clock, _Duration1>[m[K’ and ‘[01m[Kint[m[K’
[1.745s]   147 |      if (std::chrono::steady_clock::now()< start + std::chrono::duration<double>(10[01;36m[K)[m[K) { // check to see if we have waited 10 secs
[1.745s]       |                                                                                    [01;36m[K^[m[K
[1.745s] In file included from [01m[K/usr/include/c++/9/mutex:39[m[K,
[1.745s]                  from [01m[K/usr/include/c++/9/future:38[m[K,
[1.745s]                  from [01m[K/opt/ros/foxy/include/rclcpp/executors.hpp:18[m[K,
[1.745s]                  from [01m[K/opt/ros/foxy/include/rclcpp/rclcpp.hpp:146[m[K,
[1.745s]                  from [01m[K/root/ws_offboard_control/src/comp_routine/src/comp_routine.cpp:6[m[K:
[1.745s] [01m[K/usr/include/c++/9/chrono:738:7:[m[K [01;36m[Knote: [m[Kcandidate: ‘[01m[Ktemplate<class _Rep1, class _Period1, class _Clock, class _Dur2> constexpr std::chrono::time_point<_Clock, typename std::common_type<std::chrono::duration<_Rep1, _Period1>, _Dur2>::type> std::chrono::operator+(const std::chrono::duration<_Rep1, _Period1>&, const std::chrono::time_point<_Clock, _Dur2>&)[m[K’
[1.745s]   738 |       [01;36m[Koperator[m[K+(const duration<_Rep1, _Period1>& __lhs,
[1.745s]       |       [01;36m[K^~~~~~~~[m[K
[1.745s] [01m[K/usr/include/c++/9/chrono:738:7:[m[K [01;36m[Knote: [m[K  template argument deduction/substitution failed:
[1.746s] [01m[K/root/ws_offboard_control/src/comp_routine/src/comp_routine.cpp:147:84:[m[K [01;36m[Knote: [m[K  mismatched types ‘[01m[Kconst std::chrono::duration<_Rep1, _Period1>[m[K’ and ‘[01m[Kint[m[K’
[1.746s]   147 |      if (std::chrono::steady_clock::now()< start + std::chrono::duration<double>(10[01;36m[K)[m[K) { // check to see if we have waited 10 secs
[1.746s]       |                                                                                    [01;36m[K^[m[K
[1.746s] In file included from [01m[K/usr/include/c++/9/bits/stl_algobase.h:67[m[K,
[1.746s]                  from [01m[K/usr/include/c++/9/algorithm:61[m[K,
[1.746s]                  from [01m[K/opt/ros/foxy/include/rosidl_runtime_cpp/bounded_vector.hpp:18[m[K,
[1.746s]                  from [01m[K/opt/motovisio/ros_ws/install/px4_msgs/include/px4_msgs/msg/detail/offboard_control_mode__struct.hpp:8[m[K,
[1.746s]                  from [01m[K/opt/motovisio/ros_ws/install/px4_msgs/include/px4_msgs/msg/offboard_control_mode.hpp:7[m[K,
[1.746s]                  from [01m[K/root/ws_offboard_control/src/comp_routine/src/comp_routine.cpp:1[m[K:
[1.746s] [01m[K/usr/include/c++/9/bits/stl_iterator.h:423:5:[m[K [01;36m[Knote: [m[Kcandidate: ‘[01m[Ktemplate<class _Iterator> std::reverse_iterator<_Iterator> std::operator+(typename std::reverse_iterator<_Iterator>::difference_type, const std::reverse_iterator<_Iterator>&)[m[K’
[1.747s]   423 |     [01;36m[Koperator[m[K+(typename reverse_iterator<_Iterator>::difference_type __n,
[1.747s]       |     [01;36m[K^~~~~~~~[m[K
[1.747s] [01m[K/usr/include/c++/9/bits/stl_iterator.h:423:5:[m[K [01;36m[Knote: [m[K  template argument deduction/substitution failed:
[1.747s] [01m[K/root/ws_offboard_control/src/comp_routine/src/comp_routine.cpp:147:84:[m[K [01;36m[Knote: [m[K  ‘[01m[Kstd::chrono::duration<double>[m[K’ is not derived from ‘[01m[Kconst std::reverse_iterator<_Iterator>[m[K’
[1.747s]   147 |      if (std::chrono::steady_clock::now()< start + std::chrono::duration<double>(10[01;36m[K)[m[K) { // check to see if we have waited 10 secs
[1.747s]       |                                                                                    [01;36m[K^[m[K
[1.747s] In file included from [01m[K/usr/include/c++/9/bits/stl_algobase.h:67[m[K,
[1.747s]                  from [01m[K/usr/include/c++/9/algorithm:61[m[K,
[1.747s]                  from [01m[K/opt/ros/foxy/include/rosidl_runtime_cpp/bounded_vector.hpp:18[m[K,
[1.747s]                  from [01m[K/opt/motovisio/ros_ws/install/px4_msgs/include/px4_msgs/msg/detail/offboard_control_mode__struct.hpp:8[m[K,
[1.747s]                  from [01m[K/opt/motovisio/ros_ws/install/px4_msgs/include/px4_msgs/msg/offboard_control_mode.hpp:7[m[K,
[1.747s]                  from [01m[K/root/ws_offboard_control/src/comp_routine/src/comp_routine.cpp:1[m[K:
[1.748s] [01m[K/usr/include/c++/9/bits/stl_iterator.h:1216:5:[m[K [01;36m[Knote: [m[Kcandidate: ‘[01m[Ktemplate<class _Iterator> std::move_iterator<_IteratorL> std::operator+(typename std::move_iterator<_IteratorL>::difference_type, const std::move_iterator<_IteratorL>&)[m[K’
[1.748s]  1216 |     [01;36m[Koperator[m[K+(typename move_iterator<_Iterator>::difference_type __n,
[1.748s]       |     [01;36m[K^~~~~~~~[m[K
[1.748s] [01m[K/usr/include/c++/9/bits/stl_iterator.h:1216:5:[m[K [01;36m[Knote: [m[K  template argument deduction/substitution failed:
[1.748s] [01m[K/root/ws_offboard_control/src/comp_routine/src/comp_routine.cpp:147:84:[m[K [01;36m[Knote: [m[K  ‘[01m[Kstd::chrono::duration<double>[m[K’ is not derived from ‘[01m[Kconst std::move_iterator<_IteratorL>[m[K’
[1.748s]   147 |      if (std::chrono::steady_clock::now()< start + std::chrono::duration<double>(10[01;36m[K)[m[K) { // check to see if we have waited 10 secs
[1.748s]       |                                                                                    [01;36m[K^[m[K
[1.748s] In file included from [01m[K/usr/include/c++/9/string:55[m[K,
[1.748s]                  from [01m[K/usr/include/c++/9/stdexcept:39[m[K,
[1.748s]                  from [01m[K/usr/include/c++/9/array:39[m[K,
[1.749s]                  from [01m[K/usr/include/c++/9/tuple:39[m[K,
[1.749s]                  from [01m[K/usr/include/c++/9/bits/unique_ptr.h:37[m[K,
[1.749s]                  from [01m[K/usr/include/c++/9/memory:80[m[K,
[1.749s]                  from [01m[K/opt/ros/foxy/include/rosidl_runtime_cpp/bounded_vector.hpp:19[m[K,
[1.749s]                  from [01m[K/opt/motovisio/ros_ws/install/px4_msgs/include/px4_msgs/msg/detail/offboard_control_mode__struct.hpp:8[m[K,
[1.749s]                  from [01m[K/opt/motovisio/ros_ws/install/px4_msgs/include/px4_msgs/msg/offboard_control_mode.hpp:7[m[K,
[1.749s]                  from [01m[K/root/ws_offboard_control/src/comp_routine/src/comp_routine.cpp:1[m[K:
[1.749s] [01m[K/usr/include/c++/9/bits/basic_string.h:6023:5:[m[K [01;36m[Knote: [m[Kcandidate: ‘[01m[Ktemplate<class _CharT, class _Traits, class _Alloc> std::__cxx11::basic_string<_CharT, _Traits, _Alloc> std::operator+(const std::__cxx11::basic_string<_CharT, _Traits, _Alloc>&, const std::__cxx11::basic_string<_CharT, _Traits, _Alloc>&)[m[K’
[1.749s]  6023 |     [01;36m[Koperator[m[K+(const basic_string<_CharT, _Traits, _Alloc>& __lhs,
[1.749s]       |     [01;36m[K^~~~~~~~[m[K
[1.749s] [01m[K/usr/include/c++/9/bits/basic_string.h:6023:5:[m[K [01;36m[Knote: [m[K  template argument deduction/substitution failed:
[1.749s] [01m[K/root/ws_offboard_control/src/comp_routine/src/comp_routine.cpp:147:84:[m[K [01;36m[Knote: [m[K  mismatched types ‘[01m[Kconst std::__cxx11::basic_string<_CharT, _Traits, _Alloc>[m[K’ and ‘[01m[Kint[m[K’
[1.750s]   147 |      if (std::chrono::steady_clock::now()< start + std::chrono::duration<double>(10[01;36m[K)[m[K) { // check to see if we have waited 10 secs
[1.750s]       |                                                                                    [01;36m[K^[m[K
[1.750s] In file included from [01m[K/usr/include/c++/9/string:56[m[K,
[1.750s]                  from [01m[K/usr/include/c++/9/stdexcept:39[m[K,
[1.750s]                  from [01m[K/usr/include/c++/9/array:39[m[K,
[1.750s]                  from [01m[K/usr/include/c++/9/tuple:39[m[K,
[1.750s]                  from [01m[K/usr/include/c++/9/bits/unique_ptr.h:37[m[K,
[1.750s]                  from [01m[K/usr/include/c++/9/memory:80[m[K,
[1.750s]                  from [01m[K/opt/ros/foxy/include/rosidl_runtime_cpp/bounded_vector.hpp:19[m[K,
[1.750s]                  from [01m[K/opt/motovisio/ros_ws/install/px4_msgs/include/px4_msgs/msg/detail/offboard_control_mode__struct.hpp:8[m[K,
[1.751s]                  from [01m[K/opt/motovisio/ros_ws/install/px4_msgs/include/px4_msgs/msg/offboard_control_mode.hpp:7[m[K,
[1.751s]                  from [01m[K/root/ws_offboard_control/src/comp_routine/src/comp_routine.cpp:1[m[K:
[1.751s] [01m[K/usr/include/c++/9/bits/basic_string.tcc:1158:5:[m[K [01;36m[Knote: [m[Kcandidate: ‘[01m[Ktemplate<class _CharT, class _Traits, class _Alloc> std::__cxx11::basic_string<_CharT, _Traits, _Alloc> std::operator+(const _CharT*, const std::__cxx11::basic_string<_CharT, _Traits, _Alloc>&)[m[K’
[1.751s]  1158 |     [01;36m[Koperator[m[K+(const _CharT* __lhs,
[1.751s]       |     [01;36m[K^~~~~~~~[m[K
[1.751s] [01m[K/usr/include/c++/9/bits/basic_string.tcc:1158:5:[m[K [01;36m[Knote: [m[K  template argument deduction/substitution failed:
[1.751s] [01m[K/root/ws_offboard_control/src/comp_routine/src/comp_routine.cpp:147:84:[m[K [01;36m[Knote: [m[K  mismatched types ‘[01m[Kconst _CharT*[m[K’ and ‘[01m[Kint[m[K’
[1.751s]   147 |      if (std::chrono::steady_clock::now()< start + std::chrono::duration<double>(10[01;36m[K)[m[K) { // check to see if we have waited 10 secs
[1.751s]       |                                                                                    [01;36m[K^[m[K
[1.751s] In file included from [01m[K/usr/include/c++/9/string:56[m[K,
[1.751s]                  from [01m[K/usr/include/c++/9/stdexcept:39[m[K,
[1.752s]                  from [01m[K/usr/include/c++/9/array:39[m[K,
[1.752s]                  from [01m[K/usr/include/c++/9/tuple:39[m[K,
[1.752s]                  from [01m[K/usr/include/c++/9/bits/unique_ptr.h:37[m[K,
[1.752s]                  from [01m[K/usr/include/c++/9/memory:80[m[K,
[1.752s]                  from [01m[K/opt/ros/foxy/include/rosidl_runtime_cpp/bounded_vector.hpp:19[m[K,
[1.752s]                  from [01m[K/opt/motovisio/ros_ws/install/px4_msgs/include/px4_msgs/msg/detail/offboard_control_mode__struct.hpp:8[m[K,
[1.752s]                  from [01m[K/opt/motovisio/ros_ws/install/px4_msgs/include/px4_msgs/msg/offboard_control_mode.hpp:7[m[K,
[1.752s]                  from [01m[K/root/ws_offboard_control/src/comp_routine/src/comp_routine.cpp:1[m[K:
[1.752s] [01m[K/usr/include/c++/9/bits/basic_string.tcc:1174:5:[m[K [01;36m[Knote: [m[Kcandidate: ‘[01m[Ktemplate<class _CharT, class _Traits, class _Alloc> std::__cxx11::basic_string<_CharT, _Traits, _Alloc> std::operator+(_CharT, const std::__cxx11::basic_string<_CharT, _Traits, _Alloc>&)[m[K’
[1.752s]  1174 |     [01;36m[Koperator[m[K+(_CharT __lhs, const basic_string<_CharT, _Traits, _Alloc>& __rhs)
[1.752s]       |     [01;36m[K^~~~~~~~[m[K
[1.753s] [01m[K/usr/include/c++/9/bits/basic_string.tcc:1174:5:[m[K [01;36m[Knote: [m[K  template argument deduction/substitution failed:
[1.753s] [01m[K/root/ws_offboard_control/src/comp_routine/src/comp_routine.cpp:147:84:[m[K [01;36m[Knote: [m[K  ‘[01m[Kstd::chrono::duration<double>[m[K’ is not derived from ‘[01m[Kconst std::__cxx11::basic_string<_CharT, _Traits, _Alloc>[m[K’
[1.753s]   147 |      if (std::chrono::steady_clock::now()< start + std::chrono::duration<double>(10[01;36m[K)[m[K) { // check to see if we have waited 10 secs
[1.753s]       |                                                                                    [01;36m[K^[m[K
[1.753s] In file included from [01m[K/usr/include/c++/9/string:55[m[K,
[1.753s]                  from [01m[K/usr/include/c++/9/stdexcept:39[m[K,
[1.753s]                  from [01m[K/usr/include/c++/9/array:39[m[K,
[1.753s]                  from [01m[K/usr/include/c++/9/tuple:39[m[K,
[1.753s]                  from [01m[K/usr/include/c++/9/bits/unique_ptr.h:37[m[K,
[1.753s]                  from [01m[K/usr/include/c++/9/memory:80[m[K,
[1.753s]                  from [01m[K/opt/ros/foxy/include/rosidl_runtime_cpp/bounded_vector.hpp:19[m[K,
[1.754s]                  from [01m[K/opt/motovisio/ros_ws/install/px4_msgs/include/px4_msgs/msg/detail/offboard_control_mode__struct.hpp:8[m[K,
[1.754s]                  from [01m[K/opt/motovisio/ros_ws/install/px4_msgs/include/px4_msgs/msg/offboard_control_mode.hpp:7[m[K,
[1.754s]                  from [01m[K/root/ws_offboard_control/src/comp_routine/src/comp_routine.cpp:1[m[K:
[1.754s] [01m[K/usr/include/c++/9/bits/basic_string.h:6060:5:[m[K [01;36m[Knote: [m[Kcandidate: ‘[01m[Ktemplate<class _CharT, class _Traits, class _Alloc> std::__cxx11::basic_string<_CharT, _Traits, _Alloc> std::operator+(const std::__cxx11::basic_string<_CharT, _Traits, _Alloc>&, const _CharT*)[m[K’
[1.754s]  6060 |     [01;36m[Koperator[m[K+(const basic_string<_CharT, _Traits, _Alloc>& __lhs,
[1.754s]       |     [01;36m[K^~~~~~~~[m[K
[1.754s] [01m[K/usr/include/c++/9/bits/basic_string.h:6060:5:[m[K [01;36m[Knote: [m[K  template argument deduction/substitution failed:
[1.754s] [01m[K/root/ws_offboard_control/src/comp_routine/src/comp_routine.cpp:147:84:[m[K [01;36m[Knote: [m[K  mismatched types ‘[01m[Kconst std::__cxx11::basic_string<_CharT, _Traits, _Alloc>[m[K’ and ‘[01m[Kint[m[K’
[1.754s]   147 |      if (std::chrono::steady_clock::now()< start + std::chrono::duration<double>(10[01;36m[K)[m[K) { // check to see if we have waited 10 secs
[1.754s]       |                                                                                    [01;36m[K^[m[K
[1.755s] In file included from [01m[K/usr/include/c++/9/string:55[m[K,
[1.755s]                  from [01m[K/usr/include/c++/9/stdexcept:39[m[K,
[1.755s]                  from [01m[K/usr/include/c++/9/array:39[m[K,
[1.755s]                  from [01m[K/usr/include/c++/9/tuple:39[m[K,
[1.755s]                  from [01m[K/usr/include/c++/9/bits/unique_ptr.h:37[m[K,
[1.755s]                  from [01m[K/usr/include/c++/9/memory:80[m[K,
[1.755s]                  from [01m[K/opt/ros/foxy/include/rosidl_runtime_cpp/bounded_vector.hpp:19[m[K,
[1.755s]                  from [01m[K/opt/motovisio/ros_ws/install/px4_msgs/include/px4_msgs/msg/detail/offboard_control_mode__struct.hpp:8[m[K,
[1.755s]                  from [01m[K/opt/motovisio/ros_ws/install/px4_msgs/include/px4_msgs/msg/offboard_control_mode.hpp:7[m[K,
[1.755s]                  from [01m[K/root/ws_offboard_control/src/comp_routine/src/comp_routine.cpp:1[m[K:
[1.755s] [01m[K/usr/include/c++/9/bits/basic_string.h:6076:5:[m[K [01;36m[Knote: [m[Kcandidate: ‘[01m[Ktemplate<class _CharT, class _Traits, class _Alloc> std::__cxx11::basic_string<_CharT, _Traits, _Alloc> std::operator+(const std::__cxx11::basic_string<_CharT, _Traits, _Alloc>&, _CharT)[m[K’
[1.755s]  6076 |     [01;36m[Koperator[m[K+(const basic_string<_CharT, _Traits, _Alloc>& __lhs, _CharT __rhs)
[1.756s]       |     [01;36m[K^~~~~~~~[m[K
[1.756s] [01m[K/usr/include/c++/9/bits/basic_string.h:6076:5:[m[K [01;36m[Knote: [m[K  template argument deduction/substitution failed:
[1.756s] [01m[K/root/ws_offboard_control/src/comp_routine/src/comp_routine.cpp:147:84:[m[K [01;36m[Knote: [m[K  mismatched types ‘[01m[Kconst std::__cxx11::basic_string<_CharT, _Traits, _Alloc>[m[K’ and ‘[01m[Kint[m[K’
[1.756s]   147 |      if (std::chrono::steady_clock::now()< start + std::chrono::duration<double>(10[01;36m[K)[m[K) { // check to see if we have waited 10 secs
[1.756s]       |                                                                                    [01;36m[K^[m[K
[1.756s] In file included from [01m[K/usr/include/c++/9/string:55[m[K,
[1.756s]                  from [01m[K/usr/include/c++/9/stdexcept:39[m[K,
[1.756s]                  from [01m[K/usr/include/c++/9/array:39[m[K,
[1.756s]                  from [01m[K/usr/include/c++/9/tuple:39[m[K,
[1.756s]                  from [01m[K/usr/include/c++/9/bits/unique_ptr.h:37[m[K,
[1.756s]                  from [01m[K/usr/include/c++/9/memory:80[m[K,
[1.757s]                  from [01m[K/opt/ros/foxy/include/rosidl_runtime_cpp/bounded_vector.hpp:19[m[K,
[1.757s]                  from [01m[K/opt/motovisio/ros_ws/install/px4_msgs/include/px4_msgs/msg/detail/offboard_control_mode__struct.hpp:8[m[K,
[1.757s]                  from [01m[K/opt/motovisio/ros_ws/install/px4_msgs/include/px4_msgs/msg/offboard_control_mode.hpp:7[m[K,
[1.757s]                  from [01m[K/root/ws_offboard_control/src/comp_routine/src/comp_routine.cpp:1[m[K:
[1.757s] [01m[K/usr/include/c++/9/bits/basic_string.h:6088:5:[m[K [01;36m[Knote: [m[Kcandidate: ‘[01m[Ktemplate<class _CharT, class _Traits, class _Alloc> std::__cxx11::basic_string<_CharT, _Traits, _Alloc> std::operator+(std::__cxx11::basic_string<_CharT, _Traits, _Alloc>&&, const std::__cxx11::basic_string<_CharT, _Traits, _Alloc>&)[m[K’
[1.757s]  6088 |     [01;36m[Koperator[m[K+(basic_string<_CharT, _Traits, _Alloc>&& __lhs,
[1.757s]       |     [01;36m[K^~~~~~~~[m[K
[1.757s] [01m[K/usr/include/c++/9/bits/basic_string.h:6088:5:[m[K [01;36m[Knote: [m[K  template argument deduction/substitution failed:
[1.757s] [01m[K/root/ws_offboard_control/src/comp_routine/src/comp_routine.cpp:147:84:[m[K [01;36m[Knote: [m[K  mismatched types ‘[01m[Kstd::__cxx11::basic_string<_CharT, _Traits, _Alloc>[m[K’ and ‘[01m[Kint[m[K’
[1.757s]   147 |      if (std::chrono::steady_clock::now()< start + std::chrono::duration<double>(10[01;36m[K)[m[K) { // check to see if we have waited 10 secs
[1.757s]       |                                                                                    [01;36m[K^[m[K
[1.758s] In file included from [01m[K/usr/include/c++/9/string:55[m[K,
[1.758s]                  from [01m[K/usr/include/c++/9/stdexcept:39[m[K,
[1.758s]                  from [01m[K/usr/include/c++/9/array:39[m[K,
[1.758s]                  from [01m[K/usr/include/c++/9/tuple:39[m[K,
[1.758s]                  from [01m[K/usr/include/c++/9/bits/unique_ptr.h:37[m[K,
[1.758s]                  from [01m[K/usr/include/c++/9/memory:80[m[K,
[1.758s]                  from [01m[K/opt/ros/foxy/include/rosidl_runtime_cpp/bounded_vector.hpp:19[m[K,
[1.758s]                  from [01m[K/opt/motovisio/ros_ws/install/px4_msgs/include/px4_msgs/msg/detail/offboard_control_mode__struct.hpp:8[m[K,
[1.758s]                  from [01m[K/opt/motovisio/ros_ws/install/px4_msgs/include/px4_msgs/msg/offboard_control_mode.hpp:7[m[K,
[1.758s]                  from [01m[K/root/ws_offboard_control/src/comp_routine/src/comp_routine.cpp:1[m[K:
[1.758s] [01m[K/usr/include/c++/9/bits/basic_string.h:6094:5:[m[K [01;36m[Knote: [m[Kcandidate: ‘[01m[Ktemplate<class _CharT, class _Traits, class _Alloc> std::__cxx11::basic_string<_CharT, _Traits, _Alloc> std::operator+(const std::__cxx11::basic_string<_CharT, _Traits, _Alloc>&, std::__cxx11::basic_string<_CharT, _Traits, _Alloc>&&)[m[K’
[1.759s]  6094 |     [01;36m[Koperator[m[K+(const basic_string<_CharT, _Traits, _Alloc>& __lhs,
[1.759s]       |     [01;36m[K^~~~~~~~[m[K
[1.759s] [01m[K/usr/include/c++/9/bits/basic_string.h:6094:5:[m[K [01;36m[Knote: [m[K  template argument deduction/substitution failed:
[1.759s] [01m[K/root/ws_offboard_control/src/comp_routine/src/comp_routine.cpp:147:84:[m[K [01;36m[Knote: [m[K  mismatched types ‘[01m[Kconst std::__cxx11::basic_string<_CharT, _Traits, _Alloc>[m[K’ and ‘[01m[Kint[m[K’
[1.759s]   147 |      if (std::chrono::steady_clock::now()< start + std::chrono::duration<double>(10[01;36m[K)[m[K) { // check to see if we have waited 10 secs
[1.759s]       |                                                                                    [01;36m[K^[m[K
[1.759s] In file included from [01m[K/usr/include/c++/9/string:55[m[K,
[1.759s]                  from [01m[K/usr/include/c++/9/stdexcept:39[m[K,
[1.759s]                  from [01m[K/usr/include/c++/9/array:39[m[K,
[1.759s]                  from [01m[K/usr/include/c++/9/tuple:39[m[K,
[1.759s]                  from [01m[K/usr/include/c++/9/bits/unique_ptr.h:37[m[K,
[1.760s]                  from [01m[K/usr/include/c++/9/memory:80[m[K,
[1.760s]                  from [01m[K/opt/ros/foxy/include/rosidl_runtime_cpp/bounded_vector.hpp:19[m[K,
[1.760s]                  from [01m[K/opt/motovisio/ros_ws/install/px4_msgs/include/px4_msgs/msg/detail/offboard_control_mode__struct.hpp:8[m[K,
[1.760s]                  from [01m[K/opt/motovisio/ros_ws/install/px4_msgs/include/px4_msgs/msg/offboard_control_mode.hpp:7[m[K,
[1.760s]                  from [01m[K/root/ws_offboard_control/src/comp_routine/src/comp_routine.cpp:1[m[K:
[1.760s] [01m[K/usr/include/c++/9/bits/basic_string.h:6100:5:[m[K [01;36m[Knote: [m[Kcandidate: ‘[01m[Ktemplate<class _CharT, class _Traits, class _Alloc> std::__cxx11::basic_string<_CharT, _Traits, _Alloc> std::operator+(std::__cxx11::basic_string<_CharT, _Traits, _Alloc>&&, std::__cxx11::basic_string<_CharT, _Traits, _Alloc>&&)[m[K’
[1.760s]  6100 |     [01;36m[Koperator[m[K+(basic_string<_CharT, _Traits, _Alloc>&& __lhs,
[1.760s]       |     [01;36m[K^~~~~~~~[m[K
[1.760s] [01m[K/usr/include/c++/9/bits/basic_string.h:6100:5:[m[K [01;36m[Knote: [m[K  template argument deduction/substitution failed:
[1.760s] [01m[K/root/ws_offboard_control/src/comp_routine/src/comp_routine.cpp:147:84:[m[K [01;36m[Knote: [m[K  mismatched types ‘[01m[Kstd::__cxx11::basic_string<_CharT, _Traits, _Alloc>[m[K’ and ‘[01m[Kint[m[K’
[1.760s]   147 |      if (std::chrono::steady_clock::now()< start + std::chrono::duration<double>(10[01;36m[K)[m[K) { // check to see if we have waited 10 secs
[1.760s]       |                                                                                    [01;36m[K^[m[K
[1.761s] In file included from [01m[K/usr/include/c++/9/string:55[m[K,
[1.761s]                  from [01m[K/usr/include/c++/9/stdexcept:39[m[K,
[1.761s]                  from [01m[K/usr/include/c++/9/array:39[m[K,
[1.761s]                  from [01m[K/usr/include/c++/9/tuple:39[m[K,
[1.761s]                  from [01m[K/usr/include/c++/9/bits/unique_ptr.h:37[m[K,
[1.761s]                  from [01m[K/usr/include/c++/9/memory:80[m[K,
[1.761s]                  from [01m[K/opt/ros/foxy/include/rosidl_runtime_cpp/bounded_vector.hpp:19[m[K,
[1.761s]                  from [01m[K/opt/motovisio/ros_ws/install/px4_msgs/include/px4_msgs/msg/detail/offboard_control_mode__struct.hpp:8[m[K,
[1.761s]                  from [01m[K/opt/motovisio/ros_ws/install/px4_msgs/include/px4_msgs/msg/offboard_control_mode.hpp:7[m[K,
[1.761s]                  from [01m[K/root/ws_offboard_control/src/comp_routine/src/comp_routine.cpp:1[m[K:
[1.761s] [01m[K/usr/include/c++/9/bits/basic_string.h:6112:5:[m[K [01;36m[Knote: [m[Kcandidate: ‘[01m[Ktemplate<class _CharT, class _Traits, class _Alloc> std::__cxx11::basic_string<_CharT, _Traits, _Alloc> std::operator+(const _CharT*, std::__cxx11::basic_string<_CharT, _Traits, _Alloc>&&)[m[K’
[1.762s]  6112 |     [01;36m[Koperator[m[K+(const _CharT* __lhs,
[1.762s]       |     [01;36m[K^~~~~~~~[m[K
[1.762s] [01m[K/usr/include/c++/9/bits/basic_string.h:6112:5:[m[K [01;36m[Knote: [m[K  template argument deduction/substitution failed:
[1.762s] [01m[K/root/ws_offboard_control/src/comp_routine/src/comp_routine.cpp:147:84:[m[K [01;36m[Knote: [m[K  mismatched types ‘[01m[Kconst _CharT*[m[K’ and ‘[01m[Kint[m[K’
[1.762s]   147 |      if (std::chrono::steady_clock::now()< start + std::chrono::duration<double>(10[01;36m[K)[m[K) { // check to see if we have waited 10 secs
[1.762s]       |                                                                                    [01;36m[K^[m[K
[1.762s] In file included from [01m[K/usr/include/c++/9/string:55[m[K,
[1.762s]                  from [01m[K/usr/include/c++/9/stdexcept:39[m[K,
[1.762s]                  from [01m[K/usr/include/c++/9/array:39[m[K,
[1.762s]                  from [01m[K/usr/include/c++/9/tuple:39[m[K,
[1.762s]                  from [01m[K/usr/include/c++/9/bits/unique_ptr.h:37[m[K,
[1.763s]                  from [01m[K/usr/include/c++/9/memory:80[m[K,
[1.763s]                  from [01m[K/opt/ros/foxy/include/rosidl_runtime_cpp/bounded_vector.hpp:19[m[K,
[1.763s]                  from [01m[K/opt/motovisio/ros_ws/install/px4_msgs/include/px4_msgs/msg/detail/offboard_control_mode__struct.hpp:8[m[K,
[1.763s]                  from [01m[K/opt/motovisio/ros_ws/install/px4_msgs/include/px4_msgs/msg/offboard_control_mode.hpp:7[m[K,
[1.763s]                  from [01m[K/root/ws_offboard_control/src/comp_routine/src/comp_routine.cpp:1[m[K:
[1.763s] [01m[K/usr/include/c++/9/bits/basic_string.h:6118:5:[m[K [01;36m[Knote: [m[Kcandidate: ‘[01m[Ktemplate<class _CharT, class _Traits, class _Alloc> std::__cxx11::basic_string<_CharT, _Traits, _Alloc> std::operator+(_CharT, std::__cxx11::basic_string<_CharT, _Traits, _Alloc>&&)[m[K’
[1.763s]  6118 |     [01;36m[Koperator[m[K+(_CharT __lhs,
[1.763s]       |     [01;36m[K^~~~~~~~[m[K
[1.763s] [01m[K/usr/include/c++/9/bits/basic_string.h:6118:5:[m[K [01;36m[Knote: [m[K  template argument deduction/substitution failed:
[1.763s] [01m[K/root/ws_offboard_control/src/comp_routine/src/comp_routine.cpp:147:84:[m[K [01;36m[Knote: [m[K  ‘[01m[Kstd::chrono::duration<double>[m[K’ is not derived from ‘[01m[Kstd::__cxx11::basic_string<_CharT, _Traits, _Alloc>[m[K’
[1.763s]   147 |      if (std::chrono::steady_clock::now()< start + std::chrono::duration<double>(10[01;36m[K)[m[K) { // check to see if we have waited 10 secs
[1.764s]       |                                                                                    [01;36m[K^[m[K
[1.764s] In file included from [01m[K/usr/include/c++/9/string:55[m[K,
[1.764s]                  from [01m[K/usr/include/c++/9/stdexcept:39[m[K,
[1.764s]                  from [01m[K/usr/include/c++/9/array:39[m[K,
[1.764s]                  from [01m[K/usr/include/c++/9/tuple:39[m[K,
[1.764s]                  from [01m[K/usr/include/c++/9/bits/unique_ptr.h:37[m[K,
[1.764s]                  from [01m[K/usr/include/c++/9/memory:80[m[K,
[1.764s]                  from [01m[K/opt/ros/foxy/include/rosidl_runtime_cpp/bounded_vector.hpp:19[m[K,
[1.764s]                  from [01m[K/opt/motovisio/ros_ws/install/px4_msgs/include/px4_msgs/msg/detail/offboard_control_mode__struct.hpp:8[m[K,
[1.764s]                  from [01m[K/opt/motovisio/ros_ws/install/px4_msgs/include/px4_msgs/msg/offboard_control_mode.hpp:7[m[K,
[1.764s]                  from [01m[K/root/ws_offboard_control/src/comp_routine/src/comp_routine.cpp:1[m[K:
[1.764s] [01m[K/usr/include/c++/9/bits/basic_string.h:6124:5:[m[K [01;36m[Knote: [m[Kcandidate: ‘[01m[Ktemplate<class _CharT, class _Traits, class _Alloc> std::__cxx11::basic_string<_CharT, _Traits, _Alloc> std::operator+(std::__cxx11::basic_string<_CharT, _Traits, _Alloc>&&, const _CharT*)[m[K’
[1.765s]  6124 |     [01;36m[Koperator[m[K+(basic_string<_CharT, _Traits, _Alloc>&& __lhs,
[1.765s]       |     [01;36m[K^~~~~~~~[m[K
[1.765s] [01m[K/usr/include/c++/9/bits/basic_string.h:6124:5:[m[K [01;36m[Knote: [m[K  template argument deduction/substitution failed:
[1.765s] [01m[K/root/ws_offboard_control/src/comp_routine/src/comp_routine.cpp:147:84:[m[K [01;36m[Knote: [m[K  mismatched types ‘[01m[Kstd::__cxx11::basic_string<_CharT, _Traits, _Alloc>[m[K’ and ‘[01m[Kint[m[K’
[1.765s]   147 |      if (std::chrono::steady_clock::now()< start + std::chrono::duration<double>(10[01;36m[K)[m[K) { // check to see if we have waited 10 secs
[1.765s]       |                                                                                    [01;36m[K^[m[K
[1.765s] In file included from [01m[K/usr/include/c++/9/string:55[m[K,
[1.765s]                  from [01m[K/usr/include/c++/9/stdexcept:39[m[K,
[1.765s]                  from [01m[K/usr/include/c++/9/array:39[m[K,
[1.765s]                  from [01m[K/usr/include/c++/9/tuple:39[m[K,
[1.765s]                  from [01m[K/usr/include/c++/9/bits/unique_ptr.h:37[m[K,
[1.766s]                  from [01m[K/usr/include/c++/9/memory:80[m[K,
[1.766s]                  from [01m[K/opt/ros/foxy/include/rosidl_runtime_cpp/bounded_vector.hpp:19[m[K,
[1.766s]                  from [01m[K/opt/motovisio/ros_ws/install/px4_msgs/include/px4_msgs/msg/detail/offboard_control_mode__struct.hpp:8[m[K,
[1.766s]                  from [01m[K/opt/motovisio/ros_ws/install/px4_msgs/include/px4_msgs/msg/offboard_control_mode.hpp:7[m[K,
[1.766s]                  from [01m[K/root/ws_offboard_control/src/comp_routine/src/comp_routine.cpp:1[m[K:
[1.766s] [01m[K/usr/include/c++/9/bits/basic_string.h:6130:5:[m[K [01;36m[Knote: [m[Kcandidate: ‘[01m[Ktemplate<class _CharT, class _Traits, class _Alloc> std::__cxx11::basic_string<_CharT, _Traits, _Alloc> std::operator+(std::__cxx11::basic_string<_CharT, _Traits, _Alloc>&&, _CharT)[m[K’
[1.766s]  6130 |     [01;36m[Koperator[m[K+(basic_string<_CharT, _Traits, _Alloc>&& __lhs,
[1.766s]       |     [01;36m[K^~~~~~~~[m[K
[1.766s] [01m[K/usr/include/c++/9/bits/basic_string.h:6130:5:[m[K [01;36m[Knote: [m[K  template argument deduction/substitution failed:
[1.766s] [01m[K/root/ws_offboard_control/src/comp_routine/src/comp_routine.cpp:147:84:[m[K [01;36m[Knote: [m[K  mismatched types ‘[01m[Kstd::__cxx11::basic_string<_CharT, _Traits, _Alloc>[m[K’ and ‘[01m[Kint[m[K’
[1.766s]   147 |      if (std::chrono::steady_clock::now()< start + std::chrono::duration<double>(10[01;36m[K)[m[K) { // check to see if we have waited 10 secs
[1.767s]       |                                                                                    [01;36m[K^[m[K
[1.767s] In file included from [01m[K/usr/include/c++/9/vector:68[m[K,
[1.767s]                  from [01m[K/opt/ros/foxy/include/rosidl_runtime_cpp/bounded_vector.hpp:22[m[K,
[1.767s]                  from [01m[K/opt/motovisio/ros_ws/install/px4_msgs/include/px4_msgs/msg/detail/offboard_control_mode__struct.hpp:8[m[K,
[1.767s]                  from [01m[K/opt/motovisio/ros_ws/install/px4_msgs/include/px4_msgs/msg/offboard_control_mode.hpp:7[m[K,
[1.767s]                  from [01m[K/root/ws_offboard_control/src/comp_routine/src/comp_routine.cpp:1[m[K:
[1.767s] [01m[K/usr/include/c++/9/bits/stl_bvector.h:303:3:[m[K [01;36m[Knote: [m[Kcandidate: ‘[01m[Kstd::_Bit_iterator std::operator+(std::ptrdiff_t, const std::_Bit_iterator&)[m[K’
[1.767s]   303 |   [01;36m[Koperator[m[K+(ptrdiff_t __n, const _Bit_iterator& __x)
[1.767s]       |   [01;36m[K^~~~~~~~[m[K
[1.767s] [01m[K/usr/include/c++/9/bits/stl_bvector.h:303:49:[m[K [01;36m[Knote: [m[K  no known conversion for argument 2 from ‘[01m[Kstd::chrono::duration<double>[m[K’ to ‘[01m[Kconst std::_Bit_iterator&[m[K’
[1.767s]   303 |   operator+(ptrdiff_t __n, [01;36m[Kconst _Bit_iterator& __x[m[K)
[1.768s]       |                            [01;36m[K~~~~~~~~~~~~~~~~~~~~~^~~[m[K
[1.768s] [01m[K/usr/include/c++/9/bits/stl_bvector.h:393:3:[m[K [01;36m[Knote: [m[Kcandidate: ‘[01m[Kstd::_Bit_const_iterator std::operator+(std::ptrdiff_t, const std::_Bit_const_iterator&)[m[K’
[1.768s]   393 |   [01;36m[Koperator[m[K+(ptrdiff_t __n, const _Bit_const_iterator& __x)
[1.768s]       |   [01;36m[K^~~~~~~~[m[K
[1.768s] [01m[K/usr/include/c++/9/bits/stl_bvector.h:393:55:[m[K [01;36m[Knote: [m[K  no known conversion for argument 2 from ‘[01m[Kstd::chrono::duration<double>[m[K’ to ‘[01m[Kconst std::_Bit_const_iterator&[m[K’
[1.768s]   393 |   operator+(ptrdiff_t __n, [01;36m[Kconst _Bit_const_iterator& __x[m[K)
[1.768s]       |                            [01;36m[K~~~~~~~~~~~~~~~~~~~~~~~~~~~^~~[m[K
[1.768s] [01m[K/root/ws_offboard_control/src/comp_routine/src/comp_routine.cpp:148:45:[m[K [01;31m[Kerror: [m[Kcannot convert ‘[01m[Kstd::chrono::_V2::steady_clock::time_point[m[K’ {aka ‘[01m[Kstd::chrono::time_point<std::chrono::_V2::steady_clock, std::chrono::duration<long int, std::ratio<1, 1000000000> > >[m[K’} to ‘[01m[Kint[m[K’ in assignment
[1.768s]   148 |       start = [01;31m[Kstd::chrono::steady_clock::now()[m[K; // Reset the start time
[1.768s]       |               [01;31m[K~~~~~~~~~~~~~~~~~~~~~~~~~~~~~~^~[m[K
[1.768s]       |                                             [01;31m[K|[m[K
[1.769s]       |                                             [01;31m[Kstd::chrono::_V2::steady_clock::time_point {aka std::chrono::time_point<std::chrono::_V2::steady_clock, std::chrono::duration<long int, std::ratio<1, 1000000000> > >}[m[K
[1.769s] [01m[K/root/ws_offboard_control/src/comp_routine/src/comp_routine.cpp:[m[K In function ‘[01m[Kvoid mySigintHandler(int)[m[K’:
[1.769s] [01m[K/root/ws_offboard_control/src/comp_routine/src/comp_routine.cpp:248:26:[m[K [01;35m[Kwarning: [m[Kunused parameter ‘[01m[Ksig[m[K’ [[01;35m[K-Wunused-parameter[m[K]
[1.769s]   248 | void mySigintHandler([01;35m[Kint sig[m[K) {
[1.769s]       |                      [01;35m[K~~~~^~~[m[K
[3.715s] make[2]: *** [CMakeFiles/comp_routine.dir/build.make:76: CMakeFiles/comp_routine.dir/src/comp_routine.cpp.o] Error 1
[3.716s] make[1]: *** [CMakeFiles/Makefile2:137: CMakeFiles/comp_routine.dir/all] Error 2
[3.717s] make: *** [Makefile:146: all] Error 2
[3.722s] Invoked command in '/root/ws_offboard_control/build/comp_routine' returned '2': CMAKE_PREFIX_PATH=${CMAKE_PREFIX_PATH}:/opt/ros/foxy _=/usr/bin/env /usr/bin/cmake --build /root/ws_offboard_control/build/comp_routine -- -j8 -l8
