[0.734s] DEBUG:colcon:Command line arguments: ['/usr/bin/colcon', 'build']
[0.734s] DEBUG:colcon:Parsed command line arguments: Namespace(allow_overriding=[], ament_cmake_args=None, base_paths=['.'], build_base='build', catkin_cmake_args=None, catkin_skip_building_tests=False, cmake_args=None, cmake_clean_cache=False, cmake_clean_first=False, cmake_force_configure=False, cmake_target=None, cmake_target_skip_unavailable=False, continue_on_error=False, event_handlers=None, executor='parallel', ignore_user_meta=False, install_base='install', log_base=None, log_level=None, main=<bound method BuildVerb.main of <colcon_core.verb.build.BuildVerb object at 0x7f91c05580>>, merge_install=False, metas=['./colcon.meta'], packages_above=None, packages_above_and_dependencies=None, packages_above_depth=None, packages_end=None, packages_ignore=None, packages_ignore_regex=None, packages_select=None, packages_select_build_failed=False, packages_select_by_dep=None, packages_select_regex=None, packages_select_test_failures=False, packages_skip=None, packages_skip_build_finished=False, packages_skip_by_dep=None, packages_skip_regex=None, packages_skip_test_passed=False, packages_skip_up_to=None, packages_start=None, packages_up_to=None, packages_up_to_regex=None, parallel_workers=8, paths=None, symlink_install=False, test_result_base=None, verb_extension=<colcon_core.verb.build.BuildVerb object at 0x7f91c05580>, verb_name='build', verb_parser=<colcon_defaults.argument_parser.defaults.DefaultArgumentsDecorator object at 0x7f91aba400>)
[1.296s] Level 1:colcon.colcon_core.package_discovery:discover_packages(colcon_meta) check parameters
[1.296s] Level 1:colcon.colcon_core.package_discovery:discover_packages(recursive) check parameters
[1.296s] Level 1:colcon.colcon_core.package_discovery:discover_packages(ignore) check parameters
[1.296s] Level 1:colcon.colcon_core.package_discovery:discover_packages(path) check parameters
[1.297s] Level 1:colcon.colcon_core.package_discovery:discover_packages(colcon_meta) discover
[1.297s] Level 1:colcon.colcon_core.package_discovery:discover_packages(recursive) discover
[1.297s] INFO:colcon.colcon_core.package_discovery:Crawling recursively for packages in '/root/ws_offboard_control'
[1.297s] Level 1:colcon.colcon_core.package_identification:_identify(.) by extensions ['ignore', 'ignore_ament_install']
[1.298s] Level 1:colcon.colcon_core.package_identification:_identify(.) by extension 'ignore'
[1.298s] Level 1:colcon.colcon_core.package_identification:_identify(.) by extension 'ignore_ament_install'
[1.298s] Level 1:colcon.colcon_core.package_identification:_identify(.) by extensions ['colcon_pkg']
[1.298s] Level 1:colcon.colcon_core.package_identification:_identify(.) by extension 'colcon_pkg'
[1.299s] Level 1:colcon.colcon_core.package_identification:_identify(.) by extensions ['colcon_meta']
[1.299s] Level 1:colcon.colcon_core.package_identification:_identify(.) by extension 'colcon_meta'
[1.299s] Level 1:colcon.colcon_core.package_identification:_identify(.) by extensions ['ros']
[1.299s] Level 1:colcon.colcon_core.package_identification:_identify(.) by extension 'ros'
[1.362s] Level 1:colcon.colcon_core.package_identification:_identify(.) by extensions ['cmake', 'python']
[1.362s] Level 1:colcon.colcon_core.package_identification:_identify(.) by extension 'cmake'
[1.363s] Level 1:colcon.colcon_core.package_identification:_identify(.) by extension 'python'
[1.363s] Level 1:colcon.colcon_core.package_identification:_identify(.) by extensions ['python_setup_py']
[1.363s] Level 1:colcon.colcon_core.package_identification:_identify(.) by extension 'python_setup_py'
[1.364s] Level 1:colcon.colcon_core.package_identification:_identify(build) by extensions ['ignore', 'ignore_ament_install']
[1.364s] Level 1:colcon.colcon_core.package_identification:_identify(build) by extension 'ignore'
[1.364s] Level 1:colcon.colcon_core.package_identification:_identify(build) ignored
[1.365s] Level 1:colcon.colcon_core.package_identification:_identify(install) by extensions ['ignore', 'ignore_ament_install']
[1.365s] Level 1:colcon.colcon_core.package_identification:_identify(install) by extension 'ignore'
[1.365s] Level 1:colcon.colcon_core.package_identification:_identify(install) ignored
[1.366s] Level 1:colcon.colcon_core.package_identification:_identify(log) by extensions ['ignore', 'ignore_ament_install']
[1.366s] Level 1:colcon.colcon_core.package_identification:_identify(log) by extension 'ignore'
[1.366s] Level 1:colcon.colcon_core.package_identification:_identify(log) ignored
[1.367s] Level 1:colcon.colcon_core.package_identification:_identify(src) by extensions ['ignore', 'ignore_ament_install']
[1.367s] Level 1:colcon.colcon_core.package_identification:_identify(src) by extension 'ignore'
[1.367s] Level 1:colcon.colcon_core.package_identification:_identify(src) by extension 'ignore_ament_install'
[1.367s] Level 1:colcon.colcon_core.package_identification:_identify(src) by extensions ['colcon_pkg']
[1.368s] Level 1:colcon.colcon_core.package_identification:_identify(src) by extension 'colcon_pkg'
[1.368s] Level 1:colcon.colcon_core.package_identification:_identify(src) by extensions ['colcon_meta']
[1.368s] Level 1:colcon.colcon_core.package_identification:_identify(src) by extension 'colcon_meta'
[1.368s] Level 1:colcon.colcon_core.package_identification:_identify(src) by extensions ['ros']
[1.368s] Level 1:colcon.colcon_core.package_identification:_identify(src) by extension 'ros'
[1.369s] Level 1:colcon.colcon_core.package_identification:_identify(src) by extensions ['cmake', 'python']
[1.369s] Level 1:colcon.colcon_core.package_identification:_identify(src) by extension 'cmake'
[1.369s] Level 1:colcon.colcon_core.package_identification:_identify(src) by extension 'python'
[1.369s] Level 1:colcon.colcon_core.package_identification:_identify(src) by extensions ['python_setup_py']
[1.369s] Level 1:colcon.colcon_core.package_identification:_identify(src) by extension 'python_setup_py'
[1.370s] Level 1:colcon.colcon_core.package_identification:_identify(src/comp_routine) by extensions ['ignore', 'ignore_ament_install']
[1.370s] Level 1:colcon.colcon_core.package_identification:_identify(src/comp_routine) by extension 'ignore'
[1.370s] Level 1:colcon.colcon_core.package_identification:_identify(src/comp_routine) by extension 'ignore_ament_install'
[1.371s] Level 1:colcon.colcon_core.package_identification:_identify(src/comp_routine) by extensions ['colcon_pkg']
[1.371s] Level 1:colcon.colcon_core.package_identification:_identify(src/comp_routine) by extension 'colcon_pkg'
[1.371s] Level 1:colcon.colcon_core.package_identification:_identify(src/comp_routine) by extensions ['colcon_meta']
[1.371s] Level 1:colcon.colcon_core.package_identification:_identify(src/comp_routine) by extension 'colcon_meta'
[1.371s] Level 1:colcon.colcon_core.package_identification:_identify(src/comp_routine) by extensions ['ros']
[1.372s] Level 1:colcon.colcon_core.package_identification:_identify(src/comp_routine) by extension 'ros'
[1.381s] DEBUG:colcon.colcon_core.package_identification:Package 'src/comp_routine' with type 'ros.ament_cmake' and name 'comp_routine'
[1.381s] Level 1:colcon.colcon_core.package_identification:_identify(src/px4_msgs) by extensions ['ignore', 'ignore_ament_install']
[1.381s] Level 1:colcon.colcon_core.package_identification:_identify(src/px4_msgs) by extension 'ignore'
[1.382s] Level 1:colcon.colcon_core.package_identification:_identify(src/px4_msgs) by extension 'ignore_ament_install'
[1.382s] Level 1:colcon.colcon_core.package_identification:_identify(src/px4_msgs) by extensions ['colcon_pkg']
[1.382s] Level 1:colcon.colcon_core.package_identification:_identify(src/px4_msgs) by extension 'colcon_pkg'
[1.382s] Level 1:colcon.colcon_core.package_identification:_identify(src/px4_msgs) by extensions ['colcon_meta']
[1.382s] Level 1:colcon.colcon_core.package_identification:_identify(src/px4_msgs) by extension 'colcon_meta'
[1.383s] Level 1:colcon.colcon_core.package_identification:_identify(src/px4_msgs) by extensions ['ros']
[1.383s] Level 1:colcon.colcon_core.package_identification:_identify(src/px4_msgs) by extension 'ros'
[1.386s] DEBUG:colcon.colcon_core.package_identification:Package 'src/px4_msgs' with type 'ros.ament_cmake' and name 'px4_msgs'
[1.386s] Level 1:colcon.colcon_core.package_identification:_identify(src/px4_ros_com) by extensions ['ignore', 'ignore_ament_install']
[1.386s] Level 1:colcon.colcon_core.package_identification:_identify(src/px4_ros_com) by extension 'ignore'
[1.387s] Level 1:colcon.colcon_core.package_identification:_identify(src/px4_ros_com) by extension 'ignore_ament_install'
[1.387s] Level 1:colcon.colcon_core.package_identification:_identify(src/px4_ros_com) by extensions ['colcon_pkg']
[1.387s] Level 1:colcon.colcon_core.package_identification:_identify(src/px4_ros_com) by extension 'colcon_pkg'
[1.387s] Level 1:colcon.colcon_core.package_identification:_identify(src/px4_ros_com) by extensions ['colcon_meta']
[1.387s] Level 1:colcon.colcon_core.package_identification:_identify(src/px4_ros_com) by extension 'colcon_meta'
[1.388s] Level 1:colcon.colcon_core.package_identification:_identify(src/px4_ros_com) by extensions ['ros']
[1.388s] Level 1:colcon.colcon_core.package_identification:_identify(src/px4_ros_com) by extension 'ros'
[1.394s] DEBUG:colcon.colcon_core.package_identification:Package 'src/px4_ros_com' with type 'ros.ament_cmake' and name 'px4_ros_com'
[1.394s] Level 1:colcon.colcon_core.package_discovery:discover_packages(recursive) using defaults
[1.394s] Level 1:colcon.colcon_core.package_discovery:discover_packages(ignore) discover
[1.394s] Level 1:colcon.colcon_core.package_discovery:discover_packages(ignore) using defaults
[1.395s] Level 1:colcon.colcon_core.package_discovery:discover_packages(path) discover
[1.395s] Level 1:colcon.colcon_core.package_discovery:discover_packages(path) using defaults
[1.479s] Level 1:colcon.colcon_core.package_discovery:discover_packages(prefix_path) check parameters
[1.479s] Level 1:colcon.colcon_core.package_discovery:discover_packages(prefix_path) discover
[1.486s] DEBUG:colcon.colcon_installed_package_information.package_discovery:Found 3 installed packages in /root/ws_offboard_control/install
[1.489s] DEBUG:colcon.colcon_installed_package_information.package_discovery:Found 4 installed packages in /opt/motovisio/ros_ws/install
[1.493s] DEBUG:colcon.colcon_installed_package_information.package_discovery:Found 189 installed packages in /opt/ros/foxy
[1.500s] Level 1:colcon.colcon_core.package_discovery:discover_packages(prefix_path) using defaults
[1.677s] Level 5:colcon.colcon_core.verb:set package 'comp_routine' build argument 'cmake_args' from command line to 'None'
[1.678s] Level 5:colcon.colcon_core.verb:set package 'comp_routine' build argument 'cmake_target' from command line to 'None'
[1.678s] Level 5:colcon.colcon_core.verb:set package 'comp_routine' build argument 'cmake_target_skip_unavailable' from command line to 'False'
[1.678s] Level 5:colcon.colcon_core.verb:set package 'comp_routine' build argument 'cmake_clean_cache' from command line to 'False'
[1.678s] Level 5:colcon.colcon_core.verb:set package 'comp_routine' build argument 'cmake_clean_first' from command line to 'False'
[1.678s] Level 5:colcon.colcon_core.verb:set package 'comp_routine' build argument 'cmake_force_configure' from command line to 'False'
[1.678s] Level 5:colcon.colcon_core.verb:set package 'comp_routine' build argument 'ament_cmake_args' from command line to 'None'
[1.678s] Level 5:colcon.colcon_core.verb:set package 'comp_routine' build argument 'catkin_cmake_args' from command line to 'None'
[1.679s] Level 5:colcon.colcon_core.verb:set package 'comp_routine' build argument 'catkin_skip_building_tests' from command line to 'False'
[1.679s] DEBUG:colcon.colcon_core.verb:Building package 'comp_routine' with the following arguments: {'ament_cmake_args': None, 'build_base': '/root/ws_offboard_control/build/comp_routine', 'catkin_cmake_args': None, 'catkin_skip_building_tests': False, 'cmake_args': None, 'cmake_clean_cache': False, 'cmake_clean_first': False, 'cmake_force_configure': False, 'cmake_target': None, 'cmake_target_skip_unavailable': False, 'install_base': '/root/ws_offboard_control/install/comp_routine', 'merge_install': False, 'path': '/root/ws_offboard_control/src/comp_routine', 'symlink_install': False, 'test_result_base': None}
[1.681s] Level 5:colcon.colcon_core.verb:set package 'px4_msgs' build argument 'cmake_args' from command line to 'None'
[1.681s] Level 5:colcon.colcon_core.verb:set package 'px4_msgs' build argument 'cmake_target' from command line to 'None'
[1.681s] Level 5:colcon.colcon_core.verb:set package 'px4_msgs' build argument 'cmake_target_skip_unavailable' from command line to 'False'
[1.681s] Level 5:colcon.colcon_core.verb:set package 'px4_msgs' build argument 'cmake_clean_cache' from command line to 'False'
[1.681s] Level 5:colcon.colcon_core.verb:set package 'px4_msgs' build argument 'cmake_clean_first' from command line to 'False'
[1.681s] Level 5:colcon.colcon_core.verb:set package 'px4_msgs' build argument 'cmake_force_configure' from command line to 'False'
[1.682s] Level 5:colcon.colcon_core.verb:set package 'px4_msgs' build argument 'ament_cmake_args' from command line to 'None'
[1.682s] Level 5:colcon.colcon_core.verb:set package 'px4_msgs' build argument 'catkin_cmake_args' from command line to 'None'
[1.682s] Level 5:colcon.colcon_core.verb:set package 'px4_msgs' build argument 'catkin_skip_building_tests' from command line to 'False'
[1.682s] DEBUG:colcon.colcon_core.verb:Building package 'px4_msgs' with the following arguments: {'ament_cmake_args': None, 'build_base': '/root/ws_offboard_control/build/px4_msgs', 'catkin_cmake_args': None, 'catkin_skip_building_tests': False, 'cmake_args': None, 'cmake_clean_cache': False, 'cmake_clean_first': False, 'cmake_force_configure': False, 'cmake_target': None, 'cmake_target_skip_unavailable': False, 'install_base': '/root/ws_offboard_control/install/px4_msgs', 'merge_install': False, 'path': '/root/ws_offboard_control/src/px4_msgs', 'symlink_install': False, 'test_result_base': None}
[1.684s] Level 5:colcon.colcon_core.verb:set package 'px4_ros_com' build argument 'cmake_args' from command line to 'None'
[1.684s] Level 5:colcon.colcon_core.verb:set package 'px4_ros_com' build argument 'cmake_target' from command line to 'None'
[1.684s] Level 5:colcon.colcon_core.verb:set package 'px4_ros_com' build argument 'cmake_target_skip_unavailable' from command line to 'False'
[1.684s] Level 5:colcon.colcon_core.verb:set package 'px4_ros_com' build argument 'cmake_clean_cache' from command line to 'False'
[1.684s] Level 5:colcon.colcon_core.verb:set package 'px4_ros_com' build argument 'cmake_clean_first' from command line to 'False'
[1.684s] Level 5:colcon.colcon_core.verb:set package 'px4_ros_com' build argument 'cmake_force_configure' from command line to 'False'
[1.685s] Level 5:colcon.colcon_core.verb:set package 'px4_ros_com' build argument 'ament_cmake_args' from command line to 'None'
[1.685s] Level 5:colcon.colcon_core.verb:set package 'px4_ros_com' build argument 'catkin_cmake_args' from command line to 'None'
[1.685s] Level 5:colcon.colcon_core.verb:set package 'px4_ros_com' build argument 'catkin_skip_building_tests' from command line to 'False'
[1.685s] DEBUG:colcon.colcon_core.verb:Building package 'px4_ros_com' with the following arguments: {'ament_cmake_args': None, 'build_base': '/root/ws_offboard_control/build/px4_ros_com', 'catkin_cmake_args': None, 'catkin_skip_building_tests': False, 'cmake_args': None, 'cmake_clean_cache': False, 'cmake_clean_first': False, 'cmake_force_configure': False, 'cmake_target': None, 'cmake_target_skip_unavailable': False, 'install_base': '/root/ws_offboard_control/install/px4_ros_com', 'merge_install': False, 'path': '/root/ws_offboard_control/src/px4_ros_com', 'symlink_install': False, 'test_result_base': None}
[1.686s] INFO:colcon.colcon_core.executor:Executing jobs using 'parallel' executor
[1.689s] DEBUG:colcon.colcon_parallel_executor.executor.parallel:run_until_complete
[1.690s] INFO:colcon.colcon_ros.task.ament_cmake.build:Building ROS package in '/root/ws_offboard_control/src/px4_msgs' with build type 'ament_cmake'
[1.691s] INFO:colcon.colcon_cmake.task.cmake.build:Building CMake package in '/root/ws_offboard_control/src/px4_msgs'
[1.699s] INFO:colcon.colcon_core.plugin_system:Skipping extension 'colcon_core.shell.bat': Not used on non-Windows systems
[1.700s] INFO:colcon.colcon_core.shell:Skip shell extension 'powershell' for command environment: Not usable outside of PowerShell
[1.700s] DEBUG:colcon.colcon_core.shell:Skip shell extension 'dsv' for command environment
[1.721s] INFO:colcon.colcon_ros.task.ament_cmake.build:Building ROS package in '/root/ws_offboard_control/src/comp_routine' with build type 'ament_cmake'
[1.722s] INFO:colcon.colcon_cmake.task.cmake.build:Building CMake package in '/root/ws_offboard_control/src/comp_routine'
[1.723s] INFO:colcon.colcon_core.shell:Skip shell extension 'powershell' for command environment: Not usable outside of PowerShell
[1.724s] DEBUG:colcon.colcon_core.shell:Skip shell extension 'dsv' for command environment
[1.756s] DEBUG:colcon.colcon_core.event_handler.log_command:Invoking command in '/root/ws_offboard_control/build/px4_msgs': CMAKE_PREFIX_PATH=${CMAKE_PREFIX_PATH}:/opt/ros/foxy _=/usr/bin/env /usr/bin/cmake --build /root/ws_offboard_control/build/px4_msgs -- -j8 -l8
[1.782s] DEBUG:colcon.colcon_core.event_handler.log_command:Invoking command in '/root/ws_offboard_control/build/comp_routine': CMAKE_PREFIX_PATH=${CMAKE_PREFIX_PATH}:/opt/ros/foxy _=/usr/bin/env /usr/bin/cmake --build /root/ws_offboard_control/build/comp_routine -- -j8 -l8
[4.607s] DEBUG:colcon.colcon_core.event_handler.log_command:Invoked command in '/root/ws_offboard_control/build/px4_msgs' returned '0': CMAKE_PREFIX_PATH=${CMAKE_PREFIX_PATH}:/opt/ros/foxy _=/usr/bin/env /usr/bin/cmake --build /root/ws_offboard_control/build/px4_msgs -- -j8 -l8
[19.729s] DEBUG:colcon.colcon_core.event_handler.log_command:Invoking command in '/root/ws_offboard_control/build/px4_msgs': CMAKE_PREFIX_PATH=${CMAKE_PREFIX_PATH}:/opt/ros/foxy _=/usr/bin/env /usr/bin/cmake --install /root/ws_offboard_control/build/px4_msgs
[20.840s] Level 1:colcon.colcon_core.environment:create_environment_scripts_only(px4_msgs)
[20.862s] Level 1:colcon.colcon_core.environment:checking '/root/ws_offboard_control/install/px4_msgs' for CMake module files
[20.871s] Level 1:colcon.colcon_core.environment:checking '/root/ws_offboard_control/install/px4_msgs' for CMake config files
[20.883s] Level 1:colcon.colcon_core.shell:create_environment_hook('px4_msgs', 'cmake_prefix_path')
[20.885s] INFO:colcon.colcon_core.shell:Creating environment hook '/root/ws_offboard_control/install/px4_msgs/share/px4_msgs/hook/cmake_prefix_path.ps1'
[20.890s] INFO:colcon.colcon_core.shell:Creating environment descriptor '/root/ws_offboard_control/install/px4_msgs/share/px4_msgs/hook/cmake_prefix_path.dsv'
[20.893s] INFO:colcon.colcon_core.shell:Creating environment hook '/root/ws_offboard_control/install/px4_msgs/share/px4_msgs/hook/cmake_prefix_path.sh'
[20.897s] Level 1:colcon.colcon_core.environment:checking '/root/ws_offboard_control/install/px4_msgs/lib'
[20.898s] Level 1:colcon.colcon_core.shell:create_environment_hook('px4_msgs', 'ld_library_path_lib')
[20.900s] INFO:colcon.colcon_core.shell:Creating environment hook '/root/ws_offboard_control/install/px4_msgs/share/px4_msgs/hook/ld_library_path_lib.ps1'
[20.902s] INFO:colcon.colcon_core.shell:Creating environment descriptor '/root/ws_offboard_control/install/px4_msgs/share/px4_msgs/hook/ld_library_path_lib.dsv'
[20.905s] INFO:colcon.colcon_core.shell:Creating environment hook '/root/ws_offboard_control/install/px4_msgs/share/px4_msgs/hook/ld_library_path_lib.sh'
[20.907s] Level 1:colcon.colcon_core.environment:checking '/root/ws_offboard_control/install/px4_msgs/bin'
[20.907s] Level 1:colcon.colcon_core.environment:checking '/root/ws_offboard_control/install/px4_msgs/lib/pkgconfig/px4_msgs.pc'
[20.908s] Level 1:colcon.colcon_core.environment:checking '/root/ws_offboard_control/install/px4_msgs/lib/python3.8/site-packages'
[20.909s] Level 1:colcon.colcon_core.shell:create_environment_hook('px4_msgs', 'pythonpath')
[20.910s] INFO:colcon.colcon_core.shell:Creating environment hook '/root/ws_offboard_control/install/px4_msgs/share/px4_msgs/hook/pythonpath.ps1'
[20.912s] INFO:colcon.colcon_core.shell:Creating environment descriptor '/root/ws_offboard_control/install/px4_msgs/share/px4_msgs/hook/pythonpath.dsv'
[20.914s] INFO:colcon.colcon_core.shell:Creating environment hook '/root/ws_offboard_control/install/px4_msgs/share/px4_msgs/hook/pythonpath.sh'
[20.917s] Level 1:colcon.colcon_core.environment:checking '/root/ws_offboard_control/install/px4_msgs/bin'
[20.919s] INFO:colcon.colcon_core.shell:Creating package script '/root/ws_offboard_control/install/px4_msgs/share/px4_msgs/package.ps1'
[20.923s] INFO:colcon.colcon_core.shell:Creating package descriptor '/root/ws_offboard_control/install/px4_msgs/share/px4_msgs/package.dsv'
[20.927s] INFO:colcon.colcon_core.shell:Creating package script '/root/ws_offboard_control/install/px4_msgs/share/px4_msgs/package.sh'
[20.931s] INFO:colcon.colcon_core.shell:Creating package script '/root/ws_offboard_control/install/px4_msgs/share/px4_msgs/package.bash'
[20.937s] INFO:colcon.colcon_core.shell:Creating package script '/root/ws_offboard_control/install/px4_msgs/share/px4_msgs/package.zsh'
[20.941s] Level 1:colcon.colcon_core.environment:create_file_with_runtime_dependencies(/root/ws_offboard_control/install/px4_msgs/share/colcon-core/packages/px4_msgs)
[21.262s] Level 1:colcon.colcon_core.environment:create_environment_scripts_only(comp_routine)
[21.264s] Level 1:colcon.colcon_core.environment:checking '/root/ws_offboard_control/install/comp_routine' for CMake module files
[21.273s] Level 1:colcon.colcon_core.environment:checking '/root/ws_offboard_control/install/comp_routine' for CMake config files
[21.279s] Level 1:colcon.colcon_core.shell:create_environment_hook('comp_routine', 'cmake_prefix_path')
[21.280s] INFO:colcon.colcon_core.shell:Creating environment hook '/root/ws_offboard_control/install/comp_routine/share/comp_routine/hook/cmake_prefix_path.ps1'
[21.284s] INFO:colcon.colcon_core.shell:Creating environment descriptor '/root/ws_offboard_control/install/comp_routine/share/comp_routine/hook/cmake_prefix_path.dsv'
[21.286s] INFO:colcon.colcon_core.shell:Creating environment hook '/root/ws_offboard_control/install/comp_routine/share/comp_routine/hook/cmake_prefix_path.sh'
[21.290s] Level 1:colcon.colcon_core.environment:checking '/root/ws_offboard_control/install/comp_routine/lib'
[21.291s] Level 1:colcon.colcon_core.environment:checking '/root/ws_offboard_control/install/comp_routine/bin'
[21.291s] Level 1:colcon.colcon_core.environment:checking '/root/ws_offboard_control/install/comp_routine/lib/pkgconfig/comp_routine.pc'
[21.293s] Level 1:colcon.colcon_core.environment:checking '/root/ws_offboard_control/install/comp_routine/lib/python3.8/site-packages'
[21.294s] Level 1:colcon.colcon_core.environment:checking '/root/ws_offboard_control/install/comp_routine/bin'
[21.295s] INFO:colcon.colcon_core.shell:Creating package script '/root/ws_offboard_control/install/comp_routine/share/comp_routine/package.ps1'
[21.298s] INFO:colcon.colcon_core.shell:Creating package descriptor '/root/ws_offboard_control/install/comp_routine/share/comp_routine/package.dsv'
[21.300s] INFO:colcon.colcon_core.shell:Creating package script '/root/ws_offboard_control/install/comp_routine/share/comp_routine/package.sh'
[21.303s] INFO:colcon.colcon_core.shell:Creating package script '/root/ws_offboard_control/install/comp_routine/share/comp_routine/package.bash'
[21.305s] INFO:colcon.colcon_core.shell:Creating package script '/root/ws_offboard_control/install/comp_routine/share/comp_routine/package.zsh'
[21.308s] Level 1:colcon.colcon_core.environment:create_file_with_runtime_dependencies(/root/ws_offboard_control/install/comp_routine/share/colcon-core/packages/comp_routine)
[21.390s] Level 1:colcon.colcon_core.environment:create_environment_scripts_only(comp_routine)
[21.392s] Level 1:colcon.colcon_core.environment:checking '/root/ws_offboard_control/install/comp_routine' for CMake module files
[21.400s] Level 1:colcon.colcon_core.environment:checking '/root/ws_offboard_control/install/comp_routine' for CMake config files
[21.409s] Level 1:colcon.colcon_core.shell:create_environment_hook('comp_routine', 'cmake_prefix_path')
[21.411s] INFO:colcon.colcon_core.shell:Creating environment hook '/root/ws_offboard_control/install/comp_routine/share/comp_routine/hook/cmake_prefix_path.ps1'
[21.414s] INFO:colcon.colcon_core.shell:Creating environment descriptor '/root/ws_offboard_control/install/comp_routine/share/comp_routine/hook/cmake_prefix_path.dsv'
[21.417s] INFO:colcon.colcon_core.shell:Creating environment hook '/root/ws_offboard_control/install/comp_routine/share/comp_routine/hook/cmake_prefix_path.sh'
[21.421s] Level 1:colcon.colcon_core.environment:checking '/root/ws_offboard_control/install/comp_routine/lib'
[21.422s] Level 1:colcon.colcon_core.environment:checking '/root/ws_offboard_control/install/comp_routine/bin'
[21.422s] Level 1:colcon.colcon_core.environment:checking '/root/ws_offboard_control/install/comp_routine/lib/pkgconfig/comp_routine.pc'
[21.423s] Level 1:colcon.colcon_core.environment:checking '/root/ws_offboard_control/install/comp_routine/lib/python3.8/site-packages'
[21.424s] Level 1:colcon.colcon_core.environment:checking '/root/ws_offboard_control/install/comp_routine/bin'
[21.426s] INFO:colcon.colcon_core.shell:Creating package script '/root/ws_offboard_control/install/comp_routine/share/comp_routine/package.ps1'
[21.430s] INFO:colcon.colcon_core.shell:Creating package descriptor '/root/ws_offboard_control/install/comp_routine/share/comp_routine/package.dsv'
[21.433s] INFO:colcon.colcon_core.shell:Creating package script '/root/ws_offboard_control/install/comp_routine/share/comp_routine/package.sh'
[21.436s] INFO:colcon.colcon_core.shell:Creating package script '/root/ws_offboard_control/install/comp_routine/share/comp_routine/package.bash'
[21.438s] INFO:colcon.colcon_core.shell:Creating package script '/root/ws_offboard_control/install/comp_routine/share/comp_routine/package.zsh'
[21.441s] Level 1:colcon.colcon_core.environment:create_file_with_runtime_dependencies(/root/ws_offboard_control/install/comp_routine/share/colcon-core/packages/comp_routine)
[21.827s] DEBUG:colcon.colcon_core.event_handler.log_command:Invoked command in '/root/ws_offboard_control/build/px4_msgs' returned '0': CMAKE_PREFIX_PATH=${CMAKE_PREFIX_PATH}:/opt/ros/foxy _=/usr/bin/env /usr/bin/cmake --install /root/ws_offboard_control/build/px4_msgs
[21.829s] DEBUG:colcon.colcon_core.event_handler.log_command:Invoked command in '/root/ws_offboard_control/build/comp_routine' returned '0': CMAKE_PREFIX_PATH=${CMAKE_PREFIX_PATH}:/opt/ros/foxy _=/usr/bin/env /usr/bin/cmake --build /root/ws_offboard_control/build/comp_routine -- -j8 -l8
[21.830s] DEBUG:colcon.colcon_core.event_handler.log_command:Invoking command in '/root/ws_offboard_control/build/comp_routine': CMAKE_PREFIX_PATH=${CMAKE_PREFIX_PATH}:/opt/ros/foxy _=/usr/bin/env /usr/bin/cmake --install /root/ws_offboard_control/build/comp_routine
[21.838s] DEBUG:colcon.colcon_core.event_handler.log_command:Invoked command in '/root/ws_offboard_control/build/comp_routine' returned '0': CMAKE_PREFIX_PATH=${CMAKE_PREFIX_PATH}:/opt/ros/foxy _=/usr/bin/env /usr/bin/cmake --install /root/ws_offboard_control/build/comp_routine
[35.745s] Level 1:colcon.colcon_core.environment:create_environment_scripts_only(px4_msgs)
[35.747s] Level 1:colcon.colcon_core.environment:checking '/root/ws_offboard_control/install/px4_msgs' for CMake module files
[35.750s] Level 1:colcon.colcon_core.environment:checking '/root/ws_offboard_control/install/px4_msgs' for CMake config files
[35.753s] Level 1:colcon.colcon_core.shell:create_environment_hook('px4_msgs', 'cmake_prefix_path')
[35.754s] INFO:colcon.colcon_core.shell:Creating environment hook '/root/ws_offboard_control/install/px4_msgs/share/px4_msgs/hook/cmake_prefix_path.ps1'
[35.755s] INFO:colcon.colcon_core.shell:Creating environment descriptor '/root/ws_offboard_control/install/px4_msgs/share/px4_msgs/hook/cmake_prefix_path.dsv'
[35.757s] INFO:colcon.colcon_core.shell:Creating environment hook '/root/ws_offboard_control/install/px4_msgs/share/px4_msgs/hook/cmake_prefix_path.sh'
[35.759s] Level 1:colcon.colcon_core.environment:checking '/root/ws_offboard_control/install/px4_msgs/lib'
[35.759s] Level 1:colcon.colcon_core.shell:create_environment_hook('px4_msgs', 'ld_library_path_lib')
[35.760s] INFO:colcon.colcon_core.shell:Creating environment hook '/root/ws_offboard_control/install/px4_msgs/share/px4_msgs/hook/ld_library_path_lib.ps1'
[35.761s] INFO:colcon.colcon_core.shell:Creating environment descriptor '/root/ws_offboard_control/install/px4_msgs/share/px4_msgs/hook/ld_library_path_lib.dsv'
[35.762s] INFO:colcon.colcon_core.shell:Creating environment hook '/root/ws_offboard_control/install/px4_msgs/share/px4_msgs/hook/ld_library_path_lib.sh'
[35.763s] Level 1:colcon.colcon_core.environment:checking '/root/ws_offboard_control/install/px4_msgs/bin'
[35.764s] Level 1:colcon.colcon_core.environment:checking '/root/ws_offboard_control/install/px4_msgs/lib/pkgconfig/px4_msgs.pc'
[35.764s] Level 1:colcon.colcon_core.environment:checking '/root/ws_offboard_control/install/px4_msgs/lib/python3.8/site-packages'
[35.765s] Level 1:colcon.colcon_core.shell:create_environment_hook('px4_msgs', 'pythonpath')
[35.766s] INFO:colcon.colcon_core.shell:Creating environment hook '/root/ws_offboard_control/install/px4_msgs/share/px4_msgs/hook/pythonpath.ps1'
[35.767s] INFO:colcon.colcon_core.shell:Creating environment descriptor '/root/ws_offboard_control/install/px4_msgs/share/px4_msgs/hook/pythonpath.dsv'
[35.768s] INFO:colcon.colcon_core.shell:Creating environment hook '/root/ws_offboard_control/install/px4_msgs/share/px4_msgs/hook/pythonpath.sh'
[35.769s] Level 1:colcon.colcon_core.environment:checking '/root/ws_offboard_control/install/px4_msgs/bin'
[35.771s] INFO:colcon.colcon_core.shell:Creating package script '/root/ws_offboard_control/install/px4_msgs/share/px4_msgs/package.ps1'
[35.774s] INFO:colcon.colcon_core.shell:Creating package descriptor '/root/ws_offboard_control/install/px4_msgs/share/px4_msgs/package.dsv'
[35.776s] INFO:colcon.colcon_core.shell:Creating package script '/root/ws_offboard_control/install/px4_msgs/share/px4_msgs/package.sh'
[35.778s] INFO:colcon.colcon_core.shell:Creating package script '/root/ws_offboard_control/install/px4_msgs/share/px4_msgs/package.bash'
[35.780s] INFO:colcon.colcon_core.shell:Creating package script '/root/ws_offboard_control/install/px4_msgs/share/px4_msgs/package.zsh'
[35.781s] Level 1:colcon.colcon_core.environment:create_file_with_runtime_dependencies(/root/ws_offboard_control/install/px4_msgs/share/colcon-core/packages/px4_msgs)
[35.782s] INFO:colcon.colcon_ros.task.ament_cmake.build:Building ROS package in '/root/ws_offboard_control/src/px4_ros_com' with build type 'ament_cmake'
[35.783s] INFO:colcon.colcon_cmake.task.cmake.build:Building CMake package in '/root/ws_offboard_control/src/px4_ros_com'
[35.784s] INFO:colcon.colcon_core.shell:Skip shell extension 'powershell' for command environment: Not usable outside of PowerShell
[35.785s] DEBUG:colcon.colcon_core.shell:Skip shell extension 'dsv' for command environment
[35.842s] DEBUG:colcon.colcon_core.event_handler.log_command:Invoking command in '/root/ws_offboard_control/build/px4_ros_com': CMAKE_PREFIX_PATH=/root/ws_offboard_control/install/px4_msgs:/root/ws_offboard_control/install/px4_ros_com:/root/ws_offboard_control/install/comp_routine:/opt/motovisio/ros_ws/install/px4_msgs:/opt/motovisio/ros_ws/install/micro_ros_setup:/opt/motovisio/ros_ws/install/micro_ros_agent:/opt/motovisio/ros_ws/install/micro_ros_msgs:/opt/ros/foxy LD_LIBRARY_PATH=/root/ws_offboard_control/install/px4_msgs/lib:/root/ws_offboard_control/install/px4_ros_com/lib:/opt/motovisio/ros_ws/install/px4_msgs/lib:/opt/motovisio/ros_ws/install/micro_ros_agent/lib:/opt/motovisio/ros_ws/install/micro_ros_msgs/lib:/opt/ros/foxy/opt/yaml_cpp_vendor/lib:/opt/ros/foxy/lib/aarch64-linux-gnu:/opt/ros/foxy/lib PYTHONPATH=/root/ws_offboard_control/install/px4_msgs/lib/python3.8/site-packages:/root/ws_offboard_control/install/px4_ros_com/lib/python3.8/site-packages:/opt/motovisio/ros_ws/install/px4_msgs/lib/python3.8/site-packages:/opt/motovisio/ros_ws/install/micro_ros_msgs/lib/python3.8/site-packages:/opt/ros/foxy/lib/python3.8/site-packages _=/usr/bin/env /usr/bin/cmake --build /root/ws_offboard_control/build/px4_ros_com -- -j8 -l8
[35.970s] DEBUG:colcon.colcon_core.event_handler.log_command:Invoked command in '/root/ws_offboard_control/build/px4_ros_com' returned '0': CMAKE_PREFIX_PATH=/root/ws_offboard_control/install/px4_msgs:/root/ws_offboard_control/install/px4_ros_com:/root/ws_offboard_control/install/comp_routine:/opt/motovisio/ros_ws/install/px4_msgs:/opt/motovisio/ros_ws/install/micro_ros_setup:/opt/motovisio/ros_ws/install/micro_ros_agent:/opt/motovisio/ros_ws/install/micro_ros_msgs:/opt/ros/foxy LD_LIBRARY_PATH=/root/ws_offboard_control/install/px4_msgs/lib:/root/ws_offboard_control/install/px4_ros_com/lib:/opt/motovisio/ros_ws/install/px4_msgs/lib:/opt/motovisio/ros_ws/install/micro_ros_agent/lib:/opt/motovisio/ros_ws/install/micro_ros_msgs/lib:/opt/ros/foxy/opt/yaml_cpp_vendor/lib:/opt/ros/foxy/lib/aarch64-linux-gnu:/opt/ros/foxy/lib PYTHONPATH=/root/ws_offboard_control/install/px4_msgs/lib/python3.8/site-packages:/root/ws_offboard_control/install/px4_ros_com/lib/python3.8/site-packages:/opt/motovisio/ros_ws/install/px4_msgs/lib/python3.8/site-packages:/opt/motovisio/ros_ws/install/micro_ros_msgs/lib/python3.8/site-packages:/opt/ros/foxy/lib/python3.8/site-packages _=/usr/bin/env /usr/bin/cmake --build /root/ws_offboard_control/build/px4_ros_com -- -j8 -l8
[36.107s] DEBUG:colcon.colcon_core.event_handler.log_command:Invoking command in '/root/ws_offboard_control/build/px4_ros_com': CMAKE_PREFIX_PATH=/root/ws_offboard_control/install/px4_msgs:/root/ws_offboard_control/install/px4_ros_com:/root/ws_offboard_control/install/comp_routine:/opt/motovisio/ros_ws/install/px4_msgs:/opt/motovisio/ros_ws/install/micro_ros_setup:/opt/motovisio/ros_ws/install/micro_ros_agent:/opt/motovisio/ros_ws/install/micro_ros_msgs:/opt/ros/foxy LD_LIBRARY_PATH=/root/ws_offboard_control/install/px4_msgs/lib:/root/ws_offboard_control/install/px4_ros_com/lib:/opt/motovisio/ros_ws/install/px4_msgs/lib:/opt/motovisio/ros_ws/install/micro_ros_agent/lib:/opt/motovisio/ros_ws/install/micro_ros_msgs/lib:/opt/ros/foxy/opt/yaml_cpp_vendor/lib:/opt/ros/foxy/lib/aarch64-linux-gnu:/opt/ros/foxy/lib PYTHONPATH=/root/ws_offboard_control/install/px4_msgs/lib/python3.8/site-packages:/root/ws_offboard_control/install/px4_ros_com/lib/python3.8/site-packages:/opt/motovisio/ros_ws/install/px4_msgs/lib/python3.8/site-packages:/opt/motovisio/ros_ws/install/micro_ros_msgs/lib/python3.8/site-packages:/opt/ros/foxy/lib/python3.8/site-packages _=/usr/bin/env /usr/bin/cmake --install /root/ws_offboard_control/build/px4_ros_com
[36.267s] Level 1:colcon.colcon_core.environment:create_environment_scripts_only(px4_ros_com)
[36.269s] Level 1:colcon.colcon_core.environment:checking '/root/ws_offboard_control/install/px4_ros_com' for CMake module files
[36.275s] DEBUG:colcon.colcon_core.event_handler.log_command:Invoked command in '/root/ws_offboard_control/build/px4_ros_com' returned '0': CMAKE_PREFIX_PATH=/root/ws_offboard_control/install/px4_msgs:/root/ws_offboard_control/install/px4_ros_com:/root/ws_offboard_control/install/comp_routine:/opt/motovisio/ros_ws/install/px4_msgs:/opt/motovisio/ros_ws/install/micro_ros_setup:/opt/motovisio/ros_ws/install/micro_ros_agent:/opt/motovisio/ros_ws/install/micro_ros_msgs:/opt/ros/foxy LD_LIBRARY_PATH=/root/ws_offboard_control/install/px4_msgs/lib:/root/ws_offboard_control/install/px4_ros_com/lib:/opt/motovisio/ros_ws/install/px4_msgs/lib:/opt/motovisio/ros_ws/install/micro_ros_agent/lib:/opt/motovisio/ros_ws/install/micro_ros_msgs/lib:/opt/ros/foxy/opt/yaml_cpp_vendor/lib:/opt/ros/foxy/lib/aarch64-linux-gnu:/opt/ros/foxy/lib PYTHONPATH=/root/ws_offboard_control/install/px4_msgs/lib/python3.8/site-packages:/root/ws_offboard_control/install/px4_ros_com/lib/python3.8/site-packages:/opt/motovisio/ros_ws/install/px4_msgs/lib/python3.8/site-packages:/opt/motovisio/ros_ws/install/micro_ros_msgs/lib/python3.8/site-packages:/opt/ros/foxy/lib/python3.8/site-packages _=/usr/bin/env /usr/bin/cmake --install /root/ws_offboard_control/build/px4_ros_com
[36.276s] Level 1:colcon.colcon_core.environment:checking '/root/ws_offboard_control/install/px4_ros_com' for CMake config files
[36.277s] Level 1:colcon.colcon_core.shell:create_environment_hook('px4_ros_com', 'cmake_prefix_path')
[36.278s] INFO:colcon.colcon_core.shell:Creating environment hook '/root/ws_offboard_control/install/px4_ros_com/share/px4_ros_com/hook/cmake_prefix_path.ps1'
[36.281s] INFO:colcon.colcon_core.shell:Creating environment descriptor '/root/ws_offboard_control/install/px4_ros_com/share/px4_ros_com/hook/cmake_prefix_path.dsv'
[36.282s] INFO:colcon.colcon_core.shell:Creating environment hook '/root/ws_offboard_control/install/px4_ros_com/share/px4_ros_com/hook/cmake_prefix_path.sh'
[36.284s] Level 1:colcon.colcon_core.environment:checking '/root/ws_offboard_control/install/px4_ros_com/lib'
[36.284s] Level 1:colcon.colcon_core.shell:create_environment_hook('px4_ros_com', 'ld_library_path_lib')
[36.285s] INFO:colcon.colcon_core.shell:Creating environment hook '/root/ws_offboard_control/install/px4_ros_com/share/px4_ros_com/hook/ld_library_path_lib.ps1'
[36.286s] INFO:colcon.colcon_core.shell:Creating environment descriptor '/root/ws_offboard_control/install/px4_ros_com/share/px4_ros_com/hook/ld_library_path_lib.dsv'
[36.287s] INFO:colcon.colcon_core.shell:Creating environment hook '/root/ws_offboard_control/install/px4_ros_com/share/px4_ros_com/hook/ld_library_path_lib.sh'
[36.288s] Level 1:colcon.colcon_core.environment:checking '/root/ws_offboard_control/install/px4_ros_com/bin'
[36.288s] Level 1:colcon.colcon_core.environment:checking '/root/ws_offboard_control/install/px4_ros_com/lib/pkgconfig/px4_ros_com.pc'
[36.289s] Level 1:colcon.colcon_core.environment:checking '/root/ws_offboard_control/install/px4_ros_com/lib/python3.8/site-packages'
[36.289s] Level 1:colcon.colcon_core.shell:create_environment_hook('px4_ros_com', 'pythonpath')
[36.290s] INFO:colcon.colcon_core.shell:Creating environment hook '/root/ws_offboard_control/install/px4_ros_com/share/px4_ros_com/hook/pythonpath.ps1'
[36.291s] INFO:colcon.colcon_core.shell:Creating environment descriptor '/root/ws_offboard_control/install/px4_ros_com/share/px4_ros_com/hook/pythonpath.dsv'
[36.292s] INFO:colcon.colcon_core.shell:Creating environment hook '/root/ws_offboard_control/install/px4_ros_com/share/px4_ros_com/hook/pythonpath.sh'
[36.294s] Level 1:colcon.colcon_core.environment:checking '/root/ws_offboard_control/install/px4_ros_com/bin'
[36.296s] INFO:colcon.colcon_core.shell:Creating package script '/root/ws_offboard_control/install/px4_ros_com/share/px4_ros_com/package.ps1'
[36.298s] INFO:colcon.colcon_core.shell:Creating package descriptor '/root/ws_offboard_control/install/px4_ros_com/share/px4_ros_com/package.dsv'
[36.299s] INFO:colcon.colcon_core.shell:Creating package script '/root/ws_offboard_control/install/px4_ros_com/share/px4_ros_com/package.sh'
[36.301s] INFO:colcon.colcon_core.shell:Creating package script '/root/ws_offboard_control/install/px4_ros_com/share/px4_ros_com/package.bash'
[36.302s] INFO:colcon.colcon_core.shell:Creating package script '/root/ws_offboard_control/install/px4_ros_com/share/px4_ros_com/package.zsh'
[36.303s] Level 1:colcon.colcon_core.environment:create_file_with_runtime_dependencies(/root/ws_offboard_control/install/px4_ros_com/share/colcon-core/packages/px4_ros_com)
[36.435s] Level 1:colcon.colcon_core.environment:create_environment_scripts_only(px4_ros_com)
[36.437s] Level 1:colcon.colcon_core.environment:checking '/root/ws_offboard_control/install/px4_ros_com' for CMake module files
[36.440s] Level 1:colcon.colcon_core.environment:checking '/root/ws_offboard_control/install/px4_ros_com' for CMake config files
[36.441s] Level 1:colcon.colcon_core.shell:create_environment_hook('px4_ros_com', 'cmake_prefix_path')
[36.442s] INFO:colcon.colcon_core.shell:Creating environment hook '/root/ws_offboard_control/install/px4_ros_com/share/px4_ros_com/hook/cmake_prefix_path.ps1'
[36.444s] INFO:colcon.colcon_core.shell:Creating environment descriptor '/root/ws_offboard_control/install/px4_ros_com/share/px4_ros_com/hook/cmake_prefix_path.dsv'
[36.445s] INFO:colcon.colcon_core.shell:Creating environment hook '/root/ws_offboard_control/install/px4_ros_com/share/px4_ros_com/hook/cmake_prefix_path.sh'
[36.447s] Level 1:colcon.colcon_core.environment:checking '/root/ws_offboard_control/install/px4_ros_com/lib'
[36.447s] Level 1:colcon.colcon_core.shell:create_environment_hook('px4_ros_com', 'ld_library_path_lib')
[36.448s] INFO:colcon.colcon_core.shell:Creating environment hook '/root/ws_offboard_control/install/px4_ros_com/share/px4_ros_com/hook/ld_library_path_lib.ps1'
[36.449s] INFO:colcon.colcon_core.shell:Creating environment descriptor '/root/ws_offboard_control/install/px4_ros_com/share/px4_ros_com/hook/ld_library_path_lib.dsv'
[36.450s] INFO:colcon.colcon_core.shell:Creating environment hook '/root/ws_offboard_control/install/px4_ros_com/share/px4_ros_com/hook/ld_library_path_lib.sh'
[36.451s] Level 1:colcon.colcon_core.environment:checking '/root/ws_offboard_control/install/px4_ros_com/bin'
[36.452s] Level 1:colcon.colcon_core.environment:checking '/root/ws_offboard_control/install/px4_ros_com/lib/pkgconfig/px4_ros_com.pc'
[36.453s] Level 1:colcon.colcon_core.environment:checking '/root/ws_offboard_control/install/px4_ros_com/lib/python3.8/site-packages'
[36.453s] Level 1:colcon.colcon_core.shell:create_environment_hook('px4_ros_com', 'pythonpath')
[36.454s] INFO:colcon.colcon_core.shell:Creating environment hook '/root/ws_offboard_control/install/px4_ros_com/share/px4_ros_com/hook/pythonpath.ps1'
[36.455s] INFO:colcon.colcon_core.shell:Creating environment descriptor '/root/ws_offboard_control/install/px4_ros_com/share/px4_ros_com/hook/pythonpath.dsv'
[36.457s] INFO:colcon.colcon_core.shell:Creating environment hook '/root/ws_offboard_control/install/px4_ros_com/share/px4_ros_com/hook/pythonpath.sh'
[36.458s] Level 1:colcon.colcon_core.environment:checking '/root/ws_offboard_control/install/px4_ros_com/bin'
[36.459s] INFO:colcon.colcon_core.shell:Creating package script '/root/ws_offboard_control/install/px4_ros_com/share/px4_ros_com/package.ps1'
[36.462s] INFO:colcon.colcon_core.shell:Creating package descriptor '/root/ws_offboard_control/install/px4_ros_com/share/px4_ros_com/package.dsv'
[36.464s] INFO:colcon.colcon_core.shell:Creating package script '/root/ws_offboard_control/install/px4_ros_com/share/px4_ros_com/package.sh'
[36.465s] INFO:colcon.colcon_core.shell:Creating package script '/root/ws_offboard_control/install/px4_ros_com/share/px4_ros_com/package.bash'
[36.466s] INFO:colcon.colcon_core.shell:Creating package script '/root/ws_offboard_control/install/px4_ros_com/share/px4_ros_com/package.zsh'
[36.467s] Level 1:colcon.colcon_core.environment:create_file_with_runtime_dependencies(/root/ws_offboard_control/install/px4_ros_com/share/colcon-core/packages/px4_ros_com)
[36.468s] DEBUG:colcon.colcon_parallel_executor.executor.parallel:closing loop
[36.469s] DEBUG:colcon.colcon_parallel_executor.executor.parallel:loop closed
[36.470s] DEBUG:colcon.colcon_parallel_executor.executor.parallel:run_until_complete finished with '0'
[36.470s] DEBUG:colcon.colcon_core.event_reactor:joining thread
[36.490s] INFO:colcon.colcon_core.plugin_system:Skipping extension 'colcon_notification.desktop_notification.notify_send': Could not find 'notify-send'
[36.491s] INFO:colcon.colcon_core.plugin_system:Skipping extension 'colcon_notification.desktop_notification.terminal_notifier': Not used on non-Darwin systems
[36.491s] INFO:colcon.colcon_core.plugin_system:Skipping extension 'colcon_notification.desktop_notification.win32': Not used on non-Windows systems
[36.491s] INFO:colcon.colcon_notification.desktop_notification:Sending desktop notification using 'notify2'
[36.494s] DEBUG:colcon.colcon_notification.desktop_notification.notify2:Failed to initialize notify2: org.freedesktop.DBus.Error.ServiceUnknown: The name org.freedesktop.Notifications was not provided by any .service files
[36.494s] DEBUG:colcon.colcon_core.event_reactor:joined thread
[36.495s] INFO:colcon.colcon_core.shell:Creating prefix script '/root/ws_offboard_control/install/local_setup.ps1'
[36.499s] INFO:colcon.colcon_core.shell:Creating prefix util module '/root/ws_offboard_control/install/_local_setup_util_ps1.py'
[36.505s] INFO:colcon.colcon_core.shell:Creating prefix chain script '/root/ws_offboard_control/install/setup.ps1'
[36.510s] INFO:colcon.colcon_core.shell:Creating prefix script '/root/ws_offboard_control/install/local_setup.sh'
[36.512s] INFO:colcon.colcon_core.shell:Creating prefix util module '/root/ws_offboard_control/install/_local_setup_util_sh.py'
[36.514s] INFO:colcon.colcon_core.shell:Creating prefix chain script '/root/ws_offboard_control/install/setup.sh'
[36.519s] INFO:colcon.colcon_core.shell:Creating prefix script '/root/ws_offboard_control/install/local_setup.bash'
[36.520s] INFO:colcon.colcon_core.shell:Creating prefix chain script '/root/ws_offboard_control/install/setup.bash'
[36.525s] INFO:colcon.colcon_core.shell:Creating prefix script '/root/ws_offboard_control/install/local_setup.zsh'
[36.527s] INFO:colcon.colcon_core.shell:Creating prefix chain script '/root/ws_offboard_control/install/setup.zsh'
