[0.066s] Invoking command in '/root/ws_offboard_control/build/ros2_april_detection': CMAKE_PREFIX_PATH=${CMAKE_PREFIX_PATH}:/opt/ros/foxy _=/usr/bin/env /usr/bin/cmake /root/ws_offboard_control/src/rb5_ros2/ros2_april_detection -DCMAKE_INSTALL_PREFIX=/root/ws_offboard_control/install/ros2_april_detection
[0.170s] -- Found ament_cmake: 0.9.12 (/opt/ros/foxy/share/ament_cmake/cmake)
[0.171s] -- Using PYTHON_EXECUTABLE: /usr/bin/python3
[0.171s] [33mCMake Warning (dev) at /opt/ros/foxy/share/ament_cmake_core/cmake/core/python.cmake:22 (find_package):
[0.172s]   Policy CMP0148 is not set: The FindPythonInterp and FindPythonLibs modules
[0.173s]   are removed.  Run "cmake --help-policy CMP0148" for policy details.  Use
[0.173s]   the cmake_policy command to set the policy and suppress this warning.
[0.174s] 
[0.174s] Call Stack (most recent call first):
[0.175s]   /opt/ros/foxy/share/ament_cmake_core/cmake/core/all.cmake:53 (include)
[0.175s]   /opt/ros/foxy/share/ament_cmake_core/cmake/ament_cmake_core-extras.cmake:17 (include)
[0.176s]   /opt/ros/foxy/share/ament_cmake_core/cmake/ament_cmake_coreConfig.cmake:41 (include)
[0.176s]   /opt/ros/foxy/share/ament_cmake/cmake/ament_cmake_export_dependencies-extras.cmake:15 (find_package)
[0.177s]   /opt/ros/foxy/share/ament_cmake/cmake/ament_cmakeConfig.cmake:41 (include)
[0.177s]   CMakeLists.txt:19 (find_package)
[0.178s] This warning is for project developers.  Use -Wno-dev to suppress it.
[0.178s] [0m
[0.489s] -- Found rclcpp: 2.4.3 (/opt/ros/foxy/share/rclcpp/cmake)
[0.564s] -- Using all available rosidl_typesupport_c: rosidl_typesupport_fastrtps_c;rosidl_typesupport_introspection_c
[0.574s] -- Found rosidl_adapter: 1.3.1 (/opt/ros/foxy/share/rosidl_adapter/cmake)
[0.774s] -- Using all available rosidl_typesupport_cpp: rosidl_typesupport_fastrtps_cpp;rosidl_typesupport_introspection_cpp
[0.875s] -- Found rmw_implementation_cmake: 1.0.4 (/opt/ros/foxy/share/rmw_implementation_cmake/cmake)
[0.882s] -- Using RMW implementation 'rmw_fastrtps_cpp' as default
[1.113s] -- Found sensor_msgs: 2.0.5 (/opt/ros/foxy/share/sensor_msgs/cmake)
[1.243s] -- Found cv_bridge: 3.0.7 (/opt/ros/foxy/share/cv_bridge/cmake)
[1.289s] -- Found tf2: 0.13.14 (/opt/ros/foxy/share/tf2/cmake)
[1.299s] -- Found tf2_ros: 0.13.14 (/opt/ros/foxy/share/tf2_ros/cmake)
[1.707s] [31mCMake Error at CMakeLists.txt:29 (find_package):
[1.707s]   By not providing "Findapriltag.cmake" in CMAKE_MODULE_PATH this project has
[1.710s]   asked CMake to find a package configuration file provided by "apriltag",
[1.714s]   but CMake did not find one.
[1.717s] 
[1.719s]   Could not find a package configuration file provided by "apriltag" with any
[1.724s]   of the following names:
[1.726s] 
[1.726s]     apriltagConfig.cmake
[1.727s]     apriltag-config.cmake
[1.727s] 
[1.727s]   Add the installation prefix of "apriltag" to CMAKE_PREFIX_PATH or set
[1.728s]   "apriltag_DIR" to a directory containing one of the above files.  If
[1.728s]   "apriltag" provides a separate development package or SDK, be sure it has
[1.729s]   been installed.
[1.729s] 
[1.729s] [0m
[1.730s] -- Configuring incomplete, errors occurred!
[1.766s] Invoked command in '/root/ws_offboard_control/build/ros2_april_detection' returned '1': CMAKE_PREFIX_PATH=${CMAKE_PREFIX_PATH}:/opt/ros/foxy _=/usr/bin/env /usr/bin/cmake /root/ws_offboard_control/src/rb5_ros2/ros2_april_detection -DCMAKE_INSTALL_PREFIX=/root/ws_offboard_control/install/ros2_april_detection
