[01m[K/root/ws_offboard_control/src/comp_routine/src/comp_routine.cpp:[m[K In constructor ‘[01m[KCompRoutine::CompRoutine()[m[K’:
[01m[K/root/ws_offboard_control/src/comp_routine/src/comp_routine.cpp:59:178:[m[K [01;31m[Kerror: [m[Kno matching function for call to ‘[01m[KCompRoutine::create_subscription<px4_msgs::msg::VehicleStatus>(const char [24], std::_Bind_helper<false, void (CompRoutine::*)(px4_msgs::msg::VehicleStatus_<std::allocator<void> >), CompRoutine*, const std::_Placeholder<1>&>::type)[m[K’
   59 | scription<VehicleStatus>("/fmu/out/vehicle_status", std::bind(&CompRoutine::vehicle_status_callback, this, std::placeholders::_1)[01;31m[K)[m[K;
      |                                                                                                                                  [01;31m[K^[m[K

In file included from [01m[K/opt/ros/foxy/include/rclcpp/executors/single_threaded_executor.hpp:28[m[K,
                 from [01m[K/opt/ros/foxy/include/rclcpp/executors.hpp:22[m[K,
                 from [01m[K/opt/ros/foxy/include/rclcpp/rclcpp.hpp:146[m[K,
                 from [01m[K/root/ws_offboard_control/src/comp_routine/src/comp_routine.cpp:6[m[K:
[01m[K/opt/ros/foxy/include/rclcpp/node.hpp:213:3:[m[K [01;36m[Knote: [m[Kcandidate: ‘[01m[Ktemplate<class MessageT, class CallbackT, class AllocatorT, class CallbackMessageT, class SubscriptionT, class MessageMemoryStrategyT> std::shared_ptr<SubscriptionT> rclcpp::Node::create_subscription(const string&, const rclcpp::QoS&, CallbackT&&, const rclcpp::SubscriptionOptionsWithAllocator<AllocatorT>&, typename MessageMemoryStrategyT::SharedPtr)[m[K’
  213 |   [01;36m[Kcreate_subscription[m[K(
      |   [01;36m[K^~~~~~~~~~~~~~~~~~~[m[K
[01m[K/opt/ros/foxy/include/rclcpp/node.hpp:213:3:[m[K [01;36m[Knote: [m[K  template argument deduction/substitution failed:
[01m[K/root/ws_offboard_control/src/comp_routine/src/comp_routine.cpp:59:178:[m[K [01;36m[Knote: [m[K  candidate expects 5 arguments, 2 provided
   59 | scription<VehicleStatus>("/fmu/out/vehicle_status", std::bind(&CompRoutine::vehicle_status_callback, this, std::placeholders::_1)[01;36m[K)[m[K;
      |                                                                                                                                  [01;36m[K^[m[K

[01m[K/root/ws_offboard_control/src/comp_routine/src/comp_routine.cpp:[m[K In function ‘[01m[Kvoid mySigintHandler(int)[m[K’:
[01m[K/root/ws_offboard_control/src/comp_routine/src/comp_routine.cpp:221:26:[m[K [01;35m[Kwarning: [m[Kunused parameter ‘[01m[Ksig[m[K’ [[01;35m[K-Wunused-parameter[m[K]
  221 | void mySigintHandler([01;35m[Kint sig[m[K) {
      |                      [01;35m[K~~~~^~~[m[K
make[2]: *** [CMakeFiles/comp_routine.dir/build.make:76: CMakeFiles/comp_routine.dir/src/comp_routine.cpp.o] Error 1
make[1]: *** [CMakeFiles/Makefile2:137: CMakeFiles/comp_routine.dir/all] Error 2
make: *** [Makefile:146: all] Error 2
