[0.037s] Invoking command in '/root/ws_offboard_control/build/comp_routine': CMAKE_PREFIX_PATH=${CMAKE_PREFIX_PATH}:/opt/ros/foxy _=/usr/bin/env /usr/bin/cmake --build /root/ws_offboard_control/build/comp_routine -- -j8 -l8
[0.134s] [ 50%] [32mBuilding CXX object CMakeFiles/comp_routine.dir/src/comp_routine.cpp.o[0m
[1.627s] [01m[K/root/ws_offboard_control/src/comp_routine/src/comp_routine.cpp:[m[K In constructor ‘[01m[KCompRoutine::CompRoutine()[m[K’:
[1.628s] [01m[K/root/ws_offboard_control/src/comp_routine/src/comp_routine.cpp:59:178:[m[K [01;31m[Kerror: [m[Kno matching function for call to ‘[01m[KCompRoutine::create_subscription<px4_msgs::msg::VehicleStatus>(const char [24], std::_Bind_helper<false, void (CompRoutine::*)(px4_msgs::msg::VehicleStatus_<std::allocator<void> >), CompRoutine*, const std::_Placeholder<1>&>::type)[m[K’
[1.628s]    59 | scription<VehicleStatus>("/fmu/out/vehicle_status", std::bind(&CompRoutine::vehicle_status_callback, this, std::placeholders::_1)[01;31m[K)[m[K;
[1.629s]       |                                                                                                                                  [01;31m[K^[m[K
[1.629s] 
[1.630s] In file included from [01m[K/opt/ros/foxy/include/rclcpp/executors/single_threaded_executor.hpp:28[m[K,
[1.630s]                  from [01m[K/opt/ros/foxy/include/rclcpp/executors.hpp:22[m[K,
[1.630s]                  from [01m[K/opt/ros/foxy/include/rclcpp/rclcpp.hpp:146[m[K,
[1.631s]                  from [01m[K/root/ws_offboard_control/src/comp_routine/src/comp_routine.cpp:6[m[K:
[1.631s] [01m[K/opt/ros/foxy/include/rclcpp/node.hpp:213:3:[m[K [01;36m[Knote: [m[Kcandidate: ‘[01m[Ktemplate<class MessageT, class CallbackT, class AllocatorT, class CallbackMessageT, class SubscriptionT, class MessageMemoryStrategyT> std::shared_ptr<SubscriptionT> rclcpp::Node::create_subscription(const string&, const rclcpp::QoS&, CallbackT&&, const rclcpp::SubscriptionOptionsWithAllocator<AllocatorT>&, typename MessageMemoryStrategyT::SharedPtr)[m[K’
[1.631s]   213 |   [01;36m[Kcreate_subscription[m[K(
[1.632s]       |   [01;36m[K^~~~~~~~~~~~~~~~~~~[m[K
[1.632s] [01m[K/opt/ros/foxy/include/rclcpp/node.hpp:213:3:[m[K [01;36m[Knote: [m[K  template argument deduction/substitution failed:
[1.632s] [01m[K/root/ws_offboard_control/src/comp_routine/src/comp_routine.cpp:59:178:[m[K [01;36m[Knote: [m[K  candidate expects 5 arguments, 2 provided
[1.633s]    59 | scription<VehicleStatus>("/fmu/out/vehicle_status", std::bind(&CompRoutine::vehicle_status_callback, this, std::placeholders::_1)[01;36m[K)[m[K;
[1.633s]       |                                                                                                                                  [01;36m[K^[m[K
[1.634s] 
[1.666s] [01m[K/root/ws_offboard_control/src/comp_routine/src/comp_routine.cpp:[m[K In function ‘[01m[Kvoid mySigintHandler(int)[m[K’:
[1.667s] [01m[K/root/ws_offboard_control/src/comp_routine/src/comp_routine.cpp:221:26:[m[K [01;35m[Kwarning: [m[Kunused parameter ‘[01m[Ksig[m[K’ [[01;35m[K-Wunused-parameter[m[K]
[1.667s]   221 | void mySigintHandler([01;35m[Kint sig[m[K) {
[1.668s]       |                      [01;35m[K~~~~^~~[m[K
[2.886s] make[2]: *** [CMakeFiles/comp_routine.dir/build.make:76: CMakeFiles/comp_routine.dir/src/comp_routine.cpp.o] Error 1
[2.887s] make[1]: *** [CMakeFiles/Makefile2:137: CMakeFiles/comp_routine.dir/all] Error 2
[2.889s] make: *** [Makefile:146: all] Error 2
[2.898s] Invoked command in '/root/ws_offboard_control/build/comp_routine' returned '2': CMAKE_PREFIX_PATH=${CMAKE_PREFIX_PATH}:/opt/ros/foxy _=/usr/bin/env /usr/bin/cmake --build /root/ws_offboard_control/build/comp_routine -- -j8 -l8
