[0.065s] Invoking command in '/root/ws_offboard_control/build/comp_routine': CMAKE_PREFIX_PATH=${CMAKE_PREFIX_PATH}:/opt/ros/foxy _=/usr/bin/env /usr/bin/cmake --build /root/ws_offboard_control/build/comp_routine -- -j8 -l8
[0.168s] [ 50%] [32mBuilding CXX object CMakeFiles/comp_routine.dir/src/comp_routine.cpp.o[0m
[6.548s] [01m[K/root/ws_offboard_control/src/comp_routine/src/comp_routine.cpp:[m[K In function ‘[01m[Kvoid mySigintHandler(int)[m[K’:
[6.549s] [01m[K/root/ws_offboard_control/src/comp_routine/src/comp_routine.cpp:201:26:[m[K [01;35m[Kwarning: [m[Kunused parameter ‘[01m[Ksig[m[K’ [[01;35m[K-Wunused-parameter[m[K]
[6.549s]   201 | void mySigintHandler([01;35m[Kint sig[m[K) {
[6.549s]       |                      [01;35m[K~~~~^~~[m[K
[16.559s] [100%] [32m[1mLinking CXX executable comp_routine[0m
[17.591s] [100%] Built target comp_routine
[17.609s] Invoked command in '/root/ws_offboard_control/build/comp_routine' returned '0': CMAKE_PREFIX_PATH=${CMAKE_PREFIX_PATH}:/opt/ros/foxy _=/usr/bin/env /usr/bin/cmake --build /root/ws_offboard_control/build/comp_routine -- -j8 -l8
[17.719s] Invoking command in '/root/ws_offboard_control/build/comp_routine': CMAKE_PREFIX_PATH=${CMAKE_PREFIX_PATH}:/opt/ros/foxy _=/usr/bin/env /usr/bin/cmake --install /root/ws_offboard_control/build/comp_routine
[17.738s] -- Install configuration: ""
[17.739s] -- Installing: /root/ws_offboard_control/install/comp_routine/lib/comp_routine/comp_routine
[17.742s] -- Set non-toolchain portion of runtime path of "/root/ws_offboard_control/install/comp_routine/lib/comp_routine/comp_routine" to ""
[17.743s] -- Up-to-date: /root/ws_offboard_control/install/comp_routine/share/ament_index/resource_index/package_run_dependencies/comp_routine
[17.744s] -- Up-to-date: /root/ws_offboard_control/install/comp_routine/share/ament_index/resource_index/parent_prefix_path/comp_routine
[17.744s] -- Up-to-date: /root/ws_offboard_control/install/comp_routine/share/comp_routine/environment/ament_prefix_path.sh
[17.745s] -- Up-to-date: /root/ws_offboard_control/install/comp_routine/share/comp_routine/environment/ament_prefix_path.dsv
[17.746s] -- Up-to-date: /root/ws_offboard_control/install/comp_routine/share/comp_routine/environment/path.sh
[17.746s] -- Up-to-date: /root/ws_offboard_control/install/comp_routine/share/comp_routine/environment/path.dsv
[17.747s] -- Up-to-date: /root/ws_offboard_control/install/comp_routine/share/comp_routine/local_setup.bash
[17.747s] -- Up-to-date: /root/ws_offboard_control/install/comp_routine/share/comp_routine/local_setup.sh
[17.747s] -- Up-to-date: /root/ws_offboard_control/install/comp_routine/share/comp_routine/local_setup.zsh
[17.748s] -- Up-to-date: /root/ws_offboard_control/install/comp_routine/share/comp_routine/local_setup.dsv
[17.749s] -- Installing: /root/ws_offboard_control/install/comp_routine/share/comp_routine/package.dsv
[17.749s] -- Up-to-date: /root/ws_offboard_control/install/comp_routine/share/ament_index/resource_index/packages/comp_routine
[17.749s] -- Up-to-date: /root/ws_offboard_control/install/comp_routine/share/comp_routine/cmake/comp_routineConfig.cmake
[17.750s] -- Up-to-date: /root/ws_offboard_control/install/comp_routine/share/comp_routine/cmake/comp_routineConfig-version.cmake
[17.750s] -- Up-to-date: /root/ws_offboard_control/install/comp_routine/share/comp_routine/package.xml
[17.761s] Invoked command in '/root/ws_offboard_control/build/comp_routine' returned '0': CMAKE_PREFIX_PATH=${CMAKE_PREFIX_PATH}:/opt/ros/foxy _=/usr/bin/env /usr/bin/cmake --install /root/ws_offboard_control/build/comp_routine
