[ 50%] [32mBuilding CXX object CMakeFiles/comp_routine.dir/src/comp_routine.cpp.o[0m
[01m[K/root/ws_offboard_control/src/comp_routine/src/comp_routine.cpp:113:8:[m[K [01;31m[Kerror: [m[K‘[01m[Kvoid CompRoutine::vehicle_status_callback(px4_msgs::msg::VehicleStatus_<std::allocator<void> >::SharedPtr)[m[K’ cannot be overloaded with ‘[01m[Kvoid CompRoutine::vehicle_status_callback(px4_msgs::msg::VehicleStatus_<std::allocator<void> >::SharedPtr)[m[K’
  113 |   void [01;31m[Kvehicle_status_callback[m[K(const px4_msgs::msg::VehicleStatus::SharedPtr msg) {
      |        [01;31m[K^~~~~~~~~~~~~~~~~~~~~~~[m[K
[01m[K/root/ws_offboard_control/src/comp_routine/src/comp_routine.cpp:24:8:[m[K [01;36m[Knote: [m[Kprevious declaration ‘[01m[Kvoid CompRoutine::vehicle_status_callback(px4_msgs::msg::VehicleStatus_<std::allocator<void> >::SharedPtr)[m[K’
   24 |   void [01;36m[Kvehicle_status_callback[m[K(const px4_msgs::msg::VehicleStatus::SharedPtr msg);
      |        [01;36m[K^~~~~~~~~~~~~~~~~~~~~~~[m[K
[01m[K/root/ws_offboard_control/src/comp_routine/src/comp_routine.cpp:129:8:[m[K [01;31m[Kerror: [m[K‘[01m[Kvoid CompRoutine::run_state_machine()[m[K’ cannot be overloaded with ‘[01m[Kvoid CompRoutine::run_state_machine()[m[K’
  129 |   void [01;31m[Krun_state_machine[m[K() {
      |        [01;31m[K^~~~~~~~~~~~~~~~~[m[K
[01m[K/root/ws_offboard_control/src/comp_routine/src/comp_routine.cpp:36:8:[m[K [01;36m[Knote: [m[Kprevious declaration ‘[01m[Kvoid CompRoutine::run_state_machine()[m[K’
   36 |   void [01;36m[Krun_state_machine[m[K();
      |        [01;36m[K^~~~~~~~~~~~~~~~~[m[K
[01m[K/root/ws_offboard_control/src/comp_routine/src/comp_routine.cpp:[m[K In constructor ‘[01m[KCompRoutine::CompRoutine()[m[K’:
[01m[K/root/ws_offboard_control/src/comp_routine/src/comp_routine.cpp:74:4:[m[K [01;31m[Kerror: [m[K‘[01m[Kvehicle_status_subcriber[m[K’ was not declared in this scope; did you mean ‘[01m[Kvehicle_status_subscriber_[m[K’?
   74 |    [01;31m[Kvehicle_status_subcriber[m[K = this->create_subscription<px4_msgs::msg::VehicleStatus>("/fmu/out/vehicle_status", qos_profile, std::bind(&OffboardPlane::vehicle_status_callback, this, std::placeholders::_1));
      |    [01;31m[K^~~~~~~~~~~~~~~~~~~~~~~~[m[K
      |    [32m[Kvehicle_status_subscriber_[m[K
[01m[K/root/ws_offboard_control/src/comp_routine/src/comp_routine.cpp:74:138:[m[K [01;31m[Kerror: [m[K‘[01m[KOffboardPlane[m[K’ has not been declared
   74 | le_status_subcriber = this->create_subscription<px4_msgs::msg::VehicleStatus>("/fmu/out/vehicle_status", qos_profile, std::bind(&[01;31m[KOffboardPlane[m[K::vehicle_status_callback, this, std::placeholders::_1));
      |                                                                                                                                  [01;31m[K^~~~~~~~~~~~~[m[K

[01m[K/root/ws_offboard_control/src/comp_routine/src/comp_routine.cpp:[m[K In lambda function:
[01m[K/root/ws_offboard_control/src/comp_routine/src/comp_routine.cpp:83:48:[m[K [01;31m[Kerror: [m[Kexpected identifier before ‘[01m[K([m[K’ token
   83 |     if (offboard_setpoint_counter_++ >= 10) && [01;31m[K([m[K!armed_){
      |                                                [01;31m[K^[m[K
[01m[K/root/ws_offboard_control/src/comp_routine/src/comp_routine.cpp:83:48:[m[K [01;35m[Kwarning: [m[Ktaking the address of a label is non-standard [[01;35m[K-Wpedantic[m[K]
[01m[K/root/ws_offboard_control/src/comp_routine/src/comp_routine.cpp:[m[K In member function ‘[01m[Kvoid CompRoutine::vehicle_status_callback(px4_msgs::msg::VehicleStatus_<std::allocator<void> >::SharedPtr)[m[K’:
[01m[K/root/ws_offboard_control/src/comp_routine/src/comp_routine.cpp:115:17:[m[K [01;31m[Kerror: [m[K‘[01m[Kconst SharedPtr[m[K’ {aka ‘[01m[Kconst class std::shared_ptr<px4_msgs::msg::VehicleStatus_<std::allocator<void> > >[m[K’} has no member named ‘[01m[Karming_state[m[K’
  115 |    armed_ = msg.[01;31m[Karming_state[m[K == 2
      |                 [01;31m[K^~~~~~~~~~~~[m[K
[01m[K/root/ws_offboard_control/src/comp_routine/src/comp_routine.cpp:[m[K In member function ‘[01m[Kvoid CompRoutine::run_state_machine()[m[K’:
[01m[K/root/ws_offboard_control/src/comp_routine/src/comp_routine.cpp:137:40:[m[K [01;31m[Kerror: [m[Kno matching function for call to ‘[01m[KCompRoutine::gate(double, double, double, double, int)[m[K’
  137 |      gate(0.5,0.0,0.3,toRadians(255),10[01;31m[K)[m[K;
      |                                        [01;31m[K^[m[K
[01m[K/root/ws_offboard_control/src/comp_routine/src/comp_routine.cpp:41:8:[m[K [01;36m[Knote: [m[Kcandidate: ‘[01m[Kvoid CompRoutine::gate()[m[K’
   41 |   void [01;36m[Kgate[m[K();
      |        [01;36m[K^~~~[m[K
[01m[K/root/ws_offboard_control/src/comp_routine/src/comp_routine.cpp:41:8:[m[K [01;36m[Knote: [m[K  candidate expects 0 arguments, 5 provided
[01m[K/root/ws_offboard_control/src/comp_routine/src/comp_routine.cpp:[m[K In function ‘[01m[Kvoid mySigintHandler(int)[m[K’:
[01m[K/root/ws_offboard_control/src/comp_routine/src/comp_routine.cpp:236:26:[m[K [01;35m[Kwarning: [m[Kunused parameter ‘[01m[Ksig[m[K’ [[01;35m[K-Wunused-parameter[m[K]
  236 | void mySigintHandler([01;35m[Kint sig[m[K) {
      |                      [01;35m[K~~~~^~~[m[K
make[2]: *** [CMakeFiles/comp_routine.dir/build.make:76: CMakeFiles/comp_routine.dir/src/comp_routine.cpp.o] Error 1
make[1]: *** [CMakeFiles/Makefile2:137: CMakeFiles/comp_routine.dir/all] Error 2
make: *** [Makefile:146: all] Error 2
