[0.040s] Invoking command in '/root/ws_offboard_control/build/px4_ros_com': CMAKE_PREFIX_PATH=/root/ws_offboard_control/install/px4_msgs:/root/ws_offboard_control/install/px4_ros_com:/opt/motovisio/ros_ws/install/px4_msgs:/opt/motovisio/ros_ws/install/micro_ros_setup:/opt/motovisio/ros_ws/install/micro_ros_agent:/opt/motovisio/ros_ws/install/micro_ros_msgs:/opt/ros/foxy LD_LIBRARY_PATH=/root/ws_offboard_control/install/px4_msgs/lib:/root/ws_offboard_control/install/px4_ros_com/lib:/opt/motovisio/ros_ws/install/px4_msgs/lib:/opt/motovisio/ros_ws/install/micro_ros_agent/lib:/opt/motovisio/ros_ws/install/micro_ros_msgs/lib:/opt/ros/foxy/opt/yaml_cpp_vendor/lib:/opt/ros/foxy/lib/aarch64-linux-gnu:/opt/ros/foxy/lib PYTHONPATH=/root/ws_offboard_control/install/px4_msgs/lib/python3.8/site-packages:/root/ws_offboard_control/install/px4_ros_com/lib/python3.8/site-packages:/opt/motovisio/ros_ws/install/px4_msgs/lib/python3.8/site-packages:/opt/motovisio/ros_ws/install/micro_ros_msgs/lib/python3.8/site-packages:/opt/ros/foxy/lib/python3.8/site-packages _=/usr/bin/env /usr/bin/cmake --build /root/ws_offboard_control/build/px4_ros_com -- -j8 -l8
[0.142s] [  8%] [32mBuilding CXX object CMakeFiles/offboard_control.dir/src/examples/offboard/offboard_control.cpp.o[0m
[0.149s] [ 41%] Built target sensor_combined_listener
[0.150s] [ 41%] Built target offboard_control_srv
[0.153s] [ 58%] Built target frame_transforms
[0.161s] [ 75%] Built target debug_vect_advertiser
[0.181s] [ 91%] Built target vehicle_gps_position_listener
[3.799s] [100%] [32m[1mLinking CXX executable offboard_control[0m
[4.045s] [100%] Built target offboard_control
[4.063s] Invoked command in '/root/ws_offboard_control/build/px4_ros_com' returned '0': CMAKE_PREFIX_PATH=/root/ws_offboard_control/install/px4_msgs:/root/ws_offboard_control/install/px4_ros_com:/opt/motovisio/ros_ws/install/px4_msgs:/opt/motovisio/ros_ws/install/micro_ros_setup:/opt/motovisio/ros_ws/install/micro_ros_agent:/opt/motovisio/ros_ws/install/micro_ros_msgs:/opt/ros/foxy LD_LIBRARY_PATH=/root/ws_offboard_control/install/px4_msgs/lib:/root/ws_offboard_control/install/px4_ros_com/lib:/opt/motovisio/ros_ws/install/px4_msgs/lib:/opt/motovisio/ros_ws/install/micro_ros_agent/lib:/opt/motovisio/ros_ws/install/micro_ros_msgs/lib:/opt/ros/foxy/opt/yaml_cpp_vendor/lib:/opt/ros/foxy/lib/aarch64-linux-gnu:/opt/ros/foxy/lib PYTHONPATH=/root/ws_offboard_control/install/px4_msgs/lib/python3.8/site-packages:/root/ws_offboard_control/install/px4_ros_com/lib/python3.8/site-packages:/opt/motovisio/ros_ws/install/px4_msgs/lib/python3.8/site-packages:/opt/motovisio/ros_ws/install/micro_ros_msgs/lib/python3.8/site-packages:/opt/ros/foxy/lib/python3.8/site-packages _=/usr/bin/env /usr/bin/cmake --build /root/ws_offboard_control/build/px4_ros_com -- -j8 -l8
[4.199s] Invoking command in '/root/ws_offboard_control/build/px4_ros_com': CMAKE_PREFIX_PATH=/root/ws_offboard_control/install/px4_msgs:/root/ws_offboard_control/install/px4_ros_com:/opt/motovisio/ros_ws/install/px4_msgs:/opt/motovisio/ros_ws/install/micro_ros_setup:/opt/motovisio/ros_ws/install/micro_ros_agent:/opt/motovisio/ros_ws/install/micro_ros_msgs:/opt/ros/foxy LD_LIBRARY_PATH=/root/ws_offboard_control/install/px4_msgs/lib:/root/ws_offboard_control/install/px4_ros_com/lib:/opt/motovisio/ros_ws/install/px4_msgs/lib:/opt/motovisio/ros_ws/install/micro_ros_agent/lib:/opt/motovisio/ros_ws/install/micro_ros_msgs/lib:/opt/ros/foxy/opt/yaml_cpp_vendor/lib:/opt/ros/foxy/lib/aarch64-linux-gnu:/opt/ros/foxy/lib PYTHONPATH=/root/ws_offboard_control/install/px4_msgs/lib/python3.8/site-packages:/root/ws_offboard_control/install/px4_ros_com/lib/python3.8/site-packages:/opt/motovisio/ros_ws/install/px4_msgs/lib/python3.8/site-packages:/opt/motovisio/ros_ws/install/micro_ros_msgs/lib/python3.8/site-packages:/opt/ros/foxy/lib/python3.8/site-packages _=/usr/bin/env /usr/bin/cmake --install /root/ws_offboard_control/build/px4_ros_com
[4.214s] -- Install configuration: ""
[4.216s] -- Up-to-date: /root/ws_offboard_control/install/px4_ros_com/lib/px4_ros_com/sensor_combined_listener
[4.217s] -- Up-to-date: /root/ws_offboard_control/install/px4_ros_com/lib/px4_ros_com/vehicle_gps_position_listener
[4.218s] -- Up-to-date: /root/ws_offboard_control/install/px4_ros_com/lib/px4_ros_com/debug_vect_advertiser
[4.218s] -- Installing: /root/ws_offboard_control/install/px4_ros_com/lib/px4_ros_com/offboard_control
[4.220s] -- Set non-toolchain portion of runtime path of "/root/ws_offboard_control/install/px4_ros_com/lib/px4_ros_com/offboard_control" to ""
[4.221s] -- Up-to-date: /root/ws_offboard_control/install/px4_ros_com/lib/px4_ros_com/offboard_control_srv
[4.221s] -- Up-to-date: /root/ws_offboard_control/install/px4_ros_com/share/px4_ros_com/environment/library_path.sh
[4.221s] -- Up-to-date: /root/ws_offboard_control/install/px4_ros_com/share/px4_ros_com/environment/library_path.dsv
[4.222s] -- Up-to-date: /root/ws_offboard_control/install/px4_ros_com/include/px4_ros_com
[4.223s] -- Up-to-date: /root/ws_offboard_control/install/px4_ros_com/include/px4_ros_com/frame_transforms.h
[4.223s] -- Up-to-date: /root/ws_offboard_control/install/px4_ros_com/lib/libframe_transforms.so
[4.223s] -- Up-to-date: /root/ws_offboard_control/install/px4_ros_com/share/px4_ros_com//launch
[4.224s] -- Up-to-date: /root/ws_offboard_control/install/px4_ros_com/share/px4_ros_com//launch/offboard_control_launch.yaml
[4.224s] -- Up-to-date: /root/ws_offboard_control/install/px4_ros_com/share/px4_ros_com//launch/sensor_combined_listener.launch.py
[4.224s] -- Up-to-date: /root/ws_offboard_control/install/px4_ros_com/share/px4_ros_com//test
[4.225s] -- Up-to-date: /root/ws_offboard_control/install/px4_ros_com/share/px4_ros_com//test/__init__.py
[4.225s] -- Up-to-date: /root/ws_offboard_control/install/px4_ros_com/share/px4_ros_com//test/pipeline_io_test.py
[4.226s] -- Up-to-date: /root/ws_offboard_control/install/px4_ros_com/share/px4_ros_com//test/test_input.py
[4.226s] -- Up-to-date: /root/ws_offboard_control/install/px4_ros_com/share/px4_ros_com//test/test_output.py
[4.226s] -- Up-to-date: /root/ws_offboard_control/install/px4_ros_com/share/px4_ros_com/environment/pythonpath.sh
[4.227s] -- Up-to-date: /root/ws_offboard_control/install/px4_ros_com/share/px4_ros_com/environment/pythonpath.dsv
[4.227s] -- Up-to-date: /root/ws_offboard_control/install/px4_ros_com/lib/python3.8/site-packages/px4_ros_com
[4.227s] -- Up-to-date: /root/ws_offboard_control/install/px4_ros_com/lib/python3.8/site-packages/px4_ros_com/__init__.py
[4.228s] -- Up-to-date: /root/ws_offboard_control/install/px4_ros_com/lib/python3.8/site-packages/px4_ros_com/module_to_import.py
[4.272s] Listing '/root/ws_offboard_control/install/px4_ros_com/lib/python3.8/site-packages/px4_ros_com'...
[4.279s] -- Up-to-date: /root/ws_offboard_control/install/px4_ros_com/lib/px4_ros_com/offboard_control.py
[4.279s] -- Up-to-date: /root/ws_offboard_control/install/px4_ros_com/share/ament_index/resource_index/package_run_dependencies/px4_ros_com
[4.280s] -- Up-to-date: /root/ws_offboard_control/install/px4_ros_com/share/ament_index/resource_index/parent_prefix_path/px4_ros_com
[4.281s] -- Up-to-date: /root/ws_offboard_control/install/px4_ros_com/share/px4_ros_com/environment/ament_prefix_path.sh
[4.281s] -- Up-to-date: /root/ws_offboard_control/install/px4_ros_com/share/px4_ros_com/environment/ament_prefix_path.dsv
[4.281s] -- Up-to-date: /root/ws_offboard_control/install/px4_ros_com/share/px4_ros_com/environment/path.sh
[4.282s] -- Up-to-date: /root/ws_offboard_control/install/px4_ros_com/share/px4_ros_com/environment/path.dsv
[4.282s] -- Up-to-date: /root/ws_offboard_control/install/px4_ros_com/share/px4_ros_com/local_setup.bash
[4.283s] -- Up-to-date: /root/ws_offboard_control/install/px4_ros_com/share/px4_ros_com/local_setup.sh
[4.283s] -- Up-to-date: /root/ws_offboard_control/install/px4_ros_com/share/px4_ros_com/local_setup.zsh
[4.284s] -- Up-to-date: /root/ws_offboard_control/install/px4_ros_com/share/px4_ros_com/local_setup.dsv
[4.284s] -- Installing: /root/ws_offboard_control/install/px4_ros_com/share/px4_ros_com/package.dsv
[4.285s] -- Up-to-date: /root/ws_offboard_control/install/px4_ros_com/share/ament_index/resource_index/packages/px4_ros_com
[4.285s] -- Up-to-date: /root/ws_offboard_control/install/px4_ros_com/share/px4_ros_com/cmake/export_frame_transformsExport.cmake
[4.285s] -- Up-to-date: /root/ws_offboard_control/install/px4_ros_com/share/px4_ros_com/cmake/export_frame_transformsExport-noconfig.cmake
[4.286s] -- Up-to-date: /root/ws_offboard_control/install/px4_ros_com/share/px4_ros_com/cmake/ament_cmake_export_dependencies-extras.cmake
[4.286s] -- Up-to-date: /root/ws_offboard_control/install/px4_ros_com/share/px4_ros_com/cmake/ament_cmake_export_targets-extras.cmake
[4.286s] -- Up-to-date: /root/ws_offboard_control/install/px4_ros_com/share/px4_ros_com/cmake/ament_cmake_export_include_directories-extras.cmake
[4.287s] -- Up-to-date: /root/ws_offboard_control/install/px4_ros_com/share/px4_ros_com/cmake/ament_cmake_export_libraries-extras.cmake
[4.288s] -- Up-to-date: /root/ws_offboard_control/install/px4_ros_com/share/px4_ros_com/cmake/px4_ros_comConfig.cmake
[4.293s] -- Up-to-date: /root/ws_offboard_control/install/px4_ros_com/share/px4_ros_com/cmake/px4_ros_comConfig-version.cmake
[4.294s] -- Up-to-date: /root/ws_offboard_control/install/px4_ros_com/share/px4_ros_com/package.xml
[4.295s] Invoked command in '/root/ws_offboard_control/build/px4_ros_com' returned '0': CMAKE_PREFIX_PATH=/root/ws_offboard_control/install/px4_msgs:/root/ws_offboard_control/install/px4_ros_com:/opt/motovisio/ros_ws/install/px4_msgs:/opt/motovisio/ros_ws/install/micro_ros_setup:/opt/motovisio/ros_ws/install/micro_ros_agent:/opt/motovisio/ros_ws/install/micro_ros_msgs:/opt/ros/foxy LD_LIBRARY_PATH=/root/ws_offboard_control/install/px4_msgs/lib:/root/ws_offboard_control/install/px4_ros_com/lib:/opt/motovisio/ros_ws/install/px4_msgs/lib:/opt/motovisio/ros_ws/install/micro_ros_agent/lib:/opt/motovisio/ros_ws/install/micro_ros_msgs/lib:/opt/ros/foxy/opt/yaml_cpp_vendor/lib:/opt/ros/foxy/lib/aarch64-linux-gnu:/opt/ros/foxy/lib PYTHONPATH=/root/ws_offboard_control/install/px4_msgs/lib/python3.8/site-packages:/root/ws_offboard_control/install/px4_ros_com/lib/python3.8/site-packages:/opt/motovisio/ros_ws/install/px4_msgs/lib/python3.8/site-packages:/opt/motovisio/ros_ws/install/micro_ros_msgs/lib/python3.8/site-packages:/opt/ros/foxy/lib/python3.8/site-packages _=/usr/bin/env /usr/bin/cmake --install /root/ws_offboard_control/build/px4_ros_com
