[0.054s] Invoking command in '/root/ws_offboard_control/build/rb5_ros2_control': CMAKE_PREFIX_PATH=${CMAKE_PREFIX_PATH}:/opt/ros/foxy _=/usr/bin/env /usr/bin/cmake --build /root/ws_offboard_control/build/rb5_ros2_control -- -j8 -l8
[0.118s] [100%] Built target rb5_ros2_control_node
[0.127s] Invoked command in '/root/ws_offboard_control/build/rb5_ros2_control' returned '0': CMAKE_PREFIX_PATH=${CMAKE_PREFIX_PATH}:/opt/ros/foxy _=/usr/bin/env /usr/bin/cmake --build /root/ws_offboard_control/build/rb5_ros2_control -- -j8 -l8
[0.224s] Invoking command in '/root/ws_offboard_control/build/rb5_ros2_control': CMAKE_PREFIX_PATH=${CMAKE_PREFIX_PATH}:/opt/ros/foxy _=/usr/bin/env /usr/bin/cmake --install /root/ws_offboard_control/build/rb5_ros2_control
[0.243s] -- Install configuration: ""
[0.245s] -- Up-to-date: /root/ws_offboard_control/install/rb5_ros2_control/lib/rb5_ros2_control/rb5_ros2_control_node
[0.245s] -- Up-to-date: /root/ws_offboard_control/install/rb5_ros2_control/share/rb5_ros2_control/environment/pythonpath.sh
[0.246s] -- Up-to-date: /root/ws_offboard_control/install/rb5_ros2_control/share/rb5_ros2_control/environment/pythonpath.dsv
[0.252s] -- Up-to-date: /root/ws_offboard_control/install/rb5_ros2_control/lib/python3.8/site-packages/rb5_ros2_control
[0.253s] -- Up-to-date: /root/ws_offboard_control/install/rb5_ros2_control/lib/python3.8/site-packages/rb5_ros2_control/__init__.py
[0.286s] Listing '/root/ws_offboard_control/install/rb5_ros2_control/lib/python3.8/site-packages/rb5_ros2_control'...
[0.308s] -- Up-to-date: /root/ws_offboard_control/install/rb5_ros2_control/lib/rb5_ros2_control/rb5_mpi_control.py
[0.310s] -- Up-to-date: /root/ws_offboard_control/install/rb5_ros2_control/share/ament_index/resource_index/package_run_dependencies/rb5_ros2_control
[0.311s] -- Up-to-date: /root/ws_offboard_control/install/rb5_ros2_control/share/ament_index/resource_index/parent_prefix_path/rb5_ros2_control
[0.313s] -- Up-to-date: /root/ws_offboard_control/install/rb5_ros2_control/share/rb5_ros2_control/environment/ament_prefix_path.sh
[0.314s] -- Up-to-date: /root/ws_offboard_control/install/rb5_ros2_control/share/rb5_ros2_control/environment/ament_prefix_path.dsv
[0.317s] -- Up-to-date: /root/ws_offboard_control/install/rb5_ros2_control/share/rb5_ros2_control/environment/path.sh
[0.319s] -- Up-to-date: /root/ws_offboard_control/install/rb5_ros2_control/share/rb5_ros2_control/environment/path.dsv
[0.320s] -- Up-to-date: /root/ws_offboard_control/install/rb5_ros2_control/share/rb5_ros2_control/local_setup.bash
[0.325s] -- Up-to-date: /root/ws_offboard_control/install/rb5_ros2_control/share/rb5_ros2_control/local_setup.sh
[0.326s] -- Up-to-date: /root/ws_offboard_control/install/rb5_ros2_control/share/rb5_ros2_control/local_setup.zsh
[0.327s] -- Up-to-date: /root/ws_offboard_control/install/rb5_ros2_control/share/rb5_ros2_control/local_setup.dsv
[0.328s] -- Installing: /root/ws_offboard_control/install/rb5_ros2_control/share/rb5_ros2_control/package.dsv
[0.328s] -- Up-to-date: /root/ws_offboard_control/install/rb5_ros2_control/share/ament_index/resource_index/packages/rb5_ros2_control
[0.329s] -- Up-to-date: /root/ws_offboard_control/install/rb5_ros2_control/share/rb5_ros2_control/cmake/rb5_ros2_controlConfig.cmake
[0.333s] -- Up-to-date: /root/ws_offboard_control/install/rb5_ros2_control/share/rb5_ros2_control/cmake/rb5_ros2_controlConfig-version.cmake
[0.334s] -- Up-to-date: /root/ws_offboard_control/install/rb5_ros2_control/share/rb5_ros2_control/package.xml
[0.335s] Invoked command in '/root/ws_offboard_control/build/rb5_ros2_control' returned '0': CMAKE_PREFIX_PATH=${CMAKE_PREFIX_PATH}:/opt/ros/foxy _=/usr/bin/env /usr/bin/cmake --install /root/ws_offboard_control/build/rb5_ros2_control
