[0.055s] Invoking command in '/root/ws_offboard_control/build/orb_slam3_rb5_ros2': CMAKE_PREFIX_PATH=${CMAKE_PREFIX_PATH}:/opt/ros/foxy _=/usr/bin/env /usr/bin/cmake /root/ws_offboard_control/src/rb5_ros2/ORB_SLAM3_RB5 -DCMAKE_INSTALL_PREFIX=/root/ws_offboard_control/install/orb_slam3_rb5_ros2
[0.089s] -- Found ament_cmake: 0.9.12 (/opt/ros/foxy/share/ament_cmake/cmake)
[0.090s] [33mCMake Warning (dev) at /opt/ros/foxy/share/ament_cmake_core/cmake/core/python.cmake:22 (find_package):
[0.091s]   Policy CMP0148 is not set: The FindPythonInterp and FindPythonLibs modules
[0.091s]   are removed.  Run "cmake --help-policy CMP0148" for policy details.  Use
[0.092s]   the cmake_policy command to set the policy and suppress this warning.
[0.092s] 
[0.093s] Call Stack (most recent call first):
[0.093s]   /opt/ros/foxy/share/ament_cmake_core/cmake/core/all.cmake:53 (include)
[0.094s]   /opt/ros/foxy/share/ament_cmake_core/cmake/ament_cmake_core-extras.cmake:17 (include)
[0.094s]   /opt/ros/foxy/share/ament_cmake_core/cmake/ament_cmake_coreConfig.cmake:41 (include)
[0.095s]   /opt/ros/foxy/share/ament_cmake/cmake/ament_cmake_export_dependencies-extras.cmake:15 (find_package)
[0.095s]   /opt/ros/foxy/share/ament_cmake/cmake/ament_cmakeConfig.cmake:41 (include)
[0.095s]   CMakeLists.txt:6 (find_package)
[0.096s] This warning is for project developers.  Use -Wno-dev to suppress it.
[0.096s] [0m
[0.143s] -- Using PYTHON_EXECUTABLE: /usr/bin/python3
[0.350s] -- Found rclcpp: 2.4.3 (/opt/ros/foxy/share/rclcpp/cmake)
[0.386s] -- Using all available rosidl_typesupport_c: rosidl_typesupport_fastrtps_c;rosidl_typesupport_introspection_c
[0.388s] -- Found rosidl_adapter: 1.3.1 (/opt/ros/foxy/share/rosidl_adapter/cmake)
[0.506s] -- Using all available rosidl_typesupport_cpp: rosidl_typesupport_fastrtps_cpp;rosidl_typesupport_introspection_cpp
[0.555s] -- Found rmw_implementation_cmake: 1.0.4 (/opt/ros/foxy/share/rmw_implementation_cmake/cmake)
[0.557s] -- Using RMW implementation 'rmw_fastrtps_cpp' as default
[0.702s] -- Found tf2: 0.13.14 (/opt/ros/foxy/share/tf2/cmake)
[0.749s] -- Found tf2_ros: 0.13.14 (/opt/ros/foxy/share/tf2_ros/cmake)
[1.035s] -- Found sensor_msgs: 2.0.5 (/opt/ros/foxy/share/sensor_msgs/cmake)
[1.100s] -- Found cv_bridge: 3.0.7 (/opt/ros/foxy/share/cv_bridge/cmake)
[1.121s] -- Found image_transport: 2.4.0 (/opt/ros/foxy/share/image_transport/cmake)
[1.144s] [0mBuild type: Release[0m
[1.144s] -- Using flag -std=c++14.
[1.156s] [31mCMake Error at CMakeLists.txt:53 (find_package):
[1.157s]   By not providing "FindPangolin.cmake" in CMAKE_MODULE_PATH this project has
[1.157s]   asked CMake to find a package configuration file provided by "Pangolin",
[1.158s]   but CMake did not find one.
[1.158s] 
[1.159s]   Could not find a package configuration file provided by "Pangolin" with any
[1.159s]   of the following names:
[1.160s] 
[1.160s]     PangolinConfig.cmake
[1.161s]     pangolin-config.cmake
[1.161s] 
[1.162s]   Add the installation prefix of "Pangolin" to CMAKE_PREFIX_PATH or set
[1.162s]   "Pangolin_DIR" to a directory containing one of the above files.  If
[1.162s]   "Pangolin" provides a separate development package or SDK, be sure it has
[1.163s]   been installed.
[1.163s] 
[1.164s] [0m
[1.167s] -- Configuring incomplete, errors occurred!
[1.170s] Invoked command in '/root/ws_offboard_control/build/orb_slam3_rb5_ros2' returned '1': CMAKE_PREFIX_PATH=${CMAKE_PREFIX_PATH}:/opt/ros/foxy _=/usr/bin/env /usr/bin/cmake /root/ws_offboard_control/src/rb5_ros2/ORB_SLAM3_RB5 -DCMAKE_INSTALL_PREFIX=/root/ws_offboard_control/install/orb_slam3_rb5_ros2
