[0.037s] Invoking command in '/root/ws_offboard_control/build/comp_routine': CMAKE_PREFIX_PATH=${CMAKE_PREFIX_PATH}:/opt/ros/foxy _=/usr/bin/env /usr/bin/cmake /root/ws_offboard_control/src/comp_routine -DCMAKE_INSTALL_PREFIX=/root/ws_offboard_control/install/comp_routine
[0.162s] -- The C compiler identification is GNU 9.4.0
[0.287s] -- The CXX compiler identification is GNU 9.4.0
[0.303s] -- Detecting C compiler ABI info
[0.448s] -- Detecting C compiler ABI info - done
[0.476s] -- Check for working C compiler: /usr/bin/cc - skipped
[0.477s] -- Detecting C compile features
[0.477s] -- Detecting C compile features - done
[0.480s] -- Detecting CXX compiler ABI info
[0.663s] -- Detecting CXX compiler ABI info - done
[0.699s] -- Check for working CXX compiler: /usr/bin/c++ - skipped
[0.699s] -- Detecting CXX compile features
[0.700s] -- Detecting CXX compile features - done
[0.702s] -- Found ament_cmake: 0.9.12 (/opt/ros/foxy/share/ament_cmake/cmake)
[0.705s] [33mCMake Warning (dev) at /opt/ros/foxy/share/ament_cmake_core/cmake/core/python.cmake:22 (find_package):
[0.706s]   Policy CMP0148 is not set: The FindPythonInterp and FindPythonLibs modules
[0.706s]   are removed.  Run "cmake --help-policy CMP0148" for policy details.  Use
[0.707s]   the cmake_policy command to set the policy and suppress this warning.
[0.707s] 
[0.707s] Call Stack (most recent call first):
[0.708s]   /opt/ros/foxy/share/ament_cmake_core/cmake/core/all.cmake:53 (include)
[0.708s]   /opt/ros/foxy/share/ament_cmake_core/cmake/ament_cmake_core-extras.cmake:17 (include)
[0.708s]   /opt/ros/foxy/share/ament_cmake_core/cmake/ament_cmake_coreConfig.cmake:41 (include)
[0.709s]   /opt/ros/foxy/share/ament_cmake/cmake/ament_cmake_export_dependencies-extras.cmake:15 (find_package)
[0.709s]   /opt/ros/foxy/share/ament_cmake/cmake/ament_cmakeConfig.cmake:41 (include)
[0.709s]   CMakeLists.txt:19 (find_package)
[0.710s] This warning is for project developers.  Use -Wno-dev to suppress it.
[0.710s] [0m
[0.728s] -- Found PythonInterp: /usr/bin/python3 (found suitable version "3.8.10", minimum required is "3")
[0.729s] -- Using PYTHON_EXECUTABLE: /usr/bin/python3
[0.903s] -- Found builtin_interfaces: 1.0.0 (/opt/ros/foxy/share/builtin_interfaces/cmake)
[0.921s] -- Using all available rosidl_typesupport_c: rosidl_typesupport_fastrtps_c;rosidl_typesupport_introspection_c
[0.925s] -- Found rosidl_adapter: 1.3.1 (/opt/ros/foxy/share/rosidl_adapter/cmake)
[1.062s] -- Found OpenSSL: /usr/lib/aarch64-linux-gnu/libcrypto.so (found version "1.1.1f")
[1.090s] -- Found FastRTPS: /opt/ros/foxy/include
[1.153s] -- Using all available rosidl_typesupport_cpp: rosidl_typesupport_fastrtps_cpp;rosidl_typesupport_introspection_cpp
[1.173s] -- Found eigen3_cmake_module: 0.1.1 (/opt/ros/foxy/share/eigen3_cmake_module/cmake)
[1.175s] -- Found Eigen3: TRUE (found version "3.3.7")
[1.176s] -- Found geometry_msgs: 2.0.5 (/opt/ros/foxy/share/geometry_msgs/cmake)
[1.224s] -- Found px4_msgs: 2.0.1 (/root/ws_offboard_control/install/px4_msgs/share/px4_msgs/cmake)
[1.238s] -- Found rclcpp: 2.4.3 (/opt/ros/foxy/share/rclcpp/cmake)
[1.272s] -- Found rmw_implementation_cmake: 1.0.4 (/opt/ros/foxy/share/rmw_implementation_cmake/cmake)
[1.273s] -- Using RMW implementation 'rmw_fastrtps_cpp' as default
[1.274s] -- Performing Test CMAKE_HAVE_LIBC_PTHREAD
[1.426s] -- Performing Test CMAKE_HAVE_LIBC_PTHREAD - Failed
[1.427s] -- Looking for pthread_create in pthreads
[1.577s] -- Looking for pthread_create in pthreads - not found
[1.577s] -- Looking for pthread_create in pthread
[1.758s] -- Looking for pthread_create in pthread - found
[1.762s] -- Found Threads: TRUE
[1.910s] -- Found sensor_msgs: 2.0.5 (/opt/ros/foxy/share/sensor_msgs/cmake)
[1.990s] -- Found rclpy: 1.0.13 (/opt/ros/foxy/share/rclpy/cmake)
[1.991s] -- Configuring incomplete, errors occurred!
[1.991s] [31mCMake Error at /opt/ros/foxy/share/ament_cmake_target_dependencies/cmake/ament_target_dependencies.cmake:42 (message):
[1.991s]   ament_target_dependencies() the first argument must be a valid target name
[1.992s] Call Stack (most recent call first):
[1.992s]   CMakeLists.txt:31 (ament_target_dependencies)
[1.993s] 
[1.993s] [0m
[1.999s] Invoked command in '/root/ws_offboard_control/build/comp_routine' returned '1': CMAKE_PREFIX_PATH=${CMAKE_PREFIX_PATH}:/opt/ros/foxy _=/usr/bin/env /usr/bin/cmake /root/ws_offboard_control/src/comp_routine -DCMAKE_INSTALL_PREFIX=/root/ws_offboard_control/install/comp_routine
