[ 50%] [32mBuilding CXX object CMakeFiles/comp_routine.dir/src/comp_routine.cpp.o[0m
[01m[K/root/ws_offboard_control/src/comp_routine/src/comp_routine.cpp:[m[K In member function ‘[01m[Kvoid CompRoutine::loop()[m[K’:
[01m[K/root/ws_offboard_control/src/comp_routine/src/comp_routine.cpp:68:43:[m[K [01;31m[Kerror: [m[Kno matching function for call to ‘[01m[KCompRoutine::publish_attitude_setpoint(int, int, int, int, int, int)[m[K’
   68 |      publish_attitude_setpoint(0,0,0,0,0,0[01;31m[K)[m[K;
      |                                           [01;31m[K^[m[K
[01m[K/root/ws_offboard_control/src/comp_routine/src/comp_routine.cpp:28:8:[m[K [01;36m[Knote: [m[Kcandidate: ‘[01m[Kvoid CompRoutine::publish_attitude_setpoint()[m[K’
   28 |   void [01;36m[Kpublish_attitude_setpoint[m[K();
      |        [01;36m[K^~~~~~~~~~~~~~~~~~~~~~~~~[m[K
[01m[K/root/ws_offboard_control/src/comp_routine/src/comp_routine.cpp:28:8:[m[K [01;36m[Knote: [m[K  candidate expects 0 arguments, 6 provided
[01m[K/root/ws_offboard_control/src/comp_routine/src/comp_routine.cpp:83:24:[m[K [01;31m[Kerror: [m[Kno matching function for call to ‘[01m[KCompRoutine::move(double, int, int, int)[m[K’
   83 |      move(0.1, 0, 0, 10[01;31m[K)[m[K;
      |                        [01;31m[K^[m[K
[01m[K/root/ws_offboard_control/src/comp_routine/src/comp_routine.cpp:31:8:[m[K [01;36m[Knote: [m[Kcandidate: ‘[01m[Kvoid CompRoutine::move()[m[K’
   31 |   void [01;36m[Kmove[m[K();
      |        [01;36m[K^~~~[m[K
[01m[K/root/ws_offboard_control/src/comp_routine/src/comp_routine.cpp:31:8:[m[K [01;36m[Knote: [m[K  candidate expects 0 arguments, 4 provided
[01m[K/root/ws_offboard_control/src/comp_routine/src/comp_routine.cpp:[m[K At global scope:
[01m[K/root/ws_offboard_control/src/comp_routine/src/comp_routine.cpp:115:6:[m[K [01;31m[Kerror: [m[Kno declaration matches ‘[01m[Kvoid CompRoutine::publish_attitude_setpoint(double, double, double, double, double, double)[m[K’
  115 | void [01;31m[KCompRoutine[m[K::publish_attitude_setpoint(double x, double y, double z, double yaw, double pitch, double roll)
      |      [01;31m[K^~~~~~~~~~~[m[K
[01m[K/root/ws_offboard_control/src/comp_routine/src/comp_routine.cpp:28:8:[m[K [01;36m[Knote: [m[Kcandidate is: ‘[01m[Kvoid CompRoutine::publish_attitude_setpoint()[m[K’
   28 |   void [01;36m[Kpublish_attitude_setpoint[m[K();
      |        [01;36m[K^~~~~~~~~~~~~~~~~~~~~~~~~[m[K
[01m[K/root/ws_offboard_control/src/comp_routine/src/comp_routine.cpp:15:7:[m[K [01;36m[Knote: [m[K‘[01m[Kclass CompRoutine[m[K’ defined here
   15 | class [01;36m[KCompRoutine[m[K : public rclcpp::Node {
      |       [01;36m[K^~~~~~~~~~~[m[K
[01m[K/root/ws_offboard_control/src/comp_routine/src/comp_routine.cpp:129:6:[m[K [01;31m[Kerror: [m[Kno declaration matches ‘[01m[Kvoid CompRoutine::move(double, double, double, double)[m[K’
  129 | void [01;31m[KCompRoutine[m[K::move(double x, double y, double z, double seconds) {
      |      [01;31m[K^~~~~~~~~~~[m[K
[01m[K/root/ws_offboard_control/src/comp_routine/src/comp_routine.cpp:31:8:[m[K [01;36m[Knote: [m[Kcandidate is: ‘[01m[Kvoid CompRoutine::move()[m[K’
   31 |   void [01;36m[Kmove[m[K();
      |        [01;36m[K^~~~[m[K
[01m[K/root/ws_offboard_control/src/comp_routine/src/comp_routine.cpp:15:7:[m[K [01;36m[Knote: [m[K‘[01m[Kclass CompRoutine[m[K’ defined here
   15 | class [01;36m[KCompRoutine[m[K : public rclcpp::Node {
      |       [01;36m[K^~~~~~~~~~~[m[K
make[2]: *** [CMakeFiles/comp_routine.dir/build.make:76: CMakeFiles/comp_routine.dir/src/comp_routine.cpp.o] Error 1
make[1]: *** [CMakeFiles/Makefile2:137: CMakeFiles/comp_routine.dir/all] Error 2
make: *** [Makefile:146: all] Error 2
