[0.036s] Invoking command in '/root/ws_offboard_control/build/comp_routine': CMAKE_PREFIX_PATH=${CMAKE_PREFIX_PATH}:/opt/ros/foxy _=/usr/bin/env /usr/bin/cmake --build /root/ws_offboard_control/build/comp_routine -- -j8 -l8
[0.134s] [ 50%] [32mBuilding CXX object CMakeFiles/comp_routine.dir/src/comp_routine.cpp.o[0m
[4.000s] [100%] [32m[1mLinking CXX executable comp_routine[0m
[4.239s] [100%] Built target comp_routine
[4.254s] Invoked command in '/root/ws_offboard_control/build/comp_routine' returned '0': CMAKE_PREFIX_PATH=${CMAKE_PREFIX_PATH}:/opt/ros/foxy _=/usr/bin/env /usr/bin/cmake --build /root/ws_offboard_control/build/comp_routine -- -j8 -l8
[4.354s] Invoking command in '/root/ws_offboard_control/build/comp_routine': CMAKE_PREFIX_PATH=${CMAKE_PREFIX_PATH}:/opt/ros/foxy _=/usr/bin/env /usr/bin/cmake --install /root/ws_offboard_control/build/comp_routine
[4.365s] -- Install configuration: ""
[4.366s] -- Execute custom install script
[4.367s] -- Up-to-date symlink: /root/ws_offboard_control/install/comp_routine/lib/comp_routine/comp_routine
[4.368s] -- Up-to-date symlink: /root/ws_offboard_control/install/comp_routine/share/ament_index/resource_index/package_run_dependencies/comp_routine
[4.369s] -- Up-to-date symlink: /root/ws_offboard_control/install/comp_routine/share/ament_index/resource_index/parent_prefix_path/comp_routine
[4.369s] -- Up-to-date symlink: /root/ws_offboard_control/install/comp_routine/share/comp_routine/environment/ament_prefix_path.sh
[4.371s] -- Up-to-date symlink: /root/ws_offboard_control/install/comp_routine/share/comp_routine/environment/ament_prefix_path.dsv
[4.372s] -- Up-to-date symlink: /root/ws_offboard_control/install/comp_routine/share/comp_routine/environment/path.sh
[4.372s] -- Up-to-date symlink: /root/ws_offboard_control/install/comp_routine/share/comp_routine/environment/path.dsv
[4.373s] -- Up-to-date symlink: /root/ws_offboard_control/install/comp_routine/share/comp_routine/local_setup.bash
[4.374s] -- Up-to-date symlink: /root/ws_offboard_control/install/comp_routine/share/comp_routine/local_setup.sh
[4.375s] -- Up-to-date symlink: /root/ws_offboard_control/install/comp_routine/share/comp_routine/local_setup.zsh
[4.375s] -- Up-to-date symlink: /root/ws_offboard_control/install/comp_routine/share/comp_routine/local_setup.dsv
[4.376s] -- Symlinking: /root/ws_offboard_control/install/comp_routine/share/comp_routine/package.dsv
[4.388s] -- Up-to-date symlink: /root/ws_offboard_control/install/comp_routine/share/ament_index/resource_index/packages/comp_routine
[4.389s] -- Up-to-date symlink: /root/ws_offboard_control/install/comp_routine/share/comp_routine/cmake/comp_routineConfig.cmake
[4.392s] -- Up-to-date symlink: /root/ws_offboard_control/install/comp_routine/share/comp_routine/cmake/comp_routineConfig-version.cmake
[4.394s] -- Up-to-date symlink: /root/ws_offboard_control/install/comp_routine/share/comp_routine/package.xml
[4.395s] Invoked command in '/root/ws_offboard_control/build/comp_routine' returned '0': CMAKE_PREFIX_PATH=${CMAKE_PREFIX_PATH}:/opt/ros/foxy _=/usr/bin/env /usr/bin/cmake --install /root/ws_offboard_control/build/comp_routine
