[0.087s] Invoking command in '/root/ws_offboard_control/build/rb5_ros2_vision': CMAKE_PREFIX_PATH=${CMAKE_PREFIX_PATH}:/opt/ros/foxy _=/usr/bin/env /usr/bin/cmake --build /root/ws_offboard_control/build/rb5_ros2_vision -- -j8 -l8
[0.168s] [100%] Built target rb_camera_ocv_node
[0.177s] Invoked command in '/root/ws_offboard_control/build/rb5_ros2_vision' returned '0': CMAKE_PREFIX_PATH=${CMAKE_PREFIX_PATH}:/opt/ros/foxy _=/usr/bin/env /usr/bin/cmake --build /root/ws_offboard_control/build/rb5_ros2_vision -- -j8 -l8
[0.275s] Invoking command in '/root/ws_offboard_control/build/rb5_ros2_vision': CMAKE_PREFIX_PATH=${CMAKE_PREFIX_PATH}:/opt/ros/foxy _=/usr/bin/env /usr/bin/cmake --install /root/ws_offboard_control/build/rb5_ros2_vision
[0.295s] -- Install configuration: ""
[0.296s] -- Up-to-date: /root/ws_offboard_control/install/rb5_ros2_vision/share/rb5_ros2_vision/launch
[0.298s] -- Up-to-date: /root/ws_offboard_control/install/rb5_ros2_vision/share/rb5_ros2_vision/launch/rb_camera_both_ocv.launch
[0.299s] -- Up-to-date: /root/ws_offboard_control/install/rb5_ros2_vision/share/rb5_ros2_vision/launch/rb_camera_both_ocv_launch.py
[0.301s] -- Up-to-date: /root/ws_offboard_control/install/rb5_ros2_vision/share/rb5_ros2_vision/launch/rb_camera_main_ocv.launch.xml
[0.302s] -- Up-to-date: /root/ws_offboard_control/install/rb5_ros2_vision/share/rb5_ros2_vision/launch/rb_camera_main_ocv_launch.py
[0.303s] -- Up-to-date: /root/ws_offboard_control/install/rb5_ros2_vision/share/rb5_ros2_vision/launch/rb_camera_side_ocv.launch
[0.304s] -- Up-to-date: /root/ws_offboard_control/install/rb5_ros2_vision/share/rb5_ros2_vision/launch/rb_camera_side_ocv_launch.py
[0.306s] -- Up-to-date: /root/ws_offboard_control/install/rb5_ros2_vision/share/rb5_ros2_vision/launch/rb_camera_webcam_ocv.launch
[0.307s] -- Up-to-date: /root/ws_offboard_control/install/rb5_ros2_vision/share/rb5_ros2_vision/launch/rb_camera_webcam_ocv_launch.py
[0.307s] -- Up-to-date: /root/ws_offboard_control/install/rb5_ros2_vision/lib/rb5_ros2_vision/rb_camera_ocv_node
[0.308s] -- Up-to-date: /root/ws_offboard_control/install/rb5_ros2_vision/share/ament_index/resource_index/package_run_dependencies/rb5_ros2_vision
[0.309s] -- Up-to-date: /root/ws_offboard_control/install/rb5_ros2_vision/share/ament_index/resource_index/parent_prefix_path/rb5_ros2_vision
[0.311s] -- Up-to-date: /root/ws_offboard_control/install/rb5_ros2_vision/share/rb5_ros2_vision/environment/ament_prefix_path.sh
[0.312s] -- Up-to-date: /root/ws_offboard_control/install/rb5_ros2_vision/share/rb5_ros2_vision/environment/ament_prefix_path.dsv
[0.314s] -- Up-to-date: /root/ws_offboard_control/install/rb5_ros2_vision/share/rb5_ros2_vision/environment/path.sh
[0.315s] -- Up-to-date: /root/ws_offboard_control/install/rb5_ros2_vision/share/rb5_ros2_vision/environment/path.dsv
[0.316s] -- Up-to-date: /root/ws_offboard_control/install/rb5_ros2_vision/share/rb5_ros2_vision/local_setup.bash
[0.317s] -- Up-to-date: /root/ws_offboard_control/install/rb5_ros2_vision/share/rb5_ros2_vision/local_setup.sh
[0.319s] -- Up-to-date: /root/ws_offboard_control/install/rb5_ros2_vision/share/rb5_ros2_vision/local_setup.zsh
[0.320s] -- Up-to-date: /root/ws_offboard_control/install/rb5_ros2_vision/share/rb5_ros2_vision/local_setup.dsv
[0.324s] -- Installing: /root/ws_offboard_control/install/rb5_ros2_vision/share/rb5_ros2_vision/package.dsv
[0.325s] -- Up-to-date: /root/ws_offboard_control/install/rb5_ros2_vision/share/ament_index/resource_index/packages/rb5_ros2_vision
[0.326s] -- Up-to-date: /root/ws_offboard_control/install/rb5_ros2_vision/share/rb5_ros2_vision/cmake/rb5_ros2_visionConfig.cmake
[0.327s] -- Up-to-date: /root/ws_offboard_control/install/rb5_ros2_vision/share/rb5_ros2_vision/cmake/rb5_ros2_visionConfig-version.cmake
[0.328s] -- Up-to-date: /root/ws_offboard_control/install/rb5_ros2_vision/share/rb5_ros2_vision/package.xml
[0.402s] Invoked command in '/root/ws_offboard_control/build/rb5_ros2_vision' returned '0': CMAKE_PREFIX_PATH=${CMAKE_PREFIX_PATH}:/opt/ros/foxy _=/usr/bin/env /usr/bin/cmake --install /root/ws_offboard_control/build/rb5_ros2_vision
