[0.038s] Invoking command in '/root/ws_offboard_control/build/comp_routine': CMAKE_PREFIX_PATH=${CMAKE_PREFIX_PATH}:/opt/ros/foxy _=/usr/bin/env /usr/bin/cmake /root/ws_offboard_control/src/comp_routine -DCMAKE_INSTALL_PREFIX=/root/ws_offboard_control/install/comp_routine
[0.163s] -- The C compiler identification is GNU 9.4.0
[0.270s] -- The CXX compiler identification is GNU 9.4.0
[0.285s] -- Detecting C compiler ABI info
[0.458s] -- Detecting C compiler ABI info - done
[0.489s] -- Check for working C compiler: /usr/bin/cc - skipped
[0.490s] -- Detecting C compile features
[0.490s] -- Detecting C compile features - done
[0.494s] -- Detecting CXX compiler ABI info
[0.647s] -- Detecting CXX compiler ABI info - done
[0.681s] -- Check for working CXX compiler: /usr/bin/c++ - skipped
[0.681s] -- Detecting CXX compile features
[0.682s] -- Detecting CXX compile features - done
[0.683s] -- Found ament_cmake: 0.9.12 (/opt/ros/foxy/share/ament_cmake/cmake)
[0.686s] [33mCMake Warning (dev) at /opt/ros/foxy/share/ament_cmake_core/cmake/core/python.cmake:22 (find_package):
[0.686s]   Policy CMP0148 is not set: The FindPythonInterp and FindPythonLibs modules
[0.687s]   are removed.  Run "cmake --help-policy CMP0148" for policy details.  Use
[0.687s]   the cmake_policy command to set the policy and suppress this warning.
[0.688s] 
[0.688s] Call Stack (most recent call first):
[0.688s]   /opt/ros/foxy/share/ament_cmake_core/cmake/core/all.cmake:53 (include)
[0.689s]   /opt/ros/foxy/share/ament_cmake_core/cmake/ament_cmake_core-extras.cmake:17 (include)
[0.689s]   /opt/ros/foxy/share/ament_cmake_core/cmake/ament_cmake_coreConfig.cmake:41 (include)
[0.689s]   /opt/ros/foxy/share/ament_cmake/cmake/ament_cmake_export_dependencies-extras.cmake:15 (find_package)
[0.690s]   /opt/ros/foxy/share/ament_cmake/cmake/ament_cmakeConfig.cmake:41 (include)
[0.690s]   CMakeLists.txt:19 (find_package)
[0.690s] This warning is for project developers.  Use -Wno-dev to suppress it.
[0.691s] [0m
[0.727s] -- Found PythonInterp: /usr/bin/python3 (found suitable version "3.8.10", minimum required is "3")
[0.728s] -- Using PYTHON_EXECUTABLE: /usr/bin/python3
[0.890s] -- Found builtin_interfaces: 1.0.0 (/opt/ros/foxy/share/builtin_interfaces/cmake)
[0.910s] -- Using all available rosidl_typesupport_c: rosidl_typesupport_fastrtps_c;rosidl_typesupport_introspection_c
[0.916s] -- Found rosidl_adapter: 1.3.1 (/opt/ros/foxy/share/rosidl_adapter/cmake)
[1.052s] -- Found OpenSSL: /usr/lib/aarch64-linux-gnu/libcrypto.so (found version "1.1.1f")
[1.087s] -- Found FastRTPS: /opt/ros/foxy/include
[1.147s] -- Using all available rosidl_typesupport_cpp: rosidl_typesupport_fastrtps_cpp;rosidl_typesupport_introspection_cpp
[1.168s] -- Found eigen3_cmake_module: 0.1.1 (/opt/ros/foxy/share/eigen3_cmake_module/cmake)
[1.169s] -- Found Eigen3: TRUE (found version "3.3.7")
[1.170s] -- Found geometry_msgs: 2.0.5 (/opt/ros/foxy/share/geometry_msgs/cmake)
[1.218s] -- Found px4_msgs: 2.0.1 (/opt/motovisio/ros_ws/install/px4_msgs/share/px4_msgs/cmake)
[1.232s] -- Found rclcpp: 2.4.3 (/opt/ros/foxy/share/rclcpp/cmake)
[1.265s] -- Found rmw_implementation_cmake: 1.0.4 (/opt/ros/foxy/share/rmw_implementation_cmake/cmake)
[1.266s] -- Using RMW implementation 'rmw_fastrtps_cpp' as default
[1.267s] -- Performing Test CMAKE_HAVE_LIBC_PTHREAD
[1.418s] -- Performing Test CMAKE_HAVE_LIBC_PTHREAD - Failed
[1.419s] -- Looking for pthread_create in pthreads
[1.569s] -- Looking for pthread_create in pthreads - not found
[1.569s] -- Looking for pthread_create in pthread
[1.753s] -- Looking for pthread_create in pthread - found
[1.757s] -- Found Threads: TRUE
[1.906s] -- Found sensor_msgs: 2.0.5 (/opt/ros/foxy/share/sensor_msgs/cmake)
[1.984s] -- Found rclpy: 1.0.13 (/opt/ros/foxy/share/rclpy/cmake)
[1.985s] -- Found ament_lint_auto: 0.9.8 (/opt/ros/foxy/share/ament_lint_auto/cmake)
[2.077s] -- Added test 'copyright' to check source files copyright and LICENSE
[2.078s] -- Added test 'cppcheck' to perform static code analysis on C / C++ code
[2.079s] -- Configured cppcheck include dirs: 
[2.079s] -- Configured cppcheck exclude dirs and/or files: 
[2.080s] -- Added test 'cpplint' to check C / C++ code against the Google style
[2.080s] -- Configured cpplint exclude dirs and/or files: 
[2.081s] -- Added test 'lint_cmake' to check CMake code style
[2.081s] -- Added test 'uncrustify' to check C / C++ code style
[2.081s] -- Configured uncrustify additional arguments: 
[2.082s] -- Added test 'xmllint' to check XML markup files
[2.082s] -- Configuring done (2.0s)
[2.092s] -- Generating done (0.0s)
[2.094s] -- Build files have been written to: /root/ws_offboard_control/build/comp_routine
[2.106s] Invoked command in '/root/ws_offboard_control/build/comp_routine' returned '0': CMAKE_PREFIX_PATH=${CMAKE_PREFIX_PATH}:/opt/ros/foxy _=/usr/bin/env /usr/bin/cmake /root/ws_offboard_control/src/comp_routine -DCMAKE_INSTALL_PREFIX=/root/ws_offboard_control/install/comp_routine
[2.112s] Invoking command in '/root/ws_offboard_control/build/comp_routine': CMAKE_PREFIX_PATH=${CMAKE_PREFIX_PATH}:/opt/ros/foxy _=/usr/bin/env /usr/bin/cmake --build /root/ws_offboard_control/build/comp_routine -- -j8 -l8
[2.193s] [ 50%] [32mBuilding CXX object CMakeFiles/comp_routine.dir/src/comp_routine.cpp.o[0m
[6.126s] [100%] [32m[1mLinking CXX executable comp_routine[0m
[6.402s] [100%] Built target comp_routine
[6.419s] Invoked command in '/root/ws_offboard_control/build/comp_routine' returned '0': CMAKE_PREFIX_PATH=${CMAKE_PREFIX_PATH}:/opt/ros/foxy _=/usr/bin/env /usr/bin/cmake --build /root/ws_offboard_control/build/comp_routine -- -j8 -l8
[6.513s] Invoking command in '/root/ws_offboard_control/build/comp_routine': CMAKE_PREFIX_PATH=${CMAKE_PREFIX_PATH}:/opt/ros/foxy _=/usr/bin/env /usr/bin/cmake --install /root/ws_offboard_control/build/comp_routine
[6.527s] -- Install configuration: ""
[6.528s] -- Installing: /root/ws_offboard_control/install/comp_routine/lib/comp_routine/comp_routine
[6.533s] -- Set non-toolchain portion of runtime path of "/root/ws_offboard_control/install/comp_routine/lib/comp_routine/comp_routine" to ""
[6.534s] -- Installing: /root/ws_offboard_control/install/comp_routine/share/ament_index/resource_index/package_run_dependencies/comp_routine
[6.534s] -- Installing: /root/ws_offboard_control/install/comp_routine/share/ament_index/resource_index/parent_prefix_path/comp_routine
[6.535s] -- Installing: /root/ws_offboard_control/install/comp_routine/share/comp_routine/environment/ament_prefix_path.sh
[6.536s] -- Installing: /root/ws_offboard_control/install/comp_routine/share/comp_routine/environment/ament_prefix_path.dsv
[6.536s] -- Installing: /root/ws_offboard_control/install/comp_routine/share/comp_routine/environment/path.sh
[6.537s] -- Installing: /root/ws_offboard_control/install/comp_routine/share/comp_routine/environment/path.dsv
[6.537s] -- Installing: /root/ws_offboard_control/install/comp_routine/share/comp_routine/local_setup.bash
[6.538s] -- Installing: /root/ws_offboard_control/install/comp_routine/share/comp_routine/local_setup.sh
[6.540s] -- Installing: /root/ws_offboard_control/install/comp_routine/share/comp_routine/local_setup.zsh
[6.542s] -- Installing: /root/ws_offboard_control/install/comp_routine/share/comp_routine/local_setup.dsv
[6.543s] -- Installing: /root/ws_offboard_control/install/comp_routine/share/comp_routine/package.dsv
[6.543s] -- Installing: /root/ws_offboard_control/install/comp_routine/share/ament_index/resource_index/packages/comp_routine
[6.544s] -- Installing: /root/ws_offboard_control/install/comp_routine/share/comp_routine/cmake/comp_routineConfig.cmake
[6.545s] -- Installing: /root/ws_offboard_control/install/comp_routine/share/comp_routine/cmake/comp_routineConfig-version.cmake
[6.546s] -- Installing: /root/ws_offboard_control/install/comp_routine/share/comp_routine/package.xml
[6.547s] Invoked command in '/root/ws_offboard_control/build/comp_routine' returned '0': CMAKE_PREFIX_PATH=${CMAKE_PREFIX_PATH}:/opt/ros/foxy _=/usr/bin/env /usr/bin/cmake --install /root/ws_offboard_control/build/comp_routine
