[0.041s] Invoking command in '/root/ws_offboard_control/build/comp_routine': CMAKE_PREFIX_PATH=${CMAKE_PREFIX_PATH}:/opt/ros/foxy _=/usr/bin/env /usr/bin/cmake --build /root/ws_offboard_control/build/comp_routine -- -j8 -l8
[0.165s] [ 50%] [32mBuilding CXX object CMakeFiles/comp_routine.dir/src/comp_routine.cpp.o[0m
[4.943s] [01m[K/root/ws_offboard_control/src/comp_routine/src/comp_routine.cpp:[m[K In constructor ‘[01m[KCompRoutine::CompRoutine()[m[K’:
[4.944s] [01m[K/root/ws_offboard_control/src/comp_routine/src/comp_routine.cpp:59:117:[m[K [01;31m[Kerror: [m[Kno match for ‘[01m[Koperator=[m[K’ (operand types are ‘[01m[Krclcpp::Publisher<px4_msgs::msg::VehicleCommand_<std::allocator<void> > >::SharedPtr[m[K’ {aka ‘[01m[Kstd::shared_ptr<rclcpp::Publisher<px4_msgs::msg::VehicleCommand_<std::allocator<void> > > >[m[K’} and ‘[01m[Kstd::shared_ptr<rclcpp::Publisher<px4_msgs::msg::VehicleRatesSetpoint_<std::allocator<void> >, std::allocator<void> > >[m[K’)
[4.944s]    59 |    body_rate_setpoint_publisher_ = this->create_publisher<VehicleRatesSetpoint>("/fmu/in/vehicle_rates_setpoint", 10[01;31m[K)[m[K;
[4.944s]       |                                                                                                                     [01;31m[K^[m[K
[4.945s] In file included from [01m[K/usr/include/c++/9/memory:81[m[K,
[4.945s]                  from [01m[K/opt/ros/foxy/include/rosidl_runtime_cpp/bounded_vector.hpp:19[m[K,
[4.946s]                  from [01m[K/opt/motovisio/ros_ws/install/px4_msgs/include/px4_msgs/msg/detail/offboard_control_mode__struct.hpp:8[m[K,
[4.946s]                  from [01m[K/opt/motovisio/ros_ws/install/px4_msgs/include/px4_msgs/msg/offboard_control_mode.hpp:7[m[K,
[4.947s]                  from [01m[K/root/ws_offboard_control/src/comp_routine/src/comp_routine.cpp:1[m[K:
[4.947s] [01m[K/usr/include/c++/9/bits/shared_ptr.h:309:19:[m[K [01;36m[Knote: [m[Kcandidate: ‘[01m[Kstd::shared_ptr<_Tp>& std::shared_ptr<_Tp>::operator=(const std::shared_ptr<_Tp>&) [with _Tp = rclcpp::Publisher<px4_msgs::msg::VehicleCommand_<std::allocator<void> > >][m[K’
[4.947s]   309 |       shared_ptr& [01;36m[Koperator[m[K=(const shared_ptr&) noexcept = default;
[4.948s]       |                   [01;36m[K^~~~~~~~[m[K
[4.948s] [01m[K/usr/include/c++/9/bits/shared_ptr.h:309:29:[m[K [01;36m[Knote: [m[K  no known conversion for argument 1 from ‘[01m[Kstd::shared_ptr<rclcpp::Publisher<px4_msgs::msg::VehicleRatesSetpoint_<std::allocator<void> >, std::allocator<void> > >[m[K’ to ‘[01m[Kconst std::shared_ptr<rclcpp::Publisher<px4_msgs::msg::VehicleCommand_<std::allocator<void> > > >&[m[K’
[4.949s]   309 |       shared_ptr& operator=([01;36m[Kconst shared_ptr&[m[K) noexcept = default;
[4.949s]       |                             [01;36m[K^~~~~~~~~~~~~~~~~[m[K
[4.950s] [01m[K/usr/include/c++/9/bits/shared_ptr.h:313:2:[m[K [01;36m[Knote: [m[Kcandidate: ‘[01m[Ktemplate<class _Yp> std::shared_ptr<_Tp>::_Assignable<const std::shared_ptr<_Yp>&> std::shared_ptr<_Tp>::operator=(const std::shared_ptr<_Yp>&) [with _Yp = _Yp; _Tp = rclcpp::Publisher<px4_msgs::msg::VehicleCommand_<std::allocator<void> > >][m[K’
[4.950s]   313 |  [01;36m[Koperator[m[K=(const shared_ptr<_Yp>& __r) noexcept
[4.950s]       |  [01;36m[K^~~~~~~~[m[K
[4.951s] [01m[K/usr/include/c++/9/bits/shared_ptr.h:313:2:[m[K [01;36m[Knote: [m[K  template argument deduction/substitution failed:
[4.951s] /usr/include/c++/9/bits/shared_ptr.h: In substitution of ‘[01m[Ktemplate<class _Tp> template<class _Arg> using _Assignable = typename std::enable_if<std::is_assignable<std::__shared_ptr<_Tp>&, _Arg>::value, std::shared_ptr<_Tp>&>::type [with _Arg = const std::shared_ptr<rclcpp::Publisher<px4_msgs::msg::VehicleRatesSetpoint_<std::allocator<void> >, std::allocator<void> > >&; _Tp = rclcpp::Publisher<px4_msgs::msg::VehicleCommand_<std::allocator<void> > >][m[K’:
[4.951s] [01m[K/usr/include/c++/9/bits/shared_ptr.h:313:2:[m[K   required by substitution of ‘[01m[Ktemplate<class _Yp> std::shared_ptr<rclcpp::Publisher<px4_msgs::msg::VehicleCommand_<std::allocator<void> > > >::_Assignable<const std::shared_ptr<_Tp>&> std::shared_ptr<rclcpp::Publisher<px4_msgs::msg::VehicleCommand_<std::allocator<void> > > >::operator=<_Yp>(const std::shared_ptr<_Tp>&) [with _Yp = rclcpp::Publisher<px4_msgs::msg::VehicleRatesSetpoint_<std::allocator<void> >, std::allocator<void> >][m[K’
[4.952s] [01m[K/root/ws_offboard_control/src/comp_routine/src/comp_routine.cpp:59:117:[m[K   required from here
[4.952s] [01m[K/usr/include/c++/9/bits/shared_ptr.h:111:8:[m[K [01;31m[Kerror: [m[Kno type named ‘[01m[Ktype[m[K’ in ‘[01m[Kstruct std::enable_if<false, std::shared_ptr<rclcpp::Publisher<px4_msgs::msg::VehicleCommand_<std::allocator<void> > > >&>[m[K’
[4.952s]   111 |  using [01;31m[K_Assignable[m[K = typename enable_if<
[4.953s]       |        [01;31m[K^~~~~~~~~~~[m[K
[4.953s] [01m[K/usr/include/c++/9/bits/shared_ptr.h:324:2:[m[K [01;36m[Knote: [m[Kcandidate: ‘[01m[Ktemplate<class _Yp> std::shared_ptr<_Tp>::_Assignable<std::auto_ptr<_Up> > std::shared_ptr<_Tp>::operator=(std::auto_ptr<_Up>&&) [with _Yp = _Yp; _Tp = rclcpp::Publisher<px4_msgs::msg::VehicleCommand_<std::allocator<void> > >][m[K’
[4.954s]   324 |  [01;36m[Koperator[m[K=(auto_ptr<_Yp>&& __r)
[4.954s]       |  [01;36m[K^~~~~~~~[m[K
[4.954s] [01m[K/usr/include/c++/9/bits/shared_ptr.h:324:2:[m[K [01;36m[Knote: [m[K  template argument deduction/substitution failed:
[4.955s] [01m[K/root/ws_offboard_control/src/comp_routine/src/comp_routine.cpp:59:117:[m[K [01;36m[Knote: [m[K  ‘[01m[Kstd::shared_ptr<rclcpp::Publisher<px4_msgs::msg::VehicleRatesSetpoint_<std::allocator<void> >, std::allocator<void> > >[m[K’ is not derived from ‘[01m[Kstd::auto_ptr<_Up>[m[K’
[4.955s]    59 |    body_rate_setpoint_publisher_ = this->create_publisher<VehicleRatesSetpoint>("/fmu/in/vehicle_rates_setpoint", 10[01;36m[K)[m[K;
[4.956s]       |                                                                                                                     [01;36m[K^[m[K
[4.956s] In file included from [01m[K/usr/include/c++/9/memory:81[m[K,
[4.956s]                  from [01m[K/opt/ros/foxy/include/rosidl_runtime_cpp/bounded_vector.hpp:19[m[K,
[4.957s]                  from [01m[K/opt/motovisio/ros_ws/install/px4_msgs/include/px4_msgs/msg/detail/offboard_control_mode__struct.hpp:8[m[K,
[4.957s]                  from [01m[K/opt/motovisio/ros_ws/install/px4_msgs/include/px4_msgs/msg/offboard_control_mode.hpp:7[m[K,
[4.957s]                  from [01m[K/root/ws_offboard_control/src/comp_routine/src/comp_routine.cpp:1[m[K:
[4.958s] [01m[K/usr/include/c++/9/bits/shared_ptr.h:333:7:[m[K [01;36m[Knote: [m[Kcandidate: ‘[01m[Kstd::shared_ptr<_Tp>& std::shared_ptr<_Tp>::operator=(std::shared_ptr<_Tp>&&) [with _Tp = rclcpp::Publisher<px4_msgs::msg::VehicleCommand_<std::allocator<void> > >][m[K’
[4.958s]   333 |       [01;36m[Koperator[m[K=(shared_ptr&& __r) noexcept
[4.959s]       |       [01;36m[K^~~~~~~~[m[K
[4.959s] [01m[K/usr/include/c++/9/bits/shared_ptr.h:333:30:[m[K [01;36m[Knote: [m[K  no known conversion for argument 1 from ‘[01m[Kstd::shared_ptr<rclcpp::Publisher<px4_msgs::msg::VehicleRatesSetpoint_<std::allocator<void> >, std::allocator<void> > >[m[K’ to ‘[01m[Kstd::shared_ptr<rclcpp::Publisher<px4_msgs::msg::VehicleCommand_<std::allocator<void> > > >&&[m[K’
[4.959s]   333 |       operator=([01;36m[Kshared_ptr&& __r[m[K) noexcept
[4.960s]       |                 [01;36m[K~~~~~~~~~~~~~^~~[m[K
[4.960s] [01m[K/usr/include/c++/9/bits/shared_ptr.h:341:2:[m[K [01;36m[Knote: [m[Kcandidate: ‘[01m[Ktemplate<class _Yp> std::shared_ptr<_Tp>::_Assignable<std::shared_ptr<_Yp> > std::shared_ptr<_Tp>::operator=(std::shared_ptr<_Yp>&&) [with _Yp = _Yp; _Tp = rclcpp::Publisher<px4_msgs::msg::VehicleCommand_<std::allocator<void> > >][m[K’
[4.961s]   341 |  [01;36m[Koperator[m[K=(shared_ptr<_Yp>&& __r) noexcept
[4.961s]       |  [01;36m[K^~~~~~~~[m[K
[4.961s] [01m[K/usr/include/c++/9/bits/shared_ptr.h:341:2:[m[K [01;36m[Knote: [m[K  template argument deduction/substitution failed:
[4.962s] /usr/include/c++/9/bits/shared_ptr.h: In substitution of ‘[01m[Ktemplate<class _Tp> template<class _Arg> using _Assignable = typename std::enable_if<std::is_assignable<std::__shared_ptr<_Tp>&, _Arg>::value, std::shared_ptr<_Tp>&>::type [with _Arg = std::shared_ptr<rclcpp::Publisher<px4_msgs::msg::VehicleRatesSetpoint_<std::allocator<void> >, std::allocator<void> > >; _Tp = rclcpp::Publisher<px4_msgs::msg::VehicleCommand_<std::allocator<void> > >][m[K’:
[4.963s] [01m[K/usr/include/c++/9/bits/shared_ptr.h:341:2:[m[K   required by substitution of ‘[01m[Ktemplate<class _Yp> std::shared_ptr<rclcpp::Publisher<px4_msgs::msg::VehicleCommand_<std::allocator<void> > > >::_Assignable<std::shared_ptr<_Tp> > std::shared_ptr<rclcpp::Publisher<px4_msgs::msg::VehicleCommand_<std::allocator<void> > > >::operator=<_Yp>(std::shared_ptr<_Tp>&&) [with _Yp = rclcpp::Publisher<px4_msgs::msg::VehicleRatesSetpoint_<std::allocator<void> >, std::allocator<void> >][m[K’
[4.963s] [01m[K/root/ws_offboard_control/src/comp_routine/src/comp_routine.cpp:59:117:[m[K   required from here
[4.963s] [01m[K/usr/include/c++/9/bits/shared_ptr.h:111:8:[m[K [01;31m[Kerror: [m[Kno type named ‘[01m[Ktype[m[K’ in ‘[01m[Kstruct std::enable_if<false, std::shared_ptr<rclcpp::Publisher<px4_msgs::msg::VehicleCommand_<std::allocator<void> > > >&>[m[K’
[4.964s]   111 |  using [01;31m[K_Assignable[m[K = typename enable_if<
[4.964s]       |        [01;31m[K^~~~~~~~~~~[m[K
[4.964s] [01m[K/usr/include/c++/9/bits/shared_ptr.h:349:2:[m[K [01;36m[Knote: [m[Kcandidate: ‘[01m[Ktemplate<class _Yp, class _Del> std::shared_ptr<_Tp>::_Assignable<std::unique_ptr<_Up, _Ep> > std::shared_ptr<_Tp>::operator=(std::unique_ptr<_Up, _Ep>&&) [with _Yp = _Yp; _Del = _Del; _Tp = rclcpp::Publisher<px4_msgs::msg::VehicleCommand_<std::allocator<void> > >][m[K’
[4.965s]   349 |  [01;36m[Koperator[m[K=(unique_ptr<_Yp, _Del>&& __r)
[4.965s]       |  [01;36m[K^~~~~~~~[m[K
[4.965s] [01m[K/usr/include/c++/9/bits/shared_ptr.h:349:2:[m[K [01;36m[Knote: [m[K  template argument deduction/substitution failed:
[4.966s] [01m[K/root/ws_offboard_control/src/comp_routine/src/comp_routine.cpp:59:117:[m[K [01;36m[Knote: [m[K  ‘[01m[Kstd::shared_ptr<rclcpp::Publisher<px4_msgs::msg::VehicleRatesSetpoint_<std::allocator<void> >, std::allocator<void> > >[m[K’ is not derived from ‘[01m[Kstd::unique_ptr<_Tp, _Dp>[m[K’
[4.966s]    59 |    body_rate_setpoint_publisher_ = this->create_publisher<VehicleRatesSetpoint>("/fmu/in/vehicle_rates_setpoint", 10[01;36m[K)[m[K;
[4.967s]       |                                                                                                                     [01;36m[K^[m[K
[5.055s] [01m[K/root/ws_offboard_control/src/comp_routine/src/comp_routine.cpp:[m[K In member function ‘[01m[Kvoid CompRoutine::publish_offboard_control_mode_dummy()[m[K’:
[5.056s] [01m[K/root/ws_offboard_control/src/comp_routine/src/comp_routine.cpp:165:45:[m[K [01;31m[Kerror: [m[Kno matching function for call to ‘[01m[Krclcpp::Publisher<px4_msgs::msg::VehicleCommand_<std::allocator<void> > >::publish(px4_msgs::msg::VehicleRatesSetpoint&)[m[K’
[5.056s]   165 |  body_rate_setpoint_publisher_->publish(msg2[01;31m[K)[m[K;
[5.057s]       |                                             [01;31m[K^[m[K
[5.057s] In file included from [01m[K/opt/ros/foxy/include/rclcpp/topic_statistics/subscription_topic_statistics.hpp:31[m[K,
[5.057s]                  from [01m[K/opt/ros/foxy/include/rclcpp/subscription.hpp:50[m[K,
[5.058s]                  from [01m[K/opt/ros/foxy/include/rclcpp/any_executable.hpp:25[m[K,
[5.058s]                  from [01m[K/opt/ros/foxy/include/rclcpp/memory_strategy.hpp:24[m[K,
[5.058s]                  from [01m[K/opt/ros/foxy/include/rclcpp/memory_strategies.hpp:18[m[K,
[5.059s]                  from [01m[K/opt/ros/foxy/include/rclcpp/executor_options.hpp:20[m[K,
[5.060s]                  from [01m[K/opt/ros/foxy/include/rclcpp/executor.hpp:33[m[K,
[5.060s]                  from [01m[K/opt/ros/foxy/include/rclcpp/executors/multi_threaded_executor.hpp:26[m[K,
[5.060s]                  from [01m[K/opt/ros/foxy/include/rclcpp/executors.hpp:21[m[K,
[5.061s]                  from [01m[K/opt/ros/foxy/include/rclcpp/rclcpp.hpp:146[m[K,
[5.061s]                  from [01m[K/root/ws_offboard_control/src/comp_routine/src/comp_routine.cpp:6[m[K:
[5.061s] [01m[K/opt/ros/foxy/include/rclcpp/publisher.hpp:185:3:[m[K [01;36m[Knote: [m[Kcandidate: ‘[01m[Kvoid rclcpp::Publisher<MessageT, AllocatorT>::publish(std::unique_ptr<MessageT, typename std::conditional<std::is_same<typename std::allocator_traits<typename std::allocator_traits<_Alloc>::rebind_traits<MessageT>::allocator_type>::rebind_alloc<MessageT>, typename std::allocator<void>::rebind<_Tp1>::other>::value, std::default_delete<_Tp>, rclcpp::allocator::AllocatorDeleter<typename std::allocator_traits<_Alloc>::rebind_traits<MessageT>::allocator_type> >::type>) [with MessageT = px4_msgs::msg::VehicleCommand_<std::allocator<void> >; AllocatorT = std::allocator<void>; typename std::conditional<std::is_same<typename std::allocator_traits<typename std::allocator_traits<_Alloc>::rebind_traits<MessageT>::allocator_type>::rebind_alloc<MessageT>, typename std::allocator<void>::rebind<_Tp1>::other>::value, std::default_delete<_Tp>, rclcpp::allocator::AllocatorDeleter<typename std::allocator_traits<_Alloc>::rebind_traits<MessageT>::allocator_type> >::type = std::default_delete<px4_msgs::msg::VehicleCommand_<std::allocator<void> > >][m[K’
[5.062s]   185 |   [01;36m[Kpublish[m[K(std::unique_ptr<MessageT, MessageDeleter> msg)
[5.062s]       |   [01;36m[K^~~~~~~[m[K
[5.062s] [01m[K/opt/ros/foxy/include/rclcpp/publisher.hpp:185:53:[m[K [01;36m[Knote: [m[K  no known conversion for argument 1 from ‘[01m[Kpx4_msgs::msg::VehicleRatesSetpoint[m[K’ {aka ‘[01m[Kpx4_msgs::msg::VehicleRatesSetpoint_<std::allocator<void> >[m[K’} to ‘[01m[Kstd::unique_ptr<px4_msgs::msg::VehicleCommand_<std::allocator<void> >, std::default_delete<px4_msgs::msg::VehicleCommand_<std::allocator<void> > > >[m[K’
[5.063s]   185 |   publish([01;36m[Kstd::unique_ptr<MessageT, MessageDeleter> msg[m[K)
[5.063s]       |           [01;36m[K~~~~~~~~~~~~~~~~~~~~~~~~~~~~~~~~~~~~~~~~~~^~~[m[K
[5.064s] [01m[K/opt/ros/foxy/include/rclcpp/publisher.hpp:209:3:[m[K [01;36m[Knote: [m[Kcandidate: ‘[01m[Kvoid rclcpp::Publisher<MessageT, AllocatorT>::publish(const MessageT&) [with MessageT = px4_msgs::msg::VehicleCommand_<std::allocator<void> >; AllocatorT = std::allocator<void>][m[K’
[5.064s]   209 |   [01;36m[Kpublish[m[K(const MessageT & msg)
[5.064s]       |   [01;36m[K^~~~~~~[m[K
[5.065s] [01m[K/opt/ros/foxy/include/rclcpp/publisher.hpp:209:28:[m[K [01;36m[Knote: [m[K  no known conversion for argument 1 from ‘[01m[Kpx4_msgs::msg::VehicleRatesSetpoint[m[K’ {aka ‘[01m[Kpx4_msgs::msg::VehicleRatesSetpoint_<std::allocator<void> >[m[K’} to ‘[01m[Kconst px4_msgs::msg::VehicleCommand_<std::allocator<void> >&[m[K’
[5.065s]   209 |   publish([01;36m[Kconst MessageT & msg[m[K)
[5.065s]       |           [01;36m[K~~~~~~~~~~~~~~~~~^~~[m[K
[5.066s] [01m[K/opt/ros/foxy/include/rclcpp/publisher.hpp:226:3:[m[K [01;36m[Knote: [m[Kcandidate: ‘[01m[Kvoid rclcpp::Publisher<MessageT, AllocatorT>::publish(const rcl_serialized_message_t&) [with MessageT = px4_msgs::msg::VehicleCommand_<std::allocator<void> >; AllocatorT = std::allocator<void>; rcl_serialized_message_t = rcutils_uint8_array_t][m[K’
[5.066s]   226 |   [01;36m[Kpublish[m[K(const rcl_serialized_message_t & serialized_msg)
[5.066s]       |   [01;36m[K^~~~~~~[m[K
[5.067s] [01m[K/opt/ros/foxy/include/rclcpp/publisher.hpp:226:44:[m[K [01;36m[Knote: [m[K  no known conversion for argument 1 from ‘[01m[Kpx4_msgs::msg::VehicleRatesSetpoint[m[K’ {aka ‘[01m[Kpx4_msgs::msg::VehicleRatesSetpoint_<std::allocator<void> >[m[K’} to ‘[01m[Kconst rcl_serialized_message_t&[m[K’ {aka ‘[01m[Kconst rcutils_uint8_array_t&[m[K’}
[5.067s]   226 |   publish([01;36m[Kconst rcl_serialized_message_t & serialized_msg[m[K)
[5.068s]       |           [01;36m[K~~~~~~~~~~~~~~~~~~~~~~~~~~~~~~~~~^~~~~~~~~~~~~~[m[K
[5.068s] [01m[K/opt/ros/foxy/include/rclcpp/publisher.hpp:232:3:[m[K [01;36m[Knote: [m[Kcandidate: ‘[01m[Kvoid rclcpp::Publisher<MessageT, AllocatorT>::publish(const rclcpp::SerializedMessage&) [with MessageT = px4_msgs::msg::VehicleCommand_<std::allocator<void> >; AllocatorT = std::allocator<void>][m[K’
[5.068s]   232 |   [01;36m[Kpublish[m[K(const SerializedMessage & serialized_msg)
[5.069s]       |   [01;36m[K^~~~~~~[m[K
[5.069s] [01m[K/opt/ros/foxy/include/rclcpp/publisher.hpp:232:37:[m[K [01;36m[Knote: [m[K  no known conversion for argument 1 from ‘[01m[Kpx4_msgs::msg::VehicleRatesSetpoint[m[K’ {aka ‘[01m[Kpx4_msgs::msg::VehicleRatesSetpoint_<std::allocator<void> >[m[K’} to ‘[01m[Kconst rclcpp::SerializedMessage&[m[K’
[5.070s]   232 |   publish([01;36m[Kconst SerializedMessage & serialized_msg[m[K)
[5.070s]       |           [01;36m[K~~~~~~~~~~~~~~~~~~~~~~~~~~^~~~~~~~~~~~~~[m[K
[5.071s] [01m[K/opt/ros/foxy/include/rclcpp/publisher.hpp:246:3:[m[K [01;36m[Knote: [m[Kcandidate: ‘[01m[Kvoid rclcpp::Publisher<MessageT, AllocatorT>::publish(rclcpp::LoanedMessage<MessageT, AllocatorT>&&) [with MessageT = px4_msgs::msg::VehicleCommand_<std::allocator<void> >; AllocatorT = std::allocator<void>][m[K’
[5.071s]   246 |   [01;36m[Kpublish[m[K(rclcpp::LoanedMessage<MessageT, AllocatorT> && loaned_msg)
[5.072s]       |   [01;36m[K^~~~~~~[m[K
[5.072s] [01m[K/opt/ros/foxy/include/rclcpp/publisher.hpp:246:58:[m[K [01;36m[Knote: [m[K  no known conversion for argument 1 from ‘[01m[Kpx4_msgs::msg::VehicleRatesSetpoint[m[K’ {aka ‘[01m[Kpx4_msgs::msg::VehicleRatesSetpoint_<std::allocator<void> >[m[K’} to ‘[01m[Krclcpp::LoanedMessage<px4_msgs::msg::VehicleCommand_<std::allocator<void> >, std::allocator<void> >&&[m[K’
[5.073s]   246 |   publish([01;36m[Krclcpp::LoanedMessage<MessageT, AllocatorT> && loaned_msg[m[K)
[5.073s]       |           [01;36m[K~~~~~~~~~~~~~~~~~~~~~~~~~~~~~~~~~~~~~~~~~~~~~~~^~~~~~~~~~[m[K
[5.109s] [01m[K/root/ws_offboard_control/src/comp_routine/src/comp_routine.cpp:[m[K In function ‘[01m[Kvoid mySigintHandler(int)[m[K’:
[5.110s] [01m[K/root/ws_offboard_control/src/comp_routine/src/comp_routine.cpp:241:26:[m[K [01;35m[Kwarning: [m[Kunused parameter ‘[01m[Ksig[m[K’ [[01;35m[K-Wunused-parameter[m[K]
[5.110s]   241 | void mySigintHandler([01;35m[Kint sig[m[K) {
[5.110s]       |                      [01;35m[K~~~~^~~[m[K
[6.710s] make[2]: *** [CMakeFiles/comp_routine.dir/build.make:76: CMakeFiles/comp_routine.dir/src/comp_routine.cpp.o] Error 1
[6.711s] make[1]: *** [CMakeFiles/Makefile2:137: CMakeFiles/comp_routine.dir/all] Error 2
[6.713s] make: *** [Makefile:146: all] Error 2
[6.718s] Invoked command in '/root/ws_offboard_control/build/comp_routine' returned '2': CMAKE_PREFIX_PATH=${CMAKE_PREFIX_PATH}:/opt/ros/foxy _=/usr/bin/env /usr/bin/cmake --build /root/ws_offboard_control/build/comp_routine -- -j8 -l8
