make: Warning: File 'Makefile' has modification time 3292 s in the future
make[1]: Warning: File 'CMakeFiles/Makefile2' has modification time 3292 s in the future
make[2]: Warning: File 'CMakeFiles/vehicle_gps_position_listener.dir/flags.make' has modification time 3292 s in the future
make[2]: Warning: File 'CMakeFiles/sensor_combined_listener.dir/flags.make' has modification time 3292 s in the future
make[2]: Warning: File 'CMakeFiles/frame_transforms.dir/flags.make' has modification time 3292 s in the future
make[2]: Warning: File 'CMakeFiles/offboard_control_srv.dir/flags.make' has modification time 3292 s in the future
make[2]: warning:  Clock skew detected.  Your build may be incomplete.
make[2]: warning:  Clock skew detected.  Your build may be incomplete.
make[2]: Warning: File 'CMakeFiles/offboard_control.dir/flags.make' has modification time 3292 s in the future
make[2]: Warning: File 'CMakeFiles/debug_vect_advertiser.dir/flags.make' has modification time 3292 s in the future
make[2]: Warning: File 'CMakeFiles/sensor_combined_listener.dir/flags.make' has modification time 3292 s in the future
make[2]: Warning: File 'CMakeFiles/frame_transforms.dir/flags.make' has modification time 3292 s in the future
make[2]: warning:  Clock skew detected.  Your build may be incomplete.
make[2]: warning:  Clock skew detected.  Your build may be incomplete.
make[2]: warning:  Clock skew detected.  Your build may be incomplete.
make[2]: Warning: File 'CMakeFiles/vehicle_gps_position_listener.dir/flags.make' has modification time 3292 s in the future
make[2]: warning:  Clock skew detected.  Your build may be incomplete.
make[2]: Warning: File 'CMakeFiles/offboard_control_srv.dir/flags.make' has modification time 3292 s in the future
make[2]: warning:  Clock skew detected.  Your build may be incomplete.
make[2]: Warning: File 'CMakeFiles/debug_vect_advertiser.dir/flags.make' has modification time 3292 s in the future
make[2]: warning:  Clock skew detected.  Your build may be incomplete.
make[2]: warning:  Clock skew detected.  Your build may be incomplete.
make[2]: warning:  Clock skew detected.  Your build may be incomplete.
make[2]: warning:  Clock skew detected.  Your build may be incomplete.
make[2]: Warning: File 'CMakeFiles/offboard_control.dir/flags.make' has modification time 3292 s in the future
make[2]: warning:  Clock skew detected.  Your build may be incomplete.
make[1]: warning:  Clock skew detected.  Your build may be incomplete.
make: warning:  Clock skew detected.  Your build may be incomplete.
