[0.158s] DEBUG:colcon:Command line arguments: ['/usr/bin/colcon', 'build']
[0.158s] DEBUG:colcon:Parsed command line arguments: Namespace(allow_overriding=[], ament_cmake_args=None, base_paths=['.'], build_base='build', catkin_cmake_args=None, catkin_skip_building_tests=False, cmake_args=None, cmake_clean_cache=False, cmake_clean_first=False, cmake_force_configure=False, cmake_target=None, cmake_target_skip_unavailable=False, continue_on_error=False, event_handlers=None, executor='parallel', ignore_user_meta=False, install_base='install', log_base=None, log_level=None, main=<bound method BuildVerb.main of <colcon_core.verb.build.BuildVerb object at 0x7f8a470520>>, merge_install=False, metas=['./colcon.meta'], packages_above=None, packages_above_and_dependencies=None, packages_above_depth=None, packages_end=None, packages_ignore=None, packages_ignore_regex=None, packages_select=None, packages_select_build_failed=False, packages_select_by_dep=None, packages_select_regex=None, packages_select_test_failures=False, packages_skip=None, packages_skip_build_finished=False, packages_skip_by_dep=None, packages_skip_regex=None, packages_skip_test_passed=False, packages_skip_up_to=None, packages_start=None, packages_up_to=None, packages_up_to_regex=None, parallel_workers=8, paths=None, symlink_install=False, test_result_base=None, verb_extension=<colcon_core.verb.build.BuildVerb object at 0x7f8a470520>, verb_name='build', verb_parser=<colcon_defaults.argument_parser.defaults.DefaultArgumentsDecorator object at 0x7f8a3243a0>)
[0.266s] Level 1:colcon.colcon_core.package_discovery:discover_packages(colcon_meta) check parameters
[0.266s] Level 1:colcon.colcon_core.package_discovery:discover_packages(recursive) check parameters
[0.266s] Level 1:colcon.colcon_core.package_discovery:discover_packages(ignore) check parameters
[0.266s] Level 1:colcon.colcon_core.package_discovery:discover_packages(path) check parameters
[0.266s] Level 1:colcon.colcon_core.package_discovery:discover_packages(colcon_meta) discover
[0.266s] Level 1:colcon.colcon_core.package_discovery:discover_packages(recursive) discover
[0.266s] INFO:colcon.colcon_core.package_discovery:Crawling recursively for packages in '/root/ws_offboard_control'
[0.266s] Level 1:colcon.colcon_core.package_identification:_identify(.) by extensions ['ignore', 'ignore_ament_install']
[0.266s] Level 1:colcon.colcon_core.package_identification:_identify(.) by extension 'ignore'
[0.266s] Level 1:colcon.colcon_core.package_identification:_identify(.) by extension 'ignore_ament_install'
[0.266s] Level 1:colcon.colcon_core.package_identification:_identify(.) by extensions ['colcon_pkg']
[0.266s] Level 1:colcon.colcon_core.package_identification:_identify(.) by extension 'colcon_pkg'
[0.266s] Level 1:colcon.colcon_core.package_identification:_identify(.) by extensions ['colcon_meta']
[0.266s] Level 1:colcon.colcon_core.package_identification:_identify(.) by extension 'colcon_meta'
[0.266s] Level 1:colcon.colcon_core.package_identification:_identify(.) by extensions ['ros']
[0.266s] Level 1:colcon.colcon_core.package_identification:_identify(.) by extension 'ros'
[0.280s] Level 1:colcon.colcon_core.package_identification:_identify(.) by extensions ['cmake', 'python']
[0.280s] Level 1:colcon.colcon_core.package_identification:_identify(.) by extension 'cmake'
[0.280s] Level 1:colcon.colcon_core.package_identification:_identify(.) by extension 'python'
[0.280s] Level 1:colcon.colcon_core.package_identification:_identify(.) by extensions ['python_setup_py']
[0.280s] Level 1:colcon.colcon_core.package_identification:_identify(.) by extension 'python_setup_py'
[0.281s] Level 1:colcon.colcon_core.package_identification:_identify(build) by extensions ['ignore', 'ignore_ament_install']
[0.281s] Level 1:colcon.colcon_core.package_identification:_identify(build) by extension 'ignore'
[0.281s] Level 1:colcon.colcon_core.package_identification:_identify(build) ignored
[0.281s] Level 1:colcon.colcon_core.package_identification:_identify(install) by extensions ['ignore', 'ignore_ament_install']
[0.281s] Level 1:colcon.colcon_core.package_identification:_identify(install) by extension 'ignore'
[0.281s] Level 1:colcon.colcon_core.package_identification:_identify(install) ignored
[0.281s] Level 1:colcon.colcon_core.package_identification:_identify(log) by extensions ['ignore', 'ignore_ament_install']
[0.281s] Level 1:colcon.colcon_core.package_identification:_identify(log) by extension 'ignore'
[0.281s] Level 1:colcon.colcon_core.package_identification:_identify(log) ignored
[0.281s] Level 1:colcon.colcon_core.package_identification:_identify(rosbag2_2024_07_07-00_11_31) by extensions ['ignore', 'ignore_ament_install']
[0.281s] Level 1:colcon.colcon_core.package_identification:_identify(rosbag2_2024_07_07-00_11_31) by extension 'ignore'
[0.281s] Level 1:colcon.colcon_core.package_identification:_identify(rosbag2_2024_07_07-00_11_31) by extension 'ignore_ament_install'
[0.281s] Level 1:colcon.colcon_core.package_identification:_identify(rosbag2_2024_07_07-00_11_31) by extensions ['colcon_pkg']
[0.281s] Level 1:colcon.colcon_core.package_identification:_identify(rosbag2_2024_07_07-00_11_31) by extension 'colcon_pkg'
[0.281s] Level 1:colcon.colcon_core.package_identification:_identify(rosbag2_2024_07_07-00_11_31) by extensions ['colcon_meta']
[0.281s] Level 1:colcon.colcon_core.package_identification:_identify(rosbag2_2024_07_07-00_11_31) by extension 'colcon_meta'
[0.281s] Level 1:colcon.colcon_core.package_identification:_identify(rosbag2_2024_07_07-00_11_31) by extensions ['ros']
[0.281s] Level 1:colcon.colcon_core.package_identification:_identify(rosbag2_2024_07_07-00_11_31) by extension 'ros'
[0.281s] Level 1:colcon.colcon_core.package_identification:_identify(rosbag2_2024_07_07-00_11_31) by extensions ['cmake', 'python']
[0.281s] Level 1:colcon.colcon_core.package_identification:_identify(rosbag2_2024_07_07-00_11_31) by extension 'cmake'
[0.282s] Level 1:colcon.colcon_core.package_identification:_identify(rosbag2_2024_07_07-00_11_31) by extension 'python'
[0.282s] Level 1:colcon.colcon_core.package_identification:_identify(rosbag2_2024_07_07-00_11_31) by extensions ['python_setup_py']
[0.282s] Level 1:colcon.colcon_core.package_identification:_identify(rosbag2_2024_07_07-00_11_31) by extension 'python_setup_py'
[0.282s] Level 1:colcon.colcon_core.package_identification:_identify(rosbag2_2024_07_07-00_12_05) by extensions ['ignore', 'ignore_ament_install']
[0.282s] Level 1:colcon.colcon_core.package_identification:_identify(rosbag2_2024_07_07-00_12_05) by extension 'ignore'
[0.282s] Level 1:colcon.colcon_core.package_identification:_identify(rosbag2_2024_07_07-00_12_05) by extension 'ignore_ament_install'
[0.282s] Level 1:colcon.colcon_core.package_identification:_identify(rosbag2_2024_07_07-00_12_05) by extensions ['colcon_pkg']
[0.282s] Level 1:colcon.colcon_core.package_identification:_identify(rosbag2_2024_07_07-00_12_05) by extension 'colcon_pkg'
[0.282s] Level 1:colcon.colcon_core.package_identification:_identify(rosbag2_2024_07_07-00_12_05) by extensions ['colcon_meta']
[0.282s] Level 1:colcon.colcon_core.package_identification:_identify(rosbag2_2024_07_07-00_12_05) by extension 'colcon_meta'
[0.282s] Level 1:colcon.colcon_core.package_identification:_identify(rosbag2_2024_07_07-00_12_05) by extensions ['ros']
[0.282s] Level 1:colcon.colcon_core.package_identification:_identify(rosbag2_2024_07_07-00_12_05) by extension 'ros'
[0.282s] Level 1:colcon.colcon_core.package_identification:_identify(rosbag2_2024_07_07-00_12_05) by extensions ['cmake', 'python']
[0.282s] Level 1:colcon.colcon_core.package_identification:_identify(rosbag2_2024_07_07-00_12_05) by extension 'cmake'
[0.282s] Level 1:colcon.colcon_core.package_identification:_identify(rosbag2_2024_07_07-00_12_05) by extension 'python'
[0.282s] Level 1:colcon.colcon_core.package_identification:_identify(rosbag2_2024_07_07-00_12_05) by extensions ['python_setup_py']
[0.282s] Level 1:colcon.colcon_core.package_identification:_identify(rosbag2_2024_07_07-00_12_05) by extension 'python_setup_py'
[0.282s] Level 1:colcon.colcon_core.package_identification:_identify(rosbag2_2024_07_07-00_12_29) by extensions ['ignore', 'ignore_ament_install']
[0.282s] Level 1:colcon.colcon_core.package_identification:_identify(rosbag2_2024_07_07-00_12_29) by extension 'ignore'
[0.282s] Level 1:colcon.colcon_core.package_identification:_identify(rosbag2_2024_07_07-00_12_29) by extension 'ignore_ament_install'
[0.282s] Level 1:colcon.colcon_core.package_identification:_identify(rosbag2_2024_07_07-00_12_29) by extensions ['colcon_pkg']
[0.282s] Level 1:colcon.colcon_core.package_identification:_identify(rosbag2_2024_07_07-00_12_29) by extension 'colcon_pkg'
[0.282s] Level 1:colcon.colcon_core.package_identification:_identify(rosbag2_2024_07_07-00_12_29) by extensions ['colcon_meta']
[0.282s] Level 1:colcon.colcon_core.package_identification:_identify(rosbag2_2024_07_07-00_12_29) by extension 'colcon_meta'
[0.282s] Level 1:colcon.colcon_core.package_identification:_identify(rosbag2_2024_07_07-00_12_29) by extensions ['ros']
[0.282s] Level 1:colcon.colcon_core.package_identification:_identify(rosbag2_2024_07_07-00_12_29) by extension 'ros'
[0.283s] Level 1:colcon.colcon_core.package_identification:_identify(rosbag2_2024_07_07-00_12_29) by extensions ['cmake', 'python']
[0.283s] Level 1:colcon.colcon_core.package_identification:_identify(rosbag2_2024_07_07-00_12_29) by extension 'cmake'
[0.283s] Level 1:colcon.colcon_core.package_identification:_identify(rosbag2_2024_07_07-00_12_29) by extension 'python'
[0.283s] Level 1:colcon.colcon_core.package_identification:_identify(rosbag2_2024_07_07-00_12_29) by extensions ['python_setup_py']
[0.283s] Level 1:colcon.colcon_core.package_identification:_identify(rosbag2_2024_07_07-00_12_29) by extension 'python_setup_py'
[0.283s] Level 1:colcon.colcon_core.package_identification:_identify(src) by extensions ['ignore', 'ignore_ament_install']
[0.283s] Level 1:colcon.colcon_core.package_identification:_identify(src) by extension 'ignore'
[0.283s] Level 1:colcon.colcon_core.package_identification:_identify(src) by extension 'ignore_ament_install'
[0.283s] Level 1:colcon.colcon_core.package_identification:_identify(src) by extensions ['colcon_pkg']
[0.283s] Level 1:colcon.colcon_core.package_identification:_identify(src) by extension 'colcon_pkg'
[0.283s] Level 1:colcon.colcon_core.package_identification:_identify(src) by extensions ['colcon_meta']
[0.283s] Level 1:colcon.colcon_core.package_identification:_identify(src) by extension 'colcon_meta'
[0.283s] Level 1:colcon.colcon_core.package_identification:_identify(src) by extensions ['ros']
[0.283s] Level 1:colcon.colcon_core.package_identification:_identify(src) by extension 'ros'
[0.283s] Level 1:colcon.colcon_core.package_identification:_identify(src) by extensions ['cmake', 'python']
[0.283s] Level 1:colcon.colcon_core.package_identification:_identify(src) by extension 'cmake'
[0.283s] Level 1:colcon.colcon_core.package_identification:_identify(src) by extension 'python'
[0.283s] Level 1:colcon.colcon_core.package_identification:_identify(src) by extensions ['python_setup_py']
[0.283s] Level 1:colcon.colcon_core.package_identification:_identify(src) by extension 'python_setup_py'
[0.283s] Level 1:colcon.colcon_core.package_identification:_identify(src/px4_msgs) by extensions ['ignore', 'ignore_ament_install']
[0.283s] Level 1:colcon.colcon_core.package_identification:_identify(src/px4_msgs) by extension 'ignore'
[0.283s] Level 1:colcon.colcon_core.package_identification:_identify(src/px4_msgs) by extension 'ignore_ament_install'
[0.283s] Level 1:colcon.colcon_core.package_identification:_identify(src/px4_msgs) by extensions ['colcon_pkg']
[0.283s] Level 1:colcon.colcon_core.package_identification:_identify(src/px4_msgs) by extension 'colcon_pkg'
[0.283s] Level 1:colcon.colcon_core.package_identification:_identify(src/px4_msgs) by extensions ['colcon_meta']
[0.283s] Level 1:colcon.colcon_core.package_identification:_identify(src/px4_msgs) by extension 'colcon_meta'
[0.283s] Level 1:colcon.colcon_core.package_identification:_identify(src/px4_msgs) by extensions ['ros']
[0.283s] Level 1:colcon.colcon_core.package_identification:_identify(src/px4_msgs) by extension 'ros'
[0.286s] DEBUG:colcon.colcon_core.package_identification:Package 'src/px4_msgs' with type 'ros.ament_cmake' and name 'px4_msgs'
[0.286s] Level 1:colcon.colcon_core.package_identification:_identify(src/px4_ros_com) by extensions ['ignore', 'ignore_ament_install']
[0.286s] Level 1:colcon.colcon_core.package_identification:_identify(src/px4_ros_com) by extension 'ignore'
[0.286s] Level 1:colcon.colcon_core.package_identification:_identify(src/px4_ros_com) by extension 'ignore_ament_install'
[0.286s] Level 1:colcon.colcon_core.package_identification:_identify(src/px4_ros_com) by extensions ['colcon_pkg']
[0.286s] Level 1:colcon.colcon_core.package_identification:_identify(src/px4_ros_com) by extension 'colcon_pkg'
[0.286s] Level 1:colcon.colcon_core.package_identification:_identify(src/px4_ros_com) by extensions ['colcon_meta']
[0.286s] Level 1:colcon.colcon_core.package_identification:_identify(src/px4_ros_com) by extension 'colcon_meta'
[0.286s] Level 1:colcon.colcon_core.package_identification:_identify(src/px4_ros_com) by extensions ['ros']
[0.286s] Level 1:colcon.colcon_core.package_identification:_identify(src/px4_ros_com) by extension 'ros'
[0.287s] DEBUG:colcon.colcon_core.package_identification:Package 'src/px4_ros_com' with type 'ros.ament_cmake' and name 'px4_ros_com'
[0.287s] Level 1:colcon.colcon_core.package_discovery:discover_packages(recursive) using defaults
[0.288s] Level 1:colcon.colcon_core.package_discovery:discover_packages(ignore) discover
[0.288s] Level 1:colcon.colcon_core.package_discovery:discover_packages(ignore) using defaults
[0.288s] Level 1:colcon.colcon_core.package_discovery:discover_packages(path) discover
[0.288s] Level 1:colcon.colcon_core.package_discovery:discover_packages(path) using defaults
[0.306s] Level 1:colcon.colcon_core.package_discovery:discover_packages(prefix_path) check parameters
[0.306s] Level 1:colcon.colcon_core.package_discovery:discover_packages(prefix_path) discover
[0.308s] DEBUG:colcon.colcon_installed_package_information.package_discovery:Found 2 installed packages in /root/ws_offboard_control/install
[0.308s] DEBUG:colcon.colcon_installed_package_information.package_discovery:Found 4 installed packages in /opt/motovisio/ros_ws/install
[0.309s] DEBUG:colcon.colcon_installed_package_information.package_discovery:Found 189 installed packages in /opt/ros/foxy
[0.310s] Level 1:colcon.colcon_core.package_discovery:discover_packages(prefix_path) using defaults
[0.341s] Level 5:colcon.colcon_core.verb:set package 'px4_msgs' build argument 'cmake_args' from command line to 'None'
[0.342s] Level 5:colcon.colcon_core.verb:set package 'px4_msgs' build argument 'cmake_target' from command line to 'None'
[0.342s] Level 5:colcon.colcon_core.verb:set package 'px4_msgs' build argument 'cmake_target_skip_unavailable' from command line to 'False'
[0.342s] Level 5:colcon.colcon_core.verb:set package 'px4_msgs' build argument 'cmake_clean_cache' from command line to 'False'
[0.342s] Level 5:colcon.colcon_core.verb:set package 'px4_msgs' build argument 'cmake_clean_first' from command line to 'False'
[0.342s] Level 5:colcon.colcon_core.verb:set package 'px4_msgs' build argument 'cmake_force_configure' from command line to 'False'
[0.342s] Level 5:colcon.colcon_core.verb:set package 'px4_msgs' build argument 'ament_cmake_args' from command line to 'None'
[0.342s] Level 5:colcon.colcon_core.verb:set package 'px4_msgs' build argument 'catkin_cmake_args' from command line to 'None'
[0.342s] Level 5:colcon.colcon_core.verb:set package 'px4_msgs' build argument 'catkin_skip_building_tests' from command line to 'False'
[0.342s] DEBUG:colcon.colcon_core.verb:Building package 'px4_msgs' with the following arguments: {'ament_cmake_args': None, 'build_base': '/root/ws_offboard_control/build/px4_msgs', 'catkin_cmake_args': None, 'catkin_skip_building_tests': False, 'cmake_args': None, 'cmake_clean_cache': False, 'cmake_clean_first': False, 'cmake_force_configure': False, 'cmake_target': None, 'cmake_target_skip_unavailable': False, 'install_base': '/root/ws_offboard_control/install/px4_msgs', 'merge_install': False, 'path': '/root/ws_offboard_control/src/px4_msgs', 'symlink_install': False, 'test_result_base': None}
[0.342s] Level 5:colcon.colcon_core.verb:set package 'px4_ros_com' build argument 'cmake_args' from command line to 'None'
[0.342s] Level 5:colcon.colcon_core.verb:set package 'px4_ros_com' build argument 'cmake_target' from command line to 'None'
[0.342s] Level 5:colcon.colcon_core.verb:set package 'px4_ros_com' build argument 'cmake_target_skip_unavailable' from command line to 'False'
[0.342s] Level 5:colcon.colcon_core.verb:set package 'px4_ros_com' build argument 'cmake_clean_cache' from command line to 'False'
[0.342s] Level 5:colcon.colcon_core.verb:set package 'px4_ros_com' build argument 'cmake_clean_first' from command line to 'False'
[0.342s] Level 5:colcon.colcon_core.verb:set package 'px4_ros_com' build argument 'cmake_force_configure' from command line to 'False'
[0.342s] Level 5:colcon.colcon_core.verb:set package 'px4_ros_com' build argument 'ament_cmake_args' from command line to 'None'
[0.342s] Level 5:colcon.colcon_core.verb:set package 'px4_ros_com' build argument 'catkin_cmake_args' from command line to 'None'
[0.342s] Level 5:colcon.colcon_core.verb:set package 'px4_ros_com' build argument 'catkin_skip_building_tests' from command line to 'False'
[0.342s] DEBUG:colcon.colcon_core.verb:Building package 'px4_ros_com' with the following arguments: {'ament_cmake_args': None, 'build_base': '/root/ws_offboard_control/build/px4_ros_com', 'catkin_cmake_args': None, 'catkin_skip_building_tests': False, 'cmake_args': None, 'cmake_clean_cache': False, 'cmake_clean_first': False, 'cmake_force_configure': False, 'cmake_target': None, 'cmake_target_skip_unavailable': False, 'install_base': '/root/ws_offboard_control/install/px4_ros_com', 'merge_install': False, 'path': '/root/ws_offboard_control/src/px4_ros_com', 'symlink_install': False, 'test_result_base': None}
[0.342s] INFO:colcon.colcon_core.executor:Executing jobs using 'parallel' executor
[0.346s] DEBUG:colcon.colcon_parallel_executor.executor.parallel:run_until_complete
[0.346s] INFO:colcon.colcon_ros.task.ament_cmake.build:Building ROS package in '/root/ws_offboard_control/src/px4_msgs' with build type 'ament_cmake'
[0.346s] INFO:colcon.colcon_cmake.task.cmake.build:Building CMake package in '/root/ws_offboard_control/src/px4_msgs'
[0.350s] INFO:colcon.colcon_core.plugin_system:Skipping extension 'colcon_core.shell.bat': Not used on non-Windows systems
[0.350s] INFO:colcon.colcon_core.shell:Skip shell extension 'powershell' for command environment: Not usable outside of PowerShell
[0.350s] DEBUG:colcon.colcon_core.shell:Skip shell extension 'dsv' for command environment
[0.371s] DEBUG:colcon.colcon_core.event_handler.log_command:Invoking command in '/root/ws_offboard_control/build/px4_msgs': CMAKE_PREFIX_PATH=${CMAKE_PREFIX_PATH}:/opt/ros/foxy _=/usr/bin/env /usr/bin/cmake --build /root/ws_offboard_control/build/px4_msgs -- -j8 -l8
[1.772s] DEBUG:colcon.colcon_core.event_handler.log_command:Invoked command in '/root/ws_offboard_control/build/px4_msgs' returned '0': CMAKE_PREFIX_PATH=${CMAKE_PREFIX_PATH}:/opt/ros/foxy _=/usr/bin/env /usr/bin/cmake --build /root/ws_offboard_control/build/px4_msgs -- -j8 -l8
[16.711s] DEBUG:colcon.colcon_core.event_handler.log_command:Invoking command in '/root/ws_offboard_control/build/px4_msgs': CMAKE_PREFIX_PATH=${CMAKE_PREFIX_PATH}:/opt/ros/foxy _=/usr/bin/env /usr/bin/cmake --install /root/ws_offboard_control/build/px4_msgs
[17.044s] Level 1:colcon.colcon_core.environment:create_environment_scripts_only(px4_msgs)
[17.062s] Level 1:colcon.colcon_core.environment:checking '/root/ws_offboard_control/install/px4_msgs' for CMake module files
[17.065s] Level 1:colcon.colcon_core.environment:checking '/root/ws_offboard_control/install/px4_msgs' for CMake config files
[17.069s] Level 1:colcon.colcon_core.shell:create_environment_hook('px4_msgs', 'cmake_prefix_path')
[17.071s] INFO:colcon.colcon_core.shell:Creating environment hook '/root/ws_offboard_control/install/px4_msgs/share/px4_msgs/hook/cmake_prefix_path.ps1'
[17.078s] INFO:colcon.colcon_core.shell:Creating environment descriptor '/root/ws_offboard_control/install/px4_msgs/share/px4_msgs/hook/cmake_prefix_path.dsv'
[17.082s] INFO:colcon.colcon_core.shell:Creating environment hook '/root/ws_offboard_control/install/px4_msgs/share/px4_msgs/hook/cmake_prefix_path.sh'
[17.087s] Level 1:colcon.colcon_core.environment:checking '/root/ws_offboard_control/install/px4_msgs/lib'
[17.088s] Level 1:colcon.colcon_core.shell:create_environment_hook('px4_msgs', 'ld_library_path_lib')
[17.089s] INFO:colcon.colcon_core.shell:Creating environment hook '/root/ws_offboard_control/install/px4_msgs/share/px4_msgs/hook/ld_library_path_lib.ps1'
[17.095s] INFO:colcon.colcon_core.shell:Creating environment descriptor '/root/ws_offboard_control/install/px4_msgs/share/px4_msgs/hook/ld_library_path_lib.dsv'
[17.097s] INFO:colcon.colcon_core.shell:Creating environment hook '/root/ws_offboard_control/install/px4_msgs/share/px4_msgs/hook/ld_library_path_lib.sh'
[17.098s] Level 1:colcon.colcon_core.environment:checking '/root/ws_offboard_control/install/px4_msgs/bin'
[17.099s] Level 1:colcon.colcon_core.environment:checking '/root/ws_offboard_control/install/px4_msgs/lib/pkgconfig/px4_msgs.pc'
[17.100s] Level 1:colcon.colcon_core.environment:checking '/root/ws_offboard_control/install/px4_msgs/lib/python3.8/site-packages'
[17.100s] Level 1:colcon.colcon_core.shell:create_environment_hook('px4_msgs', 'pythonpath')
[17.101s] INFO:colcon.colcon_core.shell:Creating environment hook '/root/ws_offboard_control/install/px4_msgs/share/px4_msgs/hook/pythonpath.ps1'
[17.102s] INFO:colcon.colcon_core.shell:Creating environment descriptor '/root/ws_offboard_control/install/px4_msgs/share/px4_msgs/hook/pythonpath.dsv'
[17.104s] INFO:colcon.colcon_core.shell:Creating environment hook '/root/ws_offboard_control/install/px4_msgs/share/px4_msgs/hook/pythonpath.sh'
[17.106s] Level 1:colcon.colcon_core.environment:checking '/root/ws_offboard_control/install/px4_msgs/bin'
[17.107s] INFO:colcon.colcon_core.shell:Creating package script '/root/ws_offboard_control/install/px4_msgs/share/px4_msgs/package.ps1'
[17.112s] INFO:colcon.colcon_core.shell:Creating package descriptor '/root/ws_offboard_control/install/px4_msgs/share/px4_msgs/package.dsv'
[17.115s] INFO:colcon.colcon_core.shell:Creating package script '/root/ws_offboard_control/install/px4_msgs/share/px4_msgs/package.sh'
[17.120s] INFO:colcon.colcon_core.shell:Creating package script '/root/ws_offboard_control/install/px4_msgs/share/px4_msgs/package.bash'
[17.127s] INFO:colcon.colcon_core.shell:Creating package script '/root/ws_offboard_control/install/px4_msgs/share/px4_msgs/package.zsh'
[17.134s] Level 1:colcon.colcon_core.environment:create_file_with_runtime_dependencies(/root/ws_offboard_control/install/px4_msgs/share/colcon-core/packages/px4_msgs)
[17.211s] DEBUG:colcon.colcon_core.event_handler.log_command:Invoked command in '/root/ws_offboard_control/build/px4_msgs' returned '0': CMAKE_PREFIX_PATH=${CMAKE_PREFIX_PATH}:/opt/ros/foxy _=/usr/bin/env /usr/bin/cmake --install /root/ws_offboard_control/build/px4_msgs
[32.184s] Level 1:colcon.colcon_core.environment:create_environment_scripts_only(px4_msgs)
[32.186s] Level 1:colcon.colcon_core.environment:checking '/root/ws_offboard_control/install/px4_msgs' for CMake module files
[32.189s] Level 1:colcon.colcon_core.environment:checking '/root/ws_offboard_control/install/px4_msgs' for CMake config files
[32.191s] Level 1:colcon.colcon_core.shell:create_environment_hook('px4_msgs', 'cmake_prefix_path')
[32.192s] INFO:colcon.colcon_core.shell:Creating environment hook '/root/ws_offboard_control/install/px4_msgs/share/px4_msgs/hook/cmake_prefix_path.ps1'
[32.192s] INFO:colcon.colcon_core.shell:Creating environment descriptor '/root/ws_offboard_control/install/px4_msgs/share/px4_msgs/hook/cmake_prefix_path.dsv'
[32.193s] INFO:colcon.colcon_core.shell:Creating environment hook '/root/ws_offboard_control/install/px4_msgs/share/px4_msgs/hook/cmake_prefix_path.sh'
[32.193s] Level 1:colcon.colcon_core.environment:checking '/root/ws_offboard_control/install/px4_msgs/lib'
[32.193s] Level 1:colcon.colcon_core.shell:create_environment_hook('px4_msgs', 'ld_library_path_lib')
[32.194s] INFO:colcon.colcon_core.shell:Creating environment hook '/root/ws_offboard_control/install/px4_msgs/share/px4_msgs/hook/ld_library_path_lib.ps1'
[32.194s] INFO:colcon.colcon_core.shell:Creating environment descriptor '/root/ws_offboard_control/install/px4_msgs/share/px4_msgs/hook/ld_library_path_lib.dsv'
[32.194s] INFO:colcon.colcon_core.shell:Creating environment hook '/root/ws_offboard_control/install/px4_msgs/share/px4_msgs/hook/ld_library_path_lib.sh'
[32.195s] Level 1:colcon.colcon_core.environment:checking '/root/ws_offboard_control/install/px4_msgs/bin'
[32.195s] Level 1:colcon.colcon_core.environment:checking '/root/ws_offboard_control/install/px4_msgs/lib/pkgconfig/px4_msgs.pc'
[32.195s] Level 1:colcon.colcon_core.environment:checking '/root/ws_offboard_control/install/px4_msgs/lib/python3.8/site-packages'
[32.195s] Level 1:colcon.colcon_core.shell:create_environment_hook('px4_msgs', 'pythonpath')
[32.195s] INFO:colcon.colcon_core.shell:Creating environment hook '/root/ws_offboard_control/install/px4_msgs/share/px4_msgs/hook/pythonpath.ps1'
[32.196s] INFO:colcon.colcon_core.shell:Creating environment descriptor '/root/ws_offboard_control/install/px4_msgs/share/px4_msgs/hook/pythonpath.dsv'
[32.196s] INFO:colcon.colcon_core.shell:Creating environment hook '/root/ws_offboard_control/install/px4_msgs/share/px4_msgs/hook/pythonpath.sh'
[32.196s] Level 1:colcon.colcon_core.environment:checking '/root/ws_offboard_control/install/px4_msgs/bin'
[32.197s] INFO:colcon.colcon_core.shell:Creating package script '/root/ws_offboard_control/install/px4_msgs/share/px4_msgs/package.ps1'
[32.197s] INFO:colcon.colcon_core.shell:Creating package descriptor '/root/ws_offboard_control/install/px4_msgs/share/px4_msgs/package.dsv'
[32.198s] INFO:colcon.colcon_core.shell:Creating package script '/root/ws_offboard_control/install/px4_msgs/share/px4_msgs/package.sh'
[32.198s] INFO:colcon.colcon_core.shell:Creating package script '/root/ws_offboard_control/install/px4_msgs/share/px4_msgs/package.bash'
[32.199s] INFO:colcon.colcon_core.shell:Creating package script '/root/ws_offboard_control/install/px4_msgs/share/px4_msgs/package.zsh'
[32.199s] Level 1:colcon.colcon_core.environment:create_file_with_runtime_dependencies(/root/ws_offboard_control/install/px4_msgs/share/colcon-core/packages/px4_msgs)
[32.200s] INFO:colcon.colcon_ros.task.ament_cmake.build:Building ROS package in '/root/ws_offboard_control/src/px4_ros_com' with build type 'ament_cmake'
[32.200s] INFO:colcon.colcon_cmake.task.cmake.build:Building CMake package in '/root/ws_offboard_control/src/px4_ros_com'
[32.200s] INFO:colcon.colcon_core.shell:Skip shell extension 'powershell' for command environment: Not usable outside of PowerShell
[32.200s] DEBUG:colcon.colcon_core.shell:Skip shell extension 'dsv' for command environment
[32.244s] DEBUG:colcon.colcon_core.event_handler.log_command:Invoking command in '/root/ws_offboard_control/build/px4_ros_com': CMAKE_PREFIX_PATH=/root/ws_offboard_control/install/px4_msgs:/root/ws_offboard_control/install/px4_ros_com:/opt/motovisio/ros_ws/install/px4_msgs:/opt/motovisio/ros_ws/install/micro_ros_setup:/opt/motovisio/ros_ws/install/micro_ros_agent:/opt/motovisio/ros_ws/install/micro_ros_msgs:/opt/ros/foxy LD_LIBRARY_PATH=/root/ws_offboard_control/install/px4_msgs/lib:/root/ws_offboard_control/install/px4_ros_com/lib:/opt/motovisio/ros_ws/install/px4_msgs/lib:/opt/motovisio/ros_ws/install/micro_ros_agent/lib:/opt/motovisio/ros_ws/install/micro_ros_msgs/lib:/opt/ros/foxy/opt/yaml_cpp_vendor/lib:/opt/ros/foxy/lib/aarch64-linux-gnu:/opt/ros/foxy/lib PYTHONPATH=/root/ws_offboard_control/install/px4_msgs/lib/python3.8/site-packages:/root/ws_offboard_control/install/px4_ros_com/lib/python3.8/site-packages:/opt/motovisio/ros_ws/install/px4_msgs/lib/python3.8/site-packages:/opt/motovisio/ros_ws/install/micro_ros_msgs/lib/python3.8/site-packages:/opt/ros/foxy/lib/python3.8/site-packages _=/usr/bin/env /usr/bin/cmake --build /root/ws_offboard_control/build/px4_ros_com -- -j8 -l8
[34.810s] DEBUG:colcon.colcon_core.event_handler.log_command:Invoked command in '/root/ws_offboard_control/build/px4_ros_com' returned '2': CMAKE_PREFIX_PATH=/root/ws_offboard_control/install/px4_msgs:/root/ws_offboard_control/install/px4_ros_com:/opt/motovisio/ros_ws/install/px4_msgs:/opt/motovisio/ros_ws/install/micro_ros_setup:/opt/motovisio/ros_ws/install/micro_ros_agent:/opt/motovisio/ros_ws/install/micro_ros_msgs:/opt/ros/foxy LD_LIBRARY_PATH=/root/ws_offboard_control/install/px4_msgs/lib:/root/ws_offboard_control/install/px4_ros_com/lib:/opt/motovisio/ros_ws/install/px4_msgs/lib:/opt/motovisio/ros_ws/install/micro_ros_agent/lib:/opt/motovisio/ros_ws/install/micro_ros_msgs/lib:/opt/ros/foxy/opt/yaml_cpp_vendor/lib:/opt/ros/foxy/lib/aarch64-linux-gnu:/opt/ros/foxy/lib PYTHONPATH=/root/ws_offboard_control/install/px4_msgs/lib/python3.8/site-packages:/root/ws_offboard_control/install/px4_ros_com/lib/python3.8/site-packages:/opt/motovisio/ros_ws/install/px4_msgs/lib/python3.8/site-packages:/opt/motovisio/ros_ws/install/micro_ros_msgs/lib/python3.8/site-packages:/opt/ros/foxy/lib/python3.8/site-packages _=/usr/bin/env /usr/bin/cmake --build /root/ws_offboard_control/build/px4_ros_com -- -j8 -l8
[34.944s] Level 1:colcon.colcon_core.environment:create_environment_scripts_only(px4_ros_com)
[34.945s] Level 1:colcon.colcon_core.environment:checking '/root/ws_offboard_control/install/px4_ros_com' for CMake module files
[34.948s] Level 1:colcon.colcon_core.environment:checking '/root/ws_offboard_control/install/px4_ros_com' for CMake config files
[34.950s] Level 1:colcon.colcon_core.shell:create_environment_hook('px4_ros_com', 'cmake_prefix_path')
[34.951s] INFO:colcon.colcon_core.shell:Creating environment hook '/root/ws_offboard_control/install/px4_ros_com/share/px4_ros_com/hook/cmake_prefix_path.ps1'
[34.953s] INFO:colcon.colcon_core.shell:Creating environment descriptor '/root/ws_offboard_control/install/px4_ros_com/share/px4_ros_com/hook/cmake_prefix_path.dsv'
[34.954s] INFO:colcon.colcon_core.shell:Creating environment hook '/root/ws_offboard_control/install/px4_ros_com/share/px4_ros_com/hook/cmake_prefix_path.sh'
[34.956s] Level 1:colcon.colcon_core.environment:checking '/root/ws_offboard_control/install/px4_ros_com/lib'
[34.957s] Level 1:colcon.colcon_core.shell:create_environment_hook('px4_ros_com', 'ld_library_path_lib')
[34.957s] INFO:colcon.colcon_core.shell:Creating environment hook '/root/ws_offboard_control/install/px4_ros_com/share/px4_ros_com/hook/ld_library_path_lib.ps1'
[34.959s] INFO:colcon.colcon_core.shell:Creating environment descriptor '/root/ws_offboard_control/install/px4_ros_com/share/px4_ros_com/hook/ld_library_path_lib.dsv'
[34.959s] INFO:colcon.colcon_core.shell:Creating environment hook '/root/ws_offboard_control/install/px4_ros_com/share/px4_ros_com/hook/ld_library_path_lib.sh'
[34.960s] Level 1:colcon.colcon_core.environment:checking '/root/ws_offboard_control/install/px4_ros_com/bin'
[34.960s] Level 1:colcon.colcon_core.environment:checking '/root/ws_offboard_control/install/px4_ros_com/lib/pkgconfig/px4_ros_com.pc'
[34.960s] Level 1:colcon.colcon_core.environment:checking '/root/ws_offboard_control/install/px4_ros_com/lib/python3.8/site-packages'
[34.960s] Level 1:colcon.colcon_core.shell:create_environment_hook('px4_ros_com', 'pythonpath')
[34.960s] INFO:colcon.colcon_core.shell:Creating environment hook '/root/ws_offboard_control/install/px4_ros_com/share/px4_ros_com/hook/pythonpath.ps1'
[34.961s] INFO:colcon.colcon_core.shell:Creating environment descriptor '/root/ws_offboard_control/install/px4_ros_com/share/px4_ros_com/hook/pythonpath.dsv'
[34.961s] INFO:colcon.colcon_core.shell:Creating environment hook '/root/ws_offboard_control/install/px4_ros_com/share/px4_ros_com/hook/pythonpath.sh'
[34.961s] Level 1:colcon.colcon_core.environment:checking '/root/ws_offboard_control/install/px4_ros_com/bin'
[34.962s] INFO:colcon.colcon_core.shell:Creating package script '/root/ws_offboard_control/install/px4_ros_com/share/px4_ros_com/package.ps1'
[34.963s] INFO:colcon.colcon_core.shell:Creating package descriptor '/root/ws_offboard_control/install/px4_ros_com/share/px4_ros_com/package.dsv'
[34.963s] INFO:colcon.colcon_core.shell:Creating package script '/root/ws_offboard_control/install/px4_ros_com/share/px4_ros_com/package.sh'
[34.964s] INFO:colcon.colcon_core.shell:Creating package script '/root/ws_offboard_control/install/px4_ros_com/share/px4_ros_com/package.bash'
[34.964s] INFO:colcon.colcon_core.shell:Creating package script '/root/ws_offboard_control/install/px4_ros_com/share/px4_ros_com/package.zsh'
[34.964s] Level 1:colcon.colcon_core.environment:create_file_with_runtime_dependencies(/root/ws_offboard_control/install/px4_ros_com/share/colcon-core/packages/px4_ros_com)
[34.975s] DEBUG:colcon.colcon_parallel_executor.executor.parallel:closing loop
[34.975s] DEBUG:colcon.colcon_parallel_executor.executor.parallel:loop closed
[34.975s] DEBUG:colcon.colcon_parallel_executor.executor.parallel:run_until_complete finished with '2'
[34.975s] DEBUG:colcon.colcon_core.event_reactor:joining thread
[34.992s] INFO:colcon.colcon_core.plugin_system:Skipping extension 'colcon_notification.desktop_notification.notify_send': Could not find 'notify-send'
[34.993s] INFO:colcon.colcon_core.plugin_system:Skipping extension 'colcon_notification.desktop_notification.terminal_notifier': Not used on non-Darwin systems
[34.993s] INFO:colcon.colcon_core.plugin_system:Skipping extension 'colcon_notification.desktop_notification.win32': Not used on non-Windows systems
[34.993s] INFO:colcon.colcon_notification.desktop_notification:Sending desktop notification using 'notify2'
[35.000s] DEBUG:colcon.colcon_notification.desktop_notification.notify2:Failed to initialize notify2: org.freedesktop.DBus.Error.ServiceUnknown: The name org.freedesktop.Notifications was not provided by any .service files
[35.000s] DEBUG:colcon.colcon_core.event_reactor:joined thread
[35.002s] INFO:colcon.colcon_core.shell:Creating prefix script '/root/ws_offboard_control/install/local_setup.ps1'
[35.006s] INFO:colcon.colcon_core.shell:Creating prefix util module '/root/ws_offboard_control/install/_local_setup_util_ps1.py'
[35.012s] INFO:colcon.colcon_core.shell:Creating prefix chain script '/root/ws_offboard_control/install/setup.ps1'
[35.017s] INFO:colcon.colcon_core.shell:Creating prefix script '/root/ws_offboard_control/install/local_setup.sh'
[35.019s] INFO:colcon.colcon_core.shell:Creating prefix util module '/root/ws_offboard_control/install/_local_setup_util_sh.py'
[35.021s] INFO:colcon.colcon_core.shell:Creating prefix chain script '/root/ws_offboard_control/install/setup.sh'
[35.024s] INFO:colcon.colcon_core.shell:Creating prefix script '/root/ws_offboard_control/install/local_setup.bash'
[35.024s] INFO:colcon.colcon_core.shell:Creating prefix chain script '/root/ws_offboard_control/install/setup.bash'
[35.025s] INFO:colcon.colcon_core.shell:Creating prefix script '/root/ws_offboard_control/install/local_setup.zsh'
[35.026s] INFO:colcon.colcon_core.shell:Creating prefix chain script '/root/ws_offboard_control/install/setup.zsh'
