-- Found ament_cmake: 0.9.12 (/opt/ros/foxy/share/ament_cmake/cmake)
-- Using PYTHON_EXECUTABLE: /usr/bin/python3
-- Override CMake install command with custom implementation using symlinks instead of copying resources
-- Found builtin_interfaces: 1.0.0 (/opt/ros/foxy/share/builtin_interfaces/cmake)
-- Using all available rosidl_typesupport_c: rosidl_typesupport_fastrtps_c;rosidl_typesupport_introspection_c
-- Found rosidl_adapter: 1.3.1 (/opt/ros/foxy/share/rosidl_adapter/cmake)
-- Using all available rosidl_typesupport_cpp: rosidl_typesupport_fastrtps_cpp;rosidl_typesupport_introspection_cpp
-- Found eigen3_cmake_module: 0.1.1 (/opt/ros/foxy/share/eigen3_cmake_module/cmake)
-- Found geometry_msgs: 2.0.5 (/opt/ros/foxy/share/geometry_msgs/cmake)
-- Found px4_msgs: 2.0.1 (/root/ws_offboard_control/install/px4_msgs/share/px4_msgs/cmake)
-- Found rclcpp: 2.4.3 (/opt/ros/foxy/share/rclcpp/cmake)
-- Found rmw_implementation_cmake: 1.0.4 (/opt/ros/foxy/share/rmw_implementation_cmake/cmake)
-- Using RMW implementation 'rmw_fastrtps_cpp' as default
-- Found sensor_msgs: 2.0.5 (/opt/ros/foxy/share/sensor_msgs/cmake)
-- Found rclpy: 1.0.13 (/opt/ros/foxy/share/rclpy/cmake)
-- Found ament_lint_auto: 0.9.8 (/opt/ros/foxy/share/ament_lint_auto/cmake)
-- Added test 'copyright' to check source files copyright and LICENSE
-- Added test 'cppcheck' to perform static code analysis on C / C++ code
-- Configured cppcheck include dirs: /root/ws_offboard_control/src/px4_ros_com/include;$<BUILD_INTERFACE:/root/ws_offboard_control/src/px4_ros_com/include/px4_ros_com>
-- Configured cppcheck exclude dirs and/or files: 
-- Added test 'cpplint' to check C / C++ code against the Google style
-- Configured cpplint exclude dirs and/or files: 
-- Added test 'flake8' to check Python code syntax and style conventions
-- Added test 'lint_cmake' to check CMake code style
-- Added test 'pep257' to check Python code against some of the style conventions in PEP 257
-- Added test 'uncrustify' to check C / C++ code style
-- Configured uncrustify additional arguments: 
-- Added test 'xmllint' to check XML markup files
-- Configuring done (0.7s)
-- Generating done (0.0s)
-- Build files have been written to: /root/ws_offboard_control/build/px4_ros_com
[ 16%] Built target frame_transforms
[ 25%] [32m[1mLinking CXX executable sensor_combined_listener[0m
[ 33%] [32m[1mLinking CXX executable offboard_control_srv[0m
[ 41%] [32m[1mLinking CXX executable vehicle_gps_position_listener[0m
[ 50%] [32m[1mLinking CXX executable offboard_control[0m
[ 58%] [32m[1mLinking CXX executable debug_vect_advertiser[0m
[ 66%] Built target offboard_control_srv
[ 75%] Built target debug_vect_advertiser
[ 83%] Built target vehicle_gps_position_listener
[ 91%] Built target sensor_combined_listener
[100%] Built target offboard_control
-- Install configuration: ""
-- Execute custom install script
-- Symlinking: /root/ws_offboard_control/install/px4_ros_com/lib/px4_ros_com/sensor_combined_listener
-- Symlinking: /root/ws_offboard_control/install/px4_ros_com/lib/px4_ros_com/vehicle_gps_position_listener
-- Symlinking: /root/ws_offboard_control/install/px4_ros_com/lib/px4_ros_com/debug_vect_advertiser
-- Symlinking: /root/ws_offboard_control/install/px4_ros_com/lib/px4_ros_com/offboard_control
-- Symlinking: /root/ws_offboard_control/install/px4_ros_com/lib/px4_ros_com/offboard_control_srv
-- Symlinking: /root/ws_offboard_control/install/px4_ros_com/share/px4_ros_com/environment/library_path.sh
-- Symlinking: /root/ws_offboard_control/install/px4_ros_com/share/px4_ros_com/environment/library_path.dsv
-- Symlinking: /root/ws_offboard_control/install/px4_ros_com/include/px4_ros_com/frame_transforms.h
-- Symlinking: /root/ws_offboard_control/install/px4_ros_com/share/px4_ros_com//launch/offboard_control_launch.yaml
-- Symlinking: /root/ws_offboard_control/install/px4_ros_com/share/px4_ros_com//launch/sensor_combined_listener.launch.py
-- Symlinking: /root/ws_offboard_control/install/px4_ros_com/share/px4_ros_com//test/__init__.py
-- Symlinking: /root/ws_offboard_control/install/px4_ros_com/share/px4_ros_com//test/pipeline_io_test.py
-- Symlinking: /root/ws_offboard_control/install/px4_ros_com/share/px4_ros_com//test/test_input.py
-- Symlinking: /root/ws_offboard_control/install/px4_ros_com/share/px4_ros_com//test/test_output.py
-- Symlinking: /root/ws_offboard_control/install/px4_ros_com/share/px4_ros_com/environment/pythonpath.sh
-- Symlinking: /root/ws_offboard_control/install/px4_ros_com/share/px4_ros_com/environment/pythonpath.dsv
-- Symlinking: /root/ws_offboard_control/install/px4_ros_com/lib/python3.8/site-packages/px4_ros_com/__init__.py
-- Symlinking: /root/ws_offboard_control/install/px4_ros_com/lib/python3.8/site-packages/px4_ros_com/module_to_import.py
-- Symlinking: /root/ws_offboard_control/install/px4_ros_com/lib/px4_ros_com/offboard_control.py
-- Symlinking: /root/ws_offboard_control/install/px4_ros_com/share/ament_index/resource_index/package_run_dependencies/px4_ros_com
-- Symlinking: /root/ws_offboard_control/install/px4_ros_com/share/ament_index/resource_index/parent_prefix_path/px4_ros_com
-- Symlinking: /root/ws_offboard_control/install/px4_ros_com/share/px4_ros_com/environment/ament_prefix_path.sh
-- Symlinking: /root/ws_offboard_control/install/px4_ros_com/share/px4_ros_com/environment/ament_prefix_path.dsv
-- Symlinking: /root/ws_offboard_control/install/px4_ros_com/share/px4_ros_com/environment/path.sh
-- Symlinking: /root/ws_offboard_control/install/px4_ros_com/share/px4_ros_com/environment/path.dsv
-- Symlinking: /root/ws_offboard_control/install/px4_ros_com/share/px4_ros_com/local_setup.bash
-- Symlinking: /root/ws_offboard_control/install/px4_ros_com/share/px4_ros_com/local_setup.sh
-- Symlinking: /root/ws_offboard_control/install/px4_ros_com/share/px4_ros_com/local_setup.zsh
-- Symlinking: /root/ws_offboard_control/install/px4_ros_com/share/px4_ros_com/local_setup.dsv
-- Symlinking: /root/ws_offboard_control/install/px4_ros_com/share/px4_ros_com/package.dsv
-- Symlinking: /root/ws_offboard_control/install/px4_ros_com/share/ament_index/resource_index/packages/px4_ros_com
-- Symlinking: /root/ws_offboard_control/install/px4_ros_com/share/px4_ros_com/cmake/ament_cmake_export_dependencies-extras.cmake
-- Symlinking: /root/ws_offboard_control/install/px4_ros_com/share/px4_ros_com/cmake/ament_cmake_export_targets-extras.cmake
-- Symlinking: /root/ws_offboard_control/install/px4_ros_com/share/px4_ros_com/cmake/ament_cmake_export_include_directories-extras.cmake
-- Symlinking: /root/ws_offboard_control/install/px4_ros_com/share/px4_ros_com/cmake/ament_cmake_export_libraries-extras.cmake
-- Symlinking: /root/ws_offboard_control/install/px4_ros_com/share/px4_ros_com/cmake/px4_ros_comConfig.cmake
-- Symlinking: /root/ws_offboard_control/install/px4_ros_com/share/px4_ros_com/cmake/px4_ros_comConfig-version.cmake
-- Symlinking: /root/ws_offboard_control/install/px4_ros_com/share/px4_ros_com/package.xml
-- Up-to-date: /root/ws_offboard_control/install/px4_ros_com/lib/libframe_transforms.so
Listing '/root/ws_offboard_control/install/px4_ros_com/lib/python3.8/site-packages/px4_ros_com'...
-- Up-to-date: /root/ws_offboard_control/install/px4_ros_com/share/px4_ros_com/cmake/export_frame_transformsExport.cmake
-- Up-to-date: /root/ws_offboard_control/install/px4_ros_com/share/px4_ros_com/cmake/export_frame_transformsExport-noconfig.cmake
