[0.257s] DEBUG:colcon:Command line arguments: ['/usr/bin/colcon', 'build']
[0.257s] DEBUG:colcon:Parsed command line arguments: Namespace(allow_overriding=[], ament_cmake_args=None, base_paths=['.'], build_base='build', catkin_cmake_args=None, catkin_skip_building_tests=False, cmake_args=None, cmake_clean_cache=False, cmake_clean_first=False, cmake_force_configure=False, cmake_target=None, cmake_target_skip_unavailable=False, continue_on_error=False, event_handlers=None, executor='parallel', ignore_user_meta=False, install_base='install', log_base=None, log_level=None, main=<bound method BuildVerb.main of <colcon_core.verb.build.BuildVerb object at 0x7f881a7670>>, merge_install=False, metas=['./colcon.meta'], packages_above=None, packages_above_and_dependencies=None, packages_above_depth=None, packages_end=None, packages_ignore=None, packages_ignore_regex=None, packages_select=None, packages_select_build_failed=False, packages_select_by_dep=None, packages_select_regex=None, packages_select_test_failures=False, packages_skip=None, packages_skip_build_finished=False, packages_skip_by_dep=None, packages_skip_regex=None, packages_skip_test_passed=False, packages_skip_up_to=None, packages_start=None, packages_up_to=None, packages_up_to_regex=None, parallel_workers=8, paths=None, symlink_install=False, test_result_base=None, verb_extension=<colcon_core.verb.build.BuildVerb object at 0x7f881a7670>, verb_name='build', verb_parser=<colcon_defaults.argument_parser.defaults.DefaultArgumentsDecorator object at 0x7f8805e4f0>)
[0.407s] Level 1:colcon.colcon_core.package_discovery:discover_packages(colcon_meta) check parameters
[0.407s] Level 1:colcon.colcon_core.package_discovery:discover_packages(recursive) check parameters
[0.407s] Level 1:colcon.colcon_core.package_discovery:discover_packages(ignore) check parameters
[0.407s] Level 1:colcon.colcon_core.package_discovery:discover_packages(path) check parameters
[0.407s] Level 1:colcon.colcon_core.package_discovery:discover_packages(colcon_meta) discover
[0.407s] Level 1:colcon.colcon_core.package_discovery:discover_packages(recursive) discover
[0.407s] INFO:colcon.colcon_core.package_discovery:Crawling recursively for packages in '/root/ws_offboard_control'
[0.407s] Level 1:colcon.colcon_core.package_identification:_identify(.) by extensions ['ignore', 'ignore_ament_install']
[0.407s] Level 1:colcon.colcon_core.package_identification:_identify(.) by extension 'ignore'
[0.407s] Level 1:colcon.colcon_core.package_identification:_identify(.) by extension 'ignore_ament_install'
[0.407s] Level 1:colcon.colcon_core.package_identification:_identify(.) by extensions ['colcon_pkg']
[0.407s] Level 1:colcon.colcon_core.package_identification:_identify(.) by extension 'colcon_pkg'
[0.407s] Level 1:colcon.colcon_core.package_identification:_identify(.) by extensions ['colcon_meta']
[0.407s] Level 1:colcon.colcon_core.package_identification:_identify(.) by extension 'colcon_meta'
[0.407s] Level 1:colcon.colcon_core.package_identification:_identify(.) by extensions ['ros']
[0.407s] Level 1:colcon.colcon_core.package_identification:_identify(.) by extension 'ros'
[0.427s] Level 1:colcon.colcon_core.package_identification:_identify(.) by extensions ['cmake', 'python']
[0.427s] Level 1:colcon.colcon_core.package_identification:_identify(.) by extension 'cmake'
[0.427s] Level 1:colcon.colcon_core.package_identification:_identify(.) by extension 'python'
[0.427s] Level 1:colcon.colcon_core.package_identification:_identify(.) by extensions ['python_setup_py']
[0.427s] Level 1:colcon.colcon_core.package_identification:_identify(.) by extension 'python_setup_py'
[0.427s] Level 1:colcon.colcon_core.package_identification:_identify(build) by extensions ['ignore', 'ignore_ament_install']
[0.427s] Level 1:colcon.colcon_core.package_identification:_identify(build) by extension 'ignore'
[0.427s] Level 1:colcon.colcon_core.package_identification:_identify(build) ignored
[0.428s] Level 1:colcon.colcon_core.package_identification:_identify(install) by extensions ['ignore', 'ignore_ament_install']
[0.428s] Level 1:colcon.colcon_core.package_identification:_identify(install) by extension 'ignore'
[0.428s] Level 1:colcon.colcon_core.package_identification:_identify(install) ignored
[0.428s] Level 1:colcon.colcon_core.package_identification:_identify(log) by extensions ['ignore', 'ignore_ament_install']
[0.428s] Level 1:colcon.colcon_core.package_identification:_identify(log) by extension 'ignore'
[0.428s] Level 1:colcon.colcon_core.package_identification:_identify(log) ignored
[0.428s] Level 1:colcon.colcon_core.package_identification:_identify(src) by extensions ['ignore', 'ignore_ament_install']
[0.428s] Level 1:colcon.colcon_core.package_identification:_identify(src) by extension 'ignore'
[0.428s] Level 1:colcon.colcon_core.package_identification:_identify(src) by extension 'ignore_ament_install'
[0.428s] Level 1:colcon.colcon_core.package_identification:_identify(src) by extensions ['colcon_pkg']
[0.428s] Level 1:colcon.colcon_core.package_identification:_identify(src) by extension 'colcon_pkg'
[0.428s] Level 1:colcon.colcon_core.package_identification:_identify(src) by extensions ['colcon_meta']
[0.428s] Level 1:colcon.colcon_core.package_identification:_identify(src) by extension 'colcon_meta'
[0.428s] Level 1:colcon.colcon_core.package_identification:_identify(src) by extensions ['ros']
[0.428s] Level 1:colcon.colcon_core.package_identification:_identify(src) by extension 'ros'
[0.428s] Level 1:colcon.colcon_core.package_identification:_identify(src) by extensions ['cmake', 'python']
[0.428s] Level 1:colcon.colcon_core.package_identification:_identify(src) by extension 'cmake'
[0.428s] Level 1:colcon.colcon_core.package_identification:_identify(src) by extension 'python'
[0.428s] Level 1:colcon.colcon_core.package_identification:_identify(src) by extensions ['python_setup_py']
[0.428s] Level 1:colcon.colcon_core.package_identification:_identify(src) by extension 'python_setup_py'
[0.429s] Level 1:colcon.colcon_core.package_identification:_identify(src/comp_routine) by extensions ['ignore', 'ignore_ament_install']
[0.429s] Level 1:colcon.colcon_core.package_identification:_identify(src/comp_routine) by extension 'ignore'
[0.429s] Level 1:colcon.colcon_core.package_identification:_identify(src/comp_routine) by extension 'ignore_ament_install'
[0.429s] Level 1:colcon.colcon_core.package_identification:_identify(src/comp_routine) by extensions ['colcon_pkg']
[0.429s] Level 1:colcon.colcon_core.package_identification:_identify(src/comp_routine) by extension 'colcon_pkg'
[0.429s] Level 1:colcon.colcon_core.package_identification:_identify(src/comp_routine) by extensions ['colcon_meta']
[0.429s] Level 1:colcon.colcon_core.package_identification:_identify(src/comp_routine) by extension 'colcon_meta'
[0.429s] Level 1:colcon.colcon_core.package_identification:_identify(src/comp_routine) by extensions ['ros']
[0.429s] Level 1:colcon.colcon_core.package_identification:_identify(src/comp_routine) by extension 'ros'
[0.433s] DEBUG:colcon.colcon_core.package_identification:Package 'src/comp_routine' with type 'ros.ament_cmake' and name 'comp_routine'
[0.433s] Level 1:colcon.colcon_core.package_identification:_identify(src/px4_msgs) by extensions ['ignore', 'ignore_ament_install']
[0.433s] Level 1:colcon.colcon_core.package_identification:_identify(src/px4_msgs) by extension 'ignore'
[0.433s] Level 1:colcon.colcon_core.package_identification:_identify(src/px4_msgs) by extension 'ignore_ament_install'
[0.433s] Level 1:colcon.colcon_core.package_identification:_identify(src/px4_msgs) by extensions ['colcon_pkg']
[0.433s] Level 1:colcon.colcon_core.package_identification:_identify(src/px4_msgs) by extension 'colcon_pkg'
[0.433s] Level 1:colcon.colcon_core.package_identification:_identify(src/px4_msgs) by extensions ['colcon_meta']
[0.433s] Level 1:colcon.colcon_core.package_identification:_identify(src/px4_msgs) by extension 'colcon_meta'
[0.433s] Level 1:colcon.colcon_core.package_identification:_identify(src/px4_msgs) by extensions ['ros']
[0.433s] Level 1:colcon.colcon_core.package_identification:_identify(src/px4_msgs) by extension 'ros'
[0.434s] DEBUG:colcon.colcon_core.package_identification:Package 'src/px4_msgs' with type 'ros.ament_cmake' and name 'px4_msgs'
[0.434s] Level 1:colcon.colcon_core.package_identification:_identify(src/px4_ros_com) by extensions ['ignore', 'ignore_ament_install']
[0.434s] Level 1:colcon.colcon_core.package_identification:_identify(src/px4_ros_com) by extension 'ignore'
[0.434s] Level 1:colcon.colcon_core.package_identification:_identify(src/px4_ros_com) by extension 'ignore_ament_install'
[0.434s] Level 1:colcon.colcon_core.package_identification:_identify(src/px4_ros_com) by extensions ['colcon_pkg']
[0.434s] Level 1:colcon.colcon_core.package_identification:_identify(src/px4_ros_com) by extension 'colcon_pkg'
[0.434s] Level 1:colcon.colcon_core.package_identification:_identify(src/px4_ros_com) by extensions ['colcon_meta']
[0.434s] Level 1:colcon.colcon_core.package_identification:_identify(src/px4_ros_com) by extension 'colcon_meta'
[0.435s] Level 1:colcon.colcon_core.package_identification:_identify(src/px4_ros_com) by extensions ['ros']
[0.435s] Level 1:colcon.colcon_core.package_identification:_identify(src/px4_ros_com) by extension 'ros'
[0.436s] DEBUG:colcon.colcon_core.package_identification:Package 'src/px4_ros_com' with type 'ros.ament_cmake' and name 'px4_ros_com'
[0.436s] Level 1:colcon.colcon_core.package_discovery:discover_packages(recursive) using defaults
[0.436s] Level 1:colcon.colcon_core.package_discovery:discover_packages(ignore) discover
[0.436s] Level 1:colcon.colcon_core.package_discovery:discover_packages(ignore) using defaults
[0.436s] Level 1:colcon.colcon_core.package_discovery:discover_packages(path) discover
[0.436s] Level 1:colcon.colcon_core.package_discovery:discover_packages(path) using defaults
[0.467s] Level 1:colcon.colcon_core.package_discovery:discover_packages(prefix_path) check parameters
[0.467s] Level 1:colcon.colcon_core.package_discovery:discover_packages(prefix_path) discover
[0.471s] DEBUG:colcon.colcon_installed_package_information.package_discovery:Found 3 installed packages in /root/ws_offboard_control/install
[0.471s] DEBUG:colcon.colcon_installed_package_information.package_discovery:Found 4 installed packages in /opt/motovisio/ros_ws/install
[0.472s] DEBUG:colcon.colcon_installed_package_information.package_discovery:Found 189 installed packages in /opt/ros/foxy
[0.473s] Level 1:colcon.colcon_core.package_discovery:discover_packages(prefix_path) using defaults
[0.516s] Level 5:colcon.colcon_core.verb:set package 'comp_routine' build argument 'cmake_args' from command line to 'None'
[0.516s] Level 5:colcon.colcon_core.verb:set package 'comp_routine' build argument 'cmake_target' from command line to 'None'
[0.516s] Level 5:colcon.colcon_core.verb:set package 'comp_routine' build argument 'cmake_target_skip_unavailable' from command line to 'False'
[0.516s] Level 5:colcon.colcon_core.verb:set package 'comp_routine' build argument 'cmake_clean_cache' from command line to 'False'
[0.516s] Level 5:colcon.colcon_core.verb:set package 'comp_routine' build argument 'cmake_clean_first' from command line to 'False'
[0.516s] Level 5:colcon.colcon_core.verb:set package 'comp_routine' build argument 'cmake_force_configure' from command line to 'False'
[0.516s] Level 5:colcon.colcon_core.verb:set package 'comp_routine' build argument 'ament_cmake_args' from command line to 'None'
[0.516s] Level 5:colcon.colcon_core.verb:set package 'comp_routine' build argument 'catkin_cmake_args' from command line to 'None'
[0.516s] Level 5:colcon.colcon_core.verb:set package 'comp_routine' build argument 'catkin_skip_building_tests' from command line to 'False'
[0.516s] DEBUG:colcon.colcon_core.verb:Building package 'comp_routine' with the following arguments: {'ament_cmake_args': None, 'build_base': '/root/ws_offboard_control/build/comp_routine', 'catkin_cmake_args': None, 'catkin_skip_building_tests': False, 'cmake_args': None, 'cmake_clean_cache': False, 'cmake_clean_first': False, 'cmake_force_configure': False, 'cmake_target': None, 'cmake_target_skip_unavailable': False, 'install_base': '/root/ws_offboard_control/install/comp_routine', 'merge_install': False, 'path': '/root/ws_offboard_control/src/comp_routine', 'symlink_install': False, 'test_result_base': None}
[0.516s] Level 5:colcon.colcon_core.verb:set package 'px4_msgs' build argument 'cmake_args' from command line to 'None'
[0.517s] Level 5:colcon.colcon_core.verb:set package 'px4_msgs' build argument 'cmake_target' from command line to 'None'
[0.517s] Level 5:colcon.colcon_core.verb:set package 'px4_msgs' build argument 'cmake_target_skip_unavailable' from command line to 'False'
[0.517s] Level 5:colcon.colcon_core.verb:set package 'px4_msgs' build argument 'cmake_clean_cache' from command line to 'False'
[0.517s] Level 5:colcon.colcon_core.verb:set package 'px4_msgs' build argument 'cmake_clean_first' from command line to 'False'
[0.517s] Level 5:colcon.colcon_core.verb:set package 'px4_msgs' build argument 'cmake_force_configure' from command line to 'False'
[0.517s] Level 5:colcon.colcon_core.verb:set package 'px4_msgs' build argument 'ament_cmake_args' from command line to 'None'
[0.517s] Level 5:colcon.colcon_core.verb:set package 'px4_msgs' build argument 'catkin_cmake_args' from command line to 'None'
[0.517s] Level 5:colcon.colcon_core.verb:set package 'px4_msgs' build argument 'catkin_skip_building_tests' from command line to 'False'
[0.517s] DEBUG:colcon.colcon_core.verb:Building package 'px4_msgs' with the following arguments: {'ament_cmake_args': None, 'build_base': '/root/ws_offboard_control/build/px4_msgs', 'catkin_cmake_args': None, 'catkin_skip_building_tests': False, 'cmake_args': None, 'cmake_clean_cache': False, 'cmake_clean_first': False, 'cmake_force_configure': False, 'cmake_target': None, 'cmake_target_skip_unavailable': False, 'install_base': '/root/ws_offboard_control/install/px4_msgs', 'merge_install': False, 'path': '/root/ws_offboard_control/src/px4_msgs', 'symlink_install': False, 'test_result_base': None}
[0.517s] Level 5:colcon.colcon_core.verb:set package 'px4_ros_com' build argument 'cmake_args' from command line to 'None'
[0.517s] Level 5:colcon.colcon_core.verb:set package 'px4_ros_com' build argument 'cmake_target' from command line to 'None'
[0.517s] Level 5:colcon.colcon_core.verb:set package 'px4_ros_com' build argument 'cmake_target_skip_unavailable' from command line to 'False'
[0.517s] Level 5:colcon.colcon_core.verb:set package 'px4_ros_com' build argument 'cmake_clean_cache' from command line to 'False'
[0.517s] Level 5:colcon.colcon_core.verb:set package 'px4_ros_com' build argument 'cmake_clean_first' from command line to 'False'
[0.517s] Level 5:colcon.colcon_core.verb:set package 'px4_ros_com' build argument 'cmake_force_configure' from command line to 'False'
[0.517s] Level 5:colcon.colcon_core.verb:set package 'px4_ros_com' build argument 'ament_cmake_args' from command line to 'None'
[0.517s] Level 5:colcon.colcon_core.verb:set package 'px4_ros_com' build argument 'catkin_cmake_args' from command line to 'None'
[0.517s] Level 5:colcon.colcon_core.verb:set package 'px4_ros_com' build argument 'catkin_skip_building_tests' from command line to 'False'
[0.517s] DEBUG:colcon.colcon_core.verb:Building package 'px4_ros_com' with the following arguments: {'ament_cmake_args': None, 'build_base': '/root/ws_offboard_control/build/px4_ros_com', 'catkin_cmake_args': None, 'catkin_skip_building_tests': False, 'cmake_args': None, 'cmake_clean_cache': False, 'cmake_clean_first': False, 'cmake_force_configure': False, 'cmake_target': None, 'cmake_target_skip_unavailable': False, 'install_base': '/root/ws_offboard_control/install/px4_ros_com', 'merge_install': False, 'path': '/root/ws_offboard_control/src/px4_ros_com', 'symlink_install': False, 'test_result_base': None}
[0.517s] INFO:colcon.colcon_core.executor:Executing jobs using 'parallel' executor
[0.519s] DEBUG:colcon.colcon_parallel_executor.executor.parallel:run_until_complete
[0.519s] INFO:colcon.colcon_ros.task.ament_cmake.build:Building ROS package in '/root/ws_offboard_control/src/px4_msgs' with build type 'ament_cmake'
[0.519s] INFO:colcon.colcon_cmake.task.cmake.build:Building CMake package in '/root/ws_offboard_control/src/px4_msgs'
[0.526s] INFO:colcon.colcon_core.plugin_system:Skipping extension 'colcon_core.shell.bat': Not used on non-Windows systems
[0.527s] INFO:colcon.colcon_core.shell:Skip shell extension 'powershell' for command environment: Not usable outside of PowerShell
[0.527s] DEBUG:colcon.colcon_core.shell:Skip shell extension 'dsv' for command environment
[0.533s] INFO:colcon.colcon_ros.task.ament_cmake.build:Building ROS package in '/root/ws_offboard_control/src/comp_routine' with build type 'ament_cmake'
[0.534s] INFO:colcon.colcon_cmake.task.cmake.build:Building CMake package in '/root/ws_offboard_control/src/comp_routine'
[0.534s] INFO:colcon.colcon_core.shell:Skip shell extension 'powershell' for command environment: Not usable outside of PowerShell
[0.534s] DEBUG:colcon.colcon_core.shell:Skip shell extension 'dsv' for command environment
[0.553s] DEBUG:colcon.colcon_core.event_handler.log_command:Invoking command in '/root/ws_offboard_control/build/px4_msgs': CMAKE_PREFIX_PATH=${CMAKE_PREFIX_PATH}:/opt/ros/foxy _=/usr/bin/env /usr/bin/cmake --build /root/ws_offboard_control/build/px4_msgs -- -j8 -l8
[0.567s] DEBUG:colcon.colcon_core.event_handler.log_command:Invoking command in '/root/ws_offboard_control/build/comp_routine': CMAKE_PREFIX_PATH=${CMAKE_PREFIX_PATH}:/opt/ros/foxy _=/usr/bin/env /usr/bin/cmake --build /root/ws_offboard_control/build/comp_routine -- -j8 -l8
[2.081s] DEBUG:colcon.colcon_core.event_handler.log_command:Invoked command in '/root/ws_offboard_control/build/px4_msgs' returned '0': CMAKE_PREFIX_PATH=${CMAKE_PREFIX_PATH}:/opt/ros/foxy _=/usr/bin/env /usr/bin/cmake --build /root/ws_offboard_control/build/px4_msgs -- -j8 -l8
[5.108s] DEBUG:colcon.colcon_core.event_handler.log_command:Invoked command in '/root/ws_offboard_control/build/comp_routine' returned '0': CMAKE_PREFIX_PATH=${CMAKE_PREFIX_PATH}:/opt/ros/foxy _=/usr/bin/env /usr/bin/cmake --build /root/ws_offboard_control/build/comp_routine -- -j8 -l8
[5.204s] DEBUG:colcon.colcon_core.event_handler.log_command:Invoking command in '/root/ws_offboard_control/build/comp_routine': CMAKE_PREFIX_PATH=${CMAKE_PREFIX_PATH}:/opt/ros/foxy _=/usr/bin/env /usr/bin/cmake --install /root/ws_offboard_control/build/comp_routine
[5.229s] Level 1:colcon.colcon_core.environment:create_environment_scripts_only(comp_routine)
[5.236s] DEBUG:colcon.colcon_core.event_handler.log_command:Invoked command in '/root/ws_offboard_control/build/comp_routine' returned '0': CMAKE_PREFIX_PATH=${CMAKE_PREFIX_PATH}:/opt/ros/foxy _=/usr/bin/env /usr/bin/cmake --install /root/ws_offboard_control/build/comp_routine
[5.253s] Level 1:colcon.colcon_core.environment:checking '/root/ws_offboard_control/install/comp_routine' for CMake module files
[5.256s] Level 1:colcon.colcon_core.environment:checking '/root/ws_offboard_control/install/comp_routine' for CMake config files
[5.258s] Level 1:colcon.colcon_core.shell:create_environment_hook('comp_routine', 'cmake_prefix_path')
[5.259s] INFO:colcon.colcon_core.shell:Creating environment hook '/root/ws_offboard_control/install/comp_routine/share/comp_routine/hook/cmake_prefix_path.ps1'
[5.264s] INFO:colcon.colcon_core.shell:Creating environment descriptor '/root/ws_offboard_control/install/comp_routine/share/comp_routine/hook/cmake_prefix_path.dsv'
[5.267s] INFO:colcon.colcon_core.shell:Creating environment hook '/root/ws_offboard_control/install/comp_routine/share/comp_routine/hook/cmake_prefix_path.sh'
[5.272s] Level 1:colcon.colcon_core.environment:checking '/root/ws_offboard_control/install/comp_routine/lib'
[5.273s] Level 1:colcon.colcon_core.environment:checking '/root/ws_offboard_control/install/comp_routine/bin'
[5.273s] Level 1:colcon.colcon_core.environment:checking '/root/ws_offboard_control/install/comp_routine/lib/pkgconfig/comp_routine.pc'
[5.274s] Level 1:colcon.colcon_core.environment:checking '/root/ws_offboard_control/install/comp_routine/lib/python3.8/site-packages'
[5.275s] Level 1:colcon.colcon_core.environment:checking '/root/ws_offboard_control/install/comp_routine/bin'
[5.277s] INFO:colcon.colcon_core.shell:Creating package script '/root/ws_offboard_control/install/comp_routine/share/comp_routine/package.ps1'
[5.281s] INFO:colcon.colcon_core.shell:Creating package descriptor '/root/ws_offboard_control/install/comp_routine/share/comp_routine/package.dsv'
[5.283s] INFO:colcon.colcon_core.shell:Creating package script '/root/ws_offboard_control/install/comp_routine/share/comp_routine/package.sh'
[5.287s] INFO:colcon.colcon_core.shell:Creating package script '/root/ws_offboard_control/install/comp_routine/share/comp_routine/package.bash'
[5.289s] INFO:colcon.colcon_core.shell:Creating package script '/root/ws_offboard_control/install/comp_routine/share/comp_routine/package.zsh'
[5.291s] Level 1:colcon.colcon_core.environment:create_file_with_runtime_dependencies(/root/ws_offboard_control/install/comp_routine/share/colcon-core/packages/comp_routine)
[5.370s] Level 1:colcon.colcon_core.environment:create_environment_scripts_only(comp_routine)
[5.372s] Level 1:colcon.colcon_core.environment:checking '/root/ws_offboard_control/install/comp_routine' for CMake module files
[5.374s] Level 1:colcon.colcon_core.environment:checking '/root/ws_offboard_control/install/comp_routine' for CMake config files
[5.376s] Level 1:colcon.colcon_core.shell:create_environment_hook('comp_routine', 'cmake_prefix_path')
[5.377s] INFO:colcon.colcon_core.shell:Creating environment hook '/root/ws_offboard_control/install/comp_routine/share/comp_routine/hook/cmake_prefix_path.ps1'
[5.379s] INFO:colcon.colcon_core.shell:Creating environment descriptor '/root/ws_offboard_control/install/comp_routine/share/comp_routine/hook/cmake_prefix_path.dsv'
[5.380s] INFO:colcon.colcon_core.shell:Creating environment hook '/root/ws_offboard_control/install/comp_routine/share/comp_routine/hook/cmake_prefix_path.sh'
[5.382s] Level 1:colcon.colcon_core.environment:checking '/root/ws_offboard_control/install/comp_routine/lib'
[5.382s] Level 1:colcon.colcon_core.environment:checking '/root/ws_offboard_control/install/comp_routine/bin'
[5.382s] Level 1:colcon.colcon_core.environment:checking '/root/ws_offboard_control/install/comp_routine/lib/pkgconfig/comp_routine.pc'
[5.383s] Level 1:colcon.colcon_core.environment:checking '/root/ws_offboard_control/install/comp_routine/lib/python3.8/site-packages'
[5.386s] Level 1:colcon.colcon_core.environment:checking '/root/ws_offboard_control/install/comp_routine/bin'
[5.386s] INFO:colcon.colcon_core.shell:Creating package script '/root/ws_offboard_control/install/comp_routine/share/comp_routine/package.ps1'
[5.387s] INFO:colcon.colcon_core.shell:Creating package descriptor '/root/ws_offboard_control/install/comp_routine/share/comp_routine/package.dsv'
[5.387s] INFO:colcon.colcon_core.shell:Creating package script '/root/ws_offboard_control/install/comp_routine/share/comp_routine/package.sh'
[5.388s] INFO:colcon.colcon_core.shell:Creating package script '/root/ws_offboard_control/install/comp_routine/share/comp_routine/package.bash'
[5.388s] INFO:colcon.colcon_core.shell:Creating package script '/root/ws_offboard_control/install/comp_routine/share/comp_routine/package.zsh'
[5.388s] Level 1:colcon.colcon_core.environment:create_file_with_runtime_dependencies(/root/ws_offboard_control/install/comp_routine/share/colcon-core/packages/comp_routine)
[17.320s] DEBUG:colcon.colcon_core.event_handler.log_command:Invoking command in '/root/ws_offboard_control/build/px4_msgs': CMAKE_PREFIX_PATH=${CMAKE_PREFIX_PATH}:/opt/ros/foxy _=/usr/bin/env /usr/bin/cmake --install /root/ws_offboard_control/build/px4_msgs
[17.718s] Level 1:colcon.colcon_core.environment:create_environment_scripts_only(px4_msgs)
[17.720s] Level 1:colcon.colcon_core.environment:checking '/root/ws_offboard_control/install/px4_msgs' for CMake module files
[17.731s] Level 1:colcon.colcon_core.environment:checking '/root/ws_offboard_control/install/px4_msgs' for CMake config files
[17.741s] Level 1:colcon.colcon_core.shell:create_environment_hook('px4_msgs', 'cmake_prefix_path')
[17.742s] INFO:colcon.colcon_core.shell:Creating environment hook '/root/ws_offboard_control/install/px4_msgs/share/px4_msgs/hook/cmake_prefix_path.ps1'
[17.745s] INFO:colcon.colcon_core.shell:Creating environment descriptor '/root/ws_offboard_control/install/px4_msgs/share/px4_msgs/hook/cmake_prefix_path.dsv'
[17.747s] INFO:colcon.colcon_core.shell:Creating environment hook '/root/ws_offboard_control/install/px4_msgs/share/px4_msgs/hook/cmake_prefix_path.sh'
[17.749s] Level 1:colcon.colcon_core.environment:checking '/root/ws_offboard_control/install/px4_msgs/lib'
[17.750s] Level 1:colcon.colcon_core.shell:create_environment_hook('px4_msgs', 'ld_library_path_lib')
[17.751s] INFO:colcon.colcon_core.shell:Creating environment hook '/root/ws_offboard_control/install/px4_msgs/share/px4_msgs/hook/ld_library_path_lib.ps1'
[17.753s] INFO:colcon.colcon_core.shell:Creating environment descriptor '/root/ws_offboard_control/install/px4_msgs/share/px4_msgs/hook/ld_library_path_lib.dsv'
[17.755s] INFO:colcon.colcon_core.shell:Creating environment hook '/root/ws_offboard_control/install/px4_msgs/share/px4_msgs/hook/ld_library_path_lib.sh'
[17.757s] Level 1:colcon.colcon_core.environment:checking '/root/ws_offboard_control/install/px4_msgs/bin'
[17.757s] Level 1:colcon.colcon_core.environment:checking '/root/ws_offboard_control/install/px4_msgs/lib/pkgconfig/px4_msgs.pc'
[17.758s] Level 1:colcon.colcon_core.environment:checking '/root/ws_offboard_control/install/px4_msgs/lib/python3.8/site-packages'
[17.759s] Level 1:colcon.colcon_core.shell:create_environment_hook('px4_msgs', 'pythonpath')
[17.760s] INFO:colcon.colcon_core.shell:Creating environment hook '/root/ws_offboard_control/install/px4_msgs/share/px4_msgs/hook/pythonpath.ps1'
[17.762s] INFO:colcon.colcon_core.shell:Creating environment descriptor '/root/ws_offboard_control/install/px4_msgs/share/px4_msgs/hook/pythonpath.dsv'
[17.764s] INFO:colcon.colcon_core.shell:Creating environment hook '/root/ws_offboard_control/install/px4_msgs/share/px4_msgs/hook/pythonpath.sh'
[17.767s] Level 1:colcon.colcon_core.environment:checking '/root/ws_offboard_control/install/px4_msgs/bin'
[17.768s] INFO:colcon.colcon_core.shell:Creating package script '/root/ws_offboard_control/install/px4_msgs/share/px4_msgs/package.ps1'
[17.771s] INFO:colcon.colcon_core.shell:Creating package descriptor '/root/ws_offboard_control/install/px4_msgs/share/px4_msgs/package.dsv'
[17.774s] INFO:colcon.colcon_core.shell:Creating package script '/root/ws_offboard_control/install/px4_msgs/share/px4_msgs/package.sh'
[17.777s] INFO:colcon.colcon_core.shell:Creating package script '/root/ws_offboard_control/install/px4_msgs/share/px4_msgs/package.bash'
[17.778s] INFO:colcon.colcon_core.shell:Creating package script '/root/ws_offboard_control/install/px4_msgs/share/px4_msgs/package.zsh'
[17.780s] Level 1:colcon.colcon_core.environment:create_file_with_runtime_dependencies(/root/ws_offboard_control/install/px4_msgs/share/colcon-core/packages/px4_msgs)
[17.850s] DEBUG:colcon.colcon_core.event_handler.log_command:Invoked command in '/root/ws_offboard_control/build/px4_msgs' returned '0': CMAKE_PREFIX_PATH=${CMAKE_PREFIX_PATH}:/opt/ros/foxy _=/usr/bin/env /usr/bin/cmake --install /root/ws_offboard_control/build/px4_msgs
[32.851s] Level 1:colcon.colcon_core.environment:create_environment_scripts_only(px4_msgs)
[32.852s] Level 1:colcon.colcon_core.environment:checking '/root/ws_offboard_control/install/px4_msgs' for CMake module files
[32.856s] Level 1:colcon.colcon_core.environment:checking '/root/ws_offboard_control/install/px4_msgs' for CMake config files
[32.857s] Level 1:colcon.colcon_core.shell:create_environment_hook('px4_msgs', 'cmake_prefix_path')
[32.857s] INFO:colcon.colcon_core.shell:Creating environment hook '/root/ws_offboard_control/install/px4_msgs/share/px4_msgs/hook/cmake_prefix_path.ps1'
[32.858s] INFO:colcon.colcon_core.shell:Creating environment descriptor '/root/ws_offboard_control/install/px4_msgs/share/px4_msgs/hook/cmake_prefix_path.dsv'
[32.859s] INFO:colcon.colcon_core.shell:Creating environment hook '/root/ws_offboard_control/install/px4_msgs/share/px4_msgs/hook/cmake_prefix_path.sh'
[32.859s] Level 1:colcon.colcon_core.environment:checking '/root/ws_offboard_control/install/px4_msgs/lib'
[32.859s] Level 1:colcon.colcon_core.shell:create_environment_hook('px4_msgs', 'ld_library_path_lib')
[32.860s] INFO:colcon.colcon_core.shell:Creating environment hook '/root/ws_offboard_control/install/px4_msgs/share/px4_msgs/hook/ld_library_path_lib.ps1'
[32.860s] INFO:colcon.colcon_core.shell:Creating environment descriptor '/root/ws_offboard_control/install/px4_msgs/share/px4_msgs/hook/ld_library_path_lib.dsv'
[32.860s] INFO:colcon.colcon_core.shell:Creating environment hook '/root/ws_offboard_control/install/px4_msgs/share/px4_msgs/hook/ld_library_path_lib.sh'
[32.861s] Level 1:colcon.colcon_core.environment:checking '/root/ws_offboard_control/install/px4_msgs/bin'
[32.861s] Level 1:colcon.colcon_core.environment:checking '/root/ws_offboard_control/install/px4_msgs/lib/pkgconfig/px4_msgs.pc'
[32.861s] Level 1:colcon.colcon_core.environment:checking '/root/ws_offboard_control/install/px4_msgs/lib/python3.8/site-packages'
[32.861s] Level 1:colcon.colcon_core.shell:create_environment_hook('px4_msgs', 'pythonpath')
[32.861s] INFO:colcon.colcon_core.shell:Creating environment hook '/root/ws_offboard_control/install/px4_msgs/share/px4_msgs/hook/pythonpath.ps1'
[32.862s] INFO:colcon.colcon_core.shell:Creating environment descriptor '/root/ws_offboard_control/install/px4_msgs/share/px4_msgs/hook/pythonpath.dsv'
[32.862s] INFO:colcon.colcon_core.shell:Creating environment hook '/root/ws_offboard_control/install/px4_msgs/share/px4_msgs/hook/pythonpath.sh'
[32.862s] Level 1:colcon.colcon_core.environment:checking '/root/ws_offboard_control/install/px4_msgs/bin'
[32.863s] INFO:colcon.colcon_core.shell:Creating package script '/root/ws_offboard_control/install/px4_msgs/share/px4_msgs/package.ps1'
[32.863s] INFO:colcon.colcon_core.shell:Creating package descriptor '/root/ws_offboard_control/install/px4_msgs/share/px4_msgs/package.dsv'
[32.864s] INFO:colcon.colcon_core.shell:Creating package script '/root/ws_offboard_control/install/px4_msgs/share/px4_msgs/package.sh'
[32.865s] INFO:colcon.colcon_core.shell:Creating package script '/root/ws_offboard_control/install/px4_msgs/share/px4_msgs/package.bash'
[32.865s] INFO:colcon.colcon_core.shell:Creating package script '/root/ws_offboard_control/install/px4_msgs/share/px4_msgs/package.zsh'
[32.865s] Level 1:colcon.colcon_core.environment:create_file_with_runtime_dependencies(/root/ws_offboard_control/install/px4_msgs/share/colcon-core/packages/px4_msgs)
[32.866s] INFO:colcon.colcon_ros.task.ament_cmake.build:Building ROS package in '/root/ws_offboard_control/src/px4_ros_com' with build type 'ament_cmake'
[32.866s] INFO:colcon.colcon_cmake.task.cmake.build:Building CMake package in '/root/ws_offboard_control/src/px4_ros_com'
[32.866s] INFO:colcon.colcon_core.shell:Skip shell extension 'powershell' for command environment: Not usable outside of PowerShell
[32.866s] DEBUG:colcon.colcon_core.shell:Skip shell extension 'dsv' for command environment
[32.910s] DEBUG:colcon.colcon_core.event_handler.log_command:Invoking command in '/root/ws_offboard_control/build/px4_ros_com': CMAKE_PREFIX_PATH=/root/ws_offboard_control/install/px4_msgs:/root/ws_offboard_control/install/px4_ros_com:/root/ws_offboard_control/install/comp_routine:/opt/motovisio/ros_ws/install/px4_msgs:/opt/motovisio/ros_ws/install/micro_ros_setup:/opt/motovisio/ros_ws/install/micro_ros_agent:/opt/motovisio/ros_ws/install/micro_ros_msgs:/opt/ros/foxy LD_LIBRARY_PATH=/root/ws_offboard_control/install/px4_msgs/lib:/root/ws_offboard_control/install/px4_ros_com/lib:/opt/motovisio/ros_ws/install/px4_msgs/lib:/opt/motovisio/ros_ws/install/micro_ros_agent/lib:/opt/motovisio/ros_ws/install/micro_ros_msgs/lib:/opt/ros/foxy/opt/yaml_cpp_vendor/lib:/opt/ros/foxy/lib/aarch64-linux-gnu:/opt/ros/foxy/lib PYTHONPATH=/root/ws_offboard_control/install/px4_msgs/lib/python3.8/site-packages:/root/ws_offboard_control/install/px4_ros_com/lib/python3.8/site-packages:/opt/motovisio/ros_ws/install/px4_msgs/lib/python3.8/site-packages:/opt/motovisio/ros_ws/install/micro_ros_msgs/lib/python3.8/site-packages:/opt/ros/foxy/lib/python3.8/site-packages _=/usr/bin/env /usr/bin/cmake --build /root/ws_offboard_control/build/px4_ros_com -- -j8 -l8
[33.041s] DEBUG:colcon.colcon_core.event_handler.log_command:Invoked command in '/root/ws_offboard_control/build/px4_ros_com' returned '0': CMAKE_PREFIX_PATH=/root/ws_offboard_control/install/px4_msgs:/root/ws_offboard_control/install/px4_ros_com:/root/ws_offboard_control/install/comp_routine:/opt/motovisio/ros_ws/install/px4_msgs:/opt/motovisio/ros_ws/install/micro_ros_setup:/opt/motovisio/ros_ws/install/micro_ros_agent:/opt/motovisio/ros_ws/install/micro_ros_msgs:/opt/ros/foxy LD_LIBRARY_PATH=/root/ws_offboard_control/install/px4_msgs/lib:/root/ws_offboard_control/install/px4_ros_com/lib:/opt/motovisio/ros_ws/install/px4_msgs/lib:/opt/motovisio/ros_ws/install/micro_ros_agent/lib:/opt/motovisio/ros_ws/install/micro_ros_msgs/lib:/opt/ros/foxy/opt/yaml_cpp_vendor/lib:/opt/ros/foxy/lib/aarch64-linux-gnu:/opt/ros/foxy/lib PYTHONPATH=/root/ws_offboard_control/install/px4_msgs/lib/python3.8/site-packages:/root/ws_offboard_control/install/px4_ros_com/lib/python3.8/site-packages:/opt/motovisio/ros_ws/install/px4_msgs/lib/python3.8/site-packages:/opt/motovisio/ros_ws/install/micro_ros_msgs/lib/python3.8/site-packages:/opt/ros/foxy/lib/python3.8/site-packages _=/usr/bin/env /usr/bin/cmake --build /root/ws_offboard_control/build/px4_ros_com -- -j8 -l8
[33.187s] DEBUG:colcon.colcon_core.event_handler.log_command:Invoking command in '/root/ws_offboard_control/build/px4_ros_com': CMAKE_PREFIX_PATH=/root/ws_offboard_control/install/px4_msgs:/root/ws_offboard_control/install/px4_ros_com:/root/ws_offboard_control/install/comp_routine:/opt/motovisio/ros_ws/install/px4_msgs:/opt/motovisio/ros_ws/install/micro_ros_setup:/opt/motovisio/ros_ws/install/micro_ros_agent:/opt/motovisio/ros_ws/install/micro_ros_msgs:/opt/ros/foxy LD_LIBRARY_PATH=/root/ws_offboard_control/install/px4_msgs/lib:/root/ws_offboard_control/install/px4_ros_com/lib:/opt/motovisio/ros_ws/install/px4_msgs/lib:/opt/motovisio/ros_ws/install/micro_ros_agent/lib:/opt/motovisio/ros_ws/install/micro_ros_msgs/lib:/opt/ros/foxy/opt/yaml_cpp_vendor/lib:/opt/ros/foxy/lib/aarch64-linux-gnu:/opt/ros/foxy/lib PYTHONPATH=/root/ws_offboard_control/install/px4_msgs/lib/python3.8/site-packages:/root/ws_offboard_control/install/px4_ros_com/lib/python3.8/site-packages:/opt/motovisio/ros_ws/install/px4_msgs/lib/python3.8/site-packages:/opt/motovisio/ros_ws/install/micro_ros_msgs/lib/python3.8/site-packages:/opt/ros/foxy/lib/python3.8/site-packages _=/usr/bin/env /usr/bin/cmake --install /root/ws_offboard_control/build/px4_ros_com
[33.280s] Level 1:colcon.colcon_core.environment:create_environment_scripts_only(px4_ros_com)
[33.282s] Level 1:colcon.colcon_core.environment:checking '/root/ws_offboard_control/install/px4_ros_com' for CMake module files
[33.286s] DEBUG:colcon.colcon_core.event_handler.log_command:Invoked command in '/root/ws_offboard_control/build/px4_ros_com' returned '0': CMAKE_PREFIX_PATH=/root/ws_offboard_control/install/px4_msgs:/root/ws_offboard_control/install/px4_ros_com:/root/ws_offboard_control/install/comp_routine:/opt/motovisio/ros_ws/install/px4_msgs:/opt/motovisio/ros_ws/install/micro_ros_setup:/opt/motovisio/ros_ws/install/micro_ros_agent:/opt/motovisio/ros_ws/install/micro_ros_msgs:/opt/ros/foxy LD_LIBRARY_PATH=/root/ws_offboard_control/install/px4_msgs/lib:/root/ws_offboard_control/install/px4_ros_com/lib:/opt/motovisio/ros_ws/install/px4_msgs/lib:/opt/motovisio/ros_ws/install/micro_ros_agent/lib:/opt/motovisio/ros_ws/install/micro_ros_msgs/lib:/opt/ros/foxy/opt/yaml_cpp_vendor/lib:/opt/ros/foxy/lib/aarch64-linux-gnu:/opt/ros/foxy/lib PYTHONPATH=/root/ws_offboard_control/install/px4_msgs/lib/python3.8/site-packages:/root/ws_offboard_control/install/px4_ros_com/lib/python3.8/site-packages:/opt/motovisio/ros_ws/install/px4_msgs/lib/python3.8/site-packages:/opt/motovisio/ros_ws/install/micro_ros_msgs/lib/python3.8/site-packages:/opt/ros/foxy/lib/python3.8/site-packages _=/usr/bin/env /usr/bin/cmake --install /root/ws_offboard_control/build/px4_ros_com
[33.288s] Level 1:colcon.colcon_core.environment:checking '/root/ws_offboard_control/install/px4_ros_com' for CMake config files
[33.289s] Level 1:colcon.colcon_core.shell:create_environment_hook('px4_ros_com', 'cmake_prefix_path')
[33.290s] INFO:colcon.colcon_core.shell:Creating environment hook '/root/ws_offboard_control/install/px4_ros_com/share/px4_ros_com/hook/cmake_prefix_path.ps1'
[33.292s] INFO:colcon.colcon_core.shell:Creating environment descriptor '/root/ws_offboard_control/install/px4_ros_com/share/px4_ros_com/hook/cmake_prefix_path.dsv'
[33.293s] INFO:colcon.colcon_core.shell:Creating environment hook '/root/ws_offboard_control/install/px4_ros_com/share/px4_ros_com/hook/cmake_prefix_path.sh'
[33.295s] Level 1:colcon.colcon_core.environment:checking '/root/ws_offboard_control/install/px4_ros_com/lib'
[33.296s] Level 1:colcon.colcon_core.shell:create_environment_hook('px4_ros_com', 'ld_library_path_lib')
[33.297s] INFO:colcon.colcon_core.shell:Creating environment hook '/root/ws_offboard_control/install/px4_ros_com/share/px4_ros_com/hook/ld_library_path_lib.ps1'
[33.298s] INFO:colcon.colcon_core.shell:Creating environment descriptor '/root/ws_offboard_control/install/px4_ros_com/share/px4_ros_com/hook/ld_library_path_lib.dsv'
[33.299s] INFO:colcon.colcon_core.shell:Creating environment hook '/root/ws_offboard_control/install/px4_ros_com/share/px4_ros_com/hook/ld_library_path_lib.sh'
[33.300s] Level 1:colcon.colcon_core.environment:checking '/root/ws_offboard_control/install/px4_ros_com/bin'
[33.300s] Level 1:colcon.colcon_core.environment:checking '/root/ws_offboard_control/install/px4_ros_com/lib/pkgconfig/px4_ros_com.pc'
[33.301s] Level 1:colcon.colcon_core.environment:checking '/root/ws_offboard_control/install/px4_ros_com/lib/python3.8/site-packages'
[33.301s] Level 1:colcon.colcon_core.shell:create_environment_hook('px4_ros_com', 'pythonpath')
[33.302s] INFO:colcon.colcon_core.shell:Creating environment hook '/root/ws_offboard_control/install/px4_ros_com/share/px4_ros_com/hook/pythonpath.ps1'
[33.303s] INFO:colcon.colcon_core.shell:Creating environment descriptor '/root/ws_offboard_control/install/px4_ros_com/share/px4_ros_com/hook/pythonpath.dsv'
[33.305s] INFO:colcon.colcon_core.shell:Creating environment hook '/root/ws_offboard_control/install/px4_ros_com/share/px4_ros_com/hook/pythonpath.sh'
[33.306s] Level 1:colcon.colcon_core.environment:checking '/root/ws_offboard_control/install/px4_ros_com/bin'
[33.306s] INFO:colcon.colcon_core.shell:Creating package script '/root/ws_offboard_control/install/px4_ros_com/share/px4_ros_com/package.ps1'
[33.307s] INFO:colcon.colcon_core.shell:Creating package descriptor '/root/ws_offboard_control/install/px4_ros_com/share/px4_ros_com/package.dsv'
[33.307s] INFO:colcon.colcon_core.shell:Creating package script '/root/ws_offboard_control/install/px4_ros_com/share/px4_ros_com/package.sh'
[33.307s] INFO:colcon.colcon_core.shell:Creating package script '/root/ws_offboard_control/install/px4_ros_com/share/px4_ros_com/package.bash'
[33.308s] INFO:colcon.colcon_core.shell:Creating package script '/root/ws_offboard_control/install/px4_ros_com/share/px4_ros_com/package.zsh'
[33.308s] Level 1:colcon.colcon_core.environment:create_file_with_runtime_dependencies(/root/ws_offboard_control/install/px4_ros_com/share/colcon-core/packages/px4_ros_com)
[33.436s] Level 1:colcon.colcon_core.environment:create_environment_scripts_only(px4_ros_com)
[33.438s] Level 1:colcon.colcon_core.environment:checking '/root/ws_offboard_control/install/px4_ros_com' for CMake module files
[33.441s] Level 1:colcon.colcon_core.environment:checking '/root/ws_offboard_control/install/px4_ros_com' for CMake config files
[33.442s] Level 1:colcon.colcon_core.shell:create_environment_hook('px4_ros_com', 'cmake_prefix_path')
[33.443s] INFO:colcon.colcon_core.shell:Creating environment hook '/root/ws_offboard_control/install/px4_ros_com/share/px4_ros_com/hook/cmake_prefix_path.ps1'
[33.445s] INFO:colcon.colcon_core.shell:Creating environment descriptor '/root/ws_offboard_control/install/px4_ros_com/share/px4_ros_com/hook/cmake_prefix_path.dsv'
[33.446s] INFO:colcon.colcon_core.shell:Creating environment hook '/root/ws_offboard_control/install/px4_ros_com/share/px4_ros_com/hook/cmake_prefix_path.sh'
[33.449s] Level 1:colcon.colcon_core.environment:checking '/root/ws_offboard_control/install/px4_ros_com/lib'
[33.449s] Level 1:colcon.colcon_core.shell:create_environment_hook('px4_ros_com', 'ld_library_path_lib')
[33.449s] INFO:colcon.colcon_core.shell:Creating environment hook '/root/ws_offboard_control/install/px4_ros_com/share/px4_ros_com/hook/ld_library_path_lib.ps1'
[33.450s] INFO:colcon.colcon_core.shell:Creating environment descriptor '/root/ws_offboard_control/install/px4_ros_com/share/px4_ros_com/hook/ld_library_path_lib.dsv'
[33.450s] INFO:colcon.colcon_core.shell:Creating environment hook '/root/ws_offboard_control/install/px4_ros_com/share/px4_ros_com/hook/ld_library_path_lib.sh'
[33.450s] Level 1:colcon.colcon_core.environment:checking '/root/ws_offboard_control/install/px4_ros_com/bin'
[33.450s] Level 1:colcon.colcon_core.environment:checking '/root/ws_offboard_control/install/px4_ros_com/lib/pkgconfig/px4_ros_com.pc'
[33.451s] Level 1:colcon.colcon_core.environment:checking '/root/ws_offboard_control/install/px4_ros_com/lib/python3.8/site-packages'
[33.451s] Level 1:colcon.colcon_core.shell:create_environment_hook('px4_ros_com', 'pythonpath')
[33.451s] INFO:colcon.colcon_core.shell:Creating environment hook '/root/ws_offboard_control/install/px4_ros_com/share/px4_ros_com/hook/pythonpath.ps1'
[33.451s] INFO:colcon.colcon_core.shell:Creating environment descriptor '/root/ws_offboard_control/install/px4_ros_com/share/px4_ros_com/hook/pythonpath.dsv'
[33.452s] INFO:colcon.colcon_core.shell:Creating environment hook '/root/ws_offboard_control/install/px4_ros_com/share/px4_ros_com/hook/pythonpath.sh'
[33.453s] Level 1:colcon.colcon_core.environment:checking '/root/ws_offboard_control/install/px4_ros_com/bin'
[33.453s] INFO:colcon.colcon_core.shell:Creating package script '/root/ws_offboard_control/install/px4_ros_com/share/px4_ros_com/package.ps1'
[33.454s] INFO:colcon.colcon_core.shell:Creating package descriptor '/root/ws_offboard_control/install/px4_ros_com/share/px4_ros_com/package.dsv'
[33.454s] INFO:colcon.colcon_core.shell:Creating package script '/root/ws_offboard_control/install/px4_ros_com/share/px4_ros_com/package.sh'
[33.455s] INFO:colcon.colcon_core.shell:Creating package script '/root/ws_offboard_control/install/px4_ros_com/share/px4_ros_com/package.bash'
[33.455s] INFO:colcon.colcon_core.shell:Creating package script '/root/ws_offboard_control/install/px4_ros_com/share/px4_ros_com/package.zsh'
[33.455s] Level 1:colcon.colcon_core.environment:create_file_with_runtime_dependencies(/root/ws_offboard_control/install/px4_ros_com/share/colcon-core/packages/px4_ros_com)
[33.456s] DEBUG:colcon.colcon_parallel_executor.executor.parallel:closing loop
[33.457s] DEBUG:colcon.colcon_parallel_executor.executor.parallel:loop closed
[33.457s] DEBUG:colcon.colcon_parallel_executor.executor.parallel:run_until_complete finished with '0'
[33.457s] DEBUG:colcon.colcon_core.event_reactor:joining thread
[33.486s] INFO:colcon.colcon_core.plugin_system:Skipping extension 'colcon_notification.desktop_notification.notify_send': Could not find 'notify-send'
[33.486s] INFO:colcon.colcon_core.plugin_system:Skipping extension 'colcon_notification.desktop_notification.terminal_notifier': Not used on non-Darwin systems
[33.486s] INFO:colcon.colcon_core.plugin_system:Skipping extension 'colcon_notification.desktop_notification.win32': Not used on non-Windows systems
[33.486s] INFO:colcon.colcon_notification.desktop_notification:Sending desktop notification using 'notify2'
[33.504s] DEBUG:colcon.colcon_notification.desktop_notification.notify2:Failed to initialize notify2: org.freedesktop.DBus.Error.ServiceUnknown: The name org.freedesktop.Notifications was not provided by any .service files
[33.505s] DEBUG:colcon.colcon_core.event_reactor:joined thread
[33.505s] INFO:colcon.colcon_core.shell:Creating prefix script '/root/ws_offboard_control/install/local_setup.ps1'
[33.507s] INFO:colcon.colcon_core.shell:Creating prefix util module '/root/ws_offboard_control/install/_local_setup_util_ps1.py'
[33.510s] INFO:colcon.colcon_core.shell:Creating prefix chain script '/root/ws_offboard_control/install/setup.ps1'
[33.511s] INFO:colcon.colcon_core.shell:Creating prefix script '/root/ws_offboard_control/install/local_setup.sh'
[33.512s] INFO:colcon.colcon_core.shell:Creating prefix util module '/root/ws_offboard_control/install/_local_setup_util_sh.py'
[33.513s] INFO:colcon.colcon_core.shell:Creating prefix chain script '/root/ws_offboard_control/install/setup.sh'
[33.514s] INFO:colcon.colcon_core.shell:Creating prefix script '/root/ws_offboard_control/install/local_setup.bash'
[33.515s] INFO:colcon.colcon_core.shell:Creating prefix chain script '/root/ws_offboard_control/install/setup.bash'
[33.516s] INFO:colcon.colcon_core.shell:Creating prefix script '/root/ws_offboard_control/install/local_setup.zsh'
[33.517s] INFO:colcon.colcon_core.shell:Creating prefix chain script '/root/ws_offboard_control/install/setup.zsh'
