[0.033s] Invoking command in '/root/ws_offboard_control/build/comp_routine': CMAKE_PREFIX_PATH=${CMAKE_PREFIX_PATH}:/opt/ros/foxy _=/usr/bin/env /usr/bin/cmake --build /root/ws_offboard_control/build/comp_routine -- -j8 -l8
[0.146s] [ 50%] [32mBuilding CXX object CMakeFiles/comp_routine.dir/src/comp_routine.cpp.o[0m
[1.581s] [01m[K/root/ws_offboard_control/src/comp_routine/src/comp_routine.cpp:[m[K In member function ‘[01m[Kvoid CompRoutine::loop()[m[K’:
[1.582s] [01m[K/root/ws_offboard_control/src/comp_routine/src/comp_routine.cpp:68:60:[m[K [01;31m[Kerror: [m[Kno matching function for call to ‘[01m[KCompRoutine::publish_attitude_setpoint(double, double, double, double, double, double)[m[K’
[1.582s]    68 |      publish_attitude_setpoint(0.0, 0.0, 0.0, 0.0, 0.0, 0.0[01;31m[K)[m[K;
[1.582s]       |                                                            [01;31m[K^[m[K
[1.583s] [01m[K/root/ws_offboard_control/src/comp_routine/src/comp_routine.cpp:28:8:[m[K [01;36m[Knote: [m[Kcandidate: ‘[01m[Kvoid CompRoutine::publish_attitude_setpoint()[m[K’
[1.583s]    28 |   void [01;36m[Kpublish_attitude_setpoint[m[K();
[1.583s]       |        [01;36m[K^~~~~~~~~~~~~~~~~~~~~~~~~[m[K
[1.584s] [01m[K/root/ws_offboard_control/src/comp_routine/src/comp_routine.cpp:28:8:[m[K [01;36m[Knote: [m[K  candidate expects 0 arguments, 6 provided
[1.584s] [01m[K/root/ws_offboard_control/src/comp_routine/src/comp_routine.cpp:83:30:[m[K [01;31m[Kerror: [m[Kno matching function for call to ‘[01m[KCompRoutine::move(double, double, double, double)[m[K’
[1.585s]    83 |      move(0.1, 0.0, 0.0, 10.0[01;31m[K)[m[K;
[1.585s]       |                              [01;31m[K^[m[K
[1.585s] [01m[K/root/ws_offboard_control/src/comp_routine/src/comp_routine.cpp:31:8:[m[K [01;36m[Knote: [m[Kcandidate: ‘[01m[Kvoid CompRoutine::move()[m[K’
[1.586s]    31 |   void [01;36m[Kmove[m[K();
[1.586s]       |        [01;36m[K^~~~[m[K
[1.586s] [01m[K/root/ws_offboard_control/src/comp_routine/src/comp_routine.cpp:31:8:[m[K [01;36m[Knote: [m[K  candidate expects 0 arguments, 4 provided
[1.589s] [01m[K/root/ws_offboard_control/src/comp_routine/src/comp_routine.cpp:[m[K At global scope:
[1.590s] [01m[K/root/ws_offboard_control/src/comp_routine/src/comp_routine.cpp:115:6:[m[K [01;31m[Kerror: [m[Kno declaration matches ‘[01m[Kvoid CompRoutine::publish_attitude_setpoint(double, double, double, double, double, double)[m[K’
[1.591s]   115 | void [01;31m[KCompRoutine[m[K::publish_attitude_setpoint(double x, double y, double z, double yaw, double pitch, double roll) {
[1.591s]       |      [01;31m[K^~~~~~~~~~~[m[K
[1.591s] [01m[K/root/ws_offboard_control/src/comp_routine/src/comp_routine.cpp:28:8:[m[K [01;36m[Knote: [m[Kcandidate is: ‘[01m[Kvoid CompRoutine::publish_attitude_setpoint()[m[K’
[1.592s]    28 |   void [01;36m[Kpublish_attitude_setpoint[m[K();
[1.592s]       |        [01;36m[K^~~~~~~~~~~~~~~~~~~~~~~~~[m[K
[1.593s] [01m[K/root/ws_offboard_control/src/comp_routine/src/comp_routine.cpp:15:7:[m[K [01;36m[Knote: [m[K‘[01m[Kclass CompRoutine[m[K’ defined here
[1.593s]    15 | class [01;36m[KCompRoutine[m[K : public rclcpp::Node {
[1.593s]       |       [01;36m[K^~~~~~~~~~~[m[K
[1.594s] [01m[K/root/ws_offboard_control/src/comp_routine/src/comp_routine.cpp:128:6:[m[K [01;31m[Kerror: [m[Kno declaration matches ‘[01m[Kvoid CompRoutine::move(double, double, double, double)[m[K’
[1.594s]   128 | void [01;31m[KCompRoutine[m[K::move(double x, double y, double z, double seconds) {
[1.595s]       |      [01;31m[K^~~~~~~~~~~[m[K
[1.595s] [01m[K/root/ws_offboard_control/src/comp_routine/src/comp_routine.cpp:31:8:[m[K [01;36m[Knote: [m[Kcandidate is: ‘[01m[Kvoid CompRoutine::move()[m[K’
[1.595s]    31 |   void [01;36m[Kmove[m[K();
[1.596s]       |        [01;36m[K^~~~[m[K
[1.596s] [01m[K/root/ws_offboard_control/src/comp_routine/src/comp_routine.cpp:15:7:[m[K [01;36m[Knote: [m[K‘[01m[Kclass CompRoutine[m[K’ defined here
[1.596s]    15 | class [01;36m[KCompRoutine[m[K : public rclcpp::Node {
[1.597s]       |       [01;36m[K^~~~~~~~~~~[m[K
[2.764s] make[2]: *** [CMakeFiles/comp_routine.dir/build.make:76: CMakeFiles/comp_routine.dir/src/comp_routine.cpp.o] Error 1
[2.764s] make[1]: *** [CMakeFiles/Makefile2:137: CMakeFiles/comp_routine.dir/all] Error 2
[2.766s] make: *** [Makefile:146: all] Error 2
[2.771s] Invoked command in '/root/ws_offboard_control/build/comp_routine' returned '2': CMAKE_PREFIX_PATH=${CMAKE_PREFIX_PATH}:/opt/ros/foxy _=/usr/bin/env /usr/bin/cmake --build /root/ws_offboard_control/build/comp_routine -- -j8 -l8
