[0.056s] Invoking command in '/root/ws_offboard_control/build/rb5_ros2_control': CMAKE_PREFIX_PATH=${CMAKE_PREFIX_PATH}:/opt/ros/foxy _=/usr/bin/env /usr/bin/cmake --build /root/ws_offboard_control/build/rb5_ros2_control -- -j8 -l8
[0.145s] [100%] Built target rb5_ros2_control_node
[0.166s] Invoked command in '/root/ws_offboard_control/build/rb5_ros2_control' returned '0': CMAKE_PREFIX_PATH=${CMAKE_PREFIX_PATH}:/opt/ros/foxy _=/usr/bin/env /usr/bin/cmake --build /root/ws_offboard_control/build/rb5_ros2_control -- -j8 -l8
[0.310s] Invoking command in '/root/ws_offboard_control/build/rb5_ros2_control': CMAKE_PREFIX_PATH=${CMAKE_PREFIX_PATH}:/opt/ros/foxy _=/usr/bin/env /usr/bin/cmake --install /root/ws_offboard_control/build/rb5_ros2_control
[0.334s] -- Install configuration: ""
[0.335s] -- Up-to-date: /root/ws_offboard_control/install/rb5_ros2_control/lib/rb5_ros2_control/rb5_ros2_control_node
[0.335s] -- Up-to-date: /root/ws_offboard_control/install/rb5_ros2_control/share/rb5_ros2_control/environment/pythonpath.sh
[0.337s] -- Up-to-date: /root/ws_offboard_control/install/rb5_ros2_control/share/rb5_ros2_control/environment/pythonpath.dsv
[0.338s] -- Up-to-date: /root/ws_offboard_control/install/rb5_ros2_control/lib/python3.8/site-packages/rb5_ros2_control
[0.339s] -- Up-to-date: /root/ws_offboard_control/install/rb5_ros2_control/lib/python3.8/site-packages/rb5_ros2_control/__init__.py
[0.405s] Listing '/root/ws_offboard_control/install/rb5_ros2_control/lib/python3.8/site-packages/rb5_ros2_control'...
[0.405s] -- Up-to-date: /root/ws_offboard_control/install/rb5_ros2_control/lib/rb5_ros2_control/rb5_mpi_control.py
[0.405s] -- Up-to-date: /root/ws_offboard_control/install/rb5_ros2_control/share/ament_index/resource_index/package_run_dependencies/rb5_ros2_control
[0.405s] -- Up-to-date: /root/ws_offboard_control/install/rb5_ros2_control/share/ament_index/resource_index/parent_prefix_path/rb5_ros2_control
[0.405s] -- Up-to-date: /root/ws_offboard_control/install/rb5_ros2_control/share/rb5_ros2_control/environment/ament_prefix_path.sh
[0.405s] -- Up-to-date: /root/ws_offboard_control/install/rb5_ros2_control/share/rb5_ros2_control/environment/ament_prefix_path.dsv
[0.405s] -- Up-to-date: /root/ws_offboard_control/install/rb5_ros2_control/share/rb5_ros2_control/environment/path.sh
[0.405s] -- Up-to-date: /root/ws_offboard_control/install/rb5_ros2_control/share/rb5_ros2_control/environment/path.dsv
[0.405s] -- Up-to-date: /root/ws_offboard_control/install/rb5_ros2_control/share/rb5_ros2_control/local_setup.bash
[0.405s] -- Up-to-date: /root/ws_offboard_control/install/rb5_ros2_control/share/rb5_ros2_control/local_setup.sh
[0.406s] -- Up-to-date: /root/ws_offboard_control/install/rb5_ros2_control/share/rb5_ros2_control/local_setup.zsh
[0.406s] -- Up-to-date: /root/ws_offboard_control/install/rb5_ros2_control/share/rb5_ros2_control/local_setup.dsv
[0.406s] -- Installing: /root/ws_offboard_control/install/rb5_ros2_control/share/rb5_ros2_control/package.dsv
[0.406s] -- Up-to-date: /root/ws_offboard_control/install/rb5_ros2_control/share/ament_index/resource_index/packages/rb5_ros2_control
[0.406s] -- Up-to-date: /root/ws_offboard_control/install/rb5_ros2_control/share/rb5_ros2_control/cmake/rb5_ros2_controlConfig.cmake
[0.406s] -- Up-to-date: /root/ws_offboard_control/install/rb5_ros2_control/share/rb5_ros2_control/cmake/rb5_ros2_controlConfig-version.cmake
[0.406s] -- Up-to-date: /root/ws_offboard_control/install/rb5_ros2_control/share/rb5_ros2_control/package.xml
[0.449s] Invoked command in '/root/ws_offboard_control/build/rb5_ros2_control' returned '0': CMAKE_PREFIX_PATH=${CMAKE_PREFIX_PATH}:/opt/ros/foxy _=/usr/bin/env /usr/bin/cmake --install /root/ws_offboard_control/build/rb5_ros2_control
