[0.034s] Invoking command in '/root/ws_offboard_control/build/comp_routine': CMAKE_PREFIX_PATH=${CMAKE_PREFIX_PATH}:/opt/ros/foxy _=/usr/bin/env /usr/bin/cmake /root/ws_offboard_control/src/comp_routine -DCMAKE_INSTALL_PREFIX=/root/ws_offboard_control/install/comp_routine
[0.064s] -- Found ament_cmake: 0.9.12 (/opt/ros/foxy/share/ament_cmake/cmake)
[0.065s] [33mCMake Warning (dev) at /opt/ros/foxy/share/ament_cmake_core/cmake/core/python.cmake:22 (find_package):
[0.066s]   Policy CMP0148 is not set: The FindPythonInterp and FindPythonLibs modules
[0.066s]   are removed.  Run "cmake --help-policy CMP0148" for policy details.  Use
[0.066s]   the cmake_policy command to set the policy and suppress this warning.
[0.067s] 
[0.067s] Call Stack (most recent call first):
[0.067s]   /opt/ros/foxy/share/ament_cmake_core/cmake/core/all.cmake:53 (include)
[0.068s]   /opt/ros/foxy/share/ament_cmake_core/cmake/ament_cmake_core-extras.cmake:17 (include)
[0.068s]   /opt/ros/foxy/share/ament_cmake_core/cmake/ament_cmake_coreConfig.cmake:41 (include)
[0.069s]   /opt/ros/foxy/share/ament_cmake/cmake/ament_cmake_export_dependencies-extras.cmake:15 (find_package)
[0.069s]   /opt/ros/foxy/share/ament_cmake/cmake/ament_cmakeConfig.cmake:41 (include)
[0.070s]   CMakeLists.txt:19 (find_package)
[0.070s] This warning is for project developers.  Use -Wno-dev to suppress it.
[0.070s] [0m
[0.103s] -- Using PYTHON_EXECUTABLE: /usr/bin/python3
[0.283s] -- Override CMake install command with custom implementation using symlinks instead of copying resources
[0.299s] -- Found builtin_interfaces: 1.0.0 (/opt/ros/foxy/share/builtin_interfaces/cmake)
[0.315s] -- Using all available rosidl_typesupport_c: rosidl_typesupport_fastrtps_c;rosidl_typesupport_introspection_c
[0.317s] -- Found rosidl_adapter: 1.3.1 (/opt/ros/foxy/share/rosidl_adapter/cmake)
[0.417s] -- Using all available rosidl_typesupport_cpp: rosidl_typesupport_fastrtps_cpp;rosidl_typesupport_introspection_cpp
[0.438s] -- Found eigen3_cmake_module: 0.1.1 (/opt/ros/foxy/share/eigen3_cmake_module/cmake)
[0.439s] -- Found geometry_msgs: 2.0.5 (/opt/ros/foxy/share/geometry_msgs/cmake)
[0.486s] -- Found px4_msgs: 2.0.1 (/root/ws_offboard_control/install/px4_msgs/share/px4_msgs/cmake)
[0.499s] -- Found rclcpp: 2.4.3 (/opt/ros/foxy/share/rclcpp/cmake)
[0.527s] -- Found rmw_implementation_cmake: 1.0.4 (/opt/ros/foxy/share/rmw_implementation_cmake/cmake)
[0.528s] -- Using RMW implementation 'rmw_fastrtps_cpp' as default
[0.641s] -- Found sensor_msgs: 2.0.5 (/opt/ros/foxy/share/sensor_msgs/cmake)
[0.703s] -- Found rclpy: 1.0.13 (/opt/ros/foxy/share/rclpy/cmake)
[0.704s] -- Found ament_lint_auto: 0.9.8 (/opt/ros/foxy/share/ament_lint_auto/cmake)
[0.792s] -- Added test 'copyright' to check source files copyright and LICENSE
[0.793s] -- Added test 'cppcheck' to perform static code analysis on C / C++ code
[0.794s] -- Configured cppcheck include dirs: 
[0.794s] -- Configured cppcheck exclude dirs and/or files: 
[0.795s] -- Added test 'cpplint' to check C / C++ code against the Google style
[0.795s] -- Configured cpplint exclude dirs and/or files: 
[0.795s] -- Added test 'lint_cmake' to check CMake code style
[0.796s] -- Added test 'uncrustify' to check C / C++ code style
[0.796s] -- Configured uncrustify additional arguments: 
[0.796s] -- Added test 'xmllint' to check XML markup files
[0.797s] -- Configuring done (0.7s)
[0.807s] -- Generating done (0.0s)
[0.808s] -- Build files have been written to: /root/ws_offboard_control/build/comp_routine
[0.818s] Invoked command in '/root/ws_offboard_control/build/comp_routine' returned '0': CMAKE_PREFIX_PATH=${CMAKE_PREFIX_PATH}:/opt/ros/foxy _=/usr/bin/env /usr/bin/cmake /root/ws_offboard_control/src/comp_routine -DCMAKE_INSTALL_PREFIX=/root/ws_offboard_control/install/comp_routine
[0.821s] Invoking command in '/root/ws_offboard_control/build/comp_routine': CMAKE_PREFIX_PATH=${CMAKE_PREFIX_PATH}:/opt/ros/foxy _=/usr/bin/env /usr/bin/cmake --build /root/ws_offboard_control/build/comp_routine -- -j8 -l8
[0.930s] [ 50%] [32mBuilding CXX object CMakeFiles/comp_routine.dir/src/comp_routine.cpp.o[0m
[4.924s] [100%] [32m[1mLinking CXX executable comp_routine[0m
[5.196s] [100%] Built target comp_routine
[5.213s] Invoked command in '/root/ws_offboard_control/build/comp_routine' returned '0': CMAKE_PREFIX_PATH=${CMAKE_PREFIX_PATH}:/opt/ros/foxy _=/usr/bin/env /usr/bin/cmake --build /root/ws_offboard_control/build/comp_routine -- -j8 -l8
[5.312s] Invoking command in '/root/ws_offboard_control/build/comp_routine': CMAKE_PREFIX_PATH=${CMAKE_PREFIX_PATH}:/opt/ros/foxy _=/usr/bin/env /usr/bin/cmake --install /root/ws_offboard_control/build/comp_routine
[5.323s] -- Install configuration: ""
[5.324s] -- Execute custom install script
[5.326s] -- Up-to-date symlink: /root/ws_offboard_control/install/comp_routine/lib/comp_routine/comp_routine
[5.326s] -- Up-to-date symlink: /root/ws_offboard_control/install/comp_routine/share/ament_index/resource_index/package_run_dependencies/comp_routine
[5.327s] -- Up-to-date symlink: /root/ws_offboard_control/install/comp_routine/share/ament_index/resource_index/parent_prefix_path/comp_routine
[5.328s] -- Up-to-date symlink: /root/ws_offboard_control/install/comp_routine/share/comp_routine/environment/ament_prefix_path.sh
[5.328s] -- Up-to-date symlink: /root/ws_offboard_control/install/comp_routine/share/comp_routine/environment/ament_prefix_path.dsv
[5.329s] -- Up-to-date symlink: /root/ws_offboard_control/install/comp_routine/share/comp_routine/environment/path.sh
[5.330s] -- Up-to-date symlink: /root/ws_offboard_control/install/comp_routine/share/comp_routine/environment/path.dsv
[5.330s] -- Up-to-date symlink: /root/ws_offboard_control/install/comp_routine/share/comp_routine/local_setup.bash
[5.331s] -- Up-to-date symlink: /root/ws_offboard_control/install/comp_routine/share/comp_routine/local_setup.sh
[5.332s] -- Up-to-date symlink: /root/ws_offboard_control/install/comp_routine/share/comp_routine/local_setup.zsh
[5.332s] -- Up-to-date symlink: /root/ws_offboard_control/install/comp_routine/share/comp_routine/local_setup.dsv
[5.333s] -- Symlinking: /root/ws_offboard_control/install/comp_routine/share/comp_routine/package.dsv
[5.345s] -- Up-to-date symlink: /root/ws_offboard_control/install/comp_routine/share/ament_index/resource_index/packages/comp_routine
[5.346s] -- Up-to-date symlink: /root/ws_offboard_control/install/comp_routine/share/comp_routine/cmake/comp_routineConfig.cmake
[5.347s] -- Up-to-date symlink: /root/ws_offboard_control/install/comp_routine/share/comp_routine/cmake/comp_routineConfig-version.cmake
[5.350s] -- Up-to-date symlink: /root/ws_offboard_control/install/comp_routine/share/comp_routine/package.xml
[5.351s] Invoked command in '/root/ws_offboard_control/build/comp_routine' returned '0': CMAKE_PREFIX_PATH=${CMAKE_PREFIX_PATH}:/opt/ros/foxy _=/usr/bin/env /usr/bin/cmake --install /root/ws_offboard_control/build/comp_routine
