[0.065s] Invoking command in '/root/ws_offboard_control/build/px4_ros_com': AMENT_PREFIX_PATH=/root/ws_offboard_control/install/px4_msgs:${AMENT_PREFIX_PATH} CMAKE_PREFIX_PATH=/root/ws_offboard_control/install/px4_msgs:/opt/motovisio/ros_ws/install/px4_msgs:/opt/motovisio/ros_ws/install/micro_ros_setup:/opt/motovisio/ros_ws/install/micro_ros_agent:/opt/motovisio/ros_ws/install/micro_ros_msgs:/opt/ros/foxy LD_LIBRARY_PATH=/root/ws_offboard_control/install/px4_msgs/lib:${LD_LIBRARY_PATH} PYTHONPATH=/root/ws_offboard_control/install/px4_msgs/lib/python3.8/site-packages:${PYTHONPATH} _=/usr/bin/env /usr/bin/cmake --build /root/ws_offboard_control/build/px4_ros_com -- -j8 -l8
[0.202s] [ 16%] Built target frame_transforms
[0.266s] [ 33%] Built target offboard_control_srv
[0.330s] [ 50%] Built target offboard_control
[0.396s] [ 66%] Built target debug_vect_advertiser
[0.466s] [ 83%] Built target vehicle_gps_position_listener
[0.531s] [100%] Built target sensor_combined_listener
[0.559s] Invoked command in '/root/ws_offboard_control/build/px4_ros_com' returned '0': AMENT_PREFIX_PATH=/root/ws_offboard_control/install/px4_msgs:${AMENT_PREFIX_PATH} CMAKE_PREFIX_PATH=/root/ws_offboard_control/install/px4_msgs:/opt/motovisio/ros_ws/install/px4_msgs:/opt/motovisio/ros_ws/install/micro_ros_setup:/opt/motovisio/ros_ws/install/micro_ros_agent:/opt/motovisio/ros_ws/install/micro_ros_msgs:/opt/ros/foxy LD_LIBRARY_PATH=/root/ws_offboard_control/install/px4_msgs/lib:${LD_LIBRARY_PATH} PYTHONPATH=/root/ws_offboard_control/install/px4_msgs/lib/python3.8/site-packages:${PYTHONPATH} _=/usr/bin/env /usr/bin/cmake --build /root/ws_offboard_control/build/px4_ros_com -- -j8 -l8
[0.737s] Invoking command in '/root/ws_offboard_control/build/px4_ros_com': AMENT_PREFIX_PATH=/root/ws_offboard_control/install/px4_msgs:${AMENT_PREFIX_PATH} CMAKE_PREFIX_PATH=/root/ws_offboard_control/install/px4_msgs:/opt/motovisio/ros_ws/install/px4_msgs:/opt/motovisio/ros_ws/install/micro_ros_setup:/opt/motovisio/ros_ws/install/micro_ros_agent:/opt/motovisio/ros_ws/install/micro_ros_msgs:/opt/ros/foxy LD_LIBRARY_PATH=/root/ws_offboard_control/install/px4_msgs/lib:${LD_LIBRARY_PATH} PYTHONPATH=/root/ws_offboard_control/install/px4_msgs/lib/python3.8/site-packages:${PYTHONPATH} _=/usr/bin/env /usr/bin/cmake --install /root/ws_offboard_control/build/px4_ros_com
[0.760s] -- Install configuration: ""
[0.763s] -- Up-to-date: /root/ws_offboard_control/install/px4_ros_com/lib/px4_ros_com/sensor_combined_listener
[0.763s] -- Up-to-date: /root/ws_offboard_control/install/px4_ros_com/lib/px4_ros_com/vehicle_gps_position_listener
[0.765s] -- Up-to-date: /root/ws_offboard_control/install/px4_ros_com/lib/px4_ros_com/debug_vect_advertiser
[0.770s] -- Up-to-date: /root/ws_offboard_control/install/px4_ros_com/lib/px4_ros_com/offboard_control
[0.770s] -- Up-to-date: /root/ws_offboard_control/install/px4_ros_com/lib/px4_ros_com/offboard_control_srv
[0.773s] -- Up-to-date: /root/ws_offboard_control/install/px4_ros_com/share/px4_ros_com/environment/library_path.sh
[0.773s] -- Up-to-date: /root/ws_offboard_control/install/px4_ros_com/share/px4_ros_com/environment/library_path.dsv
[0.776s] -- Up-to-date: /root/ws_offboard_control/install/px4_ros_com/include/px4_ros_com
[0.778s] -- Up-to-date: /root/ws_offboard_control/install/px4_ros_com/include/px4_ros_com/frame_transforms.h
[0.780s] -- Up-to-date: /root/ws_offboard_control/install/px4_ros_com/lib/libframe_transforms.so
[0.780s] -- Up-to-date: /root/ws_offboard_control/install/px4_ros_com/share/px4_ros_com//launch
[0.782s] -- Up-to-date: /root/ws_offboard_control/install/px4_ros_com/share/px4_ros_com//launch/offboard_control_launch.yaml
[0.783s] -- Up-to-date: /root/ws_offboard_control/install/px4_ros_com/share/px4_ros_com//launch/sensor_combined_listener.launch.py
[0.784s] -- Up-to-date: /root/ws_offboard_control/install/px4_ros_com/share/px4_ros_com//test
[0.785s] -- Up-to-date: /root/ws_offboard_control/install/px4_ros_com/share/px4_ros_com//test/__init__.py
[0.786s] -- Up-to-date: /root/ws_offboard_control/install/px4_ros_com/share/px4_ros_com//test/pipeline_io_test.py
[0.788s] -- Up-to-date: /root/ws_offboard_control/install/px4_ros_com/share/px4_ros_com//test/test_input.py
[0.789s] -- Up-to-date: /root/ws_offboard_control/install/px4_ros_com/share/px4_ros_com//test/test_output.py
[0.791s] -- Up-to-date: /root/ws_offboard_control/install/px4_ros_com/share/px4_ros_com/environment/pythonpath.sh
[0.791s] -- Up-to-date: /root/ws_offboard_control/install/px4_ros_com/share/px4_ros_com/environment/pythonpath.dsv
[0.793s] -- Up-to-date: /root/ws_offboard_control/install/px4_ros_com/lib/python3.8/site-packages/px4_ros_com
[0.794s] -- Up-to-date: /root/ws_offboard_control/install/px4_ros_com/lib/python3.8/site-packages/px4_ros_com/__init__.py
[0.795s] -- Up-to-date: /root/ws_offboard_control/install/px4_ros_com/lib/python3.8/site-packages/px4_ros_com/module_to_import.py
[0.891s] Listing '/root/ws_offboard_control/install/px4_ros_com/lib/python3.8/site-packages/px4_ros_com'...
[0.915s] -- Up-to-date: /root/ws_offboard_control/install/px4_ros_com/lib/px4_ros_com/offboard_control.py
[0.916s] -- Up-to-date: /root/ws_offboard_control/install/px4_ros_com/share/ament_index/resource_index/package_run_dependencies/px4_ros_com
[0.916s] -- Up-to-date: /root/ws_offboard_control/install/px4_ros_com/share/ament_index/resource_index/parent_prefix_path/px4_ros_com
[0.917s] -- Up-to-date: /root/ws_offboard_control/install/px4_ros_com/share/px4_ros_com/environment/ament_prefix_path.sh
[0.920s] -- Up-to-date: /root/ws_offboard_control/install/px4_ros_com/share/px4_ros_com/environment/ament_prefix_path.dsv
[0.921s] -- Up-to-date: /root/ws_offboard_control/install/px4_ros_com/share/px4_ros_com/environment/path.sh
[0.921s] -- Up-to-date: /root/ws_offboard_control/install/px4_ros_com/share/px4_ros_com/environment/path.dsv
[0.921s] -- Up-to-date: /root/ws_offboard_control/install/px4_ros_com/share/px4_ros_com/local_setup.bash
[0.922s] -- Up-to-date: /root/ws_offboard_control/install/px4_ros_com/share/px4_ros_com/local_setup.sh
[0.922s] -- Up-to-date: /root/ws_offboard_control/install/px4_ros_com/share/px4_ros_com/local_setup.zsh
[0.923s] -- Up-to-date: /root/ws_offboard_control/install/px4_ros_com/share/px4_ros_com/local_setup.dsv
[0.923s] -- Installing: /root/ws_offboard_control/install/px4_ros_com/share/px4_ros_com/package.dsv
[0.924s] -- Up-to-date: /root/ws_offboard_control/install/px4_ros_com/share/ament_index/resource_index/packages/px4_ros_com
[0.930s] -- Up-to-date: /root/ws_offboard_control/install/px4_ros_com/share/px4_ros_com/cmake/export_frame_transformsExport.cmake
[0.932s] -- Up-to-date: /root/ws_offboard_control/install/px4_ros_com/share/px4_ros_com/cmake/export_frame_transformsExport-noconfig.cmake
[0.932s] -- Up-to-date: /root/ws_offboard_control/install/px4_ros_com/share/px4_ros_com/cmake/ament_cmake_export_dependencies-extras.cmake
[0.933s] -- Up-to-date: /root/ws_offboard_control/install/px4_ros_com/share/px4_ros_com/cmake/ament_cmake_export_targets-extras.cmake
[0.934s] -- Up-to-date: /root/ws_offboard_control/install/px4_ros_com/share/px4_ros_com/cmake/ament_cmake_export_include_directories-extras.cmake
[0.935s] -- Up-to-date: /root/ws_offboard_control/install/px4_ros_com/share/px4_ros_com/cmake/ament_cmake_export_libraries-extras.cmake
[0.936s] -- Up-to-date: /root/ws_offboard_control/install/px4_ros_com/share/px4_ros_com/cmake/px4_ros_comConfig.cmake
[0.936s] -- Up-to-date: /root/ws_offboard_control/install/px4_ros_com/share/px4_ros_com/cmake/px4_ros_comConfig-version.cmake
[0.939s] -- Up-to-date: /root/ws_offboard_control/install/px4_ros_com/share/px4_ros_com/package.xml
[0.961s] Invoked command in '/root/ws_offboard_control/build/px4_ros_com' returned '0': AMENT_PREFIX_PATH=/root/ws_offboard_control/install/px4_msgs:${AMENT_PREFIX_PATH} CMAKE_PREFIX_PATH=/root/ws_offboard_control/install/px4_msgs:/opt/motovisio/ros_ws/install/px4_msgs:/opt/motovisio/ros_ws/install/micro_ros_setup:/opt/motovisio/ros_ws/install/micro_ros_agent:/opt/motovisio/ros_ws/install/micro_ros_msgs:/opt/ros/foxy LD_LIBRARY_PATH=/root/ws_offboard_control/install/px4_msgs/lib:${LD_LIBRARY_PATH} PYTHONPATH=/root/ws_offboard_control/install/px4_msgs/lib/python3.8/site-packages:${PYTHONPATH} _=/usr/bin/env /usr/bin/cmake --install /root/ws_offboard_control/build/px4_ros_com
