[0.086s] Invoking command in '/root/ws_offboard_control/build/comp_routine': CMAKE_PREFIX_PATH=${CMAKE_PREFIX_PATH}:/opt/ros/foxy _=/usr/bin/env /usr/bin/cmake --build /root/ws_offboard_control/build/comp_routine -- -j8 -l8
[0.354s] [ 50%] [32mBuilding CXX object CMakeFiles/comp_routine.dir/src/comp_routine.cpp.o[0m
[5.535s] [01m[K/root/ws_offboard_control/src/comp_routine/src/comp_routine.cpp:[m[K In member function ‘[01m[Kvoid CompRoutine::move(double, double, double, double, double)[m[K’:
[5.535s] [01m[K/root/ws_offboard_control/src/comp_routine/src/comp_routine.cpp:159:109:[m[K [01;31m[Kerror: [m[Kno matching function for call to ‘[01m[Kstd::chrono::duration<long int>::duration(<brace-enclosed initializer list>)[m[K’
[5.535s]   159 | o start = std::chrono::steady_clock::now(), now = start; now < start + std::chrono::seconds{secs[01;31m[K}[m[K; now = std::chrono::steady_clock::now())
[5.535s]       |                                                                                                 [01;31m[K^[m[K
[5.535s] 
[5.535s] In file included from [01m[K/usr/include/c++/9/mutex:39[m[K,
[5.535s]                  from [01m[K/usr/include/c++/9/future:38[m[K,
[5.536s]                  from [01m[K/opt/ros/foxy/include/rclcpp/executors.hpp:18[m[K,
[5.536s]                  from [01m[K/opt/ros/foxy/include/rclcpp/rclcpp.hpp:146[m[K,
[5.536s]                  from [01m[K/root/ws_offboard_control/src/comp_routine/src/comp_routine.cpp:5[m[K:
[5.536s] [01m[K/usr/include/c++/9/chrono:338:14:[m[K [01;36m[Knote: [m[Kcandidate: ‘[01m[Ktemplate<class _Rep2, class _Period2, class> constexpr std::chrono::duration<_Rep, _Period>::duration(const std::chrono::duration<_Rep, _Period>&)[m[K’
[5.536s]   338 |    constexpr [01;36m[Kduration[m[K(const duration<_Rep2, _Period2>& __d)
[5.536s]       |              [01;36m[K^~~~~~~~[m[K
[5.536s] [01m[K/usr/include/c++/9/chrono:338:14:[m[K [01;36m[Knote: [m[K  template argument deduction/substitution failed:
[5.536s] [01m[K/root/ws_offboard_control/src/comp_routine/src/comp_routine.cpp:159:109:[m[K [01;36m[Knote: [m[K  mismatched types ‘[01m[Kconst std::chrono::duration<_Rep1, _Period1>[m[K’ and ‘[01m[Kdouble[m[K’
[5.537s]   159 | o start = std::chrono::steady_clock::now(), now = start; now < start + std::chrono::seconds{secs[01;36m[K}[m[K; now = std::chrono::steady_clock::now())
[5.537s]       |                                                                                                 [01;36m[K^[m[K
[5.537s] 
[5.537s] In file included from [01m[K/usr/include/c++/9/mutex:39[m[K,
[5.538s]                  from [01m[K/usr/include/c++/9/future:38[m[K,
[5.538s]                  from [01m[K/opt/ros/foxy/include/rclcpp/executors.hpp:18[m[K,
[5.538s]                  from [01m[K/opt/ros/foxy/include/rclcpp/rclcpp.hpp:146[m[K,
[5.539s]                  from [01m[K/root/ws_offboard_control/src/comp_routine/src/comp_routine.cpp:5[m[K:
[5.539s] [01m[K/usr/include/c++/9/chrono:331:23:[m[K [01;36m[Knote: [m[Kcandidate: ‘[01m[Ktemplate<class _Rep2, class> constexpr std::chrono::duration<_Rep, _Period>::duration(const _Rep2&)[m[K’
[5.539s]   331 |    constexpr explicit [01;36m[Kduration[m[K(const _Rep2& __rep)
[5.539s]       |                       [01;36m[K^~~~~~~~[m[K
[5.540s] [01m[K/usr/include/c++/9/chrono:331:23:[m[K [01;36m[Knote: [m[K  template argument deduction/substitution failed:
[5.541s] In file included from [01m[K/usr/include/c++/9/bits/move.h:55[m[K,
[5.541s]                  from [01m[K/usr/include/c++/9/bits/stl_pair.h:59[m[K,
[5.541s]                  from [01m[K/usr/include/c++/9/utility:70[m[K,
[5.542s]                  from [01m[K/usr/include/c++/9/algorithm:60[m[K,
[5.542s]                  from [01m[K/opt/ros/foxy/include/rosidl_runtime_cpp/bounded_vector.hpp:18[m[K,
[5.543s]                  from [01m[K/opt/motovisio/ros_ws/install/px4_msgs/include/px4_msgs/msg/detail/offboard_control_mode__struct.hpp:8[m[K,
[5.544s]                  from [01m[K/opt/motovisio/ros_ws/install/px4_msgs/include/px4_msgs/msg/offboard_control_mode.hpp:7[m[K,
[5.544s]                  from [01m[K/root/ws_offboard_control/src/comp_routine/src/comp_routine.cpp:1[m[K:
[5.544s] /usr/include/c++/9/type_traits: In substitution of ‘[01m[Ktemplate<class ... _Cond> using _Require = typename std::enable_if<std::__and_< <template-parameter-1-1> >::value>::type [with _Cond = {std::is_convertible<const double&, long int>, std::__or_<std::chrono::treat_as_floating_point<long int>, std::__not_<std::chrono::treat_as_floating_point<double> > >}][m[K’:
[5.544s] [01m[K/usr/include/c++/9/chrono:328:27:[m[K   required from here
[5.544s] [01m[K/usr/include/c++/9/type_traits:2048:11:[m[K [01;31m[Kerror: [m[Kno type named ‘[01m[Ktype[m[K’ in ‘[01m[Kstruct std::enable_if<false, void>[m[K’
[5.545s]  2048 |     using [01;31m[K_Require[m[K = typename enable_if<__and_<_Cond...>::value>::type;
[5.545s]       |           [01;31m[K^~~~~~~~[m[K
[5.545s] In file included from [01m[K/usr/include/c++/9/mutex:39[m[K,
[5.545s]                  from [01m[K/usr/include/c++/9/future:38[m[K,
[5.545s]                  from [01m[K/opt/ros/foxy/include/rclcpp/executors.hpp:18[m[K,
[5.545s]                  from [01m[K/opt/ros/foxy/include/rclcpp/rclcpp.hpp:146[m[K,
[5.545s]                  from [01m[K/root/ws_offboard_control/src/comp_routine/src/comp_routine.cpp:5[m[K:
[5.545s] [01m[K/usr/include/c++/9/chrono:324:2:[m[K [01;36m[Knote: [m[Kcandidate: ‘[01m[Kconstexpr std::chrono::duration<_Rep, _Period>::duration(const std::chrono::duration<_Rep, _Period>&) [with _Rep = long int; _Period = std::ratio<1>][m[K’
[5.546s]   324 |  [01;36m[Kduration[m[K(const duration&) = default;
[5.546s]       |  [01;36m[K^~~~~~~~[m[K
[5.546s] [01m[K/usr/include/c++/9/chrono:324:11:[m[K [01;36m[Knote: [m[K  no known conversion for argument 1 from ‘[01m[Kdouble[m[K’ to ‘[01m[Kconst std::chrono::duration<long int>&[m[K’
[5.546s]   324 |  duration([01;36m[Kconst duration&[m[K) = default;
[5.547s]       |           [01;36m[K^~~~~~~~~~~~~~~[m[K
[5.547s] [01m[K/usr/include/c++/9/chrono:322:12:[m[K [01;36m[Knote: [m[Kcandidate: ‘[01m[Kstd::chrono::duration<_Rep, _Period>::duration() [with _Rep = long int; _Period = std::ratio<1>][m[K’
[5.547s]   322 |  constexpr [01;36m[Kduration[m[K() = default;
[5.548s]       |            [01;36m[K^~~~~~~~[m[K
[5.548s] [01m[K/usr/include/c++/9/chrono:322:12:[m[K [01;36m[Knote: [m[K  candidate expects 0 arguments, 1 provided
[9.829s] make[2]: *** [CMakeFiles/comp_routine.dir/build.make:76: CMakeFiles/comp_routine.dir/src/comp_routine.cpp.o] Error 1
[9.835s] make[1]: *** [CMakeFiles/Makefile2:137: CMakeFiles/comp_routine.dir/all] Error 2
[9.836s] make: *** [Makefile:146: all] Error 2
[9.849s] Invoked command in '/root/ws_offboard_control/build/comp_routine' returned '2': CMAKE_PREFIX_PATH=${CMAKE_PREFIX_PATH}:/opt/ros/foxy _=/usr/bin/env /usr/bin/cmake --build /root/ws_offboard_control/build/comp_routine -- -j8 -l8
