[ 16%] Built target frame_transforms
[ 33%] Built target offboard_control
[ 50%] Built target vehicle_gps_position_listener
[ 66%] Built target debug_vect_advertiser
[ 83%] Built target offboard_control_srv
[100%] Built target sensor_combined_listener
-- Install configuration: ""
-- Execute custom install script
-- Up-to-date symlink: /root/ws_offboard_control/install/px4_ros_com/lib/px4_ros_com/sensor_combined_listener
-- Up-to-date symlink: /root/ws_offboard_control/install/px4_ros_com/lib/px4_ros_com/vehicle_gps_position_listener
-- Up-to-date symlink: /root/ws_offboard_control/install/px4_ros_com/lib/px4_ros_com/debug_vect_advertiser
-- Up-to-date symlink: /root/ws_offboard_control/install/px4_ros_com/lib/px4_ros_com/offboard_control
-- Up-to-date symlink: /root/ws_offboard_control/install/px4_ros_com/lib/px4_ros_com/offboard_control_srv
-- Up-to-date symlink: /root/ws_offboard_control/install/px4_ros_com/share/px4_ros_com/environment/library_path.sh
-- Up-to-date symlink: /root/ws_offboard_control/install/px4_ros_com/share/px4_ros_com/environment/library_path.dsv
-- Up-to-date symlink: /root/ws_offboard_control/install/px4_ros_com/include/px4_ros_com/frame_transforms.h
-- Up-to-date symlink: /root/ws_offboard_control/install/px4_ros_com/share/px4_ros_com//launch/offboard_control_launch.yaml
-- Up-to-date symlink: /root/ws_offboard_control/install/px4_ros_com/share/px4_ros_com//launch/sensor_combined_listener.launch.py
-- Up-to-date symlink: /root/ws_offboard_control/install/px4_ros_com/share/px4_ros_com//test/__init__.py
-- Up-to-date symlink: /root/ws_offboard_control/install/px4_ros_com/share/px4_ros_com//test/pipeline_io_test.py
-- Up-to-date symlink: /root/ws_offboard_control/install/px4_ros_com/share/px4_ros_com//test/test_input.py
-- Up-to-date symlink: /root/ws_offboard_control/install/px4_ros_com/share/px4_ros_com//test/test_output.py
-- Up-to-date symlink: /root/ws_offboard_control/install/px4_ros_com/share/px4_ros_com/environment/pythonpath.sh
-- Up-to-date symlink: /root/ws_offboard_control/install/px4_ros_com/share/px4_ros_com/environment/pythonpath.dsv
-- Up-to-date symlink: /root/ws_offboard_control/install/px4_ros_com/lib/python3.8/site-packages/px4_ros_com/__init__.py
-- Up-to-date symlink: /root/ws_offboard_control/install/px4_ros_com/lib/python3.8/site-packages/px4_ros_com/module_to_import.py
-- Up-to-date symlink: /root/ws_offboard_control/install/px4_ros_com/lib/px4_ros_com/offboard_control.py
-- Up-to-date symlink: /root/ws_offboard_control/install/px4_ros_com/share/ament_index/resource_index/package_run_dependencies/px4_ros_com
-- Up-to-date symlink: /root/ws_offboard_control/install/px4_ros_com/share/ament_index/resource_index/parent_prefix_path/px4_ros_com
-- Up-to-date symlink: /root/ws_offboard_control/install/px4_ros_com/share/px4_ros_com/environment/ament_prefix_path.sh
-- Up-to-date symlink: /root/ws_offboard_control/install/px4_ros_com/share/px4_ros_com/environment/ament_prefix_path.dsv
-- Up-to-date symlink: /root/ws_offboard_control/install/px4_ros_com/share/px4_ros_com/environment/path.sh
-- Up-to-date symlink: /root/ws_offboard_control/install/px4_ros_com/share/px4_ros_com/environment/path.dsv
-- Up-to-date symlink: /root/ws_offboard_control/install/px4_ros_com/share/px4_ros_com/local_setup.bash
-- Up-to-date symlink: /root/ws_offboard_control/install/px4_ros_com/share/px4_ros_com/local_setup.sh
-- Up-to-date symlink: /root/ws_offboard_control/install/px4_ros_com/share/px4_ros_com/local_setup.zsh
-- Up-to-date symlink: /root/ws_offboard_control/install/px4_ros_com/share/px4_ros_com/local_setup.dsv
-- Symlinking: /root/ws_offboard_control/install/px4_ros_com/share/px4_ros_com/package.dsv
-- Up-to-date symlink: /root/ws_offboard_control/install/px4_ros_com/share/ament_index/resource_index/packages/px4_ros_com
-- Up-to-date symlink: /root/ws_offboard_control/install/px4_ros_com/share/px4_ros_com/cmake/ament_cmake_export_dependencies-extras.cmake
-- Up-to-date symlink: /root/ws_offboard_control/install/px4_ros_com/share/px4_ros_com/cmake/ament_cmake_export_targets-extras.cmake
-- Up-to-date symlink: /root/ws_offboard_control/install/px4_ros_com/share/px4_ros_com/cmake/ament_cmake_export_include_directories-extras.cmake
-- Up-to-date symlink: /root/ws_offboard_control/install/px4_ros_com/share/px4_ros_com/cmake/ament_cmake_export_libraries-extras.cmake
-- Up-to-date symlink: /root/ws_offboard_control/install/px4_ros_com/share/px4_ros_com/cmake/px4_ros_comConfig.cmake
-- Up-to-date symlink: /root/ws_offboard_control/install/px4_ros_com/share/px4_ros_com/cmake/px4_ros_comConfig-version.cmake
-- Up-to-date symlink: /root/ws_offboard_control/install/px4_ros_com/share/px4_ros_com/package.xml
-- Up-to-date: /root/ws_offboard_control/install/px4_ros_com/lib/libframe_transforms.so
Listing '/root/ws_offboard_control/install/px4_ros_com/lib/python3.8/site-packages/px4_ros_com'...
-- Up-to-date: /root/ws_offboard_control/install/px4_ros_com/share/px4_ros_com/cmake/export_frame_transformsExport.cmake
-- Up-to-date: /root/ws_offboard_control/install/px4_ros_com/share/px4_ros_com/cmake/export_frame_transformsExport-noconfig.cmake
