[0.090s] Invoking command in '/root/ws_offboard_control/build/ros2_april_detection': CMAKE_PREFIX_PATH=${CMAKE_PREFIX_PATH}:/opt/ros/foxy _=/usr/bin/env /usr/bin/cmake /root/ws_offboard_control/src/rb5_ros2/ros2_april_detection -DCMAKE_INSTALL_PREFIX=/root/ws_offboard_control/install/ros2_april_detection
[0.242s] -- The C compiler identification is GNU 9.4.0
[0.383s] -- The CXX compiler identification is GNU 9.4.0
[0.407s] -- Detecting C compiler ABI info
[0.567s] -- Detecting C compiler ABI info - done
[0.593s] -- Check for working C compiler: /usr/bin/cc - skipped
[0.593s] -- Detecting C compile features
[0.594s] -- Detecting C compile features - done
[0.599s] -- Detecting CXX compiler ABI info
[0.770s] -- Detecting CXX compiler ABI info - done
[0.792s] -- Check for working CXX compiler: /usr/bin/c++ - skipped
[0.792s] -- Detecting CXX compile features
[0.792s] -- Detecting CXX compile features - done
[0.795s] -- Found ament_cmake: 0.9.12 (/opt/ros/foxy/share/ament_cmake/cmake)
[0.801s] [33mCMake Warning (dev) at /opt/ros/foxy/share/ament_cmake_core/cmake/core/python.cmake:22 (find_package):
[0.801s]   Policy CMP0148 is not set: The FindPythonInterp and FindPythonLibs modules
[0.802s]   are removed.  Run "cmake --help-policy CMP0148" for policy details.  Use
[0.802s]   the cmake_policy command to set the policy and suppress this warning.
[0.803s] 
[0.805s] Call Stack (most recent call first):
[0.805s]   /opt/ros/foxy/share/ament_cmake_core/cmake/core/all.cmake:53 (include)
[0.805s]   /opt/ros/foxy/share/ament_cmake_core/cmake/ament_cmake_core-extras.cmake:17 (include)
[0.805s]   /opt/ros/foxy/share/ament_cmake_core/cmake/ament_cmake_coreConfig.cmake:41 (include)
[0.805s]   /opt/ros/foxy/share/ament_cmake/cmake/ament_cmake_export_dependencies-extras.cmake:15 (find_package)
[0.805s]   /opt/ros/foxy/share/ament_cmake/cmake/ament_cmakeConfig.cmake:41 (include)
[0.806s]   CMakeLists.txt:19 (find_package)
[0.806s] This warning is for project developers.  Use -Wno-dev to suppress it.
[0.806s] [0m
[0.869s] -- Found PythonInterp: /usr/bin/python3 (found suitable version "3.8.10", minimum required is "3")
[0.870s] -- Using PYTHON_EXECUTABLE: /usr/bin/python3
[1.251s] -- Found rclcpp: 2.4.3 (/opt/ros/foxy/share/rclcpp/cmake)
[1.287s] -- Using all available rosidl_typesupport_c: rosidl_typesupport_fastrtps_c;rosidl_typesupport_introspection_c
[1.293s] -- Found rosidl_adapter: 1.3.1 (/opt/ros/foxy/share/rosidl_adapter/cmake)
[1.498s] -- Found OpenSSL: /usr/lib/aarch64-linux-gnu/libcrypto.so (found version "1.1.1f")
[1.542s] -- Found FastRTPS: /opt/ros/foxy/include
[1.619s] -- Using all available rosidl_typesupport_cpp: rosidl_typesupport_fastrtps_cpp;rosidl_typesupport_introspection_cpp
[1.680s] -- Found rmw_implementation_cmake: 1.0.4 (/opt/ros/foxy/share/rmw_implementation_cmake/cmake)
[1.681s] -- Using RMW implementation 'rmw_fastrtps_cpp' as default
[1.682s] -- Performing Test CMAKE_HAVE_LIBC_PTHREAD
[1.829s] -- Performing Test CMAKE_HAVE_LIBC_PTHREAD - Failed
[1.830s] -- Looking for pthread_create in pthreads
[1.970s] -- Looking for pthread_create in pthreads - not found
[1.974s] -- Looking for pthread_create in pthread
[2.099s] -- Looking for pthread_create in pthread - found
[2.107s] -- Found Threads: TRUE
[2.285s] -- Found sensor_msgs: 2.0.5 (/opt/ros/foxy/share/sensor_msgs/cmake)
[2.472s] -- Found cv_bridge: 3.0.7 (/opt/ros/foxy/share/cv_bridge/cmake)
[2.534s] -- Found tf2: 0.13.14 (/opt/ros/foxy/share/tf2/cmake)
[2.545s] -- Found tf2_ros: 0.13.14 (/opt/ros/foxy/share/tf2_ros/cmake)
[2.984s] [31mCMake Error at CMakeLists.txt:29 (find_package):
[2.984s]   By not providing "Findapriltag.cmake" in CMAKE_MODULE_PATH this project has
[2.985s]   asked CMake to find a package configuration file provided by "apriltag",
[2.985s]   but CMake did not find one.
[2.986s] 
[2.986s]   Could not find a package configuration file provided by "apriltag" with any
[2.987s]   of the following names:
[2.987s] 
[2.988s]     apriltagConfig.cmake
[2.991s]     apriltag-config.cmake
[2.992s] 
[2.993s]   Add the installation prefix of "apriltag" to CMAKE_PREFIX_PATH or set
[2.993s]   "apriltag_DIR" to a directory containing one of the above files.  If
[2.993s]   "apriltag" provides a separate development package or SDK, be sure it has
[2.994s]   been installed.
[2.994s] 
[2.995s] [0m
[2.995s] -- Configuring incomplete, errors occurred!
[3.001s] Invoked command in '/root/ws_offboard_control/build/ros2_april_detection' returned '1': CMAKE_PREFIX_PATH=${CMAKE_PREFIX_PATH}:/opt/ros/foxy _=/usr/bin/env /usr/bin/cmake /root/ws_offboard_control/src/rb5_ros2/ros2_april_detection -DCMAKE_INSTALL_PREFIX=/root/ws_offboard_control/install/ros2_april_detection
