[01m[K/root/ws_offboard_control/src/px4_ros_com/src/examples/offboard/offboard_control.cpp:98:20:[m[K [01;31m[Kerror: [m[K‘[01m[KVehicleAttitudeSetpoint[m[K’ was not declared in this scope
   98 |  rclcpp::Publisher<[01;31m[KVehicleAttitudeSetpoint[m[K>::SharedPtr attitude_setpoint_publisher_;
      |                    [01;31m[K^~~~~~~~~~~~~~~~~~~~~~~[m[K
[01m[K/root/ws_offboard_control/src/px4_ros_com/src/examples/offboard/offboard_control.cpp:98:43:[m[K [01;31m[Kerror: [m[Ktemplate argument 1 is invalid
   98 |  rclcpp::Publisher<VehicleAttitudeSetpoint[01;31m[K>[m[K::SharedPtr attitude_setpoint_publisher_;
      |                                           [01;31m[K^[m[K
[01m[K/root/ws_offboard_control/src/px4_ros_com/src/examples/offboard/offboard_control.cpp:98:46:[m[K [01;31m[Kerror: [m[Kexpected ‘[01m[K;[m[K’ at end of member declaration
   98 |  rclcpp::Publisher<VehicleAttitudeSetpoint>::[01;31m[KSharedPtr[m[K attitude_setpoint_publisher_;
      |                                              [01;31m[K^~~~~~~~~[m[K
      |                                                       [32m[K;[m[K
[01m[K/root/ws_offboard_control/src/px4_ros_com/src/examples/offboard/offboard_control.cpp:98:56:[m[K [01;31m[Kerror: [m[K‘[01m[Kattitude_setpoint_publisher_[m[K’ does not name a type
   98 |  rclcpp::Publisher<VehicleAttitudeSetpoint>::SharedPtr [01;31m[Kattitude_setpoint_publisher_[m[K;
      |                                                        [01;31m[K^~~~~~~~~~~~~~~~~~~~~~~~~~~~[m[K
[01m[K/root/ws_offboard_control/src/px4_ros_com/src/examples/offboard/offboard_control.cpp:[m[K In constructor ‘[01m[KOffboardControl::OffboardControl()[m[K’:
[01m[K/root/ws_offboard_control/src/px4_ros_com/src/examples/offboard/offboard_control.cpp:63:3:[m[K [01;31m[Kerror: [m[K‘[01m[Kattitude_setpoint_publisher_[m[K’ was not declared in this scope; did you mean ‘[01m[Ktrajectory_setpoint_publisher_[m[K’?
   63 |   [01;31m[Kattitude_setpoint_publisher_[m[K this->create_publisher<VehicleAttitudeSetpoint>("/fmu/in/vehicle_attitude_setpoint", 10);
      |   [01;31m[K^~~~~~~~~~~~~~~~~~~~~~~~~~~~[m[K
      |   [32m[Ktrajectory_setpoint_publisher_[m[K
[01m[K/root/ws_offboard_control/src/px4_ros_com/src/examples/offboard/offboard_control.cpp:[m[K In lambda function:
[01m[K/root/ws_offboard_control/src/px4_ros_com/src/examples/offboard/offboard_control.cpp:80:4:[m[K [01;31m[Kerror: [m[K‘[01m[Kpublish_attitude_control[m[K’ was not declared in this scope; did you mean ‘[01m[Kpublish_attitude_setpoint[m[K’?
   80 |    [01;31m[Kpublish_attitude_control[m[K();
      |    [01;31m[K^~~~~~~~~~~~~~~~~~~~~~~~[m[K
      |    [32m[Kpublish_attitude_setpoint[m[K
[01m[K/root/ws_offboard_control/src/px4_ros_com/src/examples/offboard/offboard_control.cpp:[m[K In member function ‘[01m[Kvoid OffboardControl::publish_attitude_setpoint()[m[K’:
[01m[K/root/ws_offboard_control/src/px4_ros_com/src/examples/offboard/offboard_control.cpp:163:2:[m[K [01;31m[Kerror: [m[K‘[01m[KVehicleAttitudeSetpoint[m[K’ was not declared in this scope
  163 |  [01;31m[KVehicleAttitudeSetpoint[m[K msg{};
      |  [01;31m[K^~~~~~~~~~~~~~~~~~~~~~~[m[K
[01m[K/root/ws_offboard_control/src/px4_ros_com/src/examples/offboard/offboard_control.cpp:164:9:[m[K [01;31m[Kerror: [m[K‘[01m[Kmsg[m[K’ was not declared in this scope
  164 |         [01;31m[Kmsg[m[K.timestamp = this->get_clock()->now().nanoseconds() / 1000;
      |         [01;31m[K^~~[m[K
[01m[K/root/ws_offboard_control/src/px4_ros_com/src/examples/offboard/offboard_control.cpp:164:9:[m[K [01;36m[Knote: [m[Ksuggested alternatives:
In file included from [01m[K/root/ws_offboard_control/install/px4_msgs/include/px4_msgs/msg/offboard_control_mode.hpp:7[m[K,
                 from [01m[K/root/ws_offboard_control/src/px4_ros_com/src/examples/offboard/offboard_control.cpp:41[m[K:
[01m[K/root/ws_offboard_control/install/px4_msgs/include/px4_msgs/msg/detail/offboard_control_mode__struct.hpp:26:11:[m[K [01;36m[Knote: [m[K  ‘[01m[Kpx4_msgs::msg[m[K’
   26 | namespace [01;36m[Kmsg[m[K
      |           [01;36m[K^~~[m[K
In file included from [01m[K/opt/ros/foxy/include/builtin_interfaces/msg/duration.hpp:7[m[K,
                 from [01m[K/opt/ros/foxy/include/rclcpp/duration.hpp:20[m[K,
                 from [01m[K/opt/ros/foxy/include/rclcpp/qos.hpp:20[m[K,
                 from [01m[K/opt/ros/foxy/include/rclcpp/node_interfaces/node_graph_interface.hpp:31[m[K,
                 from [01m[K/opt/ros/foxy/include/rclcpp/client.hpp:34[m[K,
                 from [01m[K/opt/ros/foxy/include/rclcpp/callback_group.hpp:23[m[K,
                 from [01m[K/opt/ros/foxy/include/rclcpp/any_executable.hpp:20[m[K,
                 from [01m[K/opt/ros/foxy/include/rclcpp/memory_strategy.hpp:24[m[K,
                 from [01m[K/opt/ros/foxy/include/rclcpp/memory_strategies.hpp:18[m[K,
                 from [01m[K/opt/ros/foxy/include/rclcpp/executor_options.hpp:20[m[K,
                 from [01m[K/opt/ros/foxy/include/rclcpp/executor.hpp:33[m[K,
                 from [01m[K/opt/ros/foxy/include/rclcpp/executors/multi_threaded_executor.hpp:26[m[K,
                 from [01m[K/opt/ros/foxy/include/rclcpp/executors.hpp:21[m[K,
                 from [01m[K/opt/ros/foxy/include/rclcpp/rclcpp.hpp:146[m[K,
                 from [01m[K/root/ws_offboard_control/src/px4_ros_com/src/examples/offboard/offboard_control.cpp:45[m[K:
[01m[K/opt/ros/foxy/include/builtin_interfaces/msg/detail/duration__struct.hpp:26:11:[m[K [01;36m[Knote: [m[K  ‘[01m[Kbuiltin_interfaces::msg[m[K’
   26 | namespace [01;36m[Kmsg[m[K
      |           [01;36m[K^~~[m[K
In file included from [01m[K/opt/ros/foxy/include/statistics_msgs/msg/detail/metrics_message__struct.hpp:22[m[K,
                 from [01m[K/opt/ros/foxy/include/statistics_msgs/msg/metrics_message.hpp:7[m[K,
                 from [01m[K/opt/ros/foxy/include/libstatistics_collector/collector/generate_statistics_message.hpp:21[m[K,
                 from [01m[K/opt/ros/foxy/include/rclcpp/topic_statistics/subscription_topic_statistics.hpp:23[m[K,
                 from [01m[K/opt/ros/foxy/include/rclcpp/subscription.hpp:50[m[K,
                 from [01m[K/opt/ros/foxy/include/rclcpp/any_executable.hpp:25[m[K,
                 from [01m[K/opt/ros/foxy/include/rclcpp/memory_strategy.hpp:24[m[K,
                 from [01m[K/opt/ros/foxy/include/rclcpp/memory_strategies.hpp:18[m[K,
                 from [01m[K/opt/ros/foxy/include/rclcpp/executor_options.hpp:20[m[K,
                 from [01m[K/opt/ros/foxy/include/rclcpp/executor.hpp:33[m[K,
                 from [01m[K/opt/ros/foxy/include/rclcpp/executors/multi_threaded_executor.hpp:26[m[K,
                 from [01m[K/opt/ros/foxy/include/rclcpp/executors.hpp:21[m[K,
                 from [01m[K/opt/ros/foxy/include/rclcpp/rclcpp.hpp:146[m[K,
                 from [01m[K/root/ws_offboard_control/src/px4_ros_com/src/examples/offboard/offboard_control.cpp:45[m[K:
[01m[K/opt/ros/foxy/include/statistics_msgs/msg/detail/statistic_data_point__struct.hpp:26:11:[m[K [01;36m[Knote: [m[K  ‘[01m[Kstatistics_msgs::msg[m[K’
   26 | namespace [01;36m[Kmsg[m[K
      |           [01;36m[K^~~[m[K
In file included from [01m[K/opt/ros/foxy/include/rcl_interfaces/msg/list_parameters_result.hpp:7[m[K,
                 from [01m[K/opt/ros/foxy/include/rclcpp/node.hpp:34[m[K,
                 from [01m[K/opt/ros/foxy/include/rclcpp/executors/single_threaded_executor.hpp:28[m[K,
                 from [01m[K/opt/ros/foxy/include/rclcpp/executors.hpp:22[m[K,
                 from [01m[K/opt/ros/foxy/include/rclcpp/rclcpp.hpp:146[m[K,
                 from [01m[K/root/ws_offboard_control/src/px4_ros_com/src/examples/offboard/offboard_control.cpp:45[m[K:
[01m[K/opt/ros/foxy/include/rcl_interfaces/msg/detail/list_parameters_result__struct.hpp:26:11:[m[K [01;36m[Knote: [m[K  ‘[01m[Krcl_interfaces::msg[m[K’
   26 | namespace [01;36m[Kmsg[m[K
      |           [01;36m[K^~~[m[K
[01m[K/root/ws_offboard_control/src/px4_ros_com/src/examples/offboard/offboard_control.cpp:168:17:[m[K [01;31m[Kerror: [m[K‘[01m[Kangle_to_radian[m[K’ was not declared in this scope
  168 |  msg.yaw_body = [01;31m[Kangle_to_radian[m[K(0);
      |                 [01;31m[K^~~~~~~~~~~~~~~[m[K
[01m[K/root/ws_offboard_control/src/px4_ros_com/src/examples/offboard/offboard_control.cpp:169:2:[m[K [01;31m[Kerror: [m[K‘[01m[Kattitude_setpoint_publisher_[m[K’ was not declared in this scope; did you mean ‘[01m[Ktrajectory_setpoint_publisher_[m[K’?
  169 |  [01;31m[Kattitude_setpoint_publisher_[m[K->publish(msg);
      |  [01;31m[K^~~~~~~~~~~~~~~~~~~~~~~~~~~~[m[K
      |  [32m[Ktrajectory_setpoint_publisher_[m[K
make[2]: *** [CMakeFiles/offboard_control.dir/build.make:76: CMakeFiles/offboard_control.dir/src/examples/offboard/offboard_control.cpp.o] Error 1
make[1]: *** [CMakeFiles/Makefile2:251: CMakeFiles/offboard_control.dir/all] Error 2
make: *** [Makefile:146: all] Error 2
