[33mCMake Warning (dev) at /opt/ros/foxy/share/ament_cmake_core/cmake/core/python.cmake:22 (find_package):
  Policy CMP0148 is not set: The FindPythonInterp and FindPythonLibs modules
  are removed.  Run "cmake --help-policy CMP0148" for policy details.  Use
  the cmake_policy command to set the policy and suppress this warning.

Call Stack (most recent call first):
  /opt/ros/foxy/share/ament_cmake_core/cmake/core/all.cmake:53 (include)
  /opt/ros/foxy/share/ament_cmake_core/cmake/ament_cmake_core-extras.cmake:17 (include)
  /opt/ros/foxy/share/ament_cmake_core/cmake/ament_cmake_coreConfig.cmake:41 (include)
  /opt/ros/foxy/share/ament_cmake/cmake/ament_cmake_export_dependencies-extras.cmake:15 (find_package)
  /opt/ros/foxy/share/ament_cmake/cmake/ament_cmakeConfig.cmake:41 (include)
  CMakeLists.txt:19 (find_package)
This warning is for project developers.  Use -Wno-dev to suppress it.
[0m
[31mCMake Error at CMakeLists.txt:33 (find_package):
  By not providing "Findrosbag2_test_common.cmake" in CMAKE_MODULE_PATH this
  project has asked CMake to find a package configuration file provided by
  "rosbag2_test_common", but CMake did not find one.

  Could not find a package configuration file provided by
  "rosbag2_test_common" with any of the following names:

    rosbag2_test_commonConfig.cmake
    rosbag2_test_common-config.cmake

  Add the installation prefix of "rosbag2_test_common" to CMAKE_PREFIX_PATH
  or set "rosbag2_test_common_DIR" to a directory containing one of the above
  files.  If "rosbag2_test_common" provides a separate development package or
  SDK, be sure it has been installed.

[0m
