make: Warning: File 'Makefile' has modification time 2869 s in the future
make[1]: Warning: File 'CMakeFiles/Makefile2' has modification time 2869 s in the future
make[2]: Warning: File 'CMakeFiles/comp_routine.dir/flags.make' has modification time 2869 s in the future
make[2]: warning:  Clock skew detected.  Your build may be incomplete.
make[2]: Warning: File 'CMakeFiles/comp_routine.dir/flags.make' has modification time 2869 s in the future
make[2]: warning:  Clock skew detected.  Your build may be incomplete.
[100%] Built target comp_routine
make[1]: warning:  Clock skew detected.  Your build may be incomplete.
make: warning:  Clock skew detected.  Your build may be incomplete.
-- Install configuration: ""
-- Up-to-date: /root/ws_offboard_control/install/comp_routine/lib/comp_routine/comp_routine
-- Up-to-date: /root/ws_offboard_control/install/comp_routine/share/ament_index/resource_index/package_run_dependencies/comp_routine
-- Up-to-date: /root/ws_offboard_control/install/comp_routine/share/ament_index/resource_index/parent_prefix_path/comp_routine
-- Up-to-date: /root/ws_offboard_control/install/comp_routine/share/comp_routine/environment/ament_prefix_path.sh
-- Up-to-date: /root/ws_offboard_control/install/comp_routine/share/comp_routine/environment/ament_prefix_path.dsv
-- Up-to-date: /root/ws_offboard_control/install/comp_routine/share/comp_routine/environment/path.sh
-- Up-to-date: /root/ws_offboard_control/install/comp_routine/share/comp_routine/environment/path.dsv
-- Up-to-date: /root/ws_offboard_control/install/comp_routine/share/comp_routine/local_setup.bash
-- Up-to-date: /root/ws_offboard_control/install/comp_routine/share/comp_routine/local_setup.sh
-- Up-to-date: /root/ws_offboard_control/install/comp_routine/share/comp_routine/local_setup.zsh
-- Up-to-date: /root/ws_offboard_control/install/comp_routine/share/comp_routine/local_setup.dsv
-- Installing: /root/ws_offboard_control/install/comp_routine/share/comp_routine/package.dsv
-- Up-to-date: /root/ws_offboard_control/install/comp_routine/share/ament_index/resource_index/packages/comp_routine
-- Up-to-date: /root/ws_offboard_control/install/comp_routine/share/comp_routine/cmake/comp_routineConfig.cmake
-- Up-to-date: /root/ws_offboard_control/install/comp_routine/share/comp_routine/cmake/comp_routineConfig-version.cmake
-- Up-to-date: /root/ws_offboard_control/install/comp_routine/share/comp_routine/package.xml
