[0.030s] Invoking command in '/root/ws_offboard_control/build/comp_routine': CMAKE_PREFIX_PATH=${CMAKE_PREFIX_PATH}:/opt/ros/foxy _=/usr/bin/env /usr/bin/cmake --build /root/ws_offboard_control/build/comp_routine -- -j8 -l8
[0.086s] make: Warning: File 'Makefile' has modification time 2869 s in the future
[0.143s] make[1]: Warning: File 'CMakeFiles/Makefile2' has modification time 2869 s in the future
[0.156s] make[2]: Warning: File 'CMakeFiles/comp_routine.dir/flags.make' has modification time 2869 s in the future
[0.173s] make[2]: warning:  Clock skew detected.  Your build may be incomplete.
[0.176s] make[2]: Warning: File 'CMakeFiles/comp_routine.dir/flags.make' has modification time 2869 s in the future
[0.208s] make[2]: warning:  Clock skew detected.  Your build may be incomplete.
[0.221s] [100%] Built target comp_routine
[0.222s] make[1]: warning:  Clock skew detected.  Your build may be incomplete.
[0.226s] make: warning:  Clock skew detected.  Your build may be incomplete.
[0.231s] Invoked command in '/root/ws_offboard_control/build/comp_routine' returned '0': CMAKE_PREFIX_PATH=${CMAKE_PREFIX_PATH}:/opt/ros/foxy _=/usr/bin/env /usr/bin/cmake --build /root/ws_offboard_control/build/comp_routine -- -j8 -l8
[0.324s] Invoking command in '/root/ws_offboard_control/build/comp_routine': CMAKE_PREFIX_PATH=${CMAKE_PREFIX_PATH}:/opt/ros/foxy _=/usr/bin/env /usr/bin/cmake --install /root/ws_offboard_control/build/comp_routine
[0.335s] -- Install configuration: ""
[0.338s] -- Up-to-date: /root/ws_offboard_control/install/comp_routine/lib/comp_routine/comp_routine
[0.339s] -- Up-to-date: /root/ws_offboard_control/install/comp_routine/share/ament_index/resource_index/package_run_dependencies/comp_routine
[0.340s] -- Up-to-date: /root/ws_offboard_control/install/comp_routine/share/ament_index/resource_index/parent_prefix_path/comp_routine
[0.341s] -- Up-to-date: /root/ws_offboard_control/install/comp_routine/share/comp_routine/environment/ament_prefix_path.sh
[0.341s] -- Up-to-date: /root/ws_offboard_control/install/comp_routine/share/comp_routine/environment/ament_prefix_path.dsv
[0.342s] -- Up-to-date: /root/ws_offboard_control/install/comp_routine/share/comp_routine/environment/path.sh
[0.342s] -- Up-to-date: /root/ws_offboard_control/install/comp_routine/share/comp_routine/environment/path.dsv
[0.343s] -- Up-to-date: /root/ws_offboard_control/install/comp_routine/share/comp_routine/local_setup.bash
[0.343s] -- Up-to-date: /root/ws_offboard_control/install/comp_routine/share/comp_routine/local_setup.sh
[0.343s] -- Up-to-date: /root/ws_offboard_control/install/comp_routine/share/comp_routine/local_setup.zsh
[0.344s] -- Up-to-date: /root/ws_offboard_control/install/comp_routine/share/comp_routine/local_setup.dsv
[0.344s] -- Installing: /root/ws_offboard_control/install/comp_routine/share/comp_routine/package.dsv
[0.345s] -- Up-to-date: /root/ws_offboard_control/install/comp_routine/share/ament_index/resource_index/packages/comp_routine
[0.345s] -- Up-to-date: /root/ws_offboard_control/install/comp_routine/share/comp_routine/cmake/comp_routineConfig.cmake
[0.345s] -- Up-to-date: /root/ws_offboard_control/install/comp_routine/share/comp_routine/cmake/comp_routineConfig-version.cmake
[0.346s] -- Up-to-date: /root/ws_offboard_control/install/comp_routine/share/comp_routine/package.xml
[0.350s] Invoked command in '/root/ws_offboard_control/build/comp_routine' returned '0': CMAKE_PREFIX_PATH=${CMAKE_PREFIX_PATH}:/opt/ros/foxy _=/usr/bin/env /usr/bin/cmake --install /root/ws_offboard_control/build/comp_routine
