[01m[K/root/ws_offboard_control/src/comp_routine/src/comp_routine.cpp:122:8:[m[K [01;31m[Kerror: [m[K‘[01m[Kvoid CompRoutine::run_state_machine()[m[K’ cannot be overloaded with ‘[01m[Kvoid CompRoutine::run_state_machine()[m[K’
  122 |   void [01;31m[Krun_state_machine[m[K() {
      |        [01;31m[K^~~~~~~~~~~~~~~~~[m[K
[01m[K/root/ws_offboard_control/src/comp_routine/src/comp_routine.cpp:35:8:[m[K [01;36m[Knote: [m[Kprevious declaration ‘[01m[Kvoid CompRoutine::run_state_machine()[m[K’
   35 |   void [01;36m[Krun_state_machine[m[K();
      |        [01;36m[K^~~~~~~~~~~~~~~~~[m[K
[01m[K/root/ws_offboard_control/src/comp_routine/src/comp_routine.cpp:[m[K In lambda function:
[01m[K/root/ws_offboard_control/src/comp_routine/src/comp_routine.cpp:76:48:[m[K [01;31m[Kerror: [m[Kexpected identifier before ‘[01m[K([m[K’ token
   76 |     if (offboard_setpoint_counter_++ >= 10) && [01;31m[K([m[K!armed_){
      |                                                [01;31m[K^[m[K
[01m[K/root/ws_offboard_control/src/comp_routine/src/comp_routine.cpp:76:48:[m[K [01;35m[Kwarning: [m[Ktaking the address of a label is non-standard [[01;35m[K-Wpedantic[m[K]
[01m[K/root/ws_offboard_control/src/comp_routine/src/comp_routine.cpp:[m[K In member function ‘[01m[Kvoid CompRoutine::vehicle_status_callback(px4_msgs::msg::VehicleStatus_<std::allocator<void> >::SharedPtr)[m[K’:
[01m[K/root/ws_offboard_control/src/comp_routine/src/comp_routine.cpp:108:17:[m[K [01;31m[Kerror: [m[K‘[01m[Kconst SharedPtr[m[K’ {aka ‘[01m[Kconst class std::shared_ptr<px4_msgs::msg::VehicleStatus_<std::allocator<void> > >[m[K’} has no member named ‘[01m[Karming_state[m[K’
  108 |    armed_ = msg.[01;31m[Karming_state[m[K == 2
      |                 [01;31m[K^~~~~~~~~~~~[m[K
[01m[K/root/ws_offboard_control/src/comp_routine/src/comp_routine.cpp:[m[K In function ‘[01m[Kvoid mySigintHandler(int)[m[K’:
[01m[K/root/ws_offboard_control/src/comp_routine/src/comp_routine.cpp:229:26:[m[K [01;35m[Kwarning: [m[Kunused parameter ‘[01m[Ksig[m[K’ [[01;35m[K-Wunused-parameter[m[K]
  229 | void mySigintHandler([01;35m[Kint sig[m[K) {
      |                      [01;35m[K~~~~^~~[m[K
make[2]: *** [CMakeFiles/comp_routine.dir/build.make:76: CMakeFiles/comp_routine.dir/src/comp_routine.cpp.o] Error 1
make[1]: *** [CMakeFiles/Makefile2:137: CMakeFiles/comp_routine.dir/all] Error 2
make: *** [Makefile:146: all] Error 2
