[0.041s] Invoking command in '/root/ws_offboard_control/build/px4_ros_com': CMAKE_PREFIX_PATH=/root/ws_offboard_control/install/px4_msgs:/root/ws_offboard_control/install/px4_ros_com:/opt/motovisio/ros_ws/install/px4_msgs:/opt/motovisio/ros_ws/install/micro_ros_setup:/opt/motovisio/ros_ws/install/micro_ros_agent:/opt/motovisio/ros_ws/install/micro_ros_msgs:/opt/ros/foxy LD_LIBRARY_PATH=/root/ws_offboard_control/install/px4_msgs/lib:/root/ws_offboard_control/install/px4_ros_com/lib:/opt/motovisio/ros_ws/install/px4_msgs/lib:/opt/motovisio/ros_ws/install/micro_ros_agent/lib:/opt/motovisio/ros_ws/install/micro_ros_msgs/lib:/opt/ros/foxy/opt/yaml_cpp_vendor/lib:/opt/ros/foxy/lib/aarch64-linux-gnu:/opt/ros/foxy/lib PYTHONPATH=/root/ws_offboard_control/install/px4_msgs/lib/python3.8/site-packages:/root/ws_offboard_control/install/px4_ros_com/lib/python3.8/site-packages:/opt/motovisio/ros_ws/install/px4_msgs/lib/python3.8/site-packages:/opt/motovisio/ros_ws/install/micro_ros_msgs/lib/python3.8/site-packages:/opt/ros/foxy/lib/python3.8/site-packages _=/usr/bin/env /usr/bin/cmake --build /root/ws_offboard_control/build/px4_ros_com -- -j8 -l8
[0.127s] [ 33%] Built target vehicle_gps_position_listener
[0.130s] [ 41%] Built target debug_vect_advertiser
[0.130s] [ 16%] [32mBuilding CXX object CMakeFiles/offboard_control.dir/src/examples/offboard/offboard_control.cpp.o[0m
[0.139s] [ 58%] Built target offboard_control_srv
[0.144s] [ 91%] Built target sensor_combined_listener
[0.145s] [ 91%] Built target frame_transforms
[1.392s] [01m[K/root/ws_offboard_control/src/px4_ros_com/src/examples/offboard/offboard_control.cpp:[m[K In constructor ‘[01m[KOffboardControl::OffboardControl()[m[K’:
[1.393s] [01m[K/root/ws_offboard_control/src/px4_ros_com/src/examples/offboard/offboard_control.cpp:64:31:[m[K [01;31m[Kerror: [m[Kexpected ‘[01m[K;[m[K’ before ‘[01m[Kthis[m[K’
[1.393s]    64 |   attitude_setpoint_publisher_[01;31m[K [m[K[32m[Kthis[m[K->create_publisher<VehicleAttitudeSetpoint>("/fmu/in/vehicle_attitude_setpoint", 10);
[1.393s]       |                               [01;31m[K^[m[K[32m[K~~~~[m[K
[1.394s]       |                               [32m[K;[m[K
[1.394s] [01m[K/root/ws_offboard_control/src/px4_ros_com/src/examples/offboard/offboard_control.cpp:64:3:[m[K [01;35m[Kwarning: [m[Kstatement has no effect [[01;35m[K-Wunused-value[m[K]
[1.394s]    64 |   [01;35m[Kattitude_setpoint_publisher_[m[K this->create_publisher<VehicleAttitudeSetpoint>("/fmu/in/vehicle_attitude_setpoint", 10);
[1.395s]       |   [01;35m[K^~~~~~~~~~~~~~~~~~~~~~~~~~~~[m[K
[1.398s] [01m[K/root/ws_offboard_control/src/px4_ros_com/src/examples/offboard/offboard_control.cpp:[m[K In lambda function:
[1.398s] [01m[K/root/ws_offboard_control/src/px4_ros_com/src/examples/offboard/offboard_control.cpp:81:4:[m[K [01;31m[Kerror: [m[K‘[01m[Kpublish_attitude_control[m[K’ was not declared in this scope; did you mean ‘[01m[Kpublish_attitude_setpoint[m[K’?
[1.398s]    81 |    [01;31m[Kpublish_attitude_control[m[K();
[1.399s]       |    [01;31m[K^~~~~~~~~~~~~~~~~~~~~~~~[m[K
[1.399s]       |    [32m[Kpublish_attitude_setpoint[m[K
[2.582s] make[2]: *** [CMakeFiles/offboard_control.dir/build.make:76: CMakeFiles/offboard_control.dir/src/examples/offboard/offboard_control.cpp.o] Error 1
[2.583s] make[1]: *** [CMakeFiles/Makefile2:251: CMakeFiles/offboard_control.dir/all] Error 2
[2.583s] make: *** [Makefile:146: all] Error 2
[2.588s] Invoked command in '/root/ws_offboard_control/build/px4_ros_com' returned '2': CMAKE_PREFIX_PATH=/root/ws_offboard_control/install/px4_msgs:/root/ws_offboard_control/install/px4_ros_com:/opt/motovisio/ros_ws/install/px4_msgs:/opt/motovisio/ros_ws/install/micro_ros_setup:/opt/motovisio/ros_ws/install/micro_ros_agent:/opt/motovisio/ros_ws/install/micro_ros_msgs:/opt/ros/foxy LD_LIBRARY_PATH=/root/ws_offboard_control/install/px4_msgs/lib:/root/ws_offboard_control/install/px4_ros_com/lib:/opt/motovisio/ros_ws/install/px4_msgs/lib:/opt/motovisio/ros_ws/install/micro_ros_agent/lib:/opt/motovisio/ros_ws/install/micro_ros_msgs/lib:/opt/ros/foxy/opt/yaml_cpp_vendor/lib:/opt/ros/foxy/lib/aarch64-linux-gnu:/opt/ros/foxy/lib PYTHONPATH=/root/ws_offboard_control/install/px4_msgs/lib/python3.8/site-packages:/root/ws_offboard_control/install/px4_ros_com/lib/python3.8/site-packages:/opt/motovisio/ros_ws/install/px4_msgs/lib/python3.8/site-packages:/opt/motovisio/ros_ws/install/micro_ros_msgs/lib/python3.8/site-packages:/opt/ros/foxy/lib/python3.8/site-packages _=/usr/bin/env /usr/bin/cmake --build /root/ws_offboard_control/build/px4_ros_com -- -j8 -l8
