[0.027s] Invoking command in '/root/ws_offboard_control/build/comp': CMAKE_PREFIX_PATH=${CMAKE_PREFIX_PATH}:/opt/ros/foxy _=/usr/bin/env /usr/bin/cmake --build /root/ws_offboard_control/build/comp -- -j8 -l8
[0.065s] -- Found ament_cmake: 0.9.12 (/opt/ros/foxy/share/ament_cmake/cmake)
[0.066s] [33mCMake Warning (dev) at /opt/ros/foxy/share/ament_cmake_core/cmake/core/python.cmake:22 (find_package):
[0.067s]   Policy CMP0148 is not set: The FindPythonInterp and FindPythonLibs modules
[0.067s]   are removed.  Run "cmake --help-policy CMP0148" for policy details.  Use
[0.067s]   the cmake_policy command to set the policy and suppress this warning.
[0.068s] 
[0.068s] Call Stack (most recent call first):
[0.069s]   /opt/ros/foxy/share/ament_cmake_core/cmake/core/all.cmake:53 (include)
[0.069s]   /opt/ros/foxy/share/ament_cmake_core/cmake/ament_cmake_core-extras.cmake:17 (include)
[0.069s]   /opt/ros/foxy/share/ament_cmake_core/cmake/ament_cmake_coreConfig.cmake:41 (include)
[0.070s]   /opt/ros/foxy/share/ament_cmake/cmake/ament_cmake_export_dependencies-extras.cmake:15 (find_package)
[0.070s]   /opt/ros/foxy/share/ament_cmake/cmake/ament_cmakeConfig.cmake:41 (include)
[0.071s]   CMakeLists.txt:19 (find_package)
[0.071s] This warning is for project developers.  Use -Wno-dev to suppress it.
[0.072s] [0m
[0.107s] -- Using PYTHON_EXECUTABLE: /usr/bin/python3
[0.303s] -- Found builtin_interfaces: 1.0.0 (/opt/ros/foxy/share/builtin_interfaces/cmake)
[0.329s] -- Using all available rosidl_typesupport_c: rosidl_typesupport_fastrtps_c;rosidl_typesupport_introspection_c
[0.336s] -- Found rosidl_adapter: 1.3.1 (/opt/ros/foxy/share/rosidl_adapter/cmake)
[0.476s] -- Found OpenSSL: /usr/lib/aarch64-linux-gnu/libcrypto.so (found version "1.1.1f")
[0.501s] -- Found FastRTPS: /opt/ros/foxy/include
[0.579s] -- Using all available rosidl_typesupport_cpp: rosidl_typesupport_fastrtps_cpp;rosidl_typesupport_introspection_cpp
[0.608s] -- Found eigen3_cmake_module: 0.1.1 (/opt/ros/foxy/share/eigen3_cmake_module/cmake)
[0.610s] -- Found Eigen3: TRUE (found version "3.3.7")
[0.611s] -- Found geometry_msgs: 2.0.5 (/opt/ros/foxy/share/geometry_msgs/cmake)
[0.667s] -- Found px4_msgs: 2.0.1 (/opt/motovisio/ros_ws/install/px4_msgs/share/px4_msgs/cmake)
[0.685s] -- Found rclcpp: 2.4.3 (/opt/ros/foxy/share/rclcpp/cmake)
[0.730s] -- Found rmw_implementation_cmake: 1.0.4 (/opt/ros/foxy/share/rmw_implementation_cmake/cmake)
[0.732s] -- Using RMW implementation 'rmw_fastrtps_cpp' as default
[0.733s] -- Performing Test CMAKE_HAVE_LIBC_PTHREAD
[0.900s] -- Performing Test CMAKE_HAVE_LIBC_PTHREAD - Failed
[0.900s] -- Looking for pthread_create in pthreads
[1.066s] -- Looking for pthread_create in pthreads - not found
[1.067s] -- Looking for pthread_create in pthread
[1.246s] -- Looking for pthread_create in pthread - found
[1.250s] -- Found Threads: TRUE
[1.396s] -- Found sensor_msgs: 2.0.5 (/opt/ros/foxy/share/sensor_msgs/cmake)
[1.464s] -- Found rclpy: 1.0.13 (/opt/ros/foxy/share/rclpy/cmake)
[1.465s] -- Found ament_lint_auto: 0.9.8 (/opt/ros/foxy/share/ament_lint_auto/cmake)
[1.552s] -- Added test 'copyright' to check source files copyright and LICENSE
[1.553s] -- Added test 'cppcheck' to perform static code analysis on C / C++ code
[1.553s] -- Configured cppcheck include dirs: /root/ws_offboard_control/src/comp/include;$<BUILD_INTERFACE:/root/ws_offboard_control/src/comp/include/comp>
[1.554s] -- Configured cppcheck exclude dirs and/or files: 
[1.554s] -- Added test 'cpplint' to check C / C++ code against the Google style
[1.555s] -- Configured cpplint exclude dirs and/or files: 
[1.555s] -- Added test 'lint_cmake' to check CMake code style
[1.555s] -- Added test 'uncrustify' to check C / C++ code style
[1.556s] -- Configured uncrustify additional arguments: 
[1.556s] -- Added test 'xmllint' to check XML markup files
[1.557s] -- Configuring done (1.5s)
[1.560s] [31mCMake Error at CMakeLists.txt:33 (add_library):
[1.560s]   Cannot find source file:
[1.561s] 
[1.561s]     src/lib/frame_transforms.cpp
[1.561s] 
[1.562s]   Tried extensions .c .C .c++ .cc .cpp .cxx .cu .mpp .m .M .mm .ixx .cppm
[1.562s]   .ccm .cxxm .c++m .h .hh .h++ .hm .hpp .hxx .in .txx .f .F .for .f77 .f90
[1.563s]   .f95 .f03 .hip .ispc
[1.563s] 
[1.564s] [0m
[1.564s] [31mCMake Error at CMakeLists.txt:33 (add_library):
[1.564s]   No SOURCES given to target: frame_transforms
[1.565s] 
[1.565s] [0m
[1.565s] [0mCMake Generate step failed.  Build files cannot be regenerated correctly.[0m
[1.569s] make: *** [Makefile:226: cmake_check_build_system] Error 1
[1.574s] Invoked command in '/root/ws_offboard_control/build/comp' returned '2': CMAKE_PREFIX_PATH=${CMAKE_PREFIX_PATH}:/opt/ros/foxy _=/usr/bin/env /usr/bin/cmake --build /root/ws_offboard_control/build/comp -- -j8 -l8
