[0.040s] Invoking command in '/root/ws_offboard_control/build/px4_ros_com': AMENT_PREFIX_PATH=/root/ws_offboard_control/install/px4_msgs:${AMENT_PREFIX_PATH} CMAKE_PREFIX_PATH=/root/ws_offboard_control/install/px4_msgs:/opt/motovisio/ros_ws/install/px4_msgs:/opt/motovisio/ros_ws/install/micro_ros_setup:/opt/motovisio/ros_ws/install/micro_ros_agent:/opt/motovisio/ros_ws/install/micro_ros_msgs:/opt/ros/foxy LD_LIBRARY_PATH=/root/ws_offboard_control/install/px4_msgs/lib:${LD_LIBRARY_PATH} PYTHONPATH=/root/ws_offboard_control/install/px4_msgs/lib/python3.8/site-packages:${PYTHONPATH} _=/usr/bin/env /usr/bin/cmake --build /root/ws_offboard_control/build/px4_ros_com -- -j8 -l8
[0.155s] [ 16%] Built target vehicle_gps_position_listener
[0.156s] [ 33%] Built target offboard_control_srv
[0.159s] [ 50%] Built target debug_vect_advertiser
[0.161s] [ 66%] Built target sensor_combined_listener
[0.173s] [ 83%] Built target frame_transforms
[0.181s] [100%] Built target offboard_control
[0.201s] Invoked command in '/root/ws_offboard_control/build/px4_ros_com' returned '0': AMENT_PREFIX_PATH=/root/ws_offboard_control/install/px4_msgs:${AMENT_PREFIX_PATH} CMAKE_PREFIX_PATH=/root/ws_offboard_control/install/px4_msgs:/opt/motovisio/ros_ws/install/px4_msgs:/opt/motovisio/ros_ws/install/micro_ros_setup:/opt/motovisio/ros_ws/install/micro_ros_agent:/opt/motovisio/ros_ws/install/micro_ros_msgs:/opt/ros/foxy LD_LIBRARY_PATH=/root/ws_offboard_control/install/px4_msgs/lib:${LD_LIBRARY_PATH} PYTHONPATH=/root/ws_offboard_control/install/px4_msgs/lib/python3.8/site-packages:${PYTHONPATH} _=/usr/bin/env /usr/bin/cmake --build /root/ws_offboard_control/build/px4_ros_com -- -j8 -l8
[0.330s] Invoking command in '/root/ws_offboard_control/build/px4_ros_com': AMENT_PREFIX_PATH=/root/ws_offboard_control/install/px4_msgs:${AMENT_PREFIX_PATH} CMAKE_PREFIX_PATH=/root/ws_offboard_control/install/px4_msgs:/opt/motovisio/ros_ws/install/px4_msgs:/opt/motovisio/ros_ws/install/micro_ros_setup:/opt/motovisio/ros_ws/install/micro_ros_agent:/opt/motovisio/ros_ws/install/micro_ros_msgs:/opt/ros/foxy LD_LIBRARY_PATH=/root/ws_offboard_control/install/px4_msgs/lib:${LD_LIBRARY_PATH} PYTHONPATH=/root/ws_offboard_control/install/px4_msgs/lib/python3.8/site-packages:${PYTHONPATH} _=/usr/bin/env /usr/bin/cmake --install /root/ws_offboard_control/build/px4_ros_com
[0.347s] -- Install configuration: ""
[0.348s] -- Up-to-date: /root/ws_offboard_control/install/px4_ros_com/lib/px4_ros_com/sensor_combined_listener
[0.349s] -- Up-to-date: /root/ws_offboard_control/install/px4_ros_com/lib/px4_ros_com/vehicle_gps_position_listener
[0.350s] -- Up-to-date: /root/ws_offboard_control/install/px4_ros_com/lib/px4_ros_com/debug_vect_advertiser
[0.351s] -- Up-to-date: /root/ws_offboard_control/install/px4_ros_com/lib/px4_ros_com/offboard_control
[0.352s] -- Up-to-date: /root/ws_offboard_control/install/px4_ros_com/lib/px4_ros_com/offboard_control_srv
[0.352s] -- Up-to-date: /root/ws_offboard_control/install/px4_ros_com/share/px4_ros_com/environment/library_path.sh
[0.353s] -- Up-to-date: /root/ws_offboard_control/install/px4_ros_com/share/px4_ros_com/environment/library_path.dsv
[0.353s] -- Up-to-date: /root/ws_offboard_control/install/px4_ros_com/include/px4_ros_com
[0.354s] -- Up-to-date: /root/ws_offboard_control/install/px4_ros_com/include/px4_ros_com/frame_transforms.h
[0.354s] -- Up-to-date: /root/ws_offboard_control/install/px4_ros_com/lib/libframe_transforms.so
[0.355s] -- Up-to-date: /root/ws_offboard_control/install/px4_ros_com/share/px4_ros_com//launch
[0.355s] -- Up-to-date: /root/ws_offboard_control/install/px4_ros_com/share/px4_ros_com//launch/offboard_control_launch.yaml
[0.356s] -- Up-to-date: /root/ws_offboard_control/install/px4_ros_com/share/px4_ros_com//launch/sensor_combined_listener.launch.py
[0.356s] -- Up-to-date: /root/ws_offboard_control/install/px4_ros_com/share/px4_ros_com//test
[0.356s] -- Up-to-date: /root/ws_offboard_control/install/px4_ros_com/share/px4_ros_com//test/__init__.py
[0.357s] -- Up-to-date: /root/ws_offboard_control/install/px4_ros_com/share/px4_ros_com//test/pipeline_io_test.py
[0.357s] -- Up-to-date: /root/ws_offboard_control/install/px4_ros_com/share/px4_ros_com//test/test_input.py
[0.357s] -- Up-to-date: /root/ws_offboard_control/install/px4_ros_com/share/px4_ros_com//test/test_output.py
[0.358s] -- Up-to-date: /root/ws_offboard_control/install/px4_ros_com/share/px4_ros_com/environment/pythonpath.sh
[0.358s] -- Up-to-date: /root/ws_offboard_control/install/px4_ros_com/share/px4_ros_com/environment/pythonpath.dsv
[0.358s] -- Up-to-date: /root/ws_offboard_control/install/px4_ros_com/lib/python3.8/site-packages/px4_ros_com
[0.359s] -- Up-to-date: /root/ws_offboard_control/install/px4_ros_com/lib/python3.8/site-packages/px4_ros_com/__init__.py
[0.359s] -- Up-to-date: /root/ws_offboard_control/install/px4_ros_com/lib/python3.8/site-packages/px4_ros_com/module_to_import.py
[0.405s] Listing '/root/ws_offboard_control/install/px4_ros_com/lib/python3.8/site-packages/px4_ros_com'...
[0.412s] -- Up-to-date: /root/ws_offboard_control/install/px4_ros_com/lib/px4_ros_com/offboard_control.py
[0.412s] -- Up-to-date: /root/ws_offboard_control/install/px4_ros_com/share/ament_index/resource_index/package_run_dependencies/px4_ros_com
[0.413s] -- Up-to-date: /root/ws_offboard_control/install/px4_ros_com/share/ament_index/resource_index/parent_prefix_path/px4_ros_com
[0.414s] -- Up-to-date: /root/ws_offboard_control/install/px4_ros_com/share/px4_ros_com/environment/ament_prefix_path.sh
[0.414s] -- Up-to-date: /root/ws_offboard_control/install/px4_ros_com/share/px4_ros_com/environment/ament_prefix_path.dsv
[0.415s] -- Up-to-date: /root/ws_offboard_control/install/px4_ros_com/share/px4_ros_com/environment/path.sh
[0.415s] -- Up-to-date: /root/ws_offboard_control/install/px4_ros_com/share/px4_ros_com/environment/path.dsv
[0.415s] -- Up-to-date: /root/ws_offboard_control/install/px4_ros_com/share/px4_ros_com/local_setup.bash
[0.416s] -- Up-to-date: /root/ws_offboard_control/install/px4_ros_com/share/px4_ros_com/local_setup.sh
[0.416s] -- Up-to-date: /root/ws_offboard_control/install/px4_ros_com/share/px4_ros_com/local_setup.zsh
[0.416s] -- Up-to-date: /root/ws_offboard_control/install/px4_ros_com/share/px4_ros_com/local_setup.dsv
[0.417s] -- Installing: /root/ws_offboard_control/install/px4_ros_com/share/px4_ros_com/package.dsv
[0.418s] -- Up-to-date: /root/ws_offboard_control/install/px4_ros_com/share/ament_index/resource_index/packages/px4_ros_com
[0.418s] -- Up-to-date: /root/ws_offboard_control/install/px4_ros_com/share/px4_ros_com/cmake/export_frame_transformsExport.cmake
[0.419s] -- Up-to-date: /root/ws_offboard_control/install/px4_ros_com/share/px4_ros_com/cmake/export_frame_transformsExport-noconfig.cmake
[0.419s] -- Up-to-date: /root/ws_offboard_control/install/px4_ros_com/share/px4_ros_com/cmake/ament_cmake_export_dependencies-extras.cmake
[0.419s] -- Up-to-date: /root/ws_offboard_control/install/px4_ros_com/share/px4_ros_com/cmake/ament_cmake_export_targets-extras.cmake
[0.420s] -- Up-to-date: /root/ws_offboard_control/install/px4_ros_com/share/px4_ros_com/cmake/ament_cmake_export_include_directories-extras.cmake
[0.420s] -- Up-to-date: /root/ws_offboard_control/install/px4_ros_com/share/px4_ros_com/cmake/ament_cmake_export_libraries-extras.cmake
[0.420s] -- Up-to-date: /root/ws_offboard_control/install/px4_ros_com/share/px4_ros_com/cmake/px4_ros_comConfig.cmake
[0.421s] -- Up-to-date: /root/ws_offboard_control/install/px4_ros_com/share/px4_ros_com/cmake/px4_ros_comConfig-version.cmake
[0.422s] -- Up-to-date: /root/ws_offboard_control/install/px4_ros_com/share/px4_ros_com/package.xml
[0.427s] Invoked command in '/root/ws_offboard_control/build/px4_ros_com' returned '0': AMENT_PREFIX_PATH=/root/ws_offboard_control/install/px4_msgs:${AMENT_PREFIX_PATH} CMAKE_PREFIX_PATH=/root/ws_offboard_control/install/px4_msgs:/opt/motovisio/ros_ws/install/px4_msgs:/opt/motovisio/ros_ws/install/micro_ros_setup:/opt/motovisio/ros_ws/install/micro_ros_agent:/opt/motovisio/ros_ws/install/micro_ros_msgs:/opt/ros/foxy LD_LIBRARY_PATH=/root/ws_offboard_control/install/px4_msgs/lib:${LD_LIBRARY_PATH} PYTHONPATH=/root/ws_offboard_control/install/px4_msgs/lib/python3.8/site-packages:${PYTHONPATH} _=/usr/bin/env /usr/bin/cmake --install /root/ws_offboard_control/build/px4_ros_com
