[0.158s] DEBUG:colcon:Command line arguments: ['/usr/bin/colcon', 'build']
[0.158s] DEBUG:colcon:Parsed command line arguments: Namespace(allow_overriding=[], ament_cmake_args=None, base_paths=['.'], build_base='build', catkin_cmake_args=None, catkin_skip_building_tests=False, cmake_args=None, cmake_clean_cache=False, cmake_clean_first=False, cmake_force_configure=False, cmake_target=None, cmake_target_skip_unavailable=False, continue_on_error=False, event_handlers=None, executor='parallel', ignore_user_meta=False, install_base='install', log_base=None, log_level=None, main=<bound method BuildVerb.main of <colcon_core.verb.build.BuildVerb object at 0x7f91d96700>>, merge_install=False, metas=['./colcon.meta'], packages_above=None, packages_above_and_dependencies=None, packages_above_depth=None, packages_end=None, packages_ignore=None, packages_ignore_regex=None, packages_select=None, packages_select_build_failed=False, packages_select_by_dep=None, packages_select_regex=None, packages_select_test_failures=False, packages_skip=None, packages_skip_build_finished=False, packages_skip_by_dep=None, packages_skip_regex=None, packages_skip_test_passed=False, packages_skip_up_to=None, packages_start=None, packages_up_to=None, packages_up_to_regex=None, parallel_workers=8, paths=None, symlink_install=False, test_result_base=None, verb_extension=<colcon_core.verb.build.BuildVerb object at 0x7f91d96700>, verb_name='build', verb_parser=<colcon_defaults.argument_parser.defaults.DefaultArgumentsDecorator object at 0x7f91c4c580>)
[0.266s] Level 1:colcon.colcon_core.package_discovery:discover_packages(colcon_meta) check parameters
[0.266s] Level 1:colcon.colcon_core.package_discovery:discover_packages(recursive) check parameters
[0.266s] Level 1:colcon.colcon_core.package_discovery:discover_packages(ignore) check parameters
[0.266s] Level 1:colcon.colcon_core.package_discovery:discover_packages(path) check parameters
[0.266s] Level 1:colcon.colcon_core.package_discovery:discover_packages(colcon_meta) discover
[0.266s] Level 1:colcon.colcon_core.package_discovery:discover_packages(recursive) discover
[0.266s] INFO:colcon.colcon_core.package_discovery:Crawling recursively for packages in '/root/ws_offboard_control'
[0.266s] Level 1:colcon.colcon_core.package_identification:_identify(.) by extensions ['ignore', 'ignore_ament_install']
[0.266s] Level 1:colcon.colcon_core.package_identification:_identify(.) by extension 'ignore'
[0.266s] Level 1:colcon.colcon_core.package_identification:_identify(.) by extension 'ignore_ament_install'
[0.266s] Level 1:colcon.colcon_core.package_identification:_identify(.) by extensions ['colcon_pkg']
[0.266s] Level 1:colcon.colcon_core.package_identification:_identify(.) by extension 'colcon_pkg'
[0.266s] Level 1:colcon.colcon_core.package_identification:_identify(.) by extensions ['colcon_meta']
[0.266s] Level 1:colcon.colcon_core.package_identification:_identify(.) by extension 'colcon_meta'
[0.266s] Level 1:colcon.colcon_core.package_identification:_identify(.) by extensions ['ros']
[0.266s] Level 1:colcon.colcon_core.package_identification:_identify(.) by extension 'ros'
[0.280s] Level 1:colcon.colcon_core.package_identification:_identify(.) by extensions ['cmake', 'python']
[0.280s] Level 1:colcon.colcon_core.package_identification:_identify(.) by extension 'cmake'
[0.280s] Level 1:colcon.colcon_core.package_identification:_identify(.) by extension 'python'
[0.281s] Level 1:colcon.colcon_core.package_identification:_identify(.) by extensions ['python_setup_py']
[0.281s] Level 1:colcon.colcon_core.package_identification:_identify(.) by extension 'python_setup_py'
[0.281s] Level 1:colcon.colcon_core.package_identification:_identify(build) by extensions ['ignore', 'ignore_ament_install']
[0.281s] Level 1:colcon.colcon_core.package_identification:_identify(build) by extension 'ignore'
[0.281s] Level 1:colcon.colcon_core.package_identification:_identify(build) ignored
[0.281s] Level 1:colcon.colcon_core.package_identification:_identify(install) by extensions ['ignore', 'ignore_ament_install']
[0.281s] Level 1:colcon.colcon_core.package_identification:_identify(install) by extension 'ignore'
[0.281s] Level 1:colcon.colcon_core.package_identification:_identify(install) ignored
[0.281s] Level 1:colcon.colcon_core.package_identification:_identify(log) by extensions ['ignore', 'ignore_ament_install']
[0.281s] Level 1:colcon.colcon_core.package_identification:_identify(log) by extension 'ignore'
[0.281s] Level 1:colcon.colcon_core.package_identification:_identify(log) ignored
[0.281s] Level 1:colcon.colcon_core.package_identification:_identify(src) by extensions ['ignore', 'ignore_ament_install']
[0.281s] Level 1:colcon.colcon_core.package_identification:_identify(src) by extension 'ignore'
[0.281s] Level 1:colcon.colcon_core.package_identification:_identify(src) by extension 'ignore_ament_install'
[0.282s] Level 1:colcon.colcon_core.package_identification:_identify(src) by extensions ['colcon_pkg']
[0.282s] Level 1:colcon.colcon_core.package_identification:_identify(src) by extension 'colcon_pkg'
[0.282s] Level 1:colcon.colcon_core.package_identification:_identify(src) by extensions ['colcon_meta']
[0.282s] Level 1:colcon.colcon_core.package_identification:_identify(src) by extension 'colcon_meta'
[0.282s] Level 1:colcon.colcon_core.package_identification:_identify(src) by extensions ['ros']
[0.282s] Level 1:colcon.colcon_core.package_identification:_identify(src) by extension 'ros'
[0.282s] Level 1:colcon.colcon_core.package_identification:_identify(src) by extensions ['cmake', 'python']
[0.282s] Level 1:colcon.colcon_core.package_identification:_identify(src) by extension 'cmake'
[0.282s] Level 1:colcon.colcon_core.package_identification:_identify(src) by extension 'python'
[0.282s] Level 1:colcon.colcon_core.package_identification:_identify(src) by extensions ['python_setup_py']
[0.282s] Level 1:colcon.colcon_core.package_identification:_identify(src) by extension 'python_setup_py'
[0.282s] Level 1:colcon.colcon_core.package_identification:_identify(src/comp_routine) by extensions ['ignore', 'ignore_ament_install']
[0.282s] Level 1:colcon.colcon_core.package_identification:_identify(src/comp_routine) by extension 'ignore'
[0.282s] Level 1:colcon.colcon_core.package_identification:_identify(src/comp_routine) by extension 'ignore_ament_install'
[0.282s] Level 1:colcon.colcon_core.package_identification:_identify(src/comp_routine) by extensions ['colcon_pkg']
[0.282s] Level 1:colcon.colcon_core.package_identification:_identify(src/comp_routine) by extension 'colcon_pkg'
[0.282s] Level 1:colcon.colcon_core.package_identification:_identify(src/comp_routine) by extensions ['colcon_meta']
[0.282s] Level 1:colcon.colcon_core.package_identification:_identify(src/comp_routine) by extension 'colcon_meta'
[0.282s] Level 1:colcon.colcon_core.package_identification:_identify(src/comp_routine) by extensions ['ros']
[0.282s] Level 1:colcon.colcon_core.package_identification:_identify(src/comp_routine) by extension 'ros'
[0.284s] DEBUG:colcon.colcon_core.package_identification:Package 'src/comp_routine' with type 'ros.ament_cmake' and name 'comp_routine'
[0.284s] Level 1:colcon.colcon_core.package_identification:_identify(src/px4_msgs) by extensions ['ignore', 'ignore_ament_install']
[0.285s] Level 1:colcon.colcon_core.package_identification:_identify(src/px4_msgs) by extension 'ignore'
[0.285s] Level 1:colcon.colcon_core.package_identification:_identify(src/px4_msgs) by extension 'ignore_ament_install'
[0.285s] Level 1:colcon.colcon_core.package_identification:_identify(src/px4_msgs) by extensions ['colcon_pkg']
[0.285s] Level 1:colcon.colcon_core.package_identification:_identify(src/px4_msgs) by extension 'colcon_pkg'
[0.285s] Level 1:colcon.colcon_core.package_identification:_identify(src/px4_msgs) by extensions ['colcon_meta']
[0.285s] Level 1:colcon.colcon_core.package_identification:_identify(src/px4_msgs) by extension 'colcon_meta'
[0.285s] Level 1:colcon.colcon_core.package_identification:_identify(src/px4_msgs) by extensions ['ros']
[0.285s] Level 1:colcon.colcon_core.package_identification:_identify(src/px4_msgs) by extension 'ros'
[0.285s] DEBUG:colcon.colcon_core.package_identification:Package 'src/px4_msgs' with type 'ros.ament_cmake' and name 'px4_msgs'
[0.285s] Level 1:colcon.colcon_core.package_identification:_identify(src/px4_ros_com) by extensions ['ignore', 'ignore_ament_install']
[0.286s] Level 1:colcon.colcon_core.package_identification:_identify(src/px4_ros_com) by extension 'ignore'
[0.286s] Level 1:colcon.colcon_core.package_identification:_identify(src/px4_ros_com) by extension 'ignore_ament_install'
[0.286s] Level 1:colcon.colcon_core.package_identification:_identify(src/px4_ros_com) by extensions ['colcon_pkg']
[0.286s] Level 1:colcon.colcon_core.package_identification:_identify(src/px4_ros_com) by extension 'colcon_pkg'
[0.286s] Level 1:colcon.colcon_core.package_identification:_identify(src/px4_ros_com) by extensions ['colcon_meta']
[0.286s] Level 1:colcon.colcon_core.package_identification:_identify(src/px4_ros_com) by extension 'colcon_meta'
[0.286s] Level 1:colcon.colcon_core.package_identification:_identify(src/px4_ros_com) by extensions ['ros']
[0.286s] Level 1:colcon.colcon_core.package_identification:_identify(src/px4_ros_com) by extension 'ros'
[0.287s] DEBUG:colcon.colcon_core.package_identification:Package 'src/px4_ros_com' with type 'ros.ament_cmake' and name 'px4_ros_com'
[0.287s] Level 1:colcon.colcon_core.package_discovery:discover_packages(recursive) using defaults
[0.287s] Level 1:colcon.colcon_core.package_discovery:discover_packages(ignore) discover
[0.287s] Level 1:colcon.colcon_core.package_discovery:discover_packages(ignore) using defaults
[0.287s] Level 1:colcon.colcon_core.package_discovery:discover_packages(path) discover
[0.287s] Level 1:colcon.colcon_core.package_discovery:discover_packages(path) using defaults
[0.306s] Level 1:colcon.colcon_core.package_discovery:discover_packages(prefix_path) check parameters
[0.306s] Level 1:colcon.colcon_core.package_discovery:discover_packages(prefix_path) discover
[0.307s] DEBUG:colcon.colcon_installed_package_information.package_discovery:Found 3 installed packages in /root/ws_offboard_control/install
[0.308s] DEBUG:colcon.colcon_installed_package_information.package_discovery:Found 4 installed packages in /opt/motovisio/ros_ws/install
[0.309s] DEBUG:colcon.colcon_installed_package_information.package_discovery:Found 189 installed packages in /opt/ros/foxy
[0.310s] Level 1:colcon.colcon_core.package_discovery:discover_packages(prefix_path) using defaults
[0.341s] Level 5:colcon.colcon_core.verb:set package 'comp_routine' build argument 'cmake_args' from command line to 'None'
[0.341s] Level 5:colcon.colcon_core.verb:set package 'comp_routine' build argument 'cmake_target' from command line to 'None'
[0.342s] Level 5:colcon.colcon_core.verb:set package 'comp_routine' build argument 'cmake_target_skip_unavailable' from command line to 'False'
[0.342s] Level 5:colcon.colcon_core.verb:set package 'comp_routine' build argument 'cmake_clean_cache' from command line to 'False'
[0.342s] Level 5:colcon.colcon_core.verb:set package 'comp_routine' build argument 'cmake_clean_first' from command line to 'False'
[0.342s] Level 5:colcon.colcon_core.verb:set package 'comp_routine' build argument 'cmake_force_configure' from command line to 'False'
[0.342s] Level 5:colcon.colcon_core.verb:set package 'comp_routine' build argument 'ament_cmake_args' from command line to 'None'
[0.342s] Level 5:colcon.colcon_core.verb:set package 'comp_routine' build argument 'catkin_cmake_args' from command line to 'None'
[0.342s] Level 5:colcon.colcon_core.verb:set package 'comp_routine' build argument 'catkin_skip_building_tests' from command line to 'False'
[0.342s] DEBUG:colcon.colcon_core.verb:Building package 'comp_routine' with the following arguments: {'ament_cmake_args': None, 'build_base': '/root/ws_offboard_control/build/comp_routine', 'catkin_cmake_args': None, 'catkin_skip_building_tests': False, 'cmake_args': None, 'cmake_clean_cache': False, 'cmake_clean_first': False, 'cmake_force_configure': False, 'cmake_target': None, 'cmake_target_skip_unavailable': False, 'install_base': '/root/ws_offboard_control/install/comp_routine', 'merge_install': False, 'path': '/root/ws_offboard_control/src/comp_routine', 'symlink_install': False, 'test_result_base': None}
[0.342s] Level 5:colcon.colcon_core.verb:set package 'px4_msgs' build argument 'cmake_args' from command line to 'None'
[0.342s] Level 5:colcon.colcon_core.verb:set package 'px4_msgs' build argument 'cmake_target' from command line to 'None'
[0.342s] Level 5:colcon.colcon_core.verb:set package 'px4_msgs' build argument 'cmake_target_skip_unavailable' from command line to 'False'
[0.342s] Level 5:colcon.colcon_core.verb:set package 'px4_msgs' build argument 'cmake_clean_cache' from command line to 'False'
[0.342s] Level 5:colcon.colcon_core.verb:set package 'px4_msgs' build argument 'cmake_clean_first' from command line to 'False'
[0.342s] Level 5:colcon.colcon_core.verb:set package 'px4_msgs' build argument 'cmake_force_configure' from command line to 'False'
[0.342s] Level 5:colcon.colcon_core.verb:set package 'px4_msgs' build argument 'ament_cmake_args' from command line to 'None'
[0.342s] Level 5:colcon.colcon_core.verb:set package 'px4_msgs' build argument 'catkin_cmake_args' from command line to 'None'
[0.342s] Level 5:colcon.colcon_core.verb:set package 'px4_msgs' build argument 'catkin_skip_building_tests' from command line to 'False'
[0.342s] DEBUG:colcon.colcon_core.verb:Building package 'px4_msgs' with the following arguments: {'ament_cmake_args': None, 'build_base': '/root/ws_offboard_control/build/px4_msgs', 'catkin_cmake_args': None, 'catkin_skip_building_tests': False, 'cmake_args': None, 'cmake_clean_cache': False, 'cmake_clean_first': False, 'cmake_force_configure': False, 'cmake_target': None, 'cmake_target_skip_unavailable': False, 'install_base': '/root/ws_offboard_control/install/px4_msgs', 'merge_install': False, 'path': '/root/ws_offboard_control/src/px4_msgs', 'symlink_install': False, 'test_result_base': None}
[0.343s] Level 5:colcon.colcon_core.verb:set package 'px4_ros_com' build argument 'cmake_args' from command line to 'None'
[0.343s] Level 5:colcon.colcon_core.verb:set package 'px4_ros_com' build argument 'cmake_target' from command line to 'None'
[0.343s] Level 5:colcon.colcon_core.verb:set package 'px4_ros_com' build argument 'cmake_target_skip_unavailable' from command line to 'False'
[0.343s] Level 5:colcon.colcon_core.verb:set package 'px4_ros_com' build argument 'cmake_clean_cache' from command line to 'False'
[0.343s] Level 5:colcon.colcon_core.verb:set package 'px4_ros_com' build argument 'cmake_clean_first' from command line to 'False'
[0.343s] Level 5:colcon.colcon_core.verb:set package 'px4_ros_com' build argument 'cmake_force_configure' from command line to 'False'
[0.343s] Level 5:colcon.colcon_core.verb:set package 'px4_ros_com' build argument 'ament_cmake_args' from command line to 'None'
[0.343s] Level 5:colcon.colcon_core.verb:set package 'px4_ros_com' build argument 'catkin_cmake_args' from command line to 'None'
[0.343s] Level 5:colcon.colcon_core.verb:set package 'px4_ros_com' build argument 'catkin_skip_building_tests' from command line to 'False'
[0.343s] DEBUG:colcon.colcon_core.verb:Building package 'px4_ros_com' with the following arguments: {'ament_cmake_args': None, 'build_base': '/root/ws_offboard_control/build/px4_ros_com', 'catkin_cmake_args': None, 'catkin_skip_building_tests': False, 'cmake_args': None, 'cmake_clean_cache': False, 'cmake_clean_first': False, 'cmake_force_configure': False, 'cmake_target': None, 'cmake_target_skip_unavailable': False, 'install_base': '/root/ws_offboard_control/install/px4_ros_com', 'merge_install': False, 'path': '/root/ws_offboard_control/src/px4_ros_com', 'symlink_install': False, 'test_result_base': None}
[0.343s] INFO:colcon.colcon_core.executor:Executing jobs using 'parallel' executor
[0.346s] DEBUG:colcon.colcon_parallel_executor.executor.parallel:run_until_complete
[0.346s] INFO:colcon.colcon_ros.task.ament_cmake.build:Building ROS package in '/root/ws_offboard_control/src/px4_msgs' with build type 'ament_cmake'
[0.346s] INFO:colcon.colcon_cmake.task.cmake.build:Building CMake package in '/root/ws_offboard_control/src/px4_msgs'
[0.350s] INFO:colcon.colcon_core.plugin_system:Skipping extension 'colcon_core.shell.bat': Not used on non-Windows systems
[0.351s] INFO:colcon.colcon_core.shell:Skip shell extension 'powershell' for command environment: Not usable outside of PowerShell
[0.351s] DEBUG:colcon.colcon_core.shell:Skip shell extension 'dsv' for command environment
[0.357s] INFO:colcon.colcon_ros.task.ament_cmake.build:Building ROS package in '/root/ws_offboard_control/src/comp_routine' with build type 'ament_cmake'
[0.357s] INFO:colcon.colcon_cmake.task.cmake.build:Building CMake package in '/root/ws_offboard_control/src/comp_routine'
[0.358s] INFO:colcon.colcon_core.shell:Skip shell extension 'powershell' for command environment: Not usable outside of PowerShell
[0.358s] DEBUG:colcon.colcon_core.shell:Skip shell extension 'dsv' for command environment
[0.375s] DEBUG:colcon.colcon_core.event_handler.log_command:Invoking command in '/root/ws_offboard_control/build/px4_msgs': CMAKE_PREFIX_PATH=${CMAKE_PREFIX_PATH}:/opt/ros/foxy _=/usr/bin/env /usr/bin/cmake --build /root/ws_offboard_control/build/px4_msgs -- -j8 -l8
[0.389s] DEBUG:colcon.colcon_core.event_handler.log_command:Invoking command in '/root/ws_offboard_control/build/comp_routine': CMAKE_PREFIX_PATH=${CMAKE_PREFIX_PATH}:/opt/ros/foxy _=/usr/bin/env /usr/bin/cmake --build /root/ws_offboard_control/build/comp_routine -- -j8 -l8
[0.506s] DEBUG:colcon.colcon_core.event_handler.log_command:Invoked command in '/root/ws_offboard_control/build/comp_routine' returned '0': CMAKE_PREFIX_PATH=${CMAKE_PREFIX_PATH}:/opt/ros/foxy _=/usr/bin/env /usr/bin/cmake --build /root/ws_offboard_control/build/comp_routine -- -j8 -l8
[0.609s] DEBUG:colcon.colcon_core.event_handler.log_command:Invoking command in '/root/ws_offboard_control/build/comp_routine': CMAKE_PREFIX_PATH=${CMAKE_PREFIX_PATH}:/opt/ros/foxy _=/usr/bin/env /usr/bin/cmake --install /root/ws_offboard_control/build/comp_routine
[0.628s] Level 1:colcon.colcon_core.environment:create_environment_scripts_only(comp_routine)
[0.643s] DEBUG:colcon.colcon_core.event_handler.log_command:Invoked command in '/root/ws_offboard_control/build/comp_routine' returned '0': CMAKE_PREFIX_PATH=${CMAKE_PREFIX_PATH}:/opt/ros/foxy _=/usr/bin/env /usr/bin/cmake --install /root/ws_offboard_control/build/comp_routine
[0.650s] Level 1:colcon.colcon_core.environment:checking '/root/ws_offboard_control/install/comp_routine' for CMake module files
[0.653s] Level 1:colcon.colcon_core.environment:checking '/root/ws_offboard_control/install/comp_routine' for CMake config files
[0.654s] Level 1:colcon.colcon_core.shell:create_environment_hook('comp_routine', 'cmake_prefix_path')
[0.656s] INFO:colcon.colcon_core.shell:Creating environment hook '/root/ws_offboard_control/install/comp_routine/share/comp_routine/hook/cmake_prefix_path.ps1'
[0.658s] INFO:colcon.colcon_core.shell:Creating environment descriptor '/root/ws_offboard_control/install/comp_routine/share/comp_routine/hook/cmake_prefix_path.dsv'
[0.660s] INFO:colcon.colcon_core.shell:Creating environment hook '/root/ws_offboard_control/install/comp_routine/share/comp_routine/hook/cmake_prefix_path.sh'
[0.663s] Level 1:colcon.colcon_core.environment:checking '/root/ws_offboard_control/install/comp_routine/lib'
[0.664s] Level 1:colcon.colcon_core.environment:checking '/root/ws_offboard_control/install/comp_routine/bin'
[0.664s] Level 1:colcon.colcon_core.environment:checking '/root/ws_offboard_control/install/comp_routine/lib/pkgconfig/comp_routine.pc'
[0.665s] Level 1:colcon.colcon_core.environment:checking '/root/ws_offboard_control/install/comp_routine/lib/python3.8/site-packages'
[0.666s] Level 1:colcon.colcon_core.environment:checking '/root/ws_offboard_control/install/comp_routine/bin'
[0.667s] INFO:colcon.colcon_core.shell:Creating package script '/root/ws_offboard_control/install/comp_routine/share/comp_routine/package.ps1'
[0.671s] INFO:colcon.colcon_core.shell:Creating package descriptor '/root/ws_offboard_control/install/comp_routine/share/comp_routine/package.dsv'
[0.671s] INFO:colcon.colcon_core.shell:Creating package script '/root/ws_offboard_control/install/comp_routine/share/comp_routine/package.sh'
[0.672s] INFO:colcon.colcon_core.shell:Creating package script '/root/ws_offboard_control/install/comp_routine/share/comp_routine/package.bash'
[0.673s] INFO:colcon.colcon_core.shell:Creating package script '/root/ws_offboard_control/install/comp_routine/share/comp_routine/package.zsh'
[0.675s] Level 1:colcon.colcon_core.environment:create_file_with_runtime_dependencies(/root/ws_offboard_control/install/comp_routine/share/colcon-core/packages/comp_routine)
[0.747s] Level 1:colcon.colcon_core.environment:create_environment_scripts_only(comp_routine)
[0.748s] Level 1:colcon.colcon_core.environment:checking '/root/ws_offboard_control/install/comp_routine' for CMake module files
[0.751s] Level 1:colcon.colcon_core.environment:checking '/root/ws_offboard_control/install/comp_routine' for CMake config files
[0.753s] Level 1:colcon.colcon_core.shell:create_environment_hook('comp_routine', 'cmake_prefix_path')
[0.754s] INFO:colcon.colcon_core.shell:Creating environment hook '/root/ws_offboard_control/install/comp_routine/share/comp_routine/hook/cmake_prefix_path.ps1'
[0.756s] INFO:colcon.colcon_core.shell:Creating environment descriptor '/root/ws_offboard_control/install/comp_routine/share/comp_routine/hook/cmake_prefix_path.dsv'
[0.761s] INFO:colcon.colcon_core.shell:Creating environment hook '/root/ws_offboard_control/install/comp_routine/share/comp_routine/hook/cmake_prefix_path.sh'
[0.763s] Level 1:colcon.colcon_core.environment:checking '/root/ws_offboard_control/install/comp_routine/lib'
[0.763s] Level 1:colcon.colcon_core.environment:checking '/root/ws_offboard_control/install/comp_routine/bin'
[0.764s] Level 1:colcon.colcon_core.environment:checking '/root/ws_offboard_control/install/comp_routine/lib/pkgconfig/comp_routine.pc'
[0.765s] Level 1:colcon.colcon_core.environment:checking '/root/ws_offboard_control/install/comp_routine/lib/python3.8/site-packages'
[0.765s] Level 1:colcon.colcon_core.environment:checking '/root/ws_offboard_control/install/comp_routine/bin'
[0.767s] INFO:colcon.colcon_core.shell:Creating package script '/root/ws_offboard_control/install/comp_routine/share/comp_routine/package.ps1'
[0.767s] INFO:colcon.colcon_core.shell:Creating package descriptor '/root/ws_offboard_control/install/comp_routine/share/comp_routine/package.dsv'
[0.768s] INFO:colcon.colcon_core.shell:Creating package script '/root/ws_offboard_control/install/comp_routine/share/comp_routine/package.sh'
[0.768s] INFO:colcon.colcon_core.shell:Creating package script '/root/ws_offboard_control/install/comp_routine/share/comp_routine/package.bash'
[0.769s] INFO:colcon.colcon_core.shell:Creating package script '/root/ws_offboard_control/install/comp_routine/share/comp_routine/package.zsh'
[0.769s] Level 1:colcon.colcon_core.environment:create_file_with_runtime_dependencies(/root/ws_offboard_control/install/comp_routine/share/colcon-core/packages/comp_routine)
[1.793s] DEBUG:colcon.colcon_core.event_handler.log_command:Invoked command in '/root/ws_offboard_control/build/px4_msgs' returned '0': CMAKE_PREFIX_PATH=${CMAKE_PREFIX_PATH}:/opt/ros/foxy _=/usr/bin/env /usr/bin/cmake --build /root/ws_offboard_control/build/px4_msgs -- -j8 -l8
[16.483s] DEBUG:colcon.colcon_core.event_handler.log_command:Invoking command in '/root/ws_offboard_control/build/px4_msgs': CMAKE_PREFIX_PATH=${CMAKE_PREFIX_PATH}:/opt/ros/foxy _=/usr/bin/env /usr/bin/cmake --install /root/ws_offboard_control/build/px4_msgs
[16.873s] Level 1:colcon.colcon_core.environment:create_environment_scripts_only(px4_msgs)
[16.875s] Level 1:colcon.colcon_core.environment:checking '/root/ws_offboard_control/install/px4_msgs' for CMake module files
[16.886s] Level 1:colcon.colcon_core.environment:checking '/root/ws_offboard_control/install/px4_msgs' for CMake config files
[16.900s] Level 1:colcon.colcon_core.shell:create_environment_hook('px4_msgs', 'cmake_prefix_path')
[16.901s] INFO:colcon.colcon_core.shell:Creating environment hook '/root/ws_offboard_control/install/px4_msgs/share/px4_msgs/hook/cmake_prefix_path.ps1'
[16.904s] INFO:colcon.colcon_core.shell:Creating environment descriptor '/root/ws_offboard_control/install/px4_msgs/share/px4_msgs/hook/cmake_prefix_path.dsv'
[16.906s] INFO:colcon.colcon_core.shell:Creating environment hook '/root/ws_offboard_control/install/px4_msgs/share/px4_msgs/hook/cmake_prefix_path.sh'
[16.908s] Level 1:colcon.colcon_core.environment:checking '/root/ws_offboard_control/install/px4_msgs/lib'
[16.909s] Level 1:colcon.colcon_core.shell:create_environment_hook('px4_msgs', 'ld_library_path_lib')
[16.910s] INFO:colcon.colcon_core.shell:Creating environment hook '/root/ws_offboard_control/install/px4_msgs/share/px4_msgs/hook/ld_library_path_lib.ps1'
[16.911s] INFO:colcon.colcon_core.shell:Creating environment descriptor '/root/ws_offboard_control/install/px4_msgs/share/px4_msgs/hook/ld_library_path_lib.dsv'
[16.913s] INFO:colcon.colcon_core.shell:Creating environment hook '/root/ws_offboard_control/install/px4_msgs/share/px4_msgs/hook/ld_library_path_lib.sh'
[16.915s] Level 1:colcon.colcon_core.environment:checking '/root/ws_offboard_control/install/px4_msgs/bin'
[16.915s] Level 1:colcon.colcon_core.environment:checking '/root/ws_offboard_control/install/px4_msgs/lib/pkgconfig/px4_msgs.pc'
[16.916s] Level 1:colcon.colcon_core.environment:checking '/root/ws_offboard_control/install/px4_msgs/lib/python3.8/site-packages'
[16.917s] Level 1:colcon.colcon_core.shell:create_environment_hook('px4_msgs', 'pythonpath')
[16.917s] INFO:colcon.colcon_core.shell:Creating environment hook '/root/ws_offboard_control/install/px4_msgs/share/px4_msgs/hook/pythonpath.ps1'
[16.919s] INFO:colcon.colcon_core.shell:Creating environment descriptor '/root/ws_offboard_control/install/px4_msgs/share/px4_msgs/hook/pythonpath.dsv'
[16.920s] INFO:colcon.colcon_core.shell:Creating environment hook '/root/ws_offboard_control/install/px4_msgs/share/px4_msgs/hook/pythonpath.sh'
[16.923s] Level 1:colcon.colcon_core.environment:checking '/root/ws_offboard_control/install/px4_msgs/bin'
[16.925s] INFO:colcon.colcon_core.shell:Creating package script '/root/ws_offboard_control/install/px4_msgs/share/px4_msgs/package.ps1'
[16.928s] INFO:colcon.colcon_core.shell:Creating package descriptor '/root/ws_offboard_control/install/px4_msgs/share/px4_msgs/package.dsv'
[16.930s] INFO:colcon.colcon_core.shell:Creating package script '/root/ws_offboard_control/install/px4_msgs/share/px4_msgs/package.sh'
[16.933s] INFO:colcon.colcon_core.shell:Creating package script '/root/ws_offboard_control/install/px4_msgs/share/px4_msgs/package.bash'
[16.935s] INFO:colcon.colcon_core.shell:Creating package script '/root/ws_offboard_control/install/px4_msgs/share/px4_msgs/package.zsh'
[16.936s] Level 1:colcon.colcon_core.environment:create_file_with_runtime_dependencies(/root/ws_offboard_control/install/px4_msgs/share/colcon-core/packages/px4_msgs)
[17.009s] DEBUG:colcon.colcon_core.event_handler.log_command:Invoked command in '/root/ws_offboard_control/build/px4_msgs' returned '0': CMAKE_PREFIX_PATH=${CMAKE_PREFIX_PATH}:/opt/ros/foxy _=/usr/bin/env /usr/bin/cmake --install /root/ws_offboard_control/build/px4_msgs
[31.830s] Level 1:colcon.colcon_core.environment:create_environment_scripts_only(px4_msgs)
[31.832s] Level 1:colcon.colcon_core.environment:checking '/root/ws_offboard_control/install/px4_msgs' for CMake module files
[31.837s] Level 1:colcon.colcon_core.environment:checking '/root/ws_offboard_control/install/px4_msgs' for CMake config files
[31.839s] Level 1:colcon.colcon_core.shell:create_environment_hook('px4_msgs', 'cmake_prefix_path')
[31.840s] INFO:colcon.colcon_core.shell:Creating environment hook '/root/ws_offboard_control/install/px4_msgs/share/px4_msgs/hook/cmake_prefix_path.ps1'
[31.840s] INFO:colcon.colcon_core.shell:Creating environment descriptor '/root/ws_offboard_control/install/px4_msgs/share/px4_msgs/hook/cmake_prefix_path.dsv'
[31.841s] INFO:colcon.colcon_core.shell:Creating environment hook '/root/ws_offboard_control/install/px4_msgs/share/px4_msgs/hook/cmake_prefix_path.sh'
[31.841s] Level 1:colcon.colcon_core.environment:checking '/root/ws_offboard_control/install/px4_msgs/lib'
[31.842s] Level 1:colcon.colcon_core.shell:create_environment_hook('px4_msgs', 'ld_library_path_lib')
[31.842s] INFO:colcon.colcon_core.shell:Creating environment hook '/root/ws_offboard_control/install/px4_msgs/share/px4_msgs/hook/ld_library_path_lib.ps1'
[31.842s] INFO:colcon.colcon_core.shell:Creating environment descriptor '/root/ws_offboard_control/install/px4_msgs/share/px4_msgs/hook/ld_library_path_lib.dsv'
[31.842s] INFO:colcon.colcon_core.shell:Creating environment hook '/root/ws_offboard_control/install/px4_msgs/share/px4_msgs/hook/ld_library_path_lib.sh'
[31.843s] Level 1:colcon.colcon_core.environment:checking '/root/ws_offboard_control/install/px4_msgs/bin'
[31.843s] Level 1:colcon.colcon_core.environment:checking '/root/ws_offboard_control/install/px4_msgs/lib/pkgconfig/px4_msgs.pc'
[31.843s] Level 1:colcon.colcon_core.environment:checking '/root/ws_offboard_control/install/px4_msgs/lib/python3.8/site-packages'
[31.843s] Level 1:colcon.colcon_core.shell:create_environment_hook('px4_msgs', 'pythonpath')
[31.843s] INFO:colcon.colcon_core.shell:Creating environment hook '/root/ws_offboard_control/install/px4_msgs/share/px4_msgs/hook/pythonpath.ps1'
[31.844s] INFO:colcon.colcon_core.shell:Creating environment descriptor '/root/ws_offboard_control/install/px4_msgs/share/px4_msgs/hook/pythonpath.dsv'
[31.844s] INFO:colcon.colcon_core.shell:Creating environment hook '/root/ws_offboard_control/install/px4_msgs/share/px4_msgs/hook/pythonpath.sh'
[31.845s] Level 1:colcon.colcon_core.environment:checking '/root/ws_offboard_control/install/px4_msgs/bin'
[31.845s] INFO:colcon.colcon_core.shell:Creating package script '/root/ws_offboard_control/install/px4_msgs/share/px4_msgs/package.ps1'
[31.846s] INFO:colcon.colcon_core.shell:Creating package descriptor '/root/ws_offboard_control/install/px4_msgs/share/px4_msgs/package.dsv'
[31.846s] INFO:colcon.colcon_core.shell:Creating package script '/root/ws_offboard_control/install/px4_msgs/share/px4_msgs/package.sh'
[31.847s] INFO:colcon.colcon_core.shell:Creating package script '/root/ws_offboard_control/install/px4_msgs/share/px4_msgs/package.bash'
[31.847s] INFO:colcon.colcon_core.shell:Creating package script '/root/ws_offboard_control/install/px4_msgs/share/px4_msgs/package.zsh'
[31.848s] Level 1:colcon.colcon_core.environment:create_file_with_runtime_dependencies(/root/ws_offboard_control/install/px4_msgs/share/colcon-core/packages/px4_msgs)
[31.848s] INFO:colcon.colcon_ros.task.ament_cmake.build:Building ROS package in '/root/ws_offboard_control/src/px4_ros_com' with build type 'ament_cmake'
[31.848s] INFO:colcon.colcon_cmake.task.cmake.build:Building CMake package in '/root/ws_offboard_control/src/px4_ros_com'
[31.848s] INFO:colcon.colcon_core.shell:Skip shell extension 'powershell' for command environment: Not usable outside of PowerShell
[31.849s] DEBUG:colcon.colcon_core.shell:Skip shell extension 'dsv' for command environment
[31.892s] DEBUG:colcon.colcon_core.event_handler.log_command:Invoking command in '/root/ws_offboard_control/build/px4_ros_com': CMAKE_PREFIX_PATH=/root/ws_offboard_control/install/px4_msgs:/root/ws_offboard_control/install/px4_ros_com:/root/ws_offboard_control/install/comp_routine:/opt/motovisio/ros_ws/install/px4_msgs:/opt/motovisio/ros_ws/install/micro_ros_setup:/opt/motovisio/ros_ws/install/micro_ros_agent:/opt/motovisio/ros_ws/install/micro_ros_msgs:/opt/ros/foxy LD_LIBRARY_PATH=/root/ws_offboard_control/install/px4_msgs/lib:/root/ws_offboard_control/install/px4_ros_com/lib:/opt/motovisio/ros_ws/install/px4_msgs/lib:/opt/motovisio/ros_ws/install/micro_ros_agent/lib:/opt/motovisio/ros_ws/install/micro_ros_msgs/lib:/opt/ros/foxy/opt/yaml_cpp_vendor/lib:/opt/ros/foxy/lib/aarch64-linux-gnu:/opt/ros/foxy/lib PYTHONPATH=/root/ws_offboard_control/install/px4_msgs/lib/python3.8/site-packages:/root/ws_offboard_control/install/px4_ros_com/lib/python3.8/site-packages:/opt/motovisio/ros_ws/install/px4_msgs/lib/python3.8/site-packages:/opt/motovisio/ros_ws/install/micro_ros_msgs/lib/python3.8/site-packages:/opt/ros/foxy/lib/python3.8/site-packages _=/usr/bin/env /usr/bin/cmake --build /root/ws_offboard_control/build/px4_ros_com -- -j8 -l8
[32.020s] DEBUG:colcon.colcon_core.event_handler.log_command:Invoked command in '/root/ws_offboard_control/build/px4_ros_com' returned '0': CMAKE_PREFIX_PATH=/root/ws_offboard_control/install/px4_msgs:/root/ws_offboard_control/install/px4_ros_com:/root/ws_offboard_control/install/comp_routine:/opt/motovisio/ros_ws/install/px4_msgs:/opt/motovisio/ros_ws/install/micro_ros_setup:/opt/motovisio/ros_ws/install/micro_ros_agent:/opt/motovisio/ros_ws/install/micro_ros_msgs:/opt/ros/foxy LD_LIBRARY_PATH=/root/ws_offboard_control/install/px4_msgs/lib:/root/ws_offboard_control/install/px4_ros_com/lib:/opt/motovisio/ros_ws/install/px4_msgs/lib:/opt/motovisio/ros_ws/install/micro_ros_agent/lib:/opt/motovisio/ros_ws/install/micro_ros_msgs/lib:/opt/ros/foxy/opt/yaml_cpp_vendor/lib:/opt/ros/foxy/lib/aarch64-linux-gnu:/opt/ros/foxy/lib PYTHONPATH=/root/ws_offboard_control/install/px4_msgs/lib/python3.8/site-packages:/root/ws_offboard_control/install/px4_ros_com/lib/python3.8/site-packages:/opt/motovisio/ros_ws/install/px4_msgs/lib/python3.8/site-packages:/opt/motovisio/ros_ws/install/micro_ros_msgs/lib/python3.8/site-packages:/opt/ros/foxy/lib/python3.8/site-packages _=/usr/bin/env /usr/bin/cmake --build /root/ws_offboard_control/build/px4_ros_com -- -j8 -l8
[32.169s] DEBUG:colcon.colcon_core.event_handler.log_command:Invoking command in '/root/ws_offboard_control/build/px4_ros_com': CMAKE_PREFIX_PATH=/root/ws_offboard_control/install/px4_msgs:/root/ws_offboard_control/install/px4_ros_com:/root/ws_offboard_control/install/comp_routine:/opt/motovisio/ros_ws/install/px4_msgs:/opt/motovisio/ros_ws/install/micro_ros_setup:/opt/motovisio/ros_ws/install/micro_ros_agent:/opt/motovisio/ros_ws/install/micro_ros_msgs:/opt/ros/foxy LD_LIBRARY_PATH=/root/ws_offboard_control/install/px4_msgs/lib:/root/ws_offboard_control/install/px4_ros_com/lib:/opt/motovisio/ros_ws/install/px4_msgs/lib:/opt/motovisio/ros_ws/install/micro_ros_agent/lib:/opt/motovisio/ros_ws/install/micro_ros_msgs/lib:/opt/ros/foxy/opt/yaml_cpp_vendor/lib:/opt/ros/foxy/lib/aarch64-linux-gnu:/opt/ros/foxy/lib PYTHONPATH=/root/ws_offboard_control/install/px4_msgs/lib/python3.8/site-packages:/root/ws_offboard_control/install/px4_ros_com/lib/python3.8/site-packages:/opt/motovisio/ros_ws/install/px4_msgs/lib/python3.8/site-packages:/opt/motovisio/ros_ws/install/micro_ros_msgs/lib/python3.8/site-packages:/opt/ros/foxy/lib/python3.8/site-packages _=/usr/bin/env /usr/bin/cmake --install /root/ws_offboard_control/build/px4_ros_com
[32.233s] Level 1:colcon.colcon_core.environment:create_environment_scripts_only(px4_ros_com)
[32.235s] Level 1:colcon.colcon_core.environment:checking '/root/ws_offboard_control/install/px4_ros_com' for CMake module files
[32.241s] Level 1:colcon.colcon_core.environment:checking '/root/ws_offboard_control/install/px4_ros_com' for CMake config files
[32.243s] DEBUG:colcon.colcon_core.event_handler.log_command:Invoked command in '/root/ws_offboard_control/build/px4_ros_com' returned '0': CMAKE_PREFIX_PATH=/root/ws_offboard_control/install/px4_msgs:/root/ws_offboard_control/install/px4_ros_com:/root/ws_offboard_control/install/comp_routine:/opt/motovisio/ros_ws/install/px4_msgs:/opt/motovisio/ros_ws/install/micro_ros_setup:/opt/motovisio/ros_ws/install/micro_ros_agent:/opt/motovisio/ros_ws/install/micro_ros_msgs:/opt/ros/foxy LD_LIBRARY_PATH=/root/ws_offboard_control/install/px4_msgs/lib:/root/ws_offboard_control/install/px4_ros_com/lib:/opt/motovisio/ros_ws/install/px4_msgs/lib:/opt/motovisio/ros_ws/install/micro_ros_agent/lib:/opt/motovisio/ros_ws/install/micro_ros_msgs/lib:/opt/ros/foxy/opt/yaml_cpp_vendor/lib:/opt/ros/foxy/lib/aarch64-linux-gnu:/opt/ros/foxy/lib PYTHONPATH=/root/ws_offboard_control/install/px4_msgs/lib/python3.8/site-packages:/root/ws_offboard_control/install/px4_ros_com/lib/python3.8/site-packages:/opt/motovisio/ros_ws/install/px4_msgs/lib/python3.8/site-packages:/opt/motovisio/ros_ws/install/micro_ros_msgs/lib/python3.8/site-packages:/opt/ros/foxy/lib/python3.8/site-packages _=/usr/bin/env /usr/bin/cmake --install /root/ws_offboard_control/build/px4_ros_com
[32.244s] Level 1:colcon.colcon_core.shell:create_environment_hook('px4_ros_com', 'cmake_prefix_path')
[32.245s] INFO:colcon.colcon_core.shell:Creating environment hook '/root/ws_offboard_control/install/px4_ros_com/share/px4_ros_com/hook/cmake_prefix_path.ps1'
[32.248s] INFO:colcon.colcon_core.shell:Creating environment descriptor '/root/ws_offboard_control/install/px4_ros_com/share/px4_ros_com/hook/cmake_prefix_path.dsv'
[32.249s] INFO:colcon.colcon_core.shell:Creating environment hook '/root/ws_offboard_control/install/px4_ros_com/share/px4_ros_com/hook/cmake_prefix_path.sh'
[32.251s] Level 1:colcon.colcon_core.environment:checking '/root/ws_offboard_control/install/px4_ros_com/lib'
[32.251s] Level 1:colcon.colcon_core.shell:create_environment_hook('px4_ros_com', 'ld_library_path_lib')
[32.252s] INFO:colcon.colcon_core.shell:Creating environment hook '/root/ws_offboard_control/install/px4_ros_com/share/px4_ros_com/hook/ld_library_path_lib.ps1'
[32.253s] INFO:colcon.colcon_core.shell:Creating environment descriptor '/root/ws_offboard_control/install/px4_ros_com/share/px4_ros_com/hook/ld_library_path_lib.dsv'
[32.254s] INFO:colcon.colcon_core.shell:Creating environment hook '/root/ws_offboard_control/install/px4_ros_com/share/px4_ros_com/hook/ld_library_path_lib.sh'
[32.255s] Level 1:colcon.colcon_core.environment:checking '/root/ws_offboard_control/install/px4_ros_com/bin'
[32.255s] Level 1:colcon.colcon_core.environment:checking '/root/ws_offboard_control/install/px4_ros_com/lib/pkgconfig/px4_ros_com.pc'
[32.256s] Level 1:colcon.colcon_core.environment:checking '/root/ws_offboard_control/install/px4_ros_com/lib/python3.8/site-packages'
[32.257s] Level 1:colcon.colcon_core.shell:create_environment_hook('px4_ros_com', 'pythonpath')
[32.258s] INFO:colcon.colcon_core.shell:Creating environment hook '/root/ws_offboard_control/install/px4_ros_com/share/px4_ros_com/hook/pythonpath.ps1'
[32.259s] INFO:colcon.colcon_core.shell:Creating environment descriptor '/root/ws_offboard_control/install/px4_ros_com/share/px4_ros_com/hook/pythonpath.dsv'
[32.260s] INFO:colcon.colcon_core.shell:Creating environment hook '/root/ws_offboard_control/install/px4_ros_com/share/px4_ros_com/hook/pythonpath.sh'
[32.261s] Level 1:colcon.colcon_core.environment:checking '/root/ws_offboard_control/install/px4_ros_com/bin'
[32.263s] INFO:colcon.colcon_core.shell:Creating package script '/root/ws_offboard_control/install/px4_ros_com/share/px4_ros_com/package.ps1'
[32.265s] INFO:colcon.colcon_core.shell:Creating package descriptor '/root/ws_offboard_control/install/px4_ros_com/share/px4_ros_com/package.dsv'
[32.267s] INFO:colcon.colcon_core.shell:Creating package script '/root/ws_offboard_control/install/px4_ros_com/share/px4_ros_com/package.sh'
[32.268s] INFO:colcon.colcon_core.shell:Creating package script '/root/ws_offboard_control/install/px4_ros_com/share/px4_ros_com/package.bash'
[32.270s] INFO:colcon.colcon_core.shell:Creating package script '/root/ws_offboard_control/install/px4_ros_com/share/px4_ros_com/package.zsh'
[32.272s] Level 1:colcon.colcon_core.environment:create_file_with_runtime_dependencies(/root/ws_offboard_control/install/px4_ros_com/share/colcon-core/packages/px4_ros_com)
[32.402s] Level 1:colcon.colcon_core.environment:create_environment_scripts_only(px4_ros_com)
[32.404s] Level 1:colcon.colcon_core.environment:checking '/root/ws_offboard_control/install/px4_ros_com' for CMake module files
[32.407s] Level 1:colcon.colcon_core.environment:checking '/root/ws_offboard_control/install/px4_ros_com' for CMake config files
[32.409s] Level 1:colcon.colcon_core.shell:create_environment_hook('px4_ros_com', 'cmake_prefix_path')
[32.410s] INFO:colcon.colcon_core.shell:Creating environment hook '/root/ws_offboard_control/install/px4_ros_com/share/px4_ros_com/hook/cmake_prefix_path.ps1'
[32.413s] INFO:colcon.colcon_core.shell:Creating environment descriptor '/root/ws_offboard_control/install/px4_ros_com/share/px4_ros_com/hook/cmake_prefix_path.dsv'
[32.414s] INFO:colcon.colcon_core.shell:Creating environment hook '/root/ws_offboard_control/install/px4_ros_com/share/px4_ros_com/hook/cmake_prefix_path.sh'
[32.416s] Level 1:colcon.colcon_core.environment:checking '/root/ws_offboard_control/install/px4_ros_com/lib'
[32.416s] Level 1:colcon.colcon_core.shell:create_environment_hook('px4_ros_com', 'ld_library_path_lib')
[32.416s] INFO:colcon.colcon_core.shell:Creating environment hook '/root/ws_offboard_control/install/px4_ros_com/share/px4_ros_com/hook/ld_library_path_lib.ps1'
[32.416s] INFO:colcon.colcon_core.shell:Creating environment descriptor '/root/ws_offboard_control/install/px4_ros_com/share/px4_ros_com/hook/ld_library_path_lib.dsv'
[32.417s] INFO:colcon.colcon_core.shell:Creating environment hook '/root/ws_offboard_control/install/px4_ros_com/share/px4_ros_com/hook/ld_library_path_lib.sh'
[32.417s] Level 1:colcon.colcon_core.environment:checking '/root/ws_offboard_control/install/px4_ros_com/bin'
[32.417s] Level 1:colcon.colcon_core.environment:checking '/root/ws_offboard_control/install/px4_ros_com/lib/pkgconfig/px4_ros_com.pc'
[32.417s] Level 1:colcon.colcon_core.environment:checking '/root/ws_offboard_control/install/px4_ros_com/lib/python3.8/site-packages'
[32.417s] Level 1:colcon.colcon_core.shell:create_environment_hook('px4_ros_com', 'pythonpath')
[32.418s] INFO:colcon.colcon_core.shell:Creating environment hook '/root/ws_offboard_control/install/px4_ros_com/share/px4_ros_com/hook/pythonpath.ps1'
[32.418s] INFO:colcon.colcon_core.shell:Creating environment descriptor '/root/ws_offboard_control/install/px4_ros_com/share/px4_ros_com/hook/pythonpath.dsv'
[32.419s] INFO:colcon.colcon_core.shell:Creating environment hook '/root/ws_offboard_control/install/px4_ros_com/share/px4_ros_com/hook/pythonpath.sh'
[32.419s] Level 1:colcon.colcon_core.environment:checking '/root/ws_offboard_control/install/px4_ros_com/bin'
[32.420s] INFO:colcon.colcon_core.shell:Creating package script '/root/ws_offboard_control/install/px4_ros_com/share/px4_ros_com/package.ps1'
[32.420s] INFO:colcon.colcon_core.shell:Creating package descriptor '/root/ws_offboard_control/install/px4_ros_com/share/px4_ros_com/package.dsv'
[32.421s] INFO:colcon.colcon_core.shell:Creating package script '/root/ws_offboard_control/install/px4_ros_com/share/px4_ros_com/package.sh'
[32.421s] INFO:colcon.colcon_core.shell:Creating package script '/root/ws_offboard_control/install/px4_ros_com/share/px4_ros_com/package.bash'
[32.422s] INFO:colcon.colcon_core.shell:Creating package script '/root/ws_offboard_control/install/px4_ros_com/share/px4_ros_com/package.zsh'
[32.422s] Level 1:colcon.colcon_core.environment:create_file_with_runtime_dependencies(/root/ws_offboard_control/install/px4_ros_com/share/colcon-core/packages/px4_ros_com)
[32.423s] DEBUG:colcon.colcon_parallel_executor.executor.parallel:closing loop
[32.423s] DEBUG:colcon.colcon_parallel_executor.executor.parallel:loop closed
[32.423s] DEBUG:colcon.colcon_parallel_executor.executor.parallel:run_until_complete finished with '0'
[32.423s] DEBUG:colcon.colcon_core.event_reactor:joining thread
[32.444s] INFO:colcon.colcon_core.plugin_system:Skipping extension 'colcon_notification.desktop_notification.notify_send': Could not find 'notify-send'
[32.444s] INFO:colcon.colcon_core.plugin_system:Skipping extension 'colcon_notification.desktop_notification.terminal_notifier': Not used on non-Darwin systems
[32.445s] INFO:colcon.colcon_core.plugin_system:Skipping extension 'colcon_notification.desktop_notification.win32': Not used on non-Windows systems
[32.445s] INFO:colcon.colcon_notification.desktop_notification:Sending desktop notification using 'notify2'
[32.452s] DEBUG:colcon.colcon_notification.desktop_notification.notify2:Failed to initialize notify2: org.freedesktop.DBus.Error.ServiceUnknown: The name org.freedesktop.Notifications was not provided by any .service files
[32.452s] DEBUG:colcon.colcon_core.event_reactor:joined thread
[32.453s] INFO:colcon.colcon_core.shell:Creating prefix script '/root/ws_offboard_control/install/local_setup.ps1'
[32.454s] INFO:colcon.colcon_core.shell:Creating prefix util module '/root/ws_offboard_control/install/_local_setup_util_ps1.py'
[32.455s] INFO:colcon.colcon_core.shell:Creating prefix chain script '/root/ws_offboard_control/install/setup.ps1'
[32.457s] INFO:colcon.colcon_core.shell:Creating prefix script '/root/ws_offboard_control/install/local_setup.sh'
[32.457s] INFO:colcon.colcon_core.shell:Creating prefix util module '/root/ws_offboard_control/install/_local_setup_util_sh.py'
[32.458s] INFO:colcon.colcon_core.shell:Creating prefix chain script '/root/ws_offboard_control/install/setup.sh'
[32.459s] INFO:colcon.colcon_core.shell:Creating prefix script '/root/ws_offboard_control/install/local_setup.bash'
[32.459s] INFO:colcon.colcon_core.shell:Creating prefix chain script '/root/ws_offboard_control/install/setup.bash'
[32.461s] INFO:colcon.colcon_core.shell:Creating prefix script '/root/ws_offboard_control/install/local_setup.zsh'
[32.461s] INFO:colcon.colcon_core.shell:Creating prefix chain script '/root/ws_offboard_control/install/setup.zsh'
