[0.029s] Invoking command in '/root/ws_offboard_control/build/comp': CMAKE_PREFIX_PATH=${CMAKE_PREFIX_PATH}:/opt/ros/foxy _=/usr/bin/env /usr/bin/cmake --build /root/ws_offboard_control/build/comp -- -j8 -l8
[0.074s] -- Found ament_cmake: 0.9.12 (/opt/ros/foxy/share/ament_cmake/cmake)
[0.075s] [33mCMake Warning (dev) at /opt/ros/foxy/share/ament_cmake_core/cmake/core/python.cmake:22 (find_package):
[0.075s]   Policy CMP0148 is not set: The FindPythonInterp and FindPythonLibs modules
[0.076s]   are removed.  Run "cmake --help-policy CMP0148" for policy details.  Use
[0.076s]   the cmake_policy command to set the policy and suppress this warning.
[0.077s] 
[0.077s] Call Stack (most recent call first):
[0.077s]   /opt/ros/foxy/share/ament_cmake_core/cmake/core/all.cmake:53 (include)
[0.078s]   /opt/ros/foxy/share/ament_cmake_core/cmake/ament_cmake_core-extras.cmake:17 (include)
[0.078s]   /opt/ros/foxy/share/ament_cmake_core/cmake/ament_cmake_coreConfig.cmake:41 (include)
[0.078s]   /opt/ros/foxy/share/ament_cmake/cmake/ament_cmake_export_dependencies-extras.cmake:15 (find_package)
[0.079s]   /opt/ros/foxy/share/ament_cmake/cmake/ament_cmakeConfig.cmake:41 (include)
[0.079s]   CMakeLists.txt:19 (find_package)
[0.079s] This warning is for project developers.  Use -Wno-dev to suppress it.
[0.080s] [0m
[0.117s] -- Using PYTHON_EXECUTABLE: /usr/bin/python3
[0.312s] -- Found builtin_interfaces: 1.0.0 (/opt/ros/foxy/share/builtin_interfaces/cmake)
[0.329s] -- Using all available rosidl_typesupport_c: rosidl_typesupport_fastrtps_c;rosidl_typesupport_introspection_c
[0.332s] -- Found rosidl_adapter: 1.3.1 (/opt/ros/foxy/share/rosidl_adapter/cmake)
[0.435s] -- Using all available rosidl_typesupport_cpp: rosidl_typesupport_fastrtps_cpp;rosidl_typesupport_introspection_cpp
[0.458s] -- Found eigen3_cmake_module: 0.1.1 (/opt/ros/foxy/share/eigen3_cmake_module/cmake)
[0.460s] -- Found geometry_msgs: 2.0.5 (/opt/ros/foxy/share/geometry_msgs/cmake)
[0.516s] -- Found px4_msgs: 2.0.1 (/opt/motovisio/ros_ws/install/px4_msgs/share/px4_msgs/cmake)
[0.532s] -- Found rclcpp: 2.4.3 (/opt/ros/foxy/share/rclcpp/cmake)
[0.567s] -- Found rmw_implementation_cmake: 1.0.4 (/opt/ros/foxy/share/rmw_implementation_cmake/cmake)
[0.568s] -- Using RMW implementation 'rmw_fastrtps_cpp' as default
[0.684s] -- Found sensor_msgs: 2.0.5 (/opt/ros/foxy/share/sensor_msgs/cmake)
[0.747s] -- Found rclpy: 1.0.13 (/opt/ros/foxy/share/rclpy/cmake)
[0.749s] -- Found ament_lint_auto: 0.9.8 (/opt/ros/foxy/share/ament_lint_auto/cmake)
[0.844s] -- Added test 'copyright' to check source files copyright and LICENSE
[0.845s] -- Added test 'cppcheck' to perform static code analysis on C / C++ code
[0.846s] -- Configured cppcheck include dirs: /root/ws_offboard_control/src/comp/include;$<BUILD_INTERFACE:/root/ws_offboard_control/src/comp/include/comp>
[0.846s] -- Configured cppcheck exclude dirs and/or files: 
[0.847s] -- Added test 'cpplint' to check C / C++ code against the Google style
[0.848s] -- Configured cpplint exclude dirs and/or files: 
[0.849s] -- Added test 'lint_cmake' to check CMake code style
[0.849s] -- Added test 'uncrustify' to check C / C++ code style
[0.852s] -- Configured uncrustify additional arguments: 
[0.853s] -- Added test 'xmllint' to check XML markup files
[0.853s] -- Configuring done (0.8s)
[0.854s] [31mCMake Error at CMakeLists.txt:33 (add_library):
[0.854s]   Cannot find source file:
[0.854s] 
[0.855s]     src/lib/frame_transforms.cpp
[0.855s] 
[0.856s]   Tried extensions .c .C .c++ .cc .cpp .cxx .cu .mpp .m .M .mm .ixx .cppm
[0.856s]   .ccm .cxxm .c++m .h .hh .h++ .hm .hpp .hxx .in .txx .f .F .for .f77 .f90
[0.857s]   .f95 .f03 .hip .ispc
[0.857s] 
[0.858s] [0m
[0.858s] [31mCMake Error at CMakeLists.txt:33 (add_library):
[0.859s]   No SOURCES given to target: frame_transforms
[0.859s] 
[0.859s] [0m
[0.860s] [0mCMake Generate step failed.  Build files cannot be regenerated correctly.[0m
[0.860s] make: *** [Makefile:226: cmake_check_build_system] Error 1
[0.867s] Invoked command in '/root/ws_offboard_control/build/comp' returned '2': CMAKE_PREFIX_PATH=${CMAKE_PREFIX_PATH}:/opt/ros/foxy _=/usr/bin/env /usr/bin/cmake --build /root/ws_offboard_control/build/comp -- -j8 -l8
