[0.080s] Invoking command in '/root/ws_offboard_control/build/rb5_ros2_vision': CMAKE_PREFIX_PATH=${CMAKE_PREFIX_PATH}:/opt/ros/foxy _=/usr/bin/env /usr/bin/cmake --build /root/ws_offboard_control/build/rb5_ros2_vision -- -j8 -l8
[0.171s] [100%] Built target rb_camera_ocv_node
[0.197s] Invoked command in '/root/ws_offboard_control/build/rb5_ros2_vision' returned '0': CMAKE_PREFIX_PATH=${CMAKE_PREFIX_PATH}:/opt/ros/foxy _=/usr/bin/env /usr/bin/cmake --build /root/ws_offboard_control/build/rb5_ros2_vision -- -j8 -l8
[0.399s] Invoking command in '/root/ws_offboard_control/build/rb5_ros2_vision': CMAKE_PREFIX_PATH=${CMAKE_PREFIX_PATH}:/opt/ros/foxy _=/usr/bin/env /usr/bin/cmake --install /root/ws_offboard_control/build/rb5_ros2_vision
[0.416s] -- Install configuration: ""
[0.419s] -- Up-to-date: /root/ws_offboard_control/install/rb5_ros2_vision/share/rb5_ros2_vision/launch
[0.420s] -- Installing: /root/ws_offboard_control/install/rb5_ros2_vision/share/rb5_ros2_vision/launch/rb_camera_both_ocv.launch
[0.421s] -- Installing: /root/ws_offboard_control/install/rb5_ros2_vision/share/rb5_ros2_vision/launch/rb_camera_both_ocv_launch.py
[0.421s] -- Installing: /root/ws_offboard_control/install/rb5_ros2_vision/share/rb5_ros2_vision/launch/rb_camera_main_ocv.launch.xml
[0.422s] -- Installing: /root/ws_offboard_control/install/rb5_ros2_vision/share/rb5_ros2_vision/launch/rb_camera_main_ocv_launch.py
[0.422s] -- Installing: /root/ws_offboard_control/install/rb5_ros2_vision/share/rb5_ros2_vision/launch/rb_camera_side_ocv.launch
[0.422s] -- Installing: /root/ws_offboard_control/install/rb5_ros2_vision/share/rb5_ros2_vision/launch/rb_camera_side_ocv_launch.py
[0.423s] -- Installing: /root/ws_offboard_control/install/rb5_ros2_vision/share/rb5_ros2_vision/launch/rb_camera_webcam_ocv.launch
[0.423s] -- Installing: /root/ws_offboard_control/install/rb5_ros2_vision/share/rb5_ros2_vision/launch/rb_camera_webcam_ocv_launch.py
[0.423s] -- Installing: /root/ws_offboard_control/install/rb5_ros2_vision/lib/rb5_ros2_vision/rb_camera_ocv_node
[0.430s] -- Set non-toolchain portion of runtime path of "/root/ws_offboard_control/install/rb5_ros2_vision/lib/rb5_ros2_vision/rb_camera_ocv_node" to ""
[0.431s] -- Up-to-date: /root/ws_offboard_control/install/rb5_ros2_vision/share/ament_index/resource_index/package_run_dependencies/rb5_ros2_vision
[0.431s] -- Installing: /root/ws_offboard_control/install/rb5_ros2_vision/share/ament_index/resource_index/parent_prefix_path/rb5_ros2_vision
[0.431s] -- Up-to-date: /root/ws_offboard_control/install/rb5_ros2_vision/share/rb5_ros2_vision/environment/ament_prefix_path.sh
[0.431s] -- Installing: /root/ws_offboard_control/install/rb5_ros2_vision/share/rb5_ros2_vision/environment/ament_prefix_path.dsv
[0.431s] -- Up-to-date: /root/ws_offboard_control/install/rb5_ros2_vision/share/rb5_ros2_vision/environment/path.sh
[0.432s] -- Installing: /root/ws_offboard_control/install/rb5_ros2_vision/share/rb5_ros2_vision/environment/path.dsv
[0.432s] -- Up-to-date: /root/ws_offboard_control/install/rb5_ros2_vision/share/rb5_ros2_vision/local_setup.bash
[0.433s] -- Up-to-date: /root/ws_offboard_control/install/rb5_ros2_vision/share/rb5_ros2_vision/local_setup.sh
[0.433s] -- Up-to-date: /root/ws_offboard_control/install/rb5_ros2_vision/share/rb5_ros2_vision/local_setup.zsh
[0.433s] -- Installing: /root/ws_offboard_control/install/rb5_ros2_vision/share/rb5_ros2_vision/local_setup.dsv
[0.433s] -- Installing: /root/ws_offboard_control/install/rb5_ros2_vision/share/rb5_ros2_vision/package.dsv
[0.433s] -- Up-to-date: /root/ws_offboard_control/install/rb5_ros2_vision/share/ament_index/resource_index/packages/rb5_ros2_vision
[0.433s] -- Up-to-date: /root/ws_offboard_control/install/rb5_ros2_vision/share/rb5_ros2_vision/cmake/rb5_ros2_visionConfig.cmake
[0.433s] -- Up-to-date: /root/ws_offboard_control/install/rb5_ros2_vision/share/rb5_ros2_vision/cmake/rb5_ros2_visionConfig-version.cmake
[0.434s] -- Installing: /root/ws_offboard_control/install/rb5_ros2_vision/share/rb5_ros2_vision/package.xml
[0.437s] Invoked command in '/root/ws_offboard_control/build/rb5_ros2_vision' returned '0': CMAKE_PREFIX_PATH=${CMAKE_PREFIX_PATH}:/opt/ros/foxy _=/usr/bin/env /usr/bin/cmake --install /root/ws_offboard_control/build/rb5_ros2_vision
