[100%] Built target rb5_ros2_control_node
-- Install configuration: ""
-- Up-to-date: /root/ws_offboard_control/install/rb5_ros2_control/lib/rb5_ros2_control/rb5_ros2_control_node
-- Up-to-date: /root/ws_offboard_control/install/rb5_ros2_control/share/rb5_ros2_control/environment/pythonpath.sh
-- Up-to-date: /root/ws_offboard_control/install/rb5_ros2_control/share/rb5_ros2_control/environment/pythonpath.dsv
-- Up-to-date: /root/ws_offboard_control/install/rb5_ros2_control/lib/python3.8/site-packages/rb5_ros2_control
-- Up-to-date: /root/ws_offboard_control/install/rb5_ros2_control/lib/python3.8/site-packages/rb5_ros2_control/__init__.py
Listing '/root/ws_offboard_control/install/rb5_ros2_control/lib/python3.8/site-packages/rb5_ros2_control'...
-- Up-to-date: /root/ws_offboard_control/install/rb5_ros2_control/lib/rb5_ros2_control/rb5_mpi_control.py
-- Up-to-date: /root/ws_offboard_control/install/rb5_ros2_control/share/ament_index/resource_index/package_run_dependencies/rb5_ros2_control
-- Up-to-date: /root/ws_offboard_control/install/rb5_ros2_control/share/ament_index/resource_index/parent_prefix_path/rb5_ros2_control
-- Up-to-date: /root/ws_offboard_control/install/rb5_ros2_control/share/rb5_ros2_control/environment/ament_prefix_path.sh
-- Up-to-date: /root/ws_offboard_control/install/rb5_ros2_control/share/rb5_ros2_control/environment/ament_prefix_path.dsv
-- Up-to-date: /root/ws_offboard_control/install/rb5_ros2_control/share/rb5_ros2_control/environment/path.sh
-- Up-to-date: /root/ws_offboard_control/install/rb5_ros2_control/share/rb5_ros2_control/environment/path.dsv
-- Up-to-date: /root/ws_offboard_control/install/rb5_ros2_control/share/rb5_ros2_control/local_setup.bash
-- Up-to-date: /root/ws_offboard_control/install/rb5_ros2_control/share/rb5_ros2_control/local_setup.sh
-- Up-to-date: /root/ws_offboard_control/install/rb5_ros2_control/share/rb5_ros2_control/local_setup.zsh
-- Up-to-date: /root/ws_offboard_control/install/rb5_ros2_control/share/rb5_ros2_control/local_setup.dsv
-- Installing: /root/ws_offboard_control/install/rb5_ros2_control/share/rb5_ros2_control/package.dsv
-- Up-to-date: /root/ws_offboard_control/install/rb5_ros2_control/share/ament_index/resource_index/packages/rb5_ros2_control
-- Up-to-date: /root/ws_offboard_control/install/rb5_ros2_control/share/rb5_ros2_control/cmake/rb5_ros2_controlConfig.cmake
-- Up-to-date: /root/ws_offboard_control/install/rb5_ros2_control/share/rb5_ros2_control/cmake/rb5_ros2_controlConfig-version.cmake
-- Up-to-date: /root/ws_offboard_control/install/rb5_ros2_control/share/rb5_ros2_control/package.xml
