[0.058s] Invoking command in '/root/ws_offboard_control/build/rb5_ros2_control': CMAKE_PREFIX_PATH=${CMAKE_PREFIX_PATH}:/opt/ros/foxy _=/usr/bin/env /usr/bin/cmake --build /root/ws_offboard_control/build/rb5_ros2_control -- -j8 -l8
[0.139s] [100%] Built target rb5_ros2_control_node
[0.151s] Invoked command in '/root/ws_offboard_control/build/rb5_ros2_control' returned '0': CMAKE_PREFIX_PATH=${CMAKE_PREFIX_PATH}:/opt/ros/foxy _=/usr/bin/env /usr/bin/cmake --build /root/ws_offboard_control/build/rb5_ros2_control -- -j8 -l8
[0.249s] Invoking command in '/root/ws_offboard_control/build/rb5_ros2_control': CMAKE_PREFIX_PATH=${CMAKE_PREFIX_PATH}:/opt/ros/foxy _=/usr/bin/env /usr/bin/cmake --install /root/ws_offboard_control/build/rb5_ros2_control
[0.279s] -- Install configuration: ""
[0.280s] -- Up-to-date: /root/ws_offboard_control/install/rb5_ros2_control/lib/rb5_ros2_control/rb5_ros2_control_node
[0.280s] -- Up-to-date: /root/ws_offboard_control/install/rb5_ros2_control/share/rb5_ros2_control/environment/pythonpath.sh
[0.281s] -- Up-to-date: /root/ws_offboard_control/install/rb5_ros2_control/share/rb5_ros2_control/environment/pythonpath.dsv
[0.281s] -- Up-to-date: /root/ws_offboard_control/install/rb5_ros2_control/lib/python3.8/site-packages/rb5_ros2_control
[0.282s] -- Up-to-date: /root/ws_offboard_control/install/rb5_ros2_control/lib/python3.8/site-packages/rb5_ros2_control/__init__.py
[0.337s] Listing '/root/ws_offboard_control/install/rb5_ros2_control/lib/python3.8/site-packages/rb5_ros2_control'...
[0.340s] -- Up-to-date: /root/ws_offboard_control/install/rb5_ros2_control/lib/rb5_ros2_control/rb5_mpi_control.py
[0.341s] -- Up-to-date: /root/ws_offboard_control/install/rb5_ros2_control/share/ament_index/resource_index/package_run_dependencies/rb5_ros2_control
[0.342s] -- Up-to-date: /root/ws_offboard_control/install/rb5_ros2_control/share/ament_index/resource_index/parent_prefix_path/rb5_ros2_control
[0.343s] -- Up-to-date: /root/ws_offboard_control/install/rb5_ros2_control/share/rb5_ros2_control/environment/ament_prefix_path.sh
[0.345s] -- Up-to-date: /root/ws_offboard_control/install/rb5_ros2_control/share/rb5_ros2_control/environment/ament_prefix_path.dsv
[0.348s] -- Up-to-date: /root/ws_offboard_control/install/rb5_ros2_control/share/rb5_ros2_control/environment/path.sh
[0.349s] -- Up-to-date: /root/ws_offboard_control/install/rb5_ros2_control/share/rb5_ros2_control/environment/path.dsv
[0.350s] -- Up-to-date: /root/ws_offboard_control/install/rb5_ros2_control/share/rb5_ros2_control/local_setup.bash
[0.351s] -- Up-to-date: /root/ws_offboard_control/install/rb5_ros2_control/share/rb5_ros2_control/local_setup.sh
[0.352s] -- Up-to-date: /root/ws_offboard_control/install/rb5_ros2_control/share/rb5_ros2_control/local_setup.zsh
[0.353s] -- Up-to-date: /root/ws_offboard_control/install/rb5_ros2_control/share/rb5_ros2_control/local_setup.dsv
[0.354s] -- Installing: /root/ws_offboard_control/install/rb5_ros2_control/share/rb5_ros2_control/package.dsv
[0.356s] -- Up-to-date: /root/ws_offboard_control/install/rb5_ros2_control/share/ament_index/resource_index/packages/rb5_ros2_control
[0.357s] -- Up-to-date: /root/ws_offboard_control/install/rb5_ros2_control/share/rb5_ros2_control/cmake/rb5_ros2_controlConfig.cmake
[0.392s] -- Up-to-date: /root/ws_offboard_control/install/rb5_ros2_control/share/rb5_ros2_control/cmake/rb5_ros2_controlConfig-version.cmake
[0.394s] -- Up-to-date: /root/ws_offboard_control/install/rb5_ros2_control/share/rb5_ros2_control/package.xml
[0.427s] Invoked command in '/root/ws_offboard_control/build/rb5_ros2_control' returned '0': CMAKE_PREFIX_PATH=${CMAKE_PREFIX_PATH}:/opt/ros/foxy _=/usr/bin/env /usr/bin/cmake --install /root/ws_offboard_control/build/rb5_ros2_control
