[0.090s] Invoking command in '/root/ws_offboard_control/build/orb_slam3_rb5_ros2': CMAKE_PREFIX_PATH=${CMAKE_PREFIX_PATH}:/opt/ros/foxy _=/usr/bin/env /usr/bin/cmake /root/ws_offboard_control/src/rb5_ros2/ORB_SLAM3_RB5 -DCMAKE_INSTALL_PREFIX=/root/ws_offboard_control/install/orb_slam3_rb5_ros2
[0.202s] -- The C compiler identification is GNU 9.4.0
[0.310s] -- The CXX compiler identification is GNU 9.4.0
[0.343s] -- Detecting C compiler ABI info
[0.498s] -- Detecting C compiler ABI info - done
[0.536s] -- Check for working C compiler: /usr/bin/cc - skipped
[0.539s] -- Detecting C compile features
[0.539s] -- Detecting C compile features - done
[0.542s] -- Detecting CXX compiler ABI info
[0.726s] -- Detecting CXX compiler ABI info - done
[0.760s] -- Check for working CXX compiler: /usr/bin/c++ - skipped
[0.761s] -- Detecting CXX compile features
[0.761s] -- Detecting CXX compile features - done
[0.769s] -- Found ament_cmake: 0.9.12 (/opt/ros/foxy/share/ament_cmake/cmake)
[0.776s] [33mCMake Warning (dev) at /opt/ros/foxy/share/ament_cmake_core/cmake/core/python.cmake:22 (find_package):
[0.777s]   Policy CMP0148 is not set: The FindPythonInterp and FindPythonLibs modules
[0.778s]   are removed.  Run "cmake --help-policy CMP0148" for policy details.  Use
[0.778s]   the cmake_policy command to set the policy and suppress this warning.
[0.779s] 
[0.782s] Call Stack (most recent call first):
[0.783s]   /opt/ros/foxy/share/ament_cmake_core/cmake/core/all.cmake:53 (include)
[0.784s]   /opt/ros/foxy/share/ament_cmake_core/cmake/ament_cmake_core-extras.cmake:17 (include)
[0.785s]   /opt/ros/foxy/share/ament_cmake_core/cmake/ament_cmake_coreConfig.cmake:41 (include)
[0.785s]   /opt/ros/foxy/share/ament_cmake/cmake/ament_cmake_export_dependencies-extras.cmake:15 (find_package)
[0.787s]   /opt/ros/foxy/share/ament_cmake/cmake/ament_cmakeConfig.cmake:41 (include)
[0.788s]   CMakeLists.txt:6 (find_package)
[0.788s] This warning is for project developers.  Use -Wno-dev to suppress it.
[0.788s] [0m
[0.849s] -- Found PythonInterp: /usr/bin/python3 (found suitable version "3.8.10", minimum required is "3")
[0.850s] -- Using PYTHON_EXECUTABLE: /usr/bin/python3
[1.161s] -- Found rclcpp: 2.4.3 (/opt/ros/foxy/share/rclcpp/cmake)
[1.264s] -- Using all available rosidl_typesupport_c: rosidl_typesupport_fastrtps_c;rosidl_typesupport_introspection_c
[1.271s] -- Found rosidl_adapter: 1.3.1 (/opt/ros/foxy/share/rosidl_adapter/cmake)
[1.438s] -- Found OpenSSL: /usr/lib/aarch64-linux-gnu/libcrypto.so (found version "1.1.1f")
[1.497s] -- Found FastRTPS: /opt/ros/foxy/include
[1.617s] -- Using all available rosidl_typesupport_cpp: rosidl_typesupport_fastrtps_cpp;rosidl_typesupport_introspection_cpp
[1.677s] -- Found rmw_implementation_cmake: 1.0.4 (/opt/ros/foxy/share/rmw_implementation_cmake/cmake)
[1.679s] -- Using RMW implementation 'rmw_fastrtps_cpp' as default
[1.679s] -- Performing Test CMAKE_HAVE_LIBC_PTHREAD
[1.847s] -- Performing Test CMAKE_HAVE_LIBC_PTHREAD - Failed
[1.848s] -- Looking for pthread_create in pthreads
[1.959s] -- Looking for pthread_create in pthreads - not found
[1.961s] -- Looking for pthread_create in pthread
[2.105s] -- Looking for pthread_create in pthread - found
[2.105s] -- Found Threads: TRUE
[2.302s] -- Found tf2: 0.13.14 (/opt/ros/foxy/share/tf2/cmake)
[2.383s] -- Found tf2_ros: 0.13.14 (/opt/ros/foxy/share/tf2_ros/cmake)
[2.817s] -- Found sensor_msgs: 2.0.5 (/opt/ros/foxy/share/sensor_msgs/cmake)
[2.906s] -- Found cv_bridge: 3.0.7 (/opt/ros/foxy/share/cv_bridge/cmake)
[2.939s] -- Found image_transport: 2.4.0 (/opt/ros/foxy/share/image_transport/cmake)
[2.989s] [0mBuild type: Release[0m
[2.993s] -- Performing Test COMPILER_SUPPORTS_CXX11
[3.163s] -- Performing Test COMPILER_SUPPORTS_CXX11 - Success
[3.164s] -- Performing Test COMPILER_SUPPORTS_CXX0X
[3.347s] -- Performing Test COMPILER_SUPPORTS_CXX0X - Success
[3.347s] -- Using flag -std=c++14.
[3.362s] -- Configuring incomplete, errors occurred!
[3.362s] [31mCMake Error at CMakeLists.txt:49 (message):
[3.363s]   OpenCV > 4.4 not found.
[3.363s] 
[3.363s] [0m
