-- Found ament_cmake: 0.9.12 (/opt/ros/foxy/share/ament_cmake/cmake)
-- Using PYTHON_EXECUTABLE: /usr/bin/python3
-- Found builtin_interfaces: 1.0.0 (/opt/ros/foxy/share/builtin_interfaces/cmake)
-- Using all available rosidl_typesupport_c: rosidl_typesupport_fastrtps_c;rosidl_typesupport_introspection_c
-- Found rosidl_adapter: 1.3.1 (/opt/ros/foxy/share/rosidl_adapter/cmake)
-- Using all available rosidl_typesupport_cpp: rosidl_typesupport_fastrtps_cpp;rosidl_typesupport_introspection_cpp
-- Found eigen3_cmake_module: 0.1.1 (/opt/ros/foxy/share/eigen3_cmake_module/cmake)
-- Found geometry_msgs: 2.0.5 (/opt/ros/foxy/share/geometry_msgs/cmake)
-- Found px4_msgs: 2.0.1 (/opt/motovisio/ros_ws/install/px4_msgs/share/px4_msgs/cmake)
-- Found rclcpp: 2.4.3 (/opt/ros/foxy/share/rclcpp/cmake)
-- Found rmw_implementation_cmake: 1.0.4 (/opt/ros/foxy/share/rmw_implementation_cmake/cmake)
-- Using RMW implementation 'rmw_fastrtps_cpp' as default
-- Found sensor_msgs: 2.0.5 (/opt/ros/foxy/share/sensor_msgs/cmake)
-- Found rclpy: 1.0.13 (/opt/ros/foxy/share/rclpy/cmake)
-- Found ament_lint_auto: 0.9.8 (/opt/ros/foxy/share/ament_lint_auto/cmake)
-- Added test 'copyright' to check source files copyright and LICENSE
-- Added test 'cppcheck' to perform static code analysis on C / C++ code
-- Configured cppcheck include dirs: 
-- Configured cppcheck exclude dirs and/or files: 
-- Added test 'cpplint' to check C / C++ code against the Google style
-- Configured cpplint exclude dirs and/or files: 
-- Added test 'lint_cmake' to check CMake code style
-- Added test 'uncrustify' to check C / C++ code style
-- Configured uncrustify additional arguments: 
-- Added test 'xmllint' to check XML markup files
-- Configuring done (0.8s)
-- Generating done (0.0s)
-- Build files have been written to: /root/ws_offboard_control/build/comp
[ 50%] [32mBuilding CXX object CMakeFiles/comp_routine.dir/src/comp.cpp.o[0m
[100%] [32m[1mLinking CXX executable comp_routine[0m
[100%] Built target comp_routine
-- Install configuration: ""
-- Installing: /root/ws_offboard_control/install/comp/lib/comp/comp_routine
-- Set non-toolchain portion of runtime path of "/root/ws_offboard_control/install/comp/lib/comp/comp_routine" to ""
-- Up-to-date: /root/ws_offboard_control/install/comp/share/ament_index/resource_index/package_run_dependencies/comp
-- Up-to-date: /root/ws_offboard_control/install/comp/share/ament_index/resource_index/parent_prefix_path/comp
-- Up-to-date: /root/ws_offboard_control/install/comp/share/comp/environment/ament_prefix_path.sh
-- Installing: /root/ws_offboard_control/install/comp/share/comp/environment/ament_prefix_path.dsv
-- Up-to-date: /root/ws_offboard_control/install/comp/share/comp/environment/path.sh
-- Installing: /root/ws_offboard_control/install/comp/share/comp/environment/path.dsv
-- Up-to-date: /root/ws_offboard_control/install/comp/share/comp/local_setup.bash
-- Up-to-date: /root/ws_offboard_control/install/comp/share/comp/local_setup.sh
-- Up-to-date: /root/ws_offboard_control/install/comp/share/comp/local_setup.zsh
-- Installing: /root/ws_offboard_control/install/comp/share/comp/local_setup.dsv
-- Installing: /root/ws_offboard_control/install/comp/share/comp/package.dsv
-- Up-to-date: /root/ws_offboard_control/install/comp/share/ament_index/resource_index/packages/comp
-- Up-to-date: /root/ws_offboard_control/install/comp/share/comp/cmake/compConfig.cmake
-- Up-to-date: /root/ws_offboard_control/install/comp/share/comp/cmake/compConfig-version.cmake
-- Up-to-date: /root/ws_offboard_control/install/comp/share/comp/package.xml
