[0.031s] Invoking command in '/root/ws_offboard_control/build/comp': CMAKE_PREFIX_PATH=${CMAKE_PREFIX_PATH}:/opt/ros/foxy _=/usr/bin/env /usr/bin/cmake --build /root/ws_offboard_control/build/comp -- -j8 -l8
[0.075s] -- Found ament_cmake: 0.9.12 (/opt/ros/foxy/share/ament_cmake/cmake)
[0.076s] [33mCMake Warning (dev) at /opt/ros/foxy/share/ament_cmake_core/cmake/core/python.cmake:22 (find_package):
[0.077s]   Policy CMP0148 is not set: The FindPythonInterp and FindPythonLibs modules
[0.077s]   are removed.  Run "cmake --help-policy CMP0148" for policy details.  Use
[0.077s]   the cmake_policy command to set the policy and suppress this warning.
[0.078s] 
[0.078s] Call Stack (most recent call first):
[0.079s]   /opt/ros/foxy/share/ament_cmake_core/cmake/core/all.cmake:53 (include)
[0.079s]   /opt/ros/foxy/share/ament_cmake_core/cmake/ament_cmake_core-extras.cmake:17 (include)
[0.079s]   /opt/ros/foxy/share/ament_cmake_core/cmake/ament_cmake_coreConfig.cmake:41 (include)
[0.080s]   /opt/ros/foxy/share/ament_cmake/cmake/ament_cmake_export_dependencies-extras.cmake:15 (find_package)
[0.080s]   /opt/ros/foxy/share/ament_cmake/cmake/ament_cmakeConfig.cmake:41 (include)
[0.080s]   CMakeLists.txt:19 (find_package)
[0.081s] This warning is for project developers.  Use -Wno-dev to suppress it.
[0.081s] [0m
[0.117s] -- Using PYTHON_EXECUTABLE: /usr/bin/python3
[0.327s] -- Found builtin_interfaces: 1.0.0 (/opt/ros/foxy/share/builtin_interfaces/cmake)
[0.343s] -- Using all available rosidl_typesupport_c: rosidl_typesupport_fastrtps_c;rosidl_typesupport_introspection_c
[0.346s] -- Found rosidl_adapter: 1.3.1 (/opt/ros/foxy/share/rosidl_adapter/cmake)
[0.450s] -- Using all available rosidl_typesupport_cpp: rosidl_typesupport_fastrtps_cpp;rosidl_typesupport_introspection_cpp
[0.472s] -- Found eigen3_cmake_module: 0.1.1 (/opt/ros/foxy/share/eigen3_cmake_module/cmake)
[0.474s] -- Found geometry_msgs: 2.0.5 (/opt/ros/foxy/share/geometry_msgs/cmake)
[0.531s] -- Found px4_msgs: 2.0.1 (/opt/motovisio/ros_ws/install/px4_msgs/share/px4_msgs/cmake)
[0.547s] -- Found rclcpp: 2.4.3 (/opt/ros/foxy/share/rclcpp/cmake)
[0.579s] -- Found rmw_implementation_cmake: 1.0.4 (/opt/ros/foxy/share/rmw_implementation_cmake/cmake)
[0.580s] -- Using RMW implementation 'rmw_fastrtps_cpp' as default
[0.693s] -- Found sensor_msgs: 2.0.5 (/opt/ros/foxy/share/sensor_msgs/cmake)
[0.758s] -- Found rclpy: 1.0.13 (/opt/ros/foxy/share/rclpy/cmake)
[0.759s] -- Found ament_lint_auto: 0.9.8 (/opt/ros/foxy/share/ament_lint_auto/cmake)
[0.853s] -- Added test 'copyright' to check source files copyright and LICENSE
[0.854s] -- Added test 'cppcheck' to perform static code analysis on C / C++ code
[0.854s] -- Configured cppcheck include dirs: 
[0.854s] -- Configured cppcheck exclude dirs and/or files: 
[0.855s] -- Added test 'cpplint' to check C / C++ code against the Google style
[0.855s] -- Configured cpplint exclude dirs and/or files: 
[0.856s] -- Added test 'lint_cmake' to check CMake code style
[0.856s] -- Added test 'uncrustify' to check C / C++ code style
[0.857s] -- Configured uncrustify additional arguments: 
[0.857s] -- Added test 'xmllint' to check XML markup files
[0.857s] -- Configuring done (0.8s)
[0.867s] -- Generating done (0.0s)
[0.869s] -- Build files have been written to: /root/ws_offboard_control/build/comp
[0.921s] [ 50%] [32mBuilding CXX object CMakeFiles/comp_routine.dir/src/comp.cpp.o[0m
[4.963s] [100%] [32m[1mLinking CXX executable comp_routine[0m
[5.219s] [100%] Built target comp_routine
[5.235s] Invoked command in '/root/ws_offboard_control/build/comp' returned '0': CMAKE_PREFIX_PATH=${CMAKE_PREFIX_PATH}:/opt/ros/foxy _=/usr/bin/env /usr/bin/cmake --build /root/ws_offboard_control/build/comp -- -j8 -l8
[5.331s] Invoking command in '/root/ws_offboard_control/build/comp': CMAKE_PREFIX_PATH=${CMAKE_PREFIX_PATH}:/opt/ros/foxy _=/usr/bin/env /usr/bin/cmake --install /root/ws_offboard_control/build/comp
[5.344s] -- Install configuration: ""
[5.345s] -- Installing: /root/ws_offboard_control/install/comp/lib/comp/comp_routine
[5.351s] -- Set non-toolchain portion of runtime path of "/root/ws_offboard_control/install/comp/lib/comp/comp_routine" to ""
[5.352s] -- Up-to-date: /root/ws_offboard_control/install/comp/share/ament_index/resource_index/package_run_dependencies/comp
[5.353s] -- Up-to-date: /root/ws_offboard_control/install/comp/share/ament_index/resource_index/parent_prefix_path/comp
[5.355s] -- Up-to-date: /root/ws_offboard_control/install/comp/share/comp/environment/ament_prefix_path.sh
[5.357s] -- Installing: /root/ws_offboard_control/install/comp/share/comp/environment/ament_prefix_path.dsv
[5.358s] -- Up-to-date: /root/ws_offboard_control/install/comp/share/comp/environment/path.sh
[5.359s] -- Installing: /root/ws_offboard_control/install/comp/share/comp/environment/path.dsv
[5.360s] -- Up-to-date: /root/ws_offboard_control/install/comp/share/comp/local_setup.bash
[5.361s] -- Up-to-date: /root/ws_offboard_control/install/comp/share/comp/local_setup.sh
[5.361s] -- Up-to-date: /root/ws_offboard_control/install/comp/share/comp/local_setup.zsh
[5.362s] -- Installing: /root/ws_offboard_control/install/comp/share/comp/local_setup.dsv
[5.363s] -- Installing: /root/ws_offboard_control/install/comp/share/comp/package.dsv
[5.364s] -- Up-to-date: /root/ws_offboard_control/install/comp/share/ament_index/resource_index/packages/comp
[5.364s] -- Up-to-date: /root/ws_offboard_control/install/comp/share/comp/cmake/compConfig.cmake
[5.365s] -- Up-to-date: /root/ws_offboard_control/install/comp/share/comp/cmake/compConfig-version.cmake
[5.365s] -- Up-to-date: /root/ws_offboard_control/install/comp/share/comp/package.xml
[5.367s] Invoked command in '/root/ws_offboard_control/build/comp' returned '0': CMAKE_PREFIX_PATH=${CMAKE_PREFIX_PATH}:/opt/ros/foxy _=/usr/bin/env /usr/bin/cmake --install /root/ws_offboard_control/build/comp
