[0.042s] Invoking command in '/root/ws_offboard_control/build/px4_ros_com': CMAKE_PREFIX_PATH=/root/ws_offboard_control/install/px4_msgs:/root/ws_offboard_control/install/px4_ros_com:/root/ws_offboard_control/install/comp_routine:/opt/motovisio/ros_ws/install/px4_msgs:/opt/motovisio/ros_ws/install/micro_ros_setup:/opt/motovisio/ros_ws/install/micro_ros_agent:/opt/motovisio/ros_ws/install/micro_ros_msgs:/opt/ros/foxy LD_LIBRARY_PATH=/root/ws_offboard_control/install/px4_msgs/lib:/root/ws_offboard_control/install/px4_ros_com/lib:/opt/motovisio/ros_ws/install/px4_msgs/lib:/opt/motovisio/ros_ws/install/micro_ros_agent/lib:/opt/motovisio/ros_ws/install/micro_ros_msgs/lib:/opt/ros/foxy/opt/yaml_cpp_vendor/lib:/opt/ros/foxy/lib/aarch64-linux-gnu:/opt/ros/foxy/lib PYTHONPATH=/root/ws_offboard_control/install/px4_msgs/lib/python3.8/site-packages:/root/ws_offboard_control/install/px4_ros_com/lib/python3.8/site-packages:/opt/motovisio/ros_ws/install/px4_msgs/lib/python3.8/site-packages:/opt/motovisio/ros_ws/install/micro_ros_msgs/lib/python3.8/site-packages:/opt/ros/foxy/lib/python3.8/site-packages _=/usr/bin/env /usr/bin/cmake --build /root/ws_offboard_control/build/px4_ros_com -- -j8 -l8
[0.118s] [ 16%] Built target offboard_control_srv
[0.118s] [ 33%] Built target offboard_control
[0.119s] [ 50%] Built target debug_vect_advertiser
[0.127s] [ 66%] Built target frame_transforms
[0.144s] [ 83%] Built target vehicle_gps_position_listener
[0.148s] [100%] Built target sensor_combined_listener
[0.168s] Invoked command in '/root/ws_offboard_control/build/px4_ros_com' returned '0': CMAKE_PREFIX_PATH=/root/ws_offboard_control/install/px4_msgs:/root/ws_offboard_control/install/px4_ros_com:/root/ws_offboard_control/install/comp_routine:/opt/motovisio/ros_ws/install/px4_msgs:/opt/motovisio/ros_ws/install/micro_ros_setup:/opt/motovisio/ros_ws/install/micro_ros_agent:/opt/motovisio/ros_ws/install/micro_ros_msgs:/opt/ros/foxy LD_LIBRARY_PATH=/root/ws_offboard_control/install/px4_msgs/lib:/root/ws_offboard_control/install/px4_ros_com/lib:/opt/motovisio/ros_ws/install/px4_msgs/lib:/opt/motovisio/ros_ws/install/micro_ros_agent/lib:/opt/motovisio/ros_ws/install/micro_ros_msgs/lib:/opt/ros/foxy/opt/yaml_cpp_vendor/lib:/opt/ros/foxy/lib/aarch64-linux-gnu:/opt/ros/foxy/lib PYTHONPATH=/root/ws_offboard_control/install/px4_msgs/lib/python3.8/site-packages:/root/ws_offboard_control/install/px4_ros_com/lib/python3.8/site-packages:/opt/motovisio/ros_ws/install/px4_msgs/lib/python3.8/site-packages:/opt/motovisio/ros_ws/install/micro_ros_msgs/lib/python3.8/site-packages:/opt/ros/foxy/lib/python3.8/site-packages _=/usr/bin/env /usr/bin/cmake --build /root/ws_offboard_control/build/px4_ros_com -- -j8 -l8
[0.322s] Invoking command in '/root/ws_offboard_control/build/px4_ros_com': CMAKE_PREFIX_PATH=/root/ws_offboard_control/install/px4_msgs:/root/ws_offboard_control/install/px4_ros_com:/root/ws_offboard_control/install/comp_routine:/opt/motovisio/ros_ws/install/px4_msgs:/opt/motovisio/ros_ws/install/micro_ros_setup:/opt/motovisio/ros_ws/install/micro_ros_agent:/opt/motovisio/ros_ws/install/micro_ros_msgs:/opt/ros/foxy LD_LIBRARY_PATH=/root/ws_offboard_control/install/px4_msgs/lib:/root/ws_offboard_control/install/px4_ros_com/lib:/opt/motovisio/ros_ws/install/px4_msgs/lib:/opt/motovisio/ros_ws/install/micro_ros_agent/lib:/opt/motovisio/ros_ws/install/micro_ros_msgs/lib:/opt/ros/foxy/opt/yaml_cpp_vendor/lib:/opt/ros/foxy/lib/aarch64-linux-gnu:/opt/ros/foxy/lib PYTHONPATH=/root/ws_offboard_control/install/px4_msgs/lib/python3.8/site-packages:/root/ws_offboard_control/install/px4_ros_com/lib/python3.8/site-packages:/opt/motovisio/ros_ws/install/px4_msgs/lib/python3.8/site-packages:/opt/motovisio/ros_ws/install/micro_ros_msgs/lib/python3.8/site-packages:/opt/ros/foxy/lib/python3.8/site-packages _=/usr/bin/env /usr/bin/cmake --install /root/ws_offboard_control/build/px4_ros_com
[0.341s] -- Install configuration: ""
[0.342s] -- Execute custom install script
[0.342s] -- Up-to-date symlink: /root/ws_offboard_control/install/px4_ros_com/lib/px4_ros_com/sensor_combined_listener
[0.343s] -- Up-to-date symlink: /root/ws_offboard_control/install/px4_ros_com/lib/px4_ros_com/vehicle_gps_position_listener
[0.343s] -- Up-to-date symlink: /root/ws_offboard_control/install/px4_ros_com/lib/px4_ros_com/debug_vect_advertiser
[0.344s] -- Up-to-date symlink: /root/ws_offboard_control/install/px4_ros_com/lib/px4_ros_com/offboard_control
[0.344s] -- Up-to-date symlink: /root/ws_offboard_control/install/px4_ros_com/lib/px4_ros_com/offboard_control_srv
[0.345s] -- Up-to-date symlink: /root/ws_offboard_control/install/px4_ros_com/share/px4_ros_com/environment/library_path.sh
[0.345s] -- Up-to-date symlink: /root/ws_offboard_control/install/px4_ros_com/share/px4_ros_com/environment/library_path.dsv
[0.347s] -- Up-to-date symlink: /root/ws_offboard_control/install/px4_ros_com/include/px4_ros_com/frame_transforms.h
[0.348s] -- Up-to-date symlink: /root/ws_offboard_control/install/px4_ros_com/share/px4_ros_com//launch/offboard_control_launch.yaml
[0.348s] -- Up-to-date symlink: /root/ws_offboard_control/install/px4_ros_com/share/px4_ros_com//launch/sensor_combined_listener.launch.py
[0.348s] -- Up-to-date symlink: /root/ws_offboard_control/install/px4_ros_com/share/px4_ros_com//test/__init__.py
[0.349s] -- Up-to-date symlink: /root/ws_offboard_control/install/px4_ros_com/share/px4_ros_com//test/pipeline_io_test.py
[0.349s] -- Up-to-date symlink: /root/ws_offboard_control/install/px4_ros_com/share/px4_ros_com//test/test_input.py
[0.349s] -- Up-to-date symlink: /root/ws_offboard_control/install/px4_ros_com/share/px4_ros_com//test/test_output.py
[0.350s] -- Up-to-date symlink: /root/ws_offboard_control/install/px4_ros_com/share/px4_ros_com/environment/pythonpath.sh
[0.350s] -- Up-to-date symlink: /root/ws_offboard_control/install/px4_ros_com/share/px4_ros_com/environment/pythonpath.dsv
[0.350s] -- Up-to-date symlink: /root/ws_offboard_control/install/px4_ros_com/lib/python3.8/site-packages/px4_ros_com/__init__.py
[0.351s] -- Up-to-date symlink: /root/ws_offboard_control/install/px4_ros_com/lib/python3.8/site-packages/px4_ros_com/module_to_import.py
[0.351s] -- Up-to-date symlink: /root/ws_offboard_control/install/px4_ros_com/lib/px4_ros_com/offboard_control.py
[0.351s] -- Up-to-date symlink: /root/ws_offboard_control/install/px4_ros_com/share/ament_index/resource_index/package_run_dependencies/px4_ros_com
[0.352s] -- Up-to-date symlink: /root/ws_offboard_control/install/px4_ros_com/share/ament_index/resource_index/parent_prefix_path/px4_ros_com
[0.352s] -- Up-to-date symlink: /root/ws_offboard_control/install/px4_ros_com/share/px4_ros_com/environment/ament_prefix_path.sh
[0.352s] -- Up-to-date symlink: /root/ws_offboard_control/install/px4_ros_com/share/px4_ros_com/environment/ament_prefix_path.dsv
[0.353s] -- Up-to-date symlink: /root/ws_offboard_control/install/px4_ros_com/share/px4_ros_com/environment/path.sh
[0.353s] -- Up-to-date symlink: /root/ws_offboard_control/install/px4_ros_com/share/px4_ros_com/environment/path.dsv
[0.354s] -- Up-to-date symlink: /root/ws_offboard_control/install/px4_ros_com/share/px4_ros_com/local_setup.bash
[0.354s] -- Up-to-date symlink: /root/ws_offboard_control/install/px4_ros_com/share/px4_ros_com/local_setup.sh
[0.354s] -- Up-to-date symlink: /root/ws_offboard_control/install/px4_ros_com/share/px4_ros_com/local_setup.zsh
[0.355s] -- Up-to-date symlink: /root/ws_offboard_control/install/px4_ros_com/share/px4_ros_com/local_setup.dsv
[0.355s] -- Symlinking: /root/ws_offboard_control/install/px4_ros_com/share/px4_ros_com/package.dsv
[0.359s] -- Up-to-date symlink: /root/ws_offboard_control/install/px4_ros_com/share/ament_index/resource_index/packages/px4_ros_com
[0.360s] -- Up-to-date symlink: /root/ws_offboard_control/install/px4_ros_com/share/px4_ros_com/cmake/ament_cmake_export_dependencies-extras.cmake
[0.360s] -- Up-to-date symlink: /root/ws_offboard_control/install/px4_ros_com/share/px4_ros_com/cmake/ament_cmake_export_targets-extras.cmake
[0.361s] -- Up-to-date symlink: /root/ws_offboard_control/install/px4_ros_com/share/px4_ros_com/cmake/ament_cmake_export_include_directories-extras.cmake
[0.361s] -- Up-to-date symlink: /root/ws_offboard_control/install/px4_ros_com/share/px4_ros_com/cmake/ament_cmake_export_libraries-extras.cmake
[0.361s] -- Up-to-date symlink: /root/ws_offboard_control/install/px4_ros_com/share/px4_ros_com/cmake/px4_ros_comConfig.cmake
[0.362s] -- Up-to-date symlink: /root/ws_offboard_control/install/px4_ros_com/share/px4_ros_com/cmake/px4_ros_comConfig-version.cmake
[0.362s] -- Up-to-date symlink: /root/ws_offboard_control/install/px4_ros_com/share/px4_ros_com/package.xml
[0.362s] -- Up-to-date: /root/ws_offboard_control/install/px4_ros_com/lib/libframe_transforms.so
[0.410s] Listing '/root/ws_offboard_control/install/px4_ros_com/lib/python3.8/site-packages/px4_ros_com'...
[0.416s] -- Up-to-date: /root/ws_offboard_control/install/px4_ros_com/share/px4_ros_com/cmake/export_frame_transformsExport.cmake
[0.417s] -- Up-to-date: /root/ws_offboard_control/install/px4_ros_com/share/px4_ros_com/cmake/export_frame_transformsExport-noconfig.cmake
[0.425s] Invoked command in '/root/ws_offboard_control/build/px4_ros_com' returned '0': CMAKE_PREFIX_PATH=/root/ws_offboard_control/install/px4_msgs:/root/ws_offboard_control/install/px4_ros_com:/root/ws_offboard_control/install/comp_routine:/opt/motovisio/ros_ws/install/px4_msgs:/opt/motovisio/ros_ws/install/micro_ros_setup:/opt/motovisio/ros_ws/install/micro_ros_agent:/opt/motovisio/ros_ws/install/micro_ros_msgs:/opt/ros/foxy LD_LIBRARY_PATH=/root/ws_offboard_control/install/px4_msgs/lib:/root/ws_offboard_control/install/px4_ros_com/lib:/opt/motovisio/ros_ws/install/px4_msgs/lib:/opt/motovisio/ros_ws/install/micro_ros_agent/lib:/opt/motovisio/ros_ws/install/micro_ros_msgs/lib:/opt/ros/foxy/opt/yaml_cpp_vendor/lib:/opt/ros/foxy/lib/aarch64-linux-gnu:/opt/ros/foxy/lib PYTHONPATH=/root/ws_offboard_control/install/px4_msgs/lib/python3.8/site-packages:/root/ws_offboard_control/install/px4_ros_com/lib/python3.8/site-packages:/opt/motovisio/ros_ws/install/px4_msgs/lib/python3.8/site-packages:/opt/motovisio/ros_ws/install/micro_ros_msgs/lib/python3.8/site-packages:/opt/ros/foxy/lib/python3.8/site-packages _=/usr/bin/env /usr/bin/cmake --install /root/ws_offboard_control/build/px4_ros_com
