[0.049s] Invoking command in '/root/ws_offboard_control/build/orb_slam3_rb5_ros2': CMAKE_PREFIX_PATH=${CMAKE_PREFIX_PATH}:/opt/ros/foxy _=/usr/bin/env /usr/bin/cmake /root/ws_offboard_control/src/rb5_ros2/ORB_SLAM3_RB5 -DCMAKE_INSTALL_PREFIX=/root/ws_offboard_control/install/orb_slam3_rb5_ros2
[0.086s] -- Found ament_cmake: 0.9.12 (/opt/ros/foxy/share/ament_cmake/cmake)
[0.092s] [33mCMake Warning (dev) at /opt/ros/foxy/share/ament_cmake_core/cmake/core/python.cmake:22 (find_package):
[0.093s]   Policy CMP0148 is not set: The FindPythonInterp and FindPythonLibs modules
[0.093s]   are removed.  Run "cmake --help-policy CMP0148" for policy details.  Use
[0.094s]   the cmake_policy command to set the policy and suppress this warning.
[0.095s] 
[0.095s] Call Stack (most recent call first):
[0.095s]   /opt/ros/foxy/share/ament_cmake_core/cmake/core/all.cmake:53 (include)
[0.096s]   /opt/ros/foxy/share/ament_cmake_core/cmake/ament_cmake_core-extras.cmake:17 (include)
[0.096s]   /opt/ros/foxy/share/ament_cmake_core/cmake/ament_cmake_coreConfig.cmake:41 (include)
[0.097s]   /opt/ros/foxy/share/ament_cmake/cmake/ament_cmake_export_dependencies-extras.cmake:15 (find_package)
[0.097s]   /opt/ros/foxy/share/ament_cmake/cmake/ament_cmakeConfig.cmake:41 (include)
[0.098s]   CMakeLists.txt:6 (find_package)
[0.098s] This warning is for project developers.  Use -Wno-dev to suppress it.
[0.099s] [0m
[0.119s] -- Using PYTHON_EXECUTABLE: /usr/bin/python3
[0.355s] -- Found rclcpp: 2.4.3 (/opt/ros/foxy/share/rclcpp/cmake)
[0.403s] -- Using all available rosidl_typesupport_c: rosidl_typesupport_fastrtps_c;rosidl_typesupport_introspection_c
[0.405s] -- Found rosidl_adapter: 1.3.1 (/opt/ros/foxy/share/rosidl_adapter/cmake)
[0.549s] -- Using all available rosidl_typesupport_cpp: rosidl_typesupport_fastrtps_cpp;rosidl_typesupport_introspection_cpp
[0.618s] -- Found rmw_implementation_cmake: 1.0.4 (/opt/ros/foxy/share/rmw_implementation_cmake/cmake)
[0.620s] -- Using RMW implementation 'rmw_fastrtps_cpp' as default
[0.821s] -- Found tf2: 0.13.14 (/opt/ros/foxy/share/tf2/cmake)
[0.882s] -- Found tf2_ros: 0.13.14 (/opt/ros/foxy/share/tf2_ros/cmake)
[1.307s] -- Found sensor_msgs: 2.0.5 (/opt/ros/foxy/share/sensor_msgs/cmake)
[1.393s] -- Found cv_bridge: 3.0.7 (/opt/ros/foxy/share/cv_bridge/cmake)
[1.421s] -- Found image_transport: 2.4.0 (/opt/ros/foxy/share/image_transport/cmake)
[1.453s] [0mBuild type: Release[0m
[1.455s] -- Using flag -std=c++14.
[1.467s] [31mCMake Error at CMakeLists.txt:53 (find_package):
[1.469s]   By not providing "FindPangolin.cmake" in CMAKE_MODULE_PATH this project has
[1.469s]   asked CMake to find a package configuration file provided by "Pangolin",
[1.471s]   but CMake did not find one.
[1.474s] 
[1.476s]   Could not find a package configuration file provided by "Pangolin" with any
[1.480s]   of the following names:
[1.482s] 
[1.483s]     PangolinConfig.cmake
[1.483s]     pangolin-config.cmake
[1.497s] 
[1.499s]   Add the installation prefix of "Pangolin" to CMAKE_PREFIX_PATH or set
[1.500s]   "Pangolin_DIR" to a directory containing one of the above files.  If
[1.500s]   "Pangolin" provides a separate development package or SDK, be sure it has
[1.505s]   been installed.
[1.506s] 
[1.507s] [0m
[1.508s] -- Configuring incomplete, errors occurred!
[1.510s] Invoked command in '/root/ws_offboard_control/build/orb_slam3_rb5_ros2' returned '1': CMAKE_PREFIX_PATH=${CMAKE_PREFIX_PATH}:/opt/ros/foxy _=/usr/bin/env /usr/bin/cmake /root/ws_offboard_control/src/rb5_ros2/ORB_SLAM3_RB5 -DCMAKE_INSTALL_PREFIX=/root/ws_offboard_control/install/orb_slam3_rb5_ros2
