[0.071s] Invoking command in '/root/ws_offboard_control/build/rb5_ros2_vision': CMAKE_PREFIX_PATH=${CMAKE_PREFIX_PATH}:/opt/ros/foxy _=/usr/bin/env /usr/bin/cmake --build /root/ws_offboard_control/build/rb5_ros2_vision -- -j8 -l8
[0.232s] [100%] Built target rb_camera_ocv_node
[0.247s] Invoked command in '/root/ws_offboard_control/build/rb5_ros2_vision' returned '0': CMAKE_PREFIX_PATH=${CMAKE_PREFIX_PATH}:/opt/ros/foxy _=/usr/bin/env /usr/bin/cmake --build /root/ws_offboard_control/build/rb5_ros2_vision -- -j8 -l8
[0.358s] Invoking command in '/root/ws_offboard_control/build/rb5_ros2_vision': CMAKE_PREFIX_PATH=${CMAKE_PREFIX_PATH}:/opt/ros/foxy _=/usr/bin/env /usr/bin/cmake --install /root/ws_offboard_control/build/rb5_ros2_vision
[0.383s] -- Install configuration: ""
[0.390s] -- Up-to-date: /root/ws_offboard_control/install/rb5_ros2_vision/share/rb5_ros2_vision/launch
[0.391s] -- Up-to-date: /root/ws_offboard_control/install/rb5_ros2_vision/share/rb5_ros2_vision/launch/rb_camera_both_ocv.launch
[0.392s] -- Up-to-date: /root/ws_offboard_control/install/rb5_ros2_vision/share/rb5_ros2_vision/launch/rb_camera_both_ocv_launch.py
[0.392s] -- Up-to-date: /root/ws_offboard_control/install/rb5_ros2_vision/share/rb5_ros2_vision/launch/rb_camera_main_ocv.launch.xml
[0.395s] -- Up-to-date: /root/ws_offboard_control/install/rb5_ros2_vision/share/rb5_ros2_vision/launch/rb_camera_main_ocv_launch.py
[0.396s] -- Up-to-date: /root/ws_offboard_control/install/rb5_ros2_vision/share/rb5_ros2_vision/launch/rb_camera_side_ocv.launch
[0.397s] -- Up-to-date: /root/ws_offboard_control/install/rb5_ros2_vision/share/rb5_ros2_vision/launch/rb_camera_side_ocv_launch.py
[0.399s] -- Up-to-date: /root/ws_offboard_control/install/rb5_ros2_vision/share/rb5_ros2_vision/launch/rb_camera_webcam_ocv.launch
[0.399s] -- Up-to-date: /root/ws_offboard_control/install/rb5_ros2_vision/share/rb5_ros2_vision/launch/rb_camera_webcam_ocv_launch.py
[0.400s] -- Up-to-date: /root/ws_offboard_control/install/rb5_ros2_vision/lib/rb5_ros2_vision/rb_camera_ocv_node
[0.401s] -- Up-to-date: /root/ws_offboard_control/install/rb5_ros2_vision/share/ament_index/resource_index/package_run_dependencies/rb5_ros2_vision
[0.402s] -- Up-to-date: /root/ws_offboard_control/install/rb5_ros2_vision/share/ament_index/resource_index/parent_prefix_path/rb5_ros2_vision
[0.403s] -- Up-to-date: /root/ws_offboard_control/install/rb5_ros2_vision/share/rb5_ros2_vision/environment/ament_prefix_path.sh
[0.405s] -- Up-to-date: /root/ws_offboard_control/install/rb5_ros2_vision/share/rb5_ros2_vision/environment/ament_prefix_path.dsv
[0.406s] -- Up-to-date: /root/ws_offboard_control/install/rb5_ros2_vision/share/rb5_ros2_vision/environment/path.sh
[0.407s] -- Up-to-date: /root/ws_offboard_control/install/rb5_ros2_vision/share/rb5_ros2_vision/environment/path.dsv
[0.407s] -- Up-to-date: /root/ws_offboard_control/install/rb5_ros2_vision/share/rb5_ros2_vision/local_setup.bash
[0.408s] -- Up-to-date: /root/ws_offboard_control/install/rb5_ros2_vision/share/rb5_ros2_vision/local_setup.sh
[0.409s] -- Up-to-date: /root/ws_offboard_control/install/rb5_ros2_vision/share/rb5_ros2_vision/local_setup.zsh
[0.410s] -- Up-to-date: /root/ws_offboard_control/install/rb5_ros2_vision/share/rb5_ros2_vision/local_setup.dsv
[0.411s] -- Installing: /root/ws_offboard_control/install/rb5_ros2_vision/share/rb5_ros2_vision/package.dsv
[0.412s] -- Up-to-date: /root/ws_offboard_control/install/rb5_ros2_vision/share/ament_index/resource_index/packages/rb5_ros2_vision
[0.414s] -- Up-to-date: /root/ws_offboard_control/install/rb5_ros2_vision/share/rb5_ros2_vision/cmake/rb5_ros2_visionConfig.cmake
[0.414s] -- Up-to-date: /root/ws_offboard_control/install/rb5_ros2_vision/share/rb5_ros2_vision/cmake/rb5_ros2_visionConfig-version.cmake
[0.415s] -- Up-to-date: /root/ws_offboard_control/install/rb5_ros2_vision/share/rb5_ros2_vision/package.xml
[0.418s] Invoked command in '/root/ws_offboard_control/build/rb5_ros2_vision' returned '0': CMAKE_PREFIX_PATH=${CMAKE_PREFIX_PATH}:/opt/ros/foxy _=/usr/bin/env /usr/bin/cmake --install /root/ws_offboard_control/build/rb5_ros2_vision
