[0.173s] Invoking command in '/root/ws_offboard_control/build/ros2_april_slam': CMAKE_PREFIX_PATH=${CMAKE_PREFIX_PATH}:/opt/ros/foxy _=/usr/bin/env /usr/bin/cmake /root/ws_offboard_control/src/rb5_ros2/ros2_april_slam -DCMAKE_INSTALL_PREFIX=/root/ws_offboard_control/install/ros2_april_slam
[0.248s] -- Found ament_cmake: 0.9.12 (/opt/ros/foxy/share/ament_cmake/cmake)
[0.250s] [33mCMake Warning (dev) at /opt/ros/foxy/share/ament_cmake_core/cmake/core/python.cmake:22 (find_package):
[0.250s]   Policy CMP0148 is not set: The FindPythonInterp and FindPythonLibs modules
[0.252s]   are removed.  Run "cmake --help-policy CMP0148" for policy details.  Use
[0.252s]   the cmake_policy command to set the policy and suppress this warning.
[0.252s] 
[0.253s] Call Stack (most recent call first):
[0.253s]   /opt/ros/foxy/share/ament_cmake_core/cmake/core/all.cmake:53 (include)
[0.254s]   /opt/ros/foxy/share/ament_cmake_core/cmake/ament_cmake_core-extras.cmake:17 (include)
[0.254s]   /opt/ros/foxy/share/ament_cmake_core/cmake/ament_cmake_coreConfig.cmake:41 (include)
[0.255s]   /opt/ros/foxy/share/ament_cmake/cmake/ament_cmake_export_dependencies-extras.cmake:15 (find_package)
[0.255s]   /opt/ros/foxy/share/ament_cmake/cmake/ament_cmakeConfig.cmake:41 (include)
[0.256s]   CMakeLists.txt:19 (find_package)
[0.256s] This warning is for project developers.  Use -Wno-dev to suppress it.
[0.257s] [0m
[0.296s] -- Using PYTHON_EXECUTABLE: /usr/bin/python3
[0.716s] -- Found rclcpp: 2.4.3 (/opt/ros/foxy/share/rclcpp/cmake)
[0.754s] -- Using all available rosidl_typesupport_c: rosidl_typesupport_fastrtps_c;rosidl_typesupport_introspection_c
[0.757s] -- Found rosidl_adapter: 1.3.1 (/opt/ros/foxy/share/rosidl_adapter/cmake)
[0.975s] -- Using all available rosidl_typesupport_cpp: rosidl_typesupport_fastrtps_cpp;rosidl_typesupport_introspection_cpp
[1.132s] -- Found rmw_implementation_cmake: 1.0.4 (/opt/ros/foxy/share/rmw_implementation_cmake/cmake)
[1.133s] -- Using RMW implementation 'rmw_fastrtps_cpp' as default
[1.316s] -- Found rclcpp_components: 2.4.3 (/opt/ros/foxy/share/rclcpp_components/cmake)
[1.472s] -- Found sensor_msgs: 2.0.5 (/opt/ros/foxy/share/sensor_msgs/cmake)
[1.627s] -- Found cv_bridge: 3.0.7 (/opt/ros/foxy/share/cv_bridge/cmake)
[1.652s] -- Found tf2: 0.13.14 (/opt/ros/foxy/share/tf2/cmake)
[1.660s] -- Found tf2_ros: 0.13.14 (/opt/ros/foxy/share/tf2_ros/cmake)
[2.016s] -- Found rosbag2_storage: 0.3.11 (/opt/ros/foxy/share/rosbag2_storage/cmake)
[2.034s] -- Setting yaml-cpp_DIR to: '/opt/ros/foxy/share/yaml_cpp_vendor/cmake/../../../opt/yaml_cpp_vendor/lib/cmake/yaml-cpp'
[2.038s] -- Found rosbag2_storage_default_plugins: 0.3.11 (/opt/ros/foxy/share/rosbag2_storage_default_plugins/cmake)
[2.062s] [31mCMake Error at CMakeLists.txt:33 (find_package):
[2.063s]   By not providing "Findrosbag2_test_common.cmake" in CMAKE_MODULE_PATH this
[2.064s]   project has asked CMake to find a package configuration file provided by
[2.064s]   "rosbag2_test_common", but CMake did not find one.
[2.067s] 
[2.068s]   Could not find a package configuration file provided by
[2.069s]   "rosbag2_test_common" with any of the following names:
[2.069s] 
[2.069s]     rosbag2_test_commonConfig.cmake
[2.070s]     rosbag2_test_common-config.cmake
[2.070s] 
[2.071s]   Add the installation prefix of "rosbag2_test_common" to CMAKE_PREFIX_PATH
[2.071s]   or set "rosbag2_test_common_DIR" to a directory containing one of the above
[2.071s]   files.  If "rosbag2_test_common" provides a separate development package or
[2.072s]   SDK, be sure it has been installed.
[2.072s] 
[2.072s] [0m
[2.073s] -- Configuring incomplete, errors occurred!
