[0.027s] Invoking command in '/root/ws_offboard_control/build/comp_routine': CMAKE_PREFIX_PATH=${CMAKE_PREFIX_PATH}:/opt/ros/foxy _=/usr/bin/env /usr/bin/cmake --build /root/ws_offboard_control/build/comp_routine -- -j8 -l8
[0.148s] [ 50%] [32mBuilding CXX object CMakeFiles/comp_routine.dir/src/comp_routine.cpp.o[0m
[4.044s] [100%] [32m[1mLinking CXX executable comp_routine[0m
[4.293s] [100%] Built target comp_routine
[4.311s] Invoked command in '/root/ws_offboard_control/build/comp_routine' returned '0': CMAKE_PREFIX_PATH=${CMAKE_PREFIX_PATH}:/opt/ros/foxy _=/usr/bin/env /usr/bin/cmake --build /root/ws_offboard_control/build/comp_routine -- -j8 -l8
[4.419s] Invoking command in '/root/ws_offboard_control/build/comp_routine': CMAKE_PREFIX_PATH=${CMAKE_PREFIX_PATH}:/opt/ros/foxy _=/usr/bin/env /usr/bin/cmake --install /root/ws_offboard_control/build/comp_routine
[4.433s] -- Install configuration: ""
[4.434s] -- Execute custom install script
[4.437s] -- Up-to-date symlink: /root/ws_offboard_control/install/comp_routine/lib/comp_routine/comp_routine
[4.437s] -- Up-to-date symlink: /root/ws_offboard_control/install/comp_routine/share/ament_index/resource_index/package_run_dependencies/comp_routine
[4.440s] -- Up-to-date symlink: /root/ws_offboard_control/install/comp_routine/share/ament_index/resource_index/parent_prefix_path/comp_routine
[4.442s] -- Up-to-date symlink: /root/ws_offboard_control/install/comp_routine/share/comp_routine/environment/ament_prefix_path.sh
[4.443s] -- Up-to-date symlink: /root/ws_offboard_control/install/comp_routine/share/comp_routine/environment/ament_prefix_path.dsv
[4.443s] -- Up-to-date symlink: /root/ws_offboard_control/install/comp_routine/share/comp_routine/environment/path.sh
[4.444s] -- Up-to-date symlink: /root/ws_offboard_control/install/comp_routine/share/comp_routine/environment/path.dsv
[4.445s] -- Up-to-date symlink: /root/ws_offboard_control/install/comp_routine/share/comp_routine/local_setup.bash
[4.445s] -- Up-to-date symlink: /root/ws_offboard_control/install/comp_routine/share/comp_routine/local_setup.sh
[4.446s] -- Up-to-date symlink: /root/ws_offboard_control/install/comp_routine/share/comp_routine/local_setup.zsh
[4.447s] -- Up-to-date symlink: /root/ws_offboard_control/install/comp_routine/share/comp_routine/local_setup.dsv
[4.447s] -- Symlinking: /root/ws_offboard_control/install/comp_routine/share/comp_routine/package.dsv
[4.453s] -- Up-to-date symlink: /root/ws_offboard_control/install/comp_routine/share/ament_index/resource_index/packages/comp_routine
[4.456s] -- Up-to-date symlink: /root/ws_offboard_control/install/comp_routine/share/comp_routine/cmake/comp_routineConfig.cmake
[4.458s] -- Up-to-date symlink: /root/ws_offboard_control/install/comp_routine/share/comp_routine/cmake/comp_routineConfig-version.cmake
[4.459s] -- Up-to-date symlink: /root/ws_offboard_control/install/comp_routine/share/comp_routine/package.xml
[4.459s] Invoked command in '/root/ws_offboard_control/build/comp_routine' returned '0': CMAKE_PREFIX_PATH=${CMAKE_PREFIX_PATH}:/opt/ros/foxy _=/usr/bin/env /usr/bin/cmake --install /root/ws_offboard_control/build/comp_routine
