-- The C compiler identification is GNU 9.4.0
-- The CXX compiler identification is GNU 9.4.0
-- Detecting C compiler ABI info
-- Detecting C compiler ABI info - done
-- Check for working C compiler: /usr/bin/cc - skipped
-- Detecting C compile features
-- Detecting C compile features - done
-- Detecting CXX compiler ABI info
-- Detecting CXX compiler ABI info - done
-- Check for working CXX compiler: /usr/bin/c++ - skipped
-- Detecting CXX compile features
-- Detecting CXX compile features - done
-- Found ament_cmake: 0.9.12 (/opt/ros/foxy/share/ament_cmake/cmake)
-- Found PythonInterp: /usr/bin/python3 (found suitable version "3.8.10", minimum required is "3")
-- Using PYTHON_EXECUTABLE: /usr/bin/python3
-- Found ament_lint_auto: 0.9.8 (/opt/ros/foxy/share/ament_lint_auto/cmake)
-- Added test 'copyright' to check source files copyright and LICENSE
-- Added test 'lint_cmake' to check CMake code style
-- Added test 'xmllint' to check XML markup files
-- Configuring done (1.2s)
-- Generating done (0.0s)
-- Build files have been written to: /root/ws_offboard_control/build/comp
-- Install configuration: ""
-- Installing: /root/ws_offboard_control/install/comp/share/ament_index/resource_index/package_run_dependencies/comp
-- Installing: /root/ws_offboard_control/install/comp/share/ament_index/resource_index/parent_prefix_path/comp
-- Installing: /root/ws_offboard_control/install/comp/share/comp/environment/ament_prefix_path.sh
-- Installing: /root/ws_offboard_control/install/comp/share/comp/environment/ament_prefix_path.dsv
-- Installing: /root/ws_offboard_control/install/comp/share/comp/environment/path.sh
-- Installing: /root/ws_offboard_control/install/comp/share/comp/environment/path.dsv
-- Installing: /root/ws_offboard_control/install/comp/share/comp/local_setup.bash
-- Installing: /root/ws_offboard_control/install/comp/share/comp/local_setup.sh
-- Installing: /root/ws_offboard_control/install/comp/share/comp/local_setup.zsh
-- Installing: /root/ws_offboard_control/install/comp/share/comp/local_setup.dsv
-- Installing: /root/ws_offboard_control/install/comp/share/comp/package.dsv
-- Installing: /root/ws_offboard_control/install/comp/share/ament_index/resource_index/packages/comp
-- Installing: /root/ws_offboard_control/install/comp/share/comp/cmake/compConfig.cmake
-- Installing: /root/ws_offboard_control/install/comp/share/comp/cmake/compConfig-version.cmake
-- Installing: /root/ws_offboard_control/install/comp/share/comp/package.xml
