[0.030s] Invoking command in '/root/ws_offboard_control/build/comp': CMAKE_PREFIX_PATH=${CMAKE_PREFIX_PATH}:/opt/ros/foxy _=/usr/bin/env /usr/bin/cmake /root/ws_offboard_control/src/comp -DCMAKE_INSTALL_PREFIX=/root/ws_offboard_control/install/comp
[0.247s] -- The C compiler identification is GNU 9.4.0
[0.470s] -- The CXX compiler identification is GNU 9.4.0
[0.491s] -- Detecting C compiler ABI info
[0.661s] -- Detecting C compiler ABI info - done
[0.691s] -- Check for working C compiler: /usr/bin/cc - skipped
[0.692s] -- Detecting C compile features
[0.693s] -- Detecting C compile features - done
[0.698s] -- Detecting CXX compiler ABI info
[0.867s] -- Detecting CXX compiler ABI info - done
[0.897s] -- Check for working CXX compiler: /usr/bin/c++ - skipped
[0.898s] -- Detecting CXX compile features
[0.898s] -- Detecting CXX compile features - done
[0.905s] -- Found ament_cmake: 0.9.12 (/opt/ros/foxy/share/ament_cmake/cmake)
[0.912s] [33mCMake Warning (dev) at /opt/ros/foxy/share/ament_cmake_core/cmake/core/python.cmake:22 (find_package):
[0.912s]   Policy CMP0148 is not set: The FindPythonInterp and FindPythonLibs modules
[0.913s]   are removed.  Run "cmake --help-policy CMP0148" for policy details.  Use
[0.913s]   the cmake_policy command to set the policy and suppress this warning.
[0.913s] 
[0.914s] Call Stack (most recent call first):
[0.914s]   /opt/ros/foxy/share/ament_cmake_core/cmake/core/all.cmake:53 (include)
[0.914s]   /opt/ros/foxy/share/ament_cmake_core/cmake/ament_cmake_core-extras.cmake:17 (include)
[0.915s]   /opt/ros/foxy/share/ament_cmake_core/cmake/ament_cmake_coreConfig.cmake:41 (include)
[0.915s]   /opt/ros/foxy/share/ament_cmake/cmake/ament_cmake_export_dependencies-extras.cmake:15 (find_package)
[0.915s]   /opt/ros/foxy/share/ament_cmake/cmake/ament_cmakeConfig.cmake:41 (include)
[0.916s]   CMakeLists.txt:19 (find_package)
[0.916s] This warning is for project developers.  Use -Wno-dev to suppress it.
[0.917s] [0m
[0.951s] -- Found PythonInterp: /usr/bin/python3 (found suitable version "3.8.10", minimum required is "3")
[0.952s] -- Using PYTHON_EXECUTABLE: /usr/bin/python3
[1.132s] -- Found ament_lint_auto: 0.9.8 (/opt/ros/foxy/share/ament_lint_auto/cmake)
[1.229s] -- Added test 'copyright' to check source files copyright and LICENSE
[1.231s] -- Added test 'lint_cmake' to check CMake code style
[1.232s] -- Added test 'xmllint' to check XML markup files
[1.233s] -- Configuring done (1.2s)
[1.237s] -- Generating done (0.0s)
[1.237s] -- Build files have been written to: /root/ws_offboard_control/build/comp
[1.244s] Invoked command in '/root/ws_offboard_control/build/comp' returned '0': CMAKE_PREFIX_PATH=${CMAKE_PREFIX_PATH}:/opt/ros/foxy _=/usr/bin/env /usr/bin/cmake /root/ws_offboard_control/src/comp -DCMAKE_INSTALL_PREFIX=/root/ws_offboard_control/install/comp
[1.250s] Invoking command in '/root/ws_offboard_control/build/comp': CMAKE_PREFIX_PATH=${CMAKE_PREFIX_PATH}:/opt/ros/foxy _=/usr/bin/env /usr/bin/cmake --build /root/ws_offboard_control/build/comp -- -j8 -l8
[1.307s] Invoked command in '/root/ws_offboard_control/build/comp' returned '0': CMAKE_PREFIX_PATH=${CMAKE_PREFIX_PATH}:/opt/ros/foxy _=/usr/bin/env /usr/bin/cmake --build /root/ws_offboard_control/build/comp -- -j8 -l8
[1.394s] Invoking command in '/root/ws_offboard_control/build/comp': CMAKE_PREFIX_PATH=${CMAKE_PREFIX_PATH}:/opt/ros/foxy _=/usr/bin/env /usr/bin/cmake --install /root/ws_offboard_control/build/comp
[1.414s] -- Install configuration: ""
[1.415s] -- Installing: /root/ws_offboard_control/install/comp/share/ament_index/resource_index/package_run_dependencies/comp
[1.416s] -- Installing: /root/ws_offboard_control/install/comp/share/ament_index/resource_index/parent_prefix_path/comp
[1.416s] -- Installing: /root/ws_offboard_control/install/comp/share/comp/environment/ament_prefix_path.sh
[1.416s] -- Installing: /root/ws_offboard_control/install/comp/share/comp/environment/ament_prefix_path.dsv
[1.417s] -- Installing: /root/ws_offboard_control/install/comp/share/comp/environment/path.sh
[1.417s] -- Installing: /root/ws_offboard_control/install/comp/share/comp/environment/path.dsv
[1.417s] -- Installing: /root/ws_offboard_control/install/comp/share/comp/local_setup.bash
[1.418s] -- Installing: /root/ws_offboard_control/install/comp/share/comp/local_setup.sh
[1.418s] -- Installing: /root/ws_offboard_control/install/comp/share/comp/local_setup.zsh
[1.419s] -- Installing: /root/ws_offboard_control/install/comp/share/comp/local_setup.dsv
[1.420s] -- Installing: /root/ws_offboard_control/install/comp/share/comp/package.dsv
[1.420s] -- Installing: /root/ws_offboard_control/install/comp/share/ament_index/resource_index/packages/comp
[1.421s] -- Installing: /root/ws_offboard_control/install/comp/share/comp/cmake/compConfig.cmake
[1.422s] -- Installing: /root/ws_offboard_control/install/comp/share/comp/cmake/compConfig-version.cmake
[1.422s] -- Installing: /root/ws_offboard_control/install/comp/share/comp/package.xml
[1.423s] Invoked command in '/root/ws_offboard_control/build/comp' returned '0': CMAKE_PREFIX_PATH=${CMAKE_PREFIX_PATH}:/opt/ros/foxy _=/usr/bin/env /usr/bin/cmake --install /root/ws_offboard_control/build/comp
