[0.090s] Invoking command in '/root/ws_offboard_control/build/rb5_ros2_control': CMAKE_PREFIX_PATH=${CMAKE_PREFIX_PATH}:/opt/ros/foxy _=/usr/bin/env /usr/bin/cmake /root/ws_offboard_control/src/rb5_ros2/rb5_ros2_control -DCMAKE_INSTALL_PREFIX=/root/ws_offboard_control/install/rb5_ros2_control
[0.231s] -- The C compiler identification is GNU 9.4.0
[0.358s] -- The CXX compiler identification is GNU 9.4.0
[0.373s] -- Detecting C compiler ABI info
[0.532s] -- Detecting C compiler ABI info - done
[0.587s] -- Check for working C compiler: /usr/bin/cc - skipped
[0.587s] -- Detecting C compile features
[0.588s] -- Detecting C compile features - done
[0.588s] -- Detecting CXX compiler ABI info
[0.749s] -- Detecting CXX compiler ABI info - done
[0.807s] -- Check for working CXX compiler: /usr/bin/c++ - skipped
[0.809s] -- Detecting CXX compile features
[0.812s] -- Detecting CXX compile features - done
[0.827s] -- Found ament_cmake: 0.9.12 (/opt/ros/foxy/share/ament_cmake/cmake)
[0.832s] [33mCMake Warning (dev) at /opt/ros/foxy/share/ament_cmake_core/cmake/core/python.cmake:22 (find_package):
[0.833s]   Policy CMP0148 is not set: The FindPythonInterp and FindPythonLibs modules
[0.834s]   are removed.  Run "cmake --help-policy CMP0148" for policy details.  Use
[0.835s]   the cmake_policy command to set the policy and suppress this warning.
[0.837s] 
[0.837s] Call Stack (most recent call first):
[0.838s]   /opt/ros/foxy/share/ament_cmake_core/cmake/core/all.cmake:53 (include)
[0.838s]   /opt/ros/foxy/share/ament_cmake_core/cmake/ament_cmake_core-extras.cmake:17 (include)
[0.839s]   /opt/ros/foxy/share/ament_cmake_core/cmake/ament_cmake_coreConfig.cmake:41 (include)
[0.839s]   /opt/ros/foxy/share/ament_cmake/cmake/ament_cmake_export_dependencies-extras.cmake:15 (find_package)
[0.839s]   /opt/ros/foxy/share/ament_cmake/cmake/ament_cmakeConfig.cmake:41 (include)
[0.840s]   CMakeLists.txt:19 (find_package)
[0.840s] This warning is for project developers.  Use -Wno-dev to suppress it.
[0.841s] [0m
[0.864s] -- Found PythonInterp: /usr/bin/python3 (found suitable version "3.8.10", minimum required is "3")
[0.865s] -- Using PYTHON_EXECUTABLE: /usr/bin/python3
[1.150s] -- Found rclcpp: 2.4.3 (/opt/ros/foxy/share/rclcpp/cmake)
[1.252s] -- Using all available rosidl_typesupport_c: rosidl_typesupport_fastrtps_c;rosidl_typesupport_introspection_c
[1.258s] -- Found rosidl_adapter: 1.3.1 (/opt/ros/foxy/share/rosidl_adapter/cmake)
[1.412s] -- Found OpenSSL: /usr/lib/aarch64-linux-gnu/libcrypto.so (found version "1.1.1f")
[1.438s] -- Found FastRTPS: /opt/ros/foxy/include
[1.556s] -- Using all available rosidl_typesupport_cpp: rosidl_typesupport_fastrtps_cpp;rosidl_typesupport_introspection_cpp
[1.651s] -- Found rmw_implementation_cmake: 1.0.4 (/opt/ros/foxy/share/rmw_implementation_cmake/cmake)
[1.655s] -- Using RMW implementation 'rmw_fastrtps_cpp' as default
[1.655s] -- Performing Test CMAKE_HAVE_LIBC_PTHREAD
[1.824s] -- Performing Test CMAKE_HAVE_LIBC_PTHREAD - Failed
[1.826s] -- Looking for pthread_create in pthreads
[1.939s] -- Looking for pthread_create in pthreads - not found
[1.944s] -- Looking for pthread_create in pthread
[2.051s] -- Looking for pthread_create in pthread - found
[2.059s] -- Found Threads: TRUE
[2.290s] -- Found rclpy: 1.0.13 (/opt/ros/foxy/share/rclpy/cmake)
[2.954s] -- Found ament_lint_auto: 0.9.8 (/opt/ros/foxy/share/ament_lint_auto/cmake)
[3.087s] -- Added test 'copyright' to check source files copyright and LICENSE
[3.088s] -- Added test 'cppcheck' to perform static code analysis on C / C++ code
[3.088s] -- Configured cppcheck include dirs: /root/ws_offboard_control/src/rb5_ros2/rb5_ros2_control/include
[3.089s] -- Configured cppcheck exclude dirs and/or files: 
[3.090s] -- Added test 'cpplint' to check C / C++ code against the Google style
[3.091s] -- Configured cpplint exclude dirs and/or files: 
[3.091s] -- Added test 'flake8' to check Python code syntax and style conventions
[3.092s] -- Added test 'lint_cmake' to check CMake code style
[3.092s] -- Added test 'pep257' to check Python code against some of the style conventions in PEP 257
[3.093s] -- Added test 'uncrustify' to check C / C++ code style
[3.093s] -- Configured uncrustify additional arguments: 
[3.094s] -- Added test 'xmllint' to check XML markup files
[3.096s] -- Configuring done (3.0s)
[3.127s] -- Generating done (0.0s)
[3.127s] -- Build files have been written to: /root/ws_offboard_control/build/rb5_ros2_control
