[0.028s] Invoking command in '/root/ws_offboard_control/build/comp_routine': CMAKE_PREFIX_PATH=${CMAKE_PREFIX_PATH}:/opt/ros/foxy _=/usr/bin/env /usr/bin/cmake --build /root/ws_offboard_control/build/comp_routine -- -j8 -l8
[0.141s] [ 50%] [32mBuilding CXX object CMakeFiles/comp_routine.dir/src/comp_routine.cpp.o[0m
[6.603s] [100%] [32m[1mLinking CXX executable comp_routine[0m
[6.959s] [100%] Built target comp_routine
[6.991s] Invoked command in '/root/ws_offboard_control/build/comp_routine' returned '0': CMAKE_PREFIX_PATH=${CMAKE_PREFIX_PATH}:/opt/ros/foxy _=/usr/bin/env /usr/bin/cmake --build /root/ws_offboard_control/build/comp_routine -- -j8 -l8
[7.111s] Invoking command in '/root/ws_offboard_control/build/comp_routine': CMAKE_PREFIX_PATH=${CMAKE_PREFIX_PATH}:/opt/ros/foxy _=/usr/bin/env /usr/bin/cmake --install /root/ws_offboard_control/build/comp_routine
[7.125s] -- Install configuration: ""
[7.127s] -- Installing: /root/ws_offboard_control/install/comp_routine/lib/comp_routine/comp_routine
[7.139s] -- Set non-toolchain portion of runtime path of "/root/ws_offboard_control/install/comp_routine/lib/comp_routine/comp_routine" to ""
[7.140s] -- Up-to-date: /root/ws_offboard_control/install/comp_routine/share/ament_index/resource_index/package_run_dependencies/comp_routine
[7.144s] -- Up-to-date: /root/ws_offboard_control/install/comp_routine/share/ament_index/resource_index/parent_prefix_path/comp_routine
[7.145s] -- Up-to-date: /root/ws_offboard_control/install/comp_routine/share/comp_routine/environment/ament_prefix_path.sh
[7.146s] -- Up-to-date: /root/ws_offboard_control/install/comp_routine/share/comp_routine/environment/ament_prefix_path.dsv
[7.148s] -- Up-to-date: /root/ws_offboard_control/install/comp_routine/share/comp_routine/environment/path.sh
[7.149s] -- Up-to-date: /root/ws_offboard_control/install/comp_routine/share/comp_routine/environment/path.dsv
[7.150s] -- Up-to-date: /root/ws_offboard_control/install/comp_routine/share/comp_routine/local_setup.bash
[7.151s] -- Up-to-date: /root/ws_offboard_control/install/comp_routine/share/comp_routine/local_setup.sh
[7.152s] -- Up-to-date: /root/ws_offboard_control/install/comp_routine/share/comp_routine/local_setup.zsh
[7.153s] -- Up-to-date: /root/ws_offboard_control/install/comp_routine/share/comp_routine/local_setup.dsv
[7.154s] -- Installing: /root/ws_offboard_control/install/comp_routine/share/comp_routine/package.dsv
[7.155s] -- Up-to-date: /root/ws_offboard_control/install/comp_routine/share/ament_index/resource_index/packages/comp_routine
[7.155s] -- Up-to-date: /root/ws_offboard_control/install/comp_routine/share/comp_routine/cmake/comp_routineConfig.cmake
[7.156s] -- Up-to-date: /root/ws_offboard_control/install/comp_routine/share/comp_routine/cmake/comp_routineConfig-version.cmake
[7.157s] -- Up-to-date: /root/ws_offboard_control/install/comp_routine/share/comp_routine/package.xml
[7.158s] Invoked command in '/root/ws_offboard_control/build/comp_routine' returned '0': CMAKE_PREFIX_PATH=${CMAKE_PREFIX_PATH}:/opt/ros/foxy _=/usr/bin/env /usr/bin/cmake --install /root/ws_offboard_control/build/comp_routine
